************************************************************************************************************************
***             WIDEN YOUR WINDOW TO 120 CHARACTERS.  Use 'enscript -r -fCourier9' to print this document            ***
************************************************************************************************************************

---------------------------------------------- PETSc Performance Summary: ----------------------------------------------

poisson-new-weak.py on a petsc-gnu51-ivybridge-int64 named nid00122 with 6144 processors, by lmn02 Sat Feb 18 00:00:40 2017
Using Petsc Development GIT revision: v3.7.5-3014-g413f72f  GIT Date: 2017-02-05 17:50:57 -0600

                         Max       Max/Min        Avg      Total 
Time (sec):           8.790e+02      1.00003   8.790e+02
Objects:              1.887e+04     51.14905   4.028e+02
Flops:                2.259e+10      1.44487   2.001e+10  1.230e+14
Flops/sec:            2.569e+07      1.44486   2.277e+07  1.399e+11
MPI Messages:         2.599e+05      3.50188   7.566e+04  4.649e+08
MPI Message Lengths:  6.329e+09    231.69655   5.883e+02  2.735e+11
MPI Reductions:       2.540e+02      1.00000

Flop counting convention: 1 flop = 1 real number operation of type (multiply/divide/add/subtract)
                            e.g., VecAXPY() for real vectors of length N --> 2N flops
                            and VecAXPY() for complex vectors of length N --> 8N flops

Summary of Stages:   ----- Time ------  ----- Flops -----  --- Messages ---  -- Message Lengths --  -- Reductions --
                        Avg     %Total     Avg     %Total   counts   %Total     Avg         %Total   counts   %Total 
 0:      Main Stage: 8.5615e+02  97.4%  0.0000e+00   0.0%  4.600e+08  98.9%  3.603e+02       61.2%  8.100e+01  31.9% 
 1:          Warmup: 1.1906e+01   1.4%  6.1476e+13  50.0%  2.509e+06   0.5%  1.178e+02       20.0%  8.600e+01  33.9% 
 2: P(4, 108) Warm solve hypre: 1.0907e+01   1.2%  6.1476e+13  50.0%  2.373e+06   0.5%  1.102e+02       18.7%  8.600e+01  33.9% 

------------------------------------------------------------------------------------------------------------------------
See the 'Profiling' chapter of the users' manual for details on interpreting output.
Phase summary info:
   Count: number of times phase was executed
   Time and Flops: Max - maximum over all processors
                   Ratio - ratio of maximum to minimum over all processors
   Mess: number of messages sent
   Avg. len: average message length (bytes)
   Reduct: number of global reductions
   Global: entire computation
   Stage: stages of a computation. Set stages with PetscLogStagePush() and PetscLogStagePop().
      %T - percent time in this phase         %F - percent flops in this phase
      %M - percent messages in this phase     %L - percent message lengths in this phase
      %R - percent reductions in this phase
   Total Mflop/s: 10e-6 * (sum of flops over all processors)/(max time over all processors)
------------------------------------------------------------------------------------------------------------------------
Event                Count      Time (sec)     Flops                             --- Global ---  --- Stage ---   Total
                   Max Ratio  Max     Ratio   Max  Ratio  Mess   Avg len Reduct  %T %F %M %L %R  %T %F %M %L %R Mflop/s
------------------------------------------------------------------------------------------------------------------------

--- Event Stage 0: Main Stage

PetscBarrier           1 1.0 6.5885e-01 7.3 0.00e+00 0.0 2.0e+05 2.4e+01 5.0e+00  0  0  0  0  2   0  0  0  0  6     0
BuildTwoSided         41 1.0 2.8209e+0254.8 0.00e+00 0.0 7.6e+07 8.0e+00 0.0e+00 32  0 16  0  0  33  0 17  0  0     0
VecSet                 5 1.0 3.3675e-02 2.3 0.00e+00 0.0 0.0e+00 0.0e+00 0.0e+00  0  0  0  0  0   0  0  0  0  0     0
MatAssemblyBegin       1 1.0 3.2129e-03464.7 0.00e+00 0.0 0.0e+00 0.0e+00 0.0e+00  0  0  0  0  0   0  0  0  0  0     0
MatAssemblyEnd         1 1.0 3.0678e-01 2.6 0.00e+00 0.0 1.8e+05 1.0e+04 8.0e+00  0  0  0  1  3   0  0  0  1 10     0
Mesh Partition         2 1.0 3.4241e+02 1.0 0.00e+00 0.0 4.5e+08 4.2e+01 1.1e+01 39  0 98  7  4  40  0 99 11 14     0
Mesh Migration         2 1.0 1.9838e+01 1.0 0.00e+00 0.0 4.6e+06 2.8e+04 2.4e+01  2  0  1 47  9   2  0  1 77 30     0
DMPlexInterp           1 1.0 5.4608e+01 1.0 0.00e+00 0.0 0.0e+00 0.0e+00 2.0e+00  6  0  0  0  1   6  0  0  0  2     0
DMPlexDistribute       1 1.0 3.5985e+02 1.0 0.00e+00 0.0 2.3e+08 6.3e+01 9.0e+00 41  0 49  5  4  42  0 49  9 11     0
DMPlexDistCones        2 1.0 4.2080e+00 1.2 0.00e+00 0.0 8.2e+05 5.8e+04 0.0e+00  0  0  0 17  0   0  0  0 28  0     0
DMPlexDistLabels       2 1.0 1.2222e+01 1.0 0.00e+00 0.0 2.2e+06 2.9e+04 2.0e+00  1  0  0 24  1   1  0  0 39  2     0
DMPlexDistribOL        1 1.0 3.7060e+00 1.0 0.00e+00 0.0 2.3e+08 6.1e+02 2.6e+01  0  0 50 52 10   0  0 50 84 32     0
DMPlexDistField        3 1.0 1.7372e+00 1.1 0.00e+00 0.0 1.1e+06 5.7e+03 2.0e+00  0  0  0  2  1   0  0  0  4  2     0
DMPlexDistData         2 1.0 2.8167e+0239.0 0.00e+00 0.0 4.5e+08 2.1e+01 0.0e+00 32  0 97  3  0  33  0 99  6  0     0
DMPlexStratify         6 1.0 5.7610e+01 6.2 0.00e+00 0.0 0.0e+00 0.0e+00 6.0e+00  6  0  0  0  2   7  0  0  0  7     0
SFSetGraph            47 1.0 1.1098e-01 3.4 0.00e+00 0.0 0.0e+00 0.0e+00 0.0e+00  0  0  0  0  0   0  0  0  0  0     0
SFBcastBegin          90 1.0 2.8742e+0215.6 0.00e+00 0.0 4.6e+08 3.6e+02 0.0e+00 32  0 99 60  0  33  0100 98  0     0
SFBcastEnd            90 1.0 1.9728e+01 4.6 0.00e+00 0.0 0.0e+00 0.0e+00 0.0e+00  2  0  0  0  0   2  0  0  0  0     0
SFReduceBegin          4 1.0 3.5536e-01245.2 0.00e+00 0.0 3.3e+05 4.1e+03 0.0e+00  0  0  0  1  0   0  0  0  1  0     0
SFReduceEnd            4 1.0 8.6992e-01 2.5 0.00e+00 0.0 0.0e+00 0.0e+00 0.0e+00  0  0  0  0  0   0  0  0  0  0     0
SFFetchOpBegin         1 1.0 1.1182e-0427.6 0.00e+00 0.0 4.3e+04 3.0e+03 0.0e+00  0  0  0  0  0   0  0  0  0  0     0
SFFetchOpEnd           1 1.0 6.8550e-03114.1 0.00e+00 0.0 4.3e+04 3.0e+03 0.0e+00  0  0  0  0  0   0  0  0  0  0     0
CreateMesh             5 1.0 3.7473e+02 1.0 0.00e+00 0.0 4.6e+08 3.4e+02 3.9e+01 43  0 99 57 15  44  0100 93 48     0
CreateFunctionSpace       1 1.0 8.4584e+00 1.0 0.00e+00 0.0 2.3e+08 6.5e+02 4.0e+01  1  0 50 55 16   1  0 51 90 49     0
Mesh: reorder          1 1.0 5.0761e-01 1.1 0.00e+00 0.0 0.0e+00 0.0e+00 2.0e+00  0  0  0  0  1   0  0  0  0  2     0
Mesh: numbering        1 1.0 4.2847e-01 1.1 0.00e+00 0.0 0.0e+00 0.0e+00 2.0e+00  0  0  0  0  1   0  0  0  0  2     0
CreateSparsity         1 1.0 8.2174e-01 1.4 0.00e+00 0.0 0.0e+00 0.0e+00 0.0e+00  0  0  0  0  0   0  0  0  0  0     0
MatZeroInitial         1 1.0 7.9145e-01 1.0 0.00e+00 0.0 1.8e+05 1.0e+04 8.0e+00  0  0  0  1  3   0  0  0  1 10     0
ParLoopExecute         3 1.0 2.0706e+0144.8 0.00e+00 0.0 0.0e+00 0.0e+00 0.0e+00  1  0  0  0  0   1  0  0  0  0     0
ParLoopset_5           2 1.0 1.7982e-03 3.4 0.00e+00 0.0 0.0e+00 0.0e+00 0.0e+00  0  0  0  0  0   0  0  0  0  0     0
ParLoopHaloEnd         3 1.0 4.5776e-05 9.6 0.00e+00 0.0 0.0e+00 0.0e+00 0.0e+00  0  0  0  0  0   0  0  0  0  0     0
ParLoopRednBegin       3 1.0 4.8876e-05 4.1 0.00e+00 0.0 0.0e+00 0.0e+00 0.0e+00  0  0  0  0  0   0  0  0  0  0     0
ParLoopRednEnd         3 1.0 4.1962e-05 4.8 0.00e+00 0.0 0.0e+00 0.0e+00 0.0e+00  0  0  0  0  0   0  0  0  0  0     0
ParLoopset_4           4 1.0 1.5453e-01239.6 0.00e+00 0.0 0.0e+00 0.0e+00 0.0e+00  0  0  0  0  0   0  0  0  0  0     0

--- Event Stage 1: Warmup

BuildTwoSided          1 1.0 1.6352e-01234.6 0.00e+00 0.0 4.5e+04 8.0e+00 0.0e+00  0  0  0  0  0   1  0  2  0  0     0
VecTDot               52 1.0 2.6043e-01 1.9 1.22e+07 1.3 0.0e+00 0.0e+00 5.2e+01  0  0  0  0 20   2  0  0  0 60 258454
VecNorm               27 1.0 4.8878e-01 7.5 6.34e+06 1.3 0.0e+00 0.0e+00 2.7e+01  0  0  0  0 11   2  0  0  0 31 71503
VecCopy                6 1.0 2.6368e-02 1.4 0.00e+00 0.0 0.0e+00 0.0e+00 0.0e+00  0  0  0  0  0   0  0  0  0  0     0
VecSet                28 1.0 1.7926e-02 1.9 0.00e+00 0.0 0.0e+00 0.0e+00 0.0e+00  0  0  0  0  0   0  0  0  0  0     0
VecAXPY               53 1.0 2.6202e-02 2.4 1.25e+07 1.3 0.0e+00 0.0e+00 0.0e+00  0  0  0  0  0   0  0  0  0  0 2618282
VecAYPX               25 1.0 1.4801e-02 2.0 5.87e+06 1.3 0.0e+00 0.0e+00 0.0e+00  0  0  0  0  0   0  0  0  0  0 2186384
VecScatterBegin       26 1.0 2.1423e-0213.0 0.00e+00 0.0 2.3e+06 2.1e+04 0.0e+00  0  0  0 17  0   0  0 91 87  0     0
VecScatterEnd         26 1.0 1.4789e-0145.5 0.00e+00 0.0 0.0e+00 0.0e+00 0.0e+00  0  0  0  0  0   0  0  0  0  0     0
MatMult               26 1.0 7.8835e-01 1.2 4.66e+08 1.3 2.3e+06 2.1e+04 0.0e+00  0  2  0 17  0   6  4 91 87  0 3188776
MatConvert             1 1.0 7.1607e-01 1.4 0.00e+00 0.0 0.0e+00 0.0e+00 4.0e+00  0  0  0  0  2   5  0  0  0  5     0
MatAssemblyBegin       4 1.0 2.0266e-05 0.0 0.00e+00 0.0 0.0e+00 0.0e+00 0.0e+00  0  0  0  0  0   0  0  0  0  0     0
MatAssemblyEnd         4 1.0 2.6544e-01 1.1 0.00e+00 0.0 0.0e+00 0.0e+00 4.0e+00  0  0  0  0  2   2  0  0  0  5     0
MatGetRowIJ            2 1.0 2.4918e-02 1.3 0.00e+00 0.0 0.0e+00 0.0e+00 0.0e+00  0  0  0  0  0   0  0  0  0  0     0
MatZeroEntries         1 1.0 3.2383e-02 2.9 0.00e+00 0.0 0.0e+00 0.0e+00 0.0e+00  0  0  0  0  0   0  0  0  0  0     0
MatView                1 1.0 4.7869e-02 1.5 0.00e+00 0.0 0.0e+00 0.0e+00 1.0e+00  0  0  0  0  0   0  0  0  0  1     0
PCSetUp                1 1.0 2.6185e+00 1.1 0.00e+00 0.0 0.0e+00 0.0e+00 4.0e+00  0  0  0  0  2  21  0  0  0  5     0
PCApply               27 1.0 5.6380e+00 1.1 0.00e+00 0.0 0.0e+00 0.0e+00 0.0e+00  1  0  0  0  0  46  0  0  0  0     0
KSPSetUp               1 1.0 1.9537e-0269.5 0.00e+00 0.0 0.0e+00 0.0e+00 0.0e+00  0  0  0  0  0   0  0  0  0  0     0
KSPSolve               1 1.0 9.3842e+00 1.0 5.02e+08 1.3 2.3e+06 2.1e+04 8.3e+01  1  2  0 17 33  78  4 91 87 97 289404
SNESSolve              1 1.0 1.1152e+01 1.0 1.13e+10 1.4 2.5e+06 2.2e+04 8.4e+01  1 50  1 20 33  94100100100 98 5512513
SNESFunctionEval       1 1.0 7.5052e-01 1.1 6.86e+08 1.5 2.3e+05 3.1e+04 0.0e+00  0  3  0  3  0   6  6  9 13  0 4940316
SNESJacobianEval       1 1.0 1.2323e+00 1.3 1.02e+10 1.5 0.0e+00 0.0e+00 0.0e+00  0 45  0  0  0   9 90  0  0  0 44672333
SFBcastBegin           1 1.0 2.0349e-0127.2 0.00e+00 0.0 2.3e+05 3.1e+04 0.0e+00  0  0  0  3  0   1  0  9 13  0     0
SFBcastEnd             1 1.0 1.2058e-011087.6 0.00e+00 0.0 0.0e+00 0.0e+00 0.0e+00  0  0  0  0  0   0  0  0  0  0     0
ParLoopExecute         5 1.0 2.2318e+00 1.4 1.09e+10 1.5 2.3e+05 3.1e+04 0.0e+00  0 48  0  3  0  16 96  9 13  0 26327687
ParLoopHaloEnd         5 1.0 1.2065e-01701.9 0.00e+00 0.0 0.0e+00 0.0e+00 0.0e+00  0  0  0  0  0   0  0  0  0  0     0
ParLoopRednBegin       5 1.0 1.0204e-04 4.3 0.00e+00 0.0 0.0e+00 0.0e+00 0.0e+00  0  0  0  0  0   0  0  0  0  0     0
ParLoopRednEnd         5 1.0 1.3728e-0366.2 0.00e+00 0.0 0.0e+00 0.0e+00 0.0e+00  0  0  0  0  0   0  0  0  0  0     0
ParLoopset_4           6 1.0 1.6868e-03 4.1 0.00e+00 0.0 0.0e+00 0.0e+00 0.0e+00  0  0  0  0  0   0  0  0  0  0     0
ApplyBC                1 1.0 4.9776e-01 2.4 0.00e+00 0.0 0.0e+00 0.0e+00 0.0e+00  0  0  0  0  0   3  0  0  0  0     0
ParLoopCells           6 1.0 1.0151e+00 1.5 1.09e+10 1.5 0.0e+00 0.0e+00 0.0e+00  0 48  0  0  0   7 96  0  0  0 57886173

--- Event Stage 2: P(4, 108) Warm solve hypre

VecTDot               52 1.0 3.8057e-01 1.5 1.22e+07 1.3 0.0e+00 0.0e+00 5.2e+01  0  0  0  0 20   3  0  0  0 60 176866
VecNorm               27 1.0 5.4500e-01 4.2 6.34e+06 1.3 0.0e+00 0.0e+00 2.7e+01  0  0  0  0 11   3  0  0  0 31 64128
VecCopy                6 1.0 6.2659e-03 4.8 0.00e+00 0.0 0.0e+00 0.0e+00 0.0e+00  0  0  0  0  0   0  0  0  0  0     0
VecSet                28 1.0 1.3625e-02 5.8 0.00e+00 0.0 0.0e+00 0.0e+00 0.0e+00  0  0  0  0  0   0  0  0  0  0     0
VecAXPY               53 1.0 3.3916e-02 3.0 1.25e+07 1.3 0.0e+00 0.0e+00 0.0e+00  0  0  0  0  0   0  0  0  0  0 2022799
VecAYPX               25 1.0 7.6768e-03 2.0 5.87e+06 1.3 0.0e+00 0.0e+00 0.0e+00  0  0  0  0  0   0  0  0  0  0 4215371
VecScatterBegin       26 1.0 1.4979e-0210.9 0.00e+00 0.0 2.3e+06 2.1e+04 0.0e+00  0  0  0 17  0   0  0 96 93  0     0
VecScatterEnd         26 1.0 1.4757e-0146.5 0.00e+00 0.0 0.0e+00 0.0e+00 0.0e+00  0  0  0  0  0   0  0  0  0  0     0
MatMult               26 1.0 7.6847e-01 1.2 4.66e+08 1.3 2.3e+06 2.1e+04 0.0e+00  0  2  0 17  0   7  4 96 93  0 3271294
MatConvert             1 1.0 3.1962e-01 1.3 0.00e+00 0.0 0.0e+00 0.0e+00 0.0e+00  0  0  0  0  0   3  0  0  0  0     0
MatAssemblyBegin       4 1.0 1.3828e-05 0.0 0.00e+00 0.0 0.0e+00 0.0e+00 0.0e+00  0  0  0  0  0   0  0  0  0  0     0
MatAssemblyEnd         4 1.0 9.1037e-01 4.7 0.00e+00 0.0 0.0e+00 0.0e+00 6.0e+00  0  0  0  0  2   3  0  0  0  7     0
MatGetRowIJ            2 1.0 1.1427e-02 0.0 0.00e+00 0.0 0.0e+00 0.0e+00 0.0e+00  0  0  0  0  0   0  0  0  0  0     0
MatZeroEntries         1 1.0 2.1617e-02 2.0 0.00e+00 0.0 0.0e+00 0.0e+00 0.0e+00  0  0  0  0  0   0  0  0  0  0     0
MatView                1 1.0 1.6599e-0212.9 0.00e+00 0.0 0.0e+00 0.0e+00 1.0e+00  0  0  0  0  0   0  0  0  0  1     0
PCSetUp                1 1.0 2.2429e+00 1.0 0.00e+00 0.0 0.0e+00 0.0e+00 0.0e+00  0  0  0  0  0  21  0  0  0  0     0
PCApply               27 1.0 5.8927e+00 1.1 0.00e+00 0.0 0.0e+00 0.0e+00 0.0e+00  1  0  0  0  0  52  0  0  0  0     0
KSPSetUp               1 1.0 4.0531e-06 0.0 0.00e+00 0.0 0.0e+00 0.0e+00 0.0e+00  0  0  0  0  0   0  0  0  0  0     0
KSPSolve               1 1.0 9.3345e+00 1.0 5.02e+08 1.3 2.3e+06 2.1e+04 7.9e+01  1  2  0 17 31  85  4 96 93 92 290944
SNESSolve              1 1.0 1.0939e+01 1.0 1.13e+10 1.4 2.4e+06 2.2e+04 8.6e+01  1 50  1 19 34  96100100100100 5619840
SNESFunctionEval       1 1.0 5.8337e-0117.5 6.86e+08 1.5 9.0e+04 3.9e+04 0.0e+00  0  3  0  1  0   1  6  4  7  0 6355865
SNESJacobianEval       1 1.0 1.5546e+00 1.6 1.02e+10 1.5 0.0e+00 0.0e+00 6.0e+00  0 45  0  0  2  10 90  0  0  7 35411098
SFBcastBegin           1 1.0 1.3822e-0265.5 0.00e+00 0.0 9.0e+04 3.9e+04 0.0e+00  0  0  0  1  0   0  0  4  7  0     0
SFBcastEnd             1 1.0 5.3790e-012892.5 0.00e+00 0.0 0.0e+00 0.0e+00 0.0e+00  0  0  0  0  0   1  0  0  0  0     0
ParLoopExecute         5 1.0 1.4660e+00 2.1 1.09e+10 1.5 9.0e+04 3.9e+04 0.0e+00  0 48  0  1  0   9 96  4  7  0 40081244
ParLoopHaloEnd         5 1.0 5.3896e-011988.2 0.00e+00 0.0 0.0e+00 0.0e+00 0.0e+00  0  0  0  0  0   1  0  0  0  0     0
ParLoopRednBegin       5 1.0 7.8082e-0474.4 0.00e+00 0.0 0.0e+00 0.0e+00 0.0e+00  0  0  0  0  0   0  0  0  0  0     0
ParLoopRednEnd         5 1.0 1.3180e-0370.9 0.00e+00 0.0 0.0e+00 0.0e+00 0.0e+00  0  0  0  0  0   0  0  0  0  0     0
ParLoopset_4           6 1.0 8.5101e-0329.1 0.00e+00 0.0 0.0e+00 0.0e+00 0.0e+00  0  0  0  0  0   0  0  0  0  0     0
ApplyBC                1 1.0 7.3490e-0322.4 0.00e+00 0.0 0.0e+00 0.0e+00 0.0e+00  0  0  0  0  0   0  0  0  0  0     0
ParLoopCells           6 1.0 9.8628e-01 1.5 1.09e+10 1.5 0.0e+00 0.0e+00 0.0e+00  0 48  0  0  0   8 96  0  0  0 59576384
------------------------------------------------------------------------------------------------------------------------

Memory usage is given in bytes:

Object Type          Creations   Destructions     Memory  Descendants' Mem.
Reports information only for process 0.

--- Event Stage 0: Main Stage

           Container     5              5         3080     0.
              Viewer     2              0            0     0.
           Index Set 18652          18652     15772240     0.
   IS L to G Mapping     5              5     64133576     0.
             Section    73             73        55480     0.
              Vector    10             16     66521776     0.
      Vector Scatter     1              1         1208     0.
              Matrix     7              8    125965816     0.
      Preconditioner     1              1         1584     0.
       Krylov Solver     1              1         1360     0.
     DMKSP interface     0              1          696     0.
                SNES     1              1         1480     0.
      SNESLineSearch     1              1         1032     0.
              DMSNES     1              1          712     0.
    Distributed Mesh    14             14        68592     0.
    GraphPartitioner     6              6         3936     0.
Star Forest Bipartite Graph    70             70        62328     0.
     Discrete System    14             14        12992     0.

--- Event Stage 1: Warmup

              Vector     8              2         3568     0.
              Matrix     1              0            0     0.
     DMKSP interface     1              0            0     0.

--- Event Stage 2: P(4, 108) Warm solve hypre

========================================================================================================================
Average time to get PetscTime(): 9.53674e-08
Average time for MPI_Barrier(): 0.00013442
Average time for zero size MPI_Send(): 2.34422e-06
#PETSc Option Table entries:
--degree 4
--dimension 3
--parameters hypre
--results-file results64/poisson-weak-3d-64bit-hypre-lb.csv
-degree 4
-dimension 3
-log_view ascii:results64/poisson-P4-hypre-weak-3d-64bit-6144-lb.log::append
-parameters hypre
-results-file results64/poisson-weak-3d-64bit-hypre-lb.csv
#End of PETSc Option Table entries
Compiled without FORTRAN kernels
Compiled with full precision matrices (default)
sizeof(short) 2 sizeof(int) 4 sizeof(long) 8 sizeof(void*) 8 sizeof(PetscScalar) 8 sizeof(PetscInt) 8
Configure options: --COPTFLAGS="-march=ivybridge -O3" --CXXOPTFLAGS="-march=ivybridge -O3" --FOPTFLAGS="-march=ivybridge -O3" --PETSC_ARCH=petsc-gnu51-ivybridge-int64 --download-exodusii --download-hypre --download-metis --download-netcdf --download-parmetis --download-sowing=1 --known-bits-per-byte=8 --known-has-attribute-aligned=1 --known-level1-dcache-assoc=8 --known-level1-dcache-linesize=64 --known-level1-dcache-size=32768 --known-memcmp-ok=1 --known-mpi-c-double-complex=1 --known-mpi-int64_t=1 --known-mpi-long-double=1 --known-mpi-shared-libraries=1 --known-sdot-returns-double=0 --known-sizeof-MPI_Comm=4 --known-sizeof-MPI_Fint=4 --known-sizeof-char=1 --known-sizeof-double=8 --known-sizeof-float=4 --known-sizeof-int=4 --known-sizeof-long-long=8 --known-sizeof-long=8 --known-sizeof-short=2 --known-sizeof-size_t=8 --known-sizeof-void-p=8 --known-snrm2-returns-double=0 --prefix=/work/n02/n02/lmn02/petsc-gnu51-ivybridge-int64 --with-64-bit-indices=1 --with-batch=1 --with-blas-lapack-lib="-L/opt/cray/libsci/16.03.1/GNU/5.1/x86_64/lib -lsci_gnu_mp" --with-cc=cc --with-clib-autodetect=0 --with-cxx=CC --with-cxxlib-autodetect=0 --with-debugging=0 --with-fc=ftn --with-fortranlib-autodetect=0 --with-hdf5-dir=/opt/cray/hdf5-parallel/1.8.14/GNU/5.1 --with-hdf5=1 --with-make-np=4 --with-pic=1 --with-shared-libraries=1 --with-x=0 --download-eigen
-----------------------------------------
Libraries compiled on Tue Feb 14 12:07:09 2017 on eslogin003 
Machine characteristics: Linux-3.0.101-0.47.86.1.11753.0.PTF-default-x86_64-with-SuSE-11-x86_64
Using PETSc directory: /home2/n02/n02/lmn02/src/petsc
Using PETSc arch: petsc-gnu51-ivybridge-int64
-----------------------------------------

Using C compiler: cc  -fPIC  -march=ivybridge -O3  ${COPTFLAGS} ${CFLAGS}
Using Fortran compiler: ftn  -fPIC -march=ivybridge -O3   ${FOPTFLAGS} ${FFLAGS} 
-----------------------------------------

Using include paths: -I/home2/n02/n02/lmn02/src/petsc/petsc-gnu51-ivybridge-int64/include -I/home2/n02/n02/lmn02/src/petsc/include -I/home2/n02/n02/lmn02/src/petsc/include -I/home2/n02/n02/lmn02/src/petsc/petsc-gnu51-ivybridge-int64/include -I/work/n02/n02/lmn02/petsc-gnu51-ivybridge-int64/include -I/work/n02/n02/lmn02/petsc-gnu51-ivybridge-int64/include/eigen3 -I/opt/cray/hdf5-parallel/1.8.14/GNU/5.1/include
-----------------------------------------

Using C linker: cc
Using Fortran linker: ftn
Using libraries: -Wl,-rpath,/home2/n02/n02/lmn02/src/petsc/petsc-gnu51-ivybridge-int64/lib -L/home2/n02/n02/lmn02/src/petsc/petsc-gnu51-ivybridge-int64/lib -lpetsc -Wl,-rpath,/work/n02/n02/lmn02/petsc-gnu51-ivybridge-int64/lib -L/work/n02/n02/lmn02/petsc-gnu51-ivybridge-int64/lib -lHYPRE -lparmetis -lmetis -lexoIIv2for -lexodus -lnetcdf -Wl,-rpath,/opt/cray/hdf5-parallel/1.8.14/GNU/5.1/lib -L/opt/cray/hdf5-parallel/1.8.14/GNU/5.1/lib -lhdf5hl_fortran -lhdf5_fortran -lhdf5_hl -lhdf5 -lssl -lcrypto -ldl 
-----------------------------------------

