************************************************************************************************************************
***             WIDEN YOUR WINDOW TO 120 CHARACTERS.  Use 'enscript -r -fCourier9' to print this document            ***
************************************************************************************************************************

---------------------------------------------- PETSc Performance Summary: ----------------------------------------------

poisson-new-weak.py on a petsc-gnu51-ivybridge-int64 named nid00076 with 6144 processors, by lmn02 Sat Feb 18 07:17:21 2017
Using Petsc Development GIT revision: v3.7.5-3014-g413f72f  GIT Date: 2017-02-05 17:50:57 -0600

                         Max       Max/Min        Avg      Total 
Time (sec):           9.608e+02      1.00002   9.608e+02
Objects:              4.738e+04      1.84983   3.031e+04
Flops:                3.318e+10      1.46054   2.884e+10  1.772e+14
Flops/sec:            3.453e+07      1.46054   3.002e+07  1.844e+11
MPI Messages:         4.971e+05      6.64480   9.137e+04  5.614e+08
MPI Message Lengths:  6.540e+09     49.65018   2.217e+03  1.245e+12
MPI Reductions:       1.968e+03      7.84064

Flop counting convention: 1 flop = 1 real number operation of type (multiply/divide/add/subtract)
                            e.g., VecAXPY() for real vectors of length N --> 2N flops
                            and VecAXPY() for complex vectors of length N --> 8N flops

Summary of Stages:   ----- Time ------  ----- Flops -----  --- Messages ---  -- Message Lengths --  -- Reductions --
                        Avg     %Total     Avg     %Total   counts   %Total     Avg         %Total   counts   %Total 
 0:      Main Stage: 8.6213e+02  89.7%  0.0000e+00   0.0%  4.598e+08  81.9%  2.951e+02       13.3%  7.100e+01   3.6% 
 1:          Warmup: 8.4086e+01   8.8%  8.8620e+13  50.0%  5.120e+07   9.1%  9.761e+02       44.0%  2.532e+02  12.9% 
 2: P(4, 108) Warm solve schwarz_rich: 1.4537e+01   1.5%  8.8580e+13  50.0%  5.036e+07   9.0%  9.458e+02       42.7%  2.120e+02  10.8% 

------------------------------------------------------------------------------------------------------------------------
See the 'Profiling' chapter of the users' manual for details on interpreting output.
Phase summary info:
   Count: number of times phase was executed
   Time and Flops: Max - maximum over all processors
                   Ratio - ratio of maximum to minimum over all processors
   Mess: number of messages sent
   Avg. len: average message length (bytes)
   Reduct: number of global reductions
   Global: entire computation
   Stage: stages of a computation. Set stages with PetscLogStagePush() and PetscLogStagePop().
      %T - percent time in this phase         %F - percent flops in this phase
      %M - percent messages in this phase     %L - percent message lengths in this phase
      %R - percent reductions in this phase
   Total Mflop/s: 10e-6 * (sum of flops over all processors)/(max time over all processors)
------------------------------------------------------------------------------------------------------------------------
Event                Count      Time (sec)     Flops                             --- Global ---  --- Stage ---   Total
                   Max Ratio  Max     Ratio   Max  Ratio  Mess   Avg len Reduct  %T %F %M %L %R  %T %F %M %L %R Mflop/s
------------------------------------------------------------------------------------------------------------------------

--- Event Stage 0: Main Stage

PetscBarrier           1 1.0 6.8533e-01 6.7 0.00e+00 0.0 2.0e+05 2.4e+01 5.0e+00  0  0  0  0  0   0  0  0  0  7     0
BuildTwoSided         41 1.0 2.8216e+0260.2 0.00e+00 0.0 7.6e+07 8.0e+00 0.0e+00 29  0 14  0  0  32  0 17  0  0     0
VecSet                 4 1.0 2.1685e-02 1.5 0.00e+00 0.0 0.0e+00 0.0e+00 0.0e+00  0  0  0  0  0   0  0  0  0  0     0
MatAssemblyBegin       1 1.0 3.6883e-0433.6 0.00e+00 0.0 0.0e+00 0.0e+00 0.0e+00  0  0  0  0  0   0  0  0  0  0     0
MatAssemblyEnd         1 1.0 3.5405e-0418.6 0.00e+00 0.0 0.0e+00 0.0e+00 0.0e+00  0  0  0  0  0   0  0  0  0  0     0
Mesh Partition         2 1.0 3.4239e+02 1.0 0.00e+00 0.0 4.5e+08 4.2e+01 1.1e+01 36  0 81  2  1  40  0 99 11 15     0
Mesh Migration         2 1.0 1.9713e+01 1.0 0.00e+00 0.0 4.6e+06 2.8e+04 2.4e+01  2  0  1 10  1   2  0  1 77 34     0
DMPlexInterp           1 1.0 5.4628e+01 1.0 0.00e+00 0.0 0.0e+00 0.0e+00 2.0e+00  6  0  0  0  0   6  0  0  0  3     0
DMPlexDistribute       1 1.0 3.6001e+02 1.0 0.00e+00 0.0 2.3e+08 6.3e+01 9.0e+00 37  0 40  1  0  42  0 49  9 13     0
DMPlexDistCones        2 1.0 4.1860e+00 1.2 0.00e+00 0.0 8.2e+05 5.8e+04 0.0e+00  0  0  0  4  0   0  0  0 29  0     0
DMPlexDistLabels       2 1.0 1.1648e+01 1.0 0.00e+00 0.0 2.2e+06 2.9e+04 2.0e+00  1  0  0  5  0   1  0  0 39  3     0
DMPlexDistribOL        1 1.0 3.3748e+00 1.0 0.00e+00 0.0 2.3e+08 6.1e+02 2.6e+01  0  0 41 11  1   0  0 50 85 37     0
DMPlexDistField        3 1.0 2.2978e+00 1.0 0.00e+00 0.0 1.1e+06 5.7e+03 2.0e+00  0  0  0  1  0   0  0  0  4  3     0
DMPlexDistData         2 1.0 2.8118e+0241.2 0.00e+00 0.0 4.5e+08 2.1e+01 0.0e+00 29  0 81  1  0  33  0 99  6  0     0
DMPlexStratify         6 1.0 5.7557e+01 6.2 0.00e+00 0.0 0.0e+00 0.0e+00 6.0e+00  6  0  0  0  0   7  0  0  0  8     0
SFSetGraph            47 1.0 1.1246e-01 4.0 0.00e+00 0.0 0.0e+00 0.0e+00 0.0e+00  0  0  0  0  0   0  0  0  0  0     0
SFBcastBegin          90 1.0 2.8739e+0215.8 0.00e+00 0.0 4.6e+08 3.6e+02 0.0e+00 29  0 82 13  0  33  0100 99  0     0
SFBcastEnd            90 1.0 2.0437e+01 5.3 0.00e+00 0.0 0.0e+00 0.0e+00 0.0e+00  2  0  0  0  0   2  0  0  0  0     0
SFReduceBegin          4 1.0 3.7336e-0160.9 0.00e+00 0.0 3.3e+05 4.1e+03 0.0e+00  0  0  0  0  0   0  0  0  1  0     0
SFReduceEnd            4 1.0 8.8454e-01 2.5 0.00e+00 0.0 0.0e+00 0.0e+00 0.0e+00  0  0  0  0  0   0  0  0  0  0     0
SFFetchOpBegin         1 1.0 1.0920e-0426.9 0.00e+00 0.0 4.3e+04 3.0e+03 0.0e+00  0  0  0  0  0   0  0  0  0  0     0
SFFetchOpEnd           1 1.0 8.5881e-03155.9 0.00e+00 0.0 4.3e+04 3.0e+03 0.0e+00  0  0  0  0  0   0  0  0  0  0     0
CreateMesh             5 1.0 3.7431e+02 1.0 0.00e+00 0.0 4.6e+08 3.4e+02 3.9e+01 39  0 82 13  2  43  0100 94 55     0
CreateFunctionSpace       1 1.0 8.2094e+00 1.0 0.00e+00 0.0 2.3e+08 6.5e+02 4.0e+01  1  0 41 12  2   1  0 51 91 56     0
Mesh: reorder          1 1.0 2.9798e-01 1.2 0.00e+00 0.0 0.0e+00 0.0e+00 2.0e+00  0  0  0  0  0   0  0  0  0  3     0
Mesh: numbering        1 1.0 6.1730e-01 1.1 0.00e+00 0.0 0.0e+00 0.0e+00 2.0e+00  0  0  0  0  0   0  0  0  0  3     0
ParLoopExecute         2 1.0 2.1456e+01258.8 0.00e+00 0.0 0.0e+00 0.0e+00 0.0e+00  1  0  0  0  0   1  0  0  0  0     0
ParLoopset_4           4 1.0 7.6023e-0275.0 0.00e+00 0.0 0.0e+00 0.0e+00 0.0e+00  0  0  0  0  0   0  0  0  0  0     0
ParLoopHaloEnd         2 1.0 2.9087e-0515.2 0.00e+00 0.0 0.0e+00 0.0e+00 0.0e+00  0  0  0  0  0   0  0  0  0  0     0
ParLoopRednBegin       2 1.0 4.0054e-05 4.5 0.00e+00 0.0 0.0e+00 0.0e+00 0.0e+00  0  0  0  0  0   0  0  0  0  0     0
ParLoopRednEnd         2 1.0 3.6955e-05 6.2 0.00e+00 0.0 0.0e+00 0.0e+00 0.0e+00  0  0  0  0  0   0  0  0  0  0     0

--- Event Stage 1: Warmup

BuildTwoSided          6 3.0 3.2361e+01227.4 0.00e+00 0.0 1.2e+05 8.0e+00 0.0e+00  2  0  0  0  0  22  0  0  0  0     0
VecMDot               80 0.0 4.6195e-02 0.0 2.32e+06 0.0 0.0e+00 0.0e+00 1.3e+01  0  0  0  0  1   0  0  0  0  5 50789
VecTDot               38 1.0 1.4102e+00 1.6 8.93e+06 1.3 0.0e+00 0.0e+00 3.8e+01  0  0  0  0  2   1  0  0  0 15 34881
VecNorm              20810.4 1.5566e+00 3.2 6.95e+06 1.9 0.0e+00 0.0e+00 5.1e+01  0  0  0  0  3   1  0  0  0 20 18246
VecScale              88 0.0 6.5064e-04 0.0 2.32e+05 0.0 0.0e+00 0.0e+00 0.0e+00  0  0  0  0  0   0  0  0  0  0 360638
VecCopy              331 5.3 2.0111e-02 1.5 0.00e+00 0.0 0.0e+00 0.0e+00 0.0e+00  0  0  0  0  0   0  0  0  0  0     0
VecSet             51343 1.7 9.0543e-02 1.6 0.00e+00 0.0 0.0e+00 0.0e+00 0.0e+00  0  0  0  0  0   0  0  0  0  0     0
VecAXPY               67 1.1 2.5701e-02 1.7 1.39e+07 1.3 0.0e+00 0.0e+00 0.0e+00  0  0  0  0  0   0  0  0  0  0 2973158
VecAYPX             2638146.6 1.3494e-02 3.7 1.30e+07 3.9 0.0e+00 0.0e+00 0.0e+00  0  0  0  0  0   0  0  0  0  0 2404390
VecAXPBYCZ          1280 0.0 5.4102e-03 0.0 1.69e+07 0.0 0.0e+00 0.0e+00 0.0e+00  0  0  0  0  0   0  0  0  0  0 3154276
VecMAXPY              88 0.0 1.4095e-03 0.0 2.74e+06 0.0 0.0e+00 0.0e+00 0.0e+00  0  0  0  0  0   0  0  0  0  0 1967394
VecAssemblyBegin      15 0.0 7.5100e-02 0.0 0.00e+00 0.0 0.0e+00 0.0e+00 6.0e+00  0  0  0  0  0   0  0  0  0  2     0
VecAssemblyEnd        15 0.0 6.2847e-04 0.0 0.00e+00 0.0 0.0e+00 0.0e+00 0.0e+00  0  0  0  0  0   0  0  0  0  0     0
VecPointwiseMult      44 0.0 9.0337e-04 0.0 1.16e+05 0.0 0.0e+00 0.0e+00 0.0e+00  0  0  0  0  0   0  0  0  0  0 129874
VecScatterBegin     280035.0 1.5089e-0151.0 0.00e+00 0.0 4.2e+07 2.5e+03 0.0e+00  0  0  7  8  0   0  0 82 19  0     0
VecScatterEnd       280035.0 4.5672e+00 5.2 0.00e+00 0.0 0.0e+00 0.0e+00 0.0e+00  0  0  0  0  0   4  0  0  0  0     0
VecSetRandom           4 0.0 6.5303e-04 0.0 0.00e+00 0.0 0.0e+00 0.0e+00 0.0e+00  0  0  0  0  0   0  0  0  0  0     0
VecNormalize          88 0.0 6.0419e-02 0.0 6.97e+05 0.0 0.0e+00 0.0e+00 1.5e+01  0  0  0  0  1   0  0  0  0  6 11651
MatMult             209953.8 3.1842e+00 2.4 1.15e+10 1.5 3.5e+07 3.7e+03 3.0e+00  0 35  6 10  0   2 69 69 24  1 19285878
MatMultAdd           320 0.0 5.9441e-01 0.0 7.84e+06 0.0 3.0e+06 1.6e+02 0.0e+00  0  0  1  0  0   0  0  6  0  0 12792
MatMultTranspose     34017.0 3.2586e-01 5.5 3.61e+07 2.1 4.8e+06 7.6e+03 0.0e+00  0  0  1  3  0   0  0  9  7  0 480858
MatSolve           44720 2.0 3.8878e+00 1.8 3.29e+09 2.0 0.0e+00 0.0e+00 0.0e+00  0  8  0  0  0   4 17  0  0  0 3844128
MatSOR              1964 0.0 1.9451e-01 0.0 1.52e+08 0.0 0.0e+00 0.0e+00 0.0e+00  0  0  0  0  0   0  0  0  0  0 747903
MatLUFactorSym      2236 2.0 2.1850e+00 2.1 0.00e+00 0.0 0.0e+00 0.0e+00 0.0e+00  0  0  0  0  0   2  0  0  0  0     0
MatLUFactorNum      2236 2.0 1.3922e+00 1.9 1.77e+09 2.0 0.0e+00 0.0e+00 0.0e+00  0  4  0  0  0   1  9  0  0  0 5678625
MatConvert             4 0.0 1.4611e-02 0.0 0.00e+00 0.0 0.0e+00 0.0e+00 0.0e+00  0  0  0  0  0   0  0  0  0  0     0
MatScale              12 0.0 6.2501e-03 0.0 4.72e+05 0.0 6.1e+04 8.1e+02 0.0e+00  0  0  0  0  0   0  0  0  0  0 71842
MatResidual          320 0.0 2.2072e-01 0.0 3.01e+07 0.0 4.9e+06 8.1e+02 0.0e+00  0  0  1  0  0   0  0 10  1  0 128301
MatAssemblyBegin    3918 1.5 7.3820e-02146.0 0.00e+00 0.0 2.5e+05 2.6e+03 9.7e+00  0  0  0  0  0   0  0  0  0  4     0
MatAssemblyEnd      3918 1.5 5.3009e-01 2.1 0.00e+00 0.0 1.0e+06 2.0e+03 4.8e+01  0  0  0  0  2   0  0  2  0 19     0
MatGetRow          31665 0.0 3.8226e-03 0.0 0.00e+00 0.0 0.0e+00 0.0e+00 0.0e+00  0  0  0  0  0   0  0  0  0  0     0
MatGetRowIJ         2236 2.0 1.0381e-01 2.1 0.00e+00 0.0 0.0e+00 0.0e+00 0.0e+00  0  0  0  0  0   0  0  0  0  0     0
MatGetSubMatrice       1 1.0 6.0091e-02 6.8 0.00e+00 0.0 3.6e+04 7.3e+04 2.0e+00  0  0  0  0  0   0  0  0  0  1     0
MatGetSubMatrix        6 0.0 8.4841e-02 0.0 0.00e+00 0.0 8.2e+04 7.9e+02 1.7e+01  0  0  0  0  1   0  0  0  0  7     0
MatGetOrdering      2236 2.0 3.7746e-01 2.0 0.00e+00 0.0 0.0e+00 0.0e+00 0.0e+00  0  0  0  0  0   0  0  0  0  0     0
MatCoarsen             4 0.0 5.7609e-02 0.0 0.00e+00 0.0 9.7e+05 8.8e+02 7.0e+00  0  0  0  0  0   0  0  2  0  3     0
MatZeroEntries      3826 1.5 2.3980e-02 2.0 0.00e+00 0.0 0.0e+00 0.0e+00 0.0e+00  0  0  0  0  0   0  0  0  0  0     0
MatView               15 3.0 3.2979e-01 1.6 0.00e+00 0.0 4.9e+04 4.0e+00 2.0e+00  0  0  0  0  0   0  0  0  0  1     0
MatAXPY                4 0.0 8.4012e-03 0.0 0.00e+00 0.0 0.0e+00 0.0e+00 1.3e+00  0  0  0  0  0   0  0  0  0  1     0
MatMatMult             4 0.0 9.4717e-02 0.0 3.74e+05 0.0 3.6e+05 5.6e+02 1.1e+01  0  0  0  0  1   0  0  1  0  4  3671
MatMatMultSym          4 0.0 8.8165e-02 0.0 0.00e+00 0.0 3.0e+05 5.2e+02 9.3e+00  0  0  0  0  0   0  0  1  0  4     0
MatMatMultNum          4 0.0 7.7722e-03 0.0 3.74e+05 0.0 6.1e+04 8.0e+02 1.3e+00  0  0  0  0  0   0  0  0  0  1 44737
MatPtAP                4 0.0 1.3829e-01 0.0 3.96e+06 0.0 7.5e+05 2.0e+03 1.1e+01  0  0  0  0  1   0  0  1  0  4 25110
MatPtAPSymbolic        4 0.0 8.6819e-02 0.0 0.00e+00 0.0 3.5e+05 2.5e+03 4.7e+00  0  0  0  0  0   0  0  1  0  2     0
MatPtAPNumeric         4 0.0 5.2289e-02 0.0 3.96e+06 0.0 4.0e+05 1.6e+03 6.7e+00  0  0  0  0  0   0  0  1  0  3 66406
MatTrnMatMult          1 0.0 1.6581e-01 0.0 3.18e+06 0.0 1.2e+05 1.6e+04 3.2e+00  0  0  0  0  0   0  0  0  0  1 18460
MatTrnMatMultSym       1 0.0 1.0829e-01 0.0 0.00e+00 0.0 9.9e+04 1.0e+04 2.8e+00  0  0  0  0  0   0  0  0  0  1     0
MatTrnMatMultNum       1 0.0 5.3632e-02 0.0 3.18e+06 0.0 1.9e+04 4.5e+04 3.3e-01  0  0  0  0  0   0  0  0  0  0 57071
MatMPIConcateSeq       1 0.0 7.6537e-02 0.0 0.00e+00 0.0 3.9e+04 9.8e+02 2.5e+00  0  0  0  0  0   0  0  0  0  1     0
MatGetLocalMat        14 0.0 2.4397e-03 0.0 0.00e+00 0.0 0.0e+00 0.0e+00 0.0e+00  0  0  0  0  0   0  0  0  0  0     0
MatGetBrAoCol         12 0.0 3.7998e-02 0.0 0.00e+00 0.0 4.3e+05 2.0e+03 0.0e+00  0  0  0  0  0   0  0  1  0  0     0
PCGAMGGraph_AGG        4 0.0 1.0068e-01 0.0 3.76e+05 0.0 1.8e+05 5.2e+02 8.0e+00  0  0  0  0  0   0  0  0  0  3  3516
PCGAMGCoarse_AGG       4 0.0 2.4979e-01 0.0 3.18e+06 0.0 1.2e+06 2.6e+03 1.3e+01  0  0  0  0  1   0  0  2  1  5 12254
PCGAMGProl_AGG         4 0.0 1.2723e-01 0.0 0.00e+00 0.0 2.6e+05 8.2e+02 1.6e+01  0  0  0  0  1   0  0  1  0  6     0
PCGAMGPOpt_AGG         4 0.0 3.7988e-01 0.0 7.13e+06 0.0 9.7e+05 7.2e+02 3.1e+01  0  0  0  0  2   0  0  2  0 12 18232
GAMG: createProl       4 0.0 8.5563e-01 0.0 1.06e+07 0.0 2.6e+06 1.6e+03 6.8e+01  0  0  0  0  3   0  0  5  1 27 12086
  Graph                8 0.0 9.9792e-02 0.0 3.76e+05 0.0 1.8e+05 5.2e+02 8.0e+00  0  0  0  0  0   0  0  0  0  3  3547
  MIS/Agg              4 0.0 5.7774e-02 0.0 0.00e+00 0.0 9.7e+05 8.8e+02 7.0e+00  0  0  0  0  0   0  0  2  0  3     0
  SA: col data         4 0.0 6.3205e-02 0.0 0.00e+00 0.0 1.2e+05 1.4e+03 6.7e+00  0  0  0  0  0   0  0  0  0  3     0
  SA: frmProl0         4 0.0 5.4034e-02 0.0 0.00e+00 0.0 1.4e+05 3.0e+02 6.7e+00  0  0  0  0  0   0  0  0  0  3     0
  SA: smooth           4 0.0 1.0808e-01 0.0 4.70e+05 0.0 3.6e+05 5.6e+02 1.3e+01  0  0  0  0  1   0  0  1  0  5  4096
GAMG: partLevel        4 0.0 2.6664e-01 0.0 3.96e+06 0.0 8.4e+05 1.9e+03 3.8e+01  0  0  0  0  2   0  0  2  0 15 13022
  repartition          3 0.0 6.9740e-03 0.0 0.00e+00 0.0 0.0e+00 0.0e+00 3.0e+00  0  0  0  0  0   0  0  0  0  1     0
  Invert-Sort          3 0.0 1.6179e-02 0.0 0.00e+00 0.0 0.0e+00 0.0e+00 2.0e+00  0  0  0  0  0   0  0  0  0  1     0
  Move A               3 0.0 6.0428e-02 0.0 0.00e+00 0.0 4.6e+04 1.4e+03 9.0e+00  0  0  0  0  0   0  0  0  0  4     0
  Move P               3 0.0 3.5673e-02 0.0 0.00e+00 0.0 3.6e+04 4.1e+01 9.0e+00  0  0  0  0  0   0  0  0  0  4     0
PCSetUp             2241 1.9 7.0609e+01 1.9 1.79e+09 2.0 4.1e+06 3.2e+03 1.6e+02  5  5  1  1  8  62  9  8  2 62 113944
PCSetUpOnBlocks       80 0.0 1.7891e-02 0.0 4.20e+03 0.0 0.0e+00 0.0e+00 0.0e+00  0  0  0  0  0   0  0  0  0  0     0
PCApply               20 1.0 7.8833e+01 1.0 5.16e+09 1.9 4.9e+07 9.6e+03 1.8e+02  8 13  9 38  9  94 27 96 86 73 300535
KSPGMRESOrthog        80 0.0 4.8889e-02 0.0 4.64e+06 0.0 0.0e+00 0.0e+00 1.3e+01  0  0  0  0  1   0  0  0  0  5 95986
KSPSetUp            2237 1.9 1.9760e-0233.4 0.00e+00 0.0 0.0e+00 0.0e+00 1.3e+00  0  0  0  0  0   0  0  0  0  1     0
KSPSolve               1 1.0 8.2459e+01 1.0 1.59e+10 1.5 5.1e+07 1.1e+04 2.5e+02  9 48  9 43 13  98 96 99 99 98 1029743
SNESSolve              1 1.0 8.3526e+01 1.0 1.66e+10 1.5 5.1e+07 1.1e+04 2.5e+02  9 50  9 44 13  99100100100 99 1060995
SNESFunctionEval       1 1.0 6.9866e-01 1.3 6.86e+08 1.5 2.3e+05 3.1e+04 0.0e+00  0  2  0  1  0   1  4  0  1  0 5307019
SNESJacobianEval       1 1.0 1.4208e-0265.5 0.00e+00 0.0 0.0e+00 0.0e+00 0.0e+00  0  0  0  0  0   0  0  0  0  0     0
SFSetGraph             5 5.0 6.3336e-03 2.2 0.00e+00 0.0 0.0e+00 0.0e+00 0.0e+00  0  0  0  0  0   0  0  0  0  0     0
SFBcastBegin          92 2.2 3.2562e+01130.9 0.00e+00 0.0 5.2e+06 5.1e+04 0.0e+00  2  0  1 21  0  22  0 10 48  0     0
SFBcastEnd            92 2.2 5.4293e-0111.8 0.00e+00 0.0 0.0e+00 0.0e+00 0.0e+00  0  0  0  0  0   0  0  0  0  0     0
SFReduceBegin         20 1.0 7.2397e-02 4.1 0.00e+00 0.0 1.9e+06 9.0e+04 0.0e+00  0  0  0 14  0   0  0  4 32  0     0
SFReduceEnd           20 1.0 3.4901e+00225.4 0.00e+00 0.0 0.0e+00 0.0e+00 0.0e+00  0  0  0  0  0   1  0  0  0  0     0
CreateFunctionSpace       1 1.0 4.4337e-0237.4 0.00e+00 0.0 0.0e+00 0.0e+00 0.0e+00  0  0  0  0  0   0  0  0  0  0     0
PCPATCHCreate          1 1.0 3.3376e-01 1.4 0.00e+00 0.0 0.0e+00 0.0e+00 0.0e+00  0  0  0  0  0   0  0  0  0  0     0
PCPATCHComputeOp    3822 1.5 6.4156e+01 2.0 0.00e+00 0.0 0.0e+00 0.0e+00 0.0e+00  5  0  0  0  0  55  0  0  0  0     0
PCPATCHSolve       44720 2.0 8.0986e+00 1.8 5.06e+09 2.0 0.0e+00 0.0e+00 0.0e+00  1 13  0  0  0   7 26  0  0  0 2821624
PCPATCHScatter     89440 2.0 4.7915e-01 1.8 0.00e+00 0.0 0.0e+00 0.0e+00 0.0e+00  0  0  0  0  0   0  0  0  0  0     0
ParLoopExecute        84 1.0 3.1876e+00 1.4 1.20e+10 1.5 1.9e+06 3.8e+04 0.0e+00  0 37  0  6  0   3 73  4 14  0 20361611
ParLoopset_4         120 1.0 5.2711e-02 4.7 0.00e+00 0.0 0.0e+00 0.0e+00 0.0e+00  0  0  0  0  0   0  0  0  0  0     0
ParLoopHaloEnd        84 1.0 3.3551e-0172.6 0.00e+00 0.0 0.0e+00 0.0e+00 0.0e+00  0  0  0  0  0   0  0  0  0  0     0
ParLoopRednBegin      84 1.0 3.1953e-0313.3 0.00e+00 0.0 0.0e+00 0.0e+00 0.0e+00  0  0  0  0  0   0  0  0  0  0     0
ParLoopRednEnd        84 1.0 4.0817e-0313.3 0.00e+00 0.0 0.0e+00 0.0e+00 0.0e+00  0  0  0  0  0   0  0  0  0  0     0
ApplyBC                1 1.0 6.2535e-01 1.9 0.00e+00 0.0 0.0e+00 0.0e+00 0.0e+00  0  0  0  0  0   1  0  0  0  0     0
ParLoopset_5           2 1.0 7.3750e-0323.7 0.00e+00 0.0 0.0e+00 0.0e+00 0.0e+00  0  0  0  0  0   0  0  0  0  0     0
ParLoopCells          66 1.0 9.7560e-01 1.5 1.20e+10 1.5 0.0e+00 0.0e+00 0.0e+00  0 37  0  0  0   1 73  0  0  0 66527940
CreateSparsity         2 1.0 2.3989e-01 2.8 0.00e+00 0.0 0.0e+00 0.0e+00 0.0e+00  0  0  0  0  0   0  0  0  0  0     0
MatZeroInitial         2 1.0 2.8980e-01 1.1 0.00e+00 0.0 3.5e+05 5.3e+03 1.6e+01  0  0  0  0  1   0  0  1  0  6     0
ParLoopset_6           2 1.0 1.0772e-03 3.0 0.00e+00 0.0 0.0e+00 0.0e+00 0.0e+00  0  0  0  0  0   0  0  0  0  0     0

--- Event Stage 2: P(4, 108) Warm solve schwarz_rich

BuildTwoSided          4 0.0 5.1782e-03 0.0 0.00e+00 0.0 3.1e+04 8.0e+00 0.0e+00  0  0  0  0  0   0  0  0  0  0     0
VecMDot               80 0.0 3.6139e-02 0.0 2.32e+06 0.0 0.0e+00 0.0e+00 1.3e+01  0  0  0  0  1   0  0  0  0  6 64921
VecTDot               38 1.0 1.4040e+00 1.5 8.93e+06 1.3 0.0e+00 0.0e+00 3.8e+01  0  0  0  0  2   8  0  0  0 18 35035
VecNorm              20810.4 1.2836e+00 3.1 6.95e+06 1.9 0.0e+00 0.0e+00 5.1e+01  0  0  0  0  3   4  0  0  0 24 22126
VecScale              88 0.0 5.4574e-04 0.0 2.32e+05 0.0 0.0e+00 0.0e+00 0.0e+00  0  0  0  0  0   0  0  0  0  0 429961
VecCopy              331 5.3 1.8707e-02 1.5 0.00e+00 0.0 0.0e+00 0.0e+00 0.0e+00  0  0  0  0  0   0  0  0  0  0     0
VecSet             44841 1.9 9.3061e-02 1.7 0.00e+00 0.0 0.0e+00 0.0e+00 0.0e+00  0  0  0  0  0   0  0  0  0  0     0
VecAXPY               67 1.1 2.5992e-02 1.8 1.39e+07 1.3 0.0e+00 0.0e+00 0.0e+00  0  0  0  0  0   0  0  0  0  0 2939941
VecAYPX             2638146.6 1.3006e-02 3.6 1.30e+07 3.9 0.0e+00 0.0e+00 0.0e+00  0  0  0  0  0   0  0  0  0  0 2494658
VecAXPBYCZ          1280 0.0 4.8490e-03 0.0 1.69e+07 0.0 0.0e+00 0.0e+00 0.0e+00  0  0  0  0  0   0  0  0  0  0 3519364
VecMAXPY              88 0.0 1.5700e-03 0.0 2.74e+06 0.0 0.0e+00 0.0e+00 0.0e+00  0  0  0  0  0   0  0  0  0  0 1766323
VecAssemblyBegin      15 0.0 6.8417e-02 0.0 0.00e+00 0.0 0.0e+00 0.0e+00 6.0e+00  0  0  0  0  0   0  0  0  0  3     0
VecAssemblyEnd        15 0.0 4.4489e-04 0.0 0.00e+00 0.0 0.0e+00 0.0e+00 0.0e+00  0  0  0  0  0   0  0  0  0  0     0
VecPointwiseMult      44 0.0 1.2202e-03 0.0 1.16e+05 0.0 0.0e+00 0.0e+00 0.0e+00  0  0  0  0  0   0  0  0  0  0 96149
VecScatterBegin     280035.0 1.4012e-0148.8 0.00e+00 0.0 4.2e+07 2.5e+03 0.0e+00  0  0  7  8  0   0  0 83 20  0     0
VecScatterEnd       280035.0 3.7125e+00 7.1 0.00e+00 0.0 0.0e+00 0.0e+00 0.0e+00  0  0  0  0  0  17  0  0  0  0     0
VecSetRandom           4 0.0 6.5804e-04 0.0 0.00e+00 0.0 0.0e+00 0.0e+00 0.0e+00  0  0  0  0  0   0  0  0  0  0     0
VecNormalize          88 0.0 2.9204e-02 0.0 6.97e+05 0.0 0.0e+00 0.0e+00 1.5e+01  0  0  0  0  1   0  0  0  0  7 24104
MatMult             209953.8 2.6769e+00 3.8 1.15e+10 1.5 3.5e+07 3.7e+03 0.0e+00  0 35  6 10  0   9 69 70 25  0 22940740
MatMultAdd           320 0.0 3.4013e-01 0.0 7.84e+06 0.0 3.0e+06 1.6e+02 0.0e+00  0  0  1  0  0   0  0  6  0  0 22354
MatMultTranspose     34017.0 1.9983e-01 3.3 3.61e+07 2.1 4.8e+06 7.6e+03 0.0e+00  0  0  1  3  0   1  0  9  7  0 784123
MatSolve           44720 2.0 3.8789e+00 1.8 3.29e+09 2.0 0.0e+00 0.0e+00 0.0e+00  0  8  0  0  0  21 17  0  0  0 3852911
MatSOR              1964 0.0 1.7268e-01 0.0 1.52e+08 0.0 0.0e+00 0.0e+00 0.0e+00  0  0  0  0  0   0  0  0  0  0 842450
MatLUFactorSym         1 0.0 1.3750e-03 0.0 0.00e+00 0.0 0.0e+00 0.0e+00 0.0e+00  0  0  0  0  0   0  0  0  0  0     0
MatLUFactorNum      2236 2.0 1.3150e+00 2.0 1.77e+09 2.0 0.0e+00 0.0e+00 0.0e+00  0  4  0  0  0   7  9  0  0  0 6012166
MatConvert             4 0.0 1.3752e-02 0.0 0.00e+00 0.0 0.0e+00 0.0e+00 0.0e+00  0  0  0  0  0   0  0  0  0  0     0
MatScale              12 0.0 9.0714e-03 0.0 4.72e+05 0.0 6.1e+04 8.1e+02 0.0e+00  0  0  0  0  0   0  0  0  0  0 49499
MatResidual          320 0.0 1.2624e-01 0.0 3.01e+07 0.0 4.9e+06 8.1e+02 0.0e+00  0  0  1  0  0   0  0 10  1  0 224320
MatAssemblyBegin    3914 1.5 1.0468e-01302.2 0.00e+00 0.0 2.5e+05 2.6e+03 9.7e+00  0  0  0  0  0   0  0  1  0  5     0
MatAssemblyEnd      3914 1.5 1.9582e-0110.9 0.00e+00 0.0 6.4e+05 2.3e+02 3.1e+01  0  0  0  0  2   0  0  1  0 14     0
MatGetRow          31665 0.0 3.5744e-03 0.0 0.00e+00 0.0 0.0e+00 0.0e+00 0.0e+00  0  0  0  0  0   0  0  0  0  0     0
MatGetRowIJ            1 0.0 3.4094e-05 0.0 0.00e+00 0.0 0.0e+00 0.0e+00 0.0e+00  0  0  0  0  0   0  0  0  0  0     0
MatGetSubMatrice       1 1.0 3.9762e-02 6.2 0.00e+00 0.0 3.6e+04 7.3e+04 2.0e+00  0  0  0  0  0   0  0  0  0  1     0
MatGetSubMatrix        6 0.0 6.0593e-02 0.0 0.00e+00 0.0 8.2e+04 7.9e+02 1.7e+01  0  0  0  0  1   0  0  0  0  8     0
MatGetOrdering         1 0.0 9.5844e-05 0.0 0.00e+00 0.0 0.0e+00 0.0e+00 0.0e+00  0  0  0  0  0   0  0  0  0  0     0
MatCoarsen             4 0.0 4.3252e-02 0.0 0.00e+00 0.0 9.7e+05 8.8e+02 7.0e+00  0  0  0  0  0   0  0  2  0  3     0
MatZeroEntries      3827 1.5 4.5810e-02 1.9 0.00e+00 0.0 0.0e+00 0.0e+00 0.0e+00  0  0  0  0  0   0  0  0  0  0     0
MatView               15 3.0 2.8916e-01 1.5 0.00e+00 0.0 4.9e+04 4.0e+00 2.0e+00  0  0  0  0  0   2  0  0  0  1     0
MatAXPY                4 0.0 8.5433e-03 0.0 0.00e+00 0.0 0.0e+00 0.0e+00 1.3e+00  0  0  0  0  0   0  0  0  0  1     0
MatMatMult             4 0.0 5.9172e-02 0.0 3.74e+05 0.0 3.6e+05 5.6e+02 1.1e+01  0  0  0  0  1   0  0  1  0  5  5876
MatMatMultSym          4 0.0 4.9202e-02 0.0 0.00e+00 0.0 3.0e+05 5.2e+02 9.3e+00  0  0  0  0  0   0  0  1  0  4     0
MatMatMultNum          4 0.0 1.0428e-02 0.0 3.74e+05 0.0 6.1e+04 8.0e+02 1.3e+00  0  0  0  0  0   0  0  0  0  1 33344
MatPtAP                4 0.0 1.1870e-01 0.0 3.96e+06 0.0 7.5e+05 2.0e+03 1.1e+01  0  0  0  0  1   0  0  1  0  5 29252
MatPtAPSymbolic        4 0.0 7.5355e-02 0.0 0.00e+00 0.0 3.5e+05 2.5e+03 4.7e+00  0  0  0  0  0   0  0  1  0  2     0
MatPtAPNumeric         4 0.0 4.4298e-02 0.0 3.96e+06 0.0 4.0e+05 1.6e+03 6.7e+00  0  0  0  0  0   0  0  1  0  3 78385
MatTrnMatMult          1 0.0 1.6767e-01 0.0 3.18e+06 0.0 1.2e+05 1.6e+04 3.2e+00  0  0  0  0  0   0  0  0  0  1 18255
MatTrnMatMultSym       1 0.0 1.1513e-01 0.0 0.00e+00 0.0 9.9e+04 1.0e+04 2.8e+00  0  0  0  0  0   0  0  0  0  1     0
MatTrnMatMultNum       1 0.0 5.2841e-02 0.0 3.18e+06 0.0 1.9e+04 4.5e+04 3.3e-01  0  0  0  0  0   0  0  0  0  0 57925
MatMPIConcateSeq       1 0.0 4.0982e-02 0.0 0.00e+00 0.0 0.0e+00 0.0e+00 3.3e-01  0  0  0  0  0   0  0  0  0  0     0
MatGetLocalMat        14 0.0 2.4018e-03 0.0 0.00e+00 0.0 0.0e+00 0.0e+00 0.0e+00  0  0  0  0  0   0  0  0  0  0     0
MatGetBrAoCol         12 0.0 2.5808e-02 0.0 0.00e+00 0.0 4.3e+05 2.0e+03 0.0e+00  0  0  0  0  0   0  0  1  0  0     0
PCGAMGGraph_AGG        4 0.0 9.7204e-02 0.0 3.76e+05 0.0 1.8e+05 5.2e+02 8.0e+00  0  0  0  0  0   0  0  0  0  4  3642
PCGAMGCoarse_AGG       4 0.0 2.6432e-01 0.0 3.18e+06 0.0 1.2e+06 2.6e+03 1.3e+01  0  0  0  0  1   0  0  2  1  6 11580
PCGAMGProl_AGG         4 0.0 1.3102e-01 0.0 0.00e+00 0.0 2.6e+05 8.2e+02 1.6e+01  0  0  0  0  1   0  0  1  0  8     0
PCGAMGPOpt_AGG         4 0.0 1.5615e-01 0.0 7.13e+06 0.0 9.7e+05 7.2e+02 3.1e+01  0  0  0  0  2   0  0  2  0 15 44356
GAMG: createProl       4 0.0 6.3558e-01 0.0 1.06e+07 0.0 2.6e+06 1.6e+03 6.8e+01  0  0  0  0  3   1  0  5  1 32 16270
  Graph                8 0.0 9.7057e-02 0.0 3.76e+05 0.0 1.8e+05 5.2e+02 8.0e+00  0  0  0  0  0   0  0  0  0  4  3647
  MIS/Agg              4 0.0 5.2923e-02 0.0 0.00e+00 0.0 9.7e+05 8.8e+02 7.0e+00  0  0  0  0  0   0  0  2  0  3     0
  SA: col data         4 0.0 6.3753e-02 0.0 0.00e+00 0.0 1.2e+05 1.4e+03 6.7e+00  0  0  0  0  0   0  0  0  0  3     0
  SA: frmProl0         4 0.0 3.9787e-02 0.0 0.00e+00 0.0 1.4e+05 3.0e+02 6.7e+00  0  0  0  0  0   0  0  0  0  3     0
  SA: smooth           4 0.0 7.0379e-02 0.0 4.70e+05 0.0 3.6e+05 5.6e+02 1.3e+01  0  0  0  0  1   0  0  1  0  6  6291
GAMG: partLevel        4 0.0 2.1860e-01 0.0 3.96e+06 0.0 8.4e+05 1.9e+03 3.8e+01  0  0  0  0  2   0  0  2  0 18 15884
  repartition          3 0.0 8.9149e-03 0.0 0.00e+00 0.0 0.0e+00 0.0e+00 3.0e+00  0  0  0  0  0   0  0  0  0  1     0
  Invert-Sort          3 0.0 1.3693e-02 0.0 0.00e+00 0.0 0.0e+00 0.0e+00 2.0e+00  0  0  0  0  0   0  0  0  0  1     0
  Move A               3 0.0 4.3194e-02 0.0 0.00e+00 0.0 4.6e+04 1.4e+03 9.0e+00  0  0  0  0  0   0  0  0  0  4     0
  Move P               3 0.0 2.6007e-02 0.0 0.00e+00 0.0 3.6e+04 4.1e+01 9.0e+00  0  0  0  0  0   0  0  0  0  4     0
PCSetUp             2240 1.9 4.8389e+00 2.1 1.79e+09 2.0 3.5e+06 2.4e+03 1.2e+02  0  5  1  1  6  24  9  7  2 57 1654300
PCSetUpOnBlocks       80 0.0 2.9216e-03 0.0 4.20e+03 0.0 0.0e+00 0.0e+00 0.0e+00  0  0  0  0  0   0  0  0  0  0     1
PCApply               20 1.0 1.1446e+01 1.0 5.15e+09 1.9 4.8e+07 9.5e+03 1.5e+02  1 13  9 37  8  78 27 96 87 72 2066328
KSPGMRESOrthog        80 0.0 3.6733e-02 0.0 4.64e+06 0.0 0.0e+00 0.0e+00 1.3e+01  0  0  0  0  1   0  0  0  0  6 127752
KSPSetUp            2237 1.9 2.6968e-0310.9 0.00e+00 0.0 0.0e+00 0.0e+00 1.3e+00  0  0  0  0  0   0  0  0  0  1     0
KSPSolve               1 1.0 1.3949e+01 1.0 1.59e+10 1.5 5.0e+07 1.1e+04 2.1e+02  1 48  9 42 11  96 96100 99 99 6084199
SNESSolve              1 1.0 1.4442e+01 1.0 1.66e+10 1.5 5.0e+07 1.1e+04 2.1e+02  1 50  9 43 11  99100100100100 6133704
SNESFunctionEval       1 1.0 1.7528e-01 5.1 6.86e+08 1.5 9.0e+04 3.9e+04 0.0e+00  0  2  0  0  0   0  4  0  1  0 21153924
SNESJacobianEval       1 1.0 1.1930e-0247.9 0.00e+00 0.0 0.0e+00 0.0e+00 0.0e+00  0  0  0  0  0   0  0  0  0  0     0
SFSetGraph             4 0.0 1.0850e-03 0.0 0.00e+00 0.0 0.0e+00 0.0e+00 0.0e+00  0  0  0  0  0   0  0  0  0  0     0
SFBcastBegin          90 2.2 6.7927e-02 2.5 0.00e+00 0.0 4.7e+06 5.2e+04 0.0e+00  0  0  1 20  0   0  0  9 46  0     0
SFBcastEnd            90 2.2 1.4430e+0052.5 0.00e+00 0.0 0.0e+00 0.0e+00 0.0e+00  0  0  0  0  0   4  0  0  0  0     0
SFReduceBegin         20 1.0 7.2679e-02 4.1 0.00e+00 0.0 1.9e+06 9.0e+04 0.0e+00  0  0  0 14  0   0  0  4 33  0     0
SFReduceEnd           20 1.0 2.4142e+00158.0 0.00e+00 0.0 0.0e+00 0.0e+00 0.0e+00  0  0  0  0  0   6  0  0  0  0     0
PCPATCHComputeOp    3822 1.5 2.7124e+00 2.0 0.00e+00 0.0 0.0e+00 0.0e+00 0.0e+00  0  0  0  0  0  14  0  0  0  0     0
PCPATCHSolve       44720 2.0 5.4037e+00 1.8 5.06e+09 2.0 0.0e+00 0.0e+00 0.0e+00  0 13  0  0  0  29 26  0  0  0 4228779
PCPATCHScatter     89440 2.0 4.8247e-01 1.8 0.00e+00 0.0 0.0e+00 0.0e+00 0.0e+00  0  0  0  0  0   3  0  0  0  0     0
ParLoopExecute        81 1.0 1.1909e+00 1.9 1.20e+10 1.5 1.8e+06 3.9e+04 0.0e+00  0 37  0  6  0   6 73  4 13  0 54464531
ParLoopset_4         120 1.0 3.7121e-02 3.8 0.00e+00 0.0 0.0e+00 0.0e+00 0.0e+00  0  0  0  0  0   0  0  0  0  0     0
ParLoopHaloEnd        81 1.0 3.1927e-0169.6 0.00e+00 0.0 0.0e+00 0.0e+00 0.0e+00  0  0  0  0  0   1  0  0  0  0     0
ParLoopRednBegin      81 1.0 1.8237e-03 8.3 0.00e+00 0.0 0.0e+00 0.0e+00 0.0e+00  0  0  0  0  0   0  0  0  0  0     0
ParLoopRednEnd        81 1.0 2.5826e-03 9.0 0.00e+00 0.0 0.0e+00 0.0e+00 0.0e+00  0  0  0  0  0   0  0  0  0  0     0
ApplyBC                1 1.0 7.2539e-0319.6 0.00e+00 0.0 0.0e+00 0.0e+00 0.0e+00  0  0  0  0  0   0  0  0  0  0     0
ParLoopCells          63 1.0 8.7599e-01 1.5 1.20e+10 1.5 0.0e+00 0.0e+00 0.0e+00  0 37  0  0  0   5 73  0  0  0 74046813
------------------------------------------------------------------------------------------------------------------------

Memory usage is given in bytes:

Object Type          Creations   Destructions     Memory  Descendants' Mem.
Reports information only for process 0.

--- Event Stage 0: Main Stage

           Container     5              5         3080     0.
              Viewer     2              0            0     0.
           Index Set 18650          25854     31444608     0.
   IS L to G Mapping     4              6     64160320     0.
             Section    73             77        58520     0.
              Vector     8           6632     90951448     0.
      Vector Scatter     0             12        35488     0.
              Matrix     5           4620    865507408     0.
      Preconditioner     1           3266      3422888     0.
       Krylov Solver     1           3266      4440232     0.
     DMKSP interface     0              1          696     0.
                SNES     1              1         1480     0.
      SNESLineSearch     1              1         1032     0.
              DMSNES     1              1          712     0.
    Distributed Mesh    14             14        68592     0.
    GraphPartitioner     6              6         3936     0.
Star Forest Bipartite Graph    70             70        62384     0.
     Discrete System    14             14        12992     0.

--- Event Stage 1: Warmup

              Viewer     3              3         2664     0.
         PetscRandom     8              8         5488     0.
           Index Set  9914           2710      5419384     0.
   IS L to G Mapping     2              0            0     0.
             Section     5              1          760     0.
              Vector  6778            154      2822112     0.
      Vector Scatter    34             22        26720     0.
              Matrix  4703             88     24876632     0.
      Matrix Coarsen     4              4         2704     0.
      Preconditioner  3273              8         7424     0.
       Krylov Solver  3269              4       122112     0.
     DMKSP interface     1              0            0     0.
Star Forest Bipartite Graph     4              4         3648     0.

--- Event Stage 2: P(4, 108) Warm solve schwarz_rich

              Viewer     3              3         2664     0.
         PetscRandom     8              8         5488     0.
           Index Set    88             87       218976     0.
              Vector   248            245      4589168     0.
      Vector Scatter    31             30        36384     0.
              Matrix   128            128     28330328     0.
      Matrix Coarsen     4              4         2704     0.
      Preconditioner     4              4         3936     0.
       Krylov Solver     4              4       122112     0.
Star Forest Bipartite Graph     4              4         3648     0.
========================================================================================================================
Average time to get PetscTime(): 9.53674e-08
Average time for MPI_Barrier(): 4.75883e-05
Average time for zero size MPI_Send(): 2.38461e-06
#PETSc Option Table entries:
--degree 4
--dimension 3
--parameters schwarz_rich
--results-file results64/poisson-weak-3d-64bit-schwarz-rich-gamg-lb.csv
-degree 4
-dimension 3
-log_view ascii:results64/poisson-P4-schwarz-rich-gamg-weak-3d-64bit-6144.log
-parameters schwarz_rich
-results-file results64/poisson-weak-3d-64bit-schwarz-rich-gamg-lb.csv
#End of PETSc Option Table entries
Compiled without FORTRAN kernels
Compiled with full precision matrices (default)
sizeof(short) 2 sizeof(int) 4 sizeof(long) 8 sizeof(void*) 8 sizeof(PetscScalar) 8 sizeof(PetscInt) 8
Configure options: --COPTFLAGS="-march=ivybridge -O3" --CXXOPTFLAGS="-march=ivybridge -O3" --FOPTFLAGS="-march=ivybridge -O3" --PETSC_ARCH=petsc-gnu51-ivybridge-int64 --download-exodusii --download-hypre --download-metis --download-netcdf --download-parmetis --download-sowing=1 --known-bits-per-byte=8 --known-has-attribute-aligned=1 --known-level1-dcache-assoc=8 --known-level1-dcache-linesize=64 --known-level1-dcache-size=32768 --known-memcmp-ok=1 --known-mpi-c-double-complex=1 --known-mpi-int64_t=1 --known-mpi-long-double=1 --known-mpi-shared-libraries=1 --known-sdot-returns-double=0 --known-sizeof-MPI_Comm=4 --known-sizeof-MPI_Fint=4 --known-sizeof-char=1 --known-sizeof-double=8 --known-sizeof-float=4 --known-sizeof-int=4 --known-sizeof-long-long=8 --known-sizeof-long=8 --known-sizeof-short=2 --known-sizeof-size_t=8 --known-sizeof-void-p=8 --known-snrm2-returns-double=0 --prefix=/work/n02/n02/lmn02/petsc-gnu51-ivybridge-int64 --with-64-bit-indices=1 --with-batch=1 --with-blas-lapack-lib="-L/opt/cray/libsci/16.03.1/GNU/5.1/x86_64/lib -lsci_gnu_mp" --with-cc=cc --with-clib-autodetect=0 --with-cxx=CC --with-cxxlib-autodetect=0 --with-debugging=0 --with-fc=ftn --with-fortranlib-autodetect=0 --with-hdf5-dir=/opt/cray/hdf5-parallel/1.8.14/GNU/5.1 --with-hdf5=1 --with-make-np=4 --with-pic=1 --with-shared-libraries=1 --with-x=0 --download-eigen
-----------------------------------------
Libraries compiled on Tue Feb 14 12:07:09 2017 on eslogin003 
Machine characteristics: Linux-3.0.101-0.47.86.1.11753.0.PTF-default-x86_64-with-SuSE-11-x86_64
Using PETSc directory: /home2/n02/n02/lmn02/src/petsc
Using PETSc arch: petsc-gnu51-ivybridge-int64
-----------------------------------------

Using C compiler: cc  -fPIC  -march=ivybridge -O3  ${COPTFLAGS} ${CFLAGS}
Using Fortran compiler: ftn  -fPIC -march=ivybridge -O3   ${FOPTFLAGS} ${FFLAGS} 
-----------------------------------------

Using include paths: -I/home2/n02/n02/lmn02/src/petsc/petsc-gnu51-ivybridge-int64/include -I/home2/n02/n02/lmn02/src/petsc/include -I/home2/n02/n02/lmn02/src/petsc/include -I/home2/n02/n02/lmn02/src/petsc/petsc-gnu51-ivybridge-int64/include -I/work/n02/n02/lmn02/petsc-gnu51-ivybridge-int64/include -I/work/n02/n02/lmn02/petsc-gnu51-ivybridge-int64/include/eigen3 -I/opt/cray/hdf5-parallel/1.8.14/GNU/5.1/include
-----------------------------------------

Using C linker: cc
Using Fortran linker: ftn
Using libraries: -Wl,-rpath,/home2/n02/n02/lmn02/src/petsc/petsc-gnu51-ivybridge-int64/lib -L/home2/n02/n02/lmn02/src/petsc/petsc-gnu51-ivybridge-int64/lib -lpetsc -Wl,-rpath,/work/n02/n02/lmn02/petsc-gnu51-ivybridge-int64/lib -L/work/n02/n02/lmn02/petsc-gnu51-ivybridge-int64/lib -lHYPRE -lparmetis -lmetis -lexoIIv2for -lexodus -lnetcdf -Wl,-rpath,/opt/cray/hdf5-parallel/1.8.14/GNU/5.1/lib -L/opt/cray/hdf5-parallel/1.8.14/GNU/5.1/lib -lhdf5hl_fortran -lhdf5_fortran -lhdf5_hl -lhdf5 -lssl -lcrypto -ldl 
-----------------------------------------

