Int has 8 bytes

Solving with parameter set hypre, 44, 4...
Warmup solve
    Residual norms for  solve.
    0 KSP Residual norm 2.033224911505e+01 
    1 KSP Residual norm 1.815638738804e+00 
    2 KSP Residual norm 5.939348060641e-01 
    3 KSP Residual norm 3.170687681454e-01 
    4 KSP Residual norm 8.370633835057e-02 
    5 KSP Residual norm 2.602421608924e-02 
    6 KSP Residual norm 1.035941892777e-02 
    7 KSP Residual norm 3.187160941939e-03 
    8 KSP Residual norm 1.044927616805e-03 
    9 KSP Residual norm 3.463164907997e-04 
   10 KSP Residual norm 1.169883809331e-04 
   11 KSP Residual norm 3.829152813548e-05 
   12 KSP Residual norm 1.263332148177e-05 
   13 KSP Residual norm 4.507886910905e-06 
   14 KSP Residual norm 1.608269639229e-06 
   15 KSP Residual norm 5.242096729130e-07 
   16 KSP Residual norm 1.763883749352e-07 
KSP Object: () 48 MPI processes
  type: cg
  maximum iterations=10000, initial guess is zero
  tolerances:  relative=1e-08, absolute=1e-50, divergence=10000.
  left preconditioning
  using PRECONDITIONED norm type for convergence test
PC Object: () 48 MPI processes
  type: hypre
    HYPRE BoomerAMG preconditioning
    HYPRE BoomerAMG: Cycle type V
    HYPRE BoomerAMG: Maximum number of levels 25
    HYPRE BoomerAMG: Maximum number of iterations PER hypre call 1
    HYPRE BoomerAMG: Convergence tolerance PER hypre call 0.
    HYPRE BoomerAMG: Threshold for strong coupling 0.25
    HYPRE BoomerAMG: Interpolation truncation factor 0.
    HYPRE BoomerAMG: Interpolation: max elements per row 4
    HYPRE BoomerAMG: Number of levels of aggressive coarsening 1
    HYPRE BoomerAMG: Number of paths for aggressive coarsening 2
    HYPRE BoomerAMG: Maximum row sums 0.9
    HYPRE BoomerAMG: Sweeps down         1
    HYPRE BoomerAMG: Sweeps up           1
    HYPRE BoomerAMG: Sweeps on coarse    1
    HYPRE BoomerAMG: Relax down          symmetric-SOR/Jacobi
    HYPRE BoomerAMG: Relax up            symmetric-SOR/Jacobi
    HYPRE BoomerAMG: Relax on coarse     Gaussian-elimination
    HYPRE BoomerAMG: Relax weight  (all)      1.
    HYPRE BoomerAMG: Outer relax weight (all) 1.
    HYPRE BoomerAMG: Not using CF-relaxation
    HYPRE BoomerAMG: Not using more complex smoothers.
    HYPRE BoomerAMG: Measure type        local
    HYPRE BoomerAMG: Coarsen type        HMIS
    HYPRE BoomerAMG: Interpolation type  ext+i
  linear system matrix = precond matrix:
  Mat Object: 48 MPI processes
    type: mpiaij
    rows=5545233, cols=5545233
    total: nonzeros=413114593, allocated nonzeros=413114593
    total number of mallocs used during MatSetValues calls =0
      using I-node (on process 0) routines: found 46076 nodes, limit used is 5
Timed solve
    Residual norms for  solve.
    0 KSP Residual norm 2.033224911505e+01 
    1 KSP Residual norm 1.815638738804e+00 
    2 KSP Residual norm 5.939348060641e-01 
    3 KSP Residual norm 3.170687681454e-01 
    4 KSP Residual norm 8.370633835057e-02 
    5 KSP Residual norm 2.602421608924e-02 
    6 KSP Residual norm 1.035941892777e-02 
    7 KSP Residual norm 3.187160941939e-03 
    8 KSP Residual norm 1.044927616805e-03 
    9 KSP Residual norm 3.463164907997e-04 
   10 KSP Residual norm 1.169883809331e-04 
   11 KSP Residual norm 3.829152813548e-05 
   12 KSP Residual norm 1.263332148177e-05 
   13 KSP Residual norm 4.507886910905e-06 
   14 KSP Residual norm 1.608269639229e-06 
   15 KSP Residual norm 5.242096729130e-07 
   16 KSP Residual norm 1.763883749352e-07 
KSP Object: () 48 MPI processes
  type: cg
  maximum iterations=10000, initial guess is zero
  tolerances:  relative=1e-08, absolute=1e-50, divergence=10000.
  left preconditioning
  using PRECONDITIONED norm type for convergence test
PC Object: () 48 MPI processes
  type: hypre
    HYPRE BoomerAMG preconditioning
    HYPRE BoomerAMG: Cycle type V
    HYPRE BoomerAMG: Maximum number of levels 25
    HYPRE BoomerAMG: Maximum number of iterations PER hypre call 1
    HYPRE BoomerAMG: Convergence tolerance PER hypre call 0.
    HYPRE BoomerAMG: Threshold for strong coupling 0.25
    HYPRE BoomerAMG: Interpolation truncation factor 0.
    HYPRE BoomerAMG: Interpolation: max elements per row 4
    HYPRE BoomerAMG: Number of levels of aggressive coarsening 1
    HYPRE BoomerAMG: Number of paths for aggressive coarsening 2
    HYPRE BoomerAMG: Maximum row sums 0.9
    HYPRE BoomerAMG: Sweeps down         1
    HYPRE BoomerAMG: Sweeps up           1
    HYPRE BoomerAMG: Sweeps on coarse    1
    HYPRE BoomerAMG: Relax down          symmetric-SOR/Jacobi
    HYPRE BoomerAMG: Relax up            symmetric-SOR/Jacobi
    HYPRE BoomerAMG: Relax on coarse     Gaussian-elimination
    HYPRE BoomerAMG: Relax weight  (all)      1.
    HYPRE BoomerAMG: Outer relax weight (all) 1.
    HYPRE BoomerAMG: Not using CF-relaxation
    HYPRE BoomerAMG: Not using more complex smoothers.
    HYPRE BoomerAMG: Measure type        local
    HYPRE BoomerAMG: Coarsen type        HMIS
    HYPRE BoomerAMG: Interpolation type  ext+i
  linear system matrix = precond matrix:
  Mat Object: 48 MPI processes
    type: mpiaij
    rows=5545233, cols=5545233
    total: nonzeros=413114593, allocated nonzeros=413114593
    total number of mallocs used during MatSetValues calls =0
      using I-node (on process 0) routines: found 46076 nodes, limit used is 5
Solving with parameter set hypre, 44, 4...done
Application 25301943 resources: utime ~1368s, stime ~140s, Rss ~707840, inblocks ~2463183, outblocks ~39718
