************************************************************************************************************************
***             WIDEN YOUR WINDOW TO 120 CHARACTERS.  Use 'enscript -r -fCourier9' to print this document            ***
************************************************************************************************************************

---------------------------------------------- PETSc Performance Summary: ----------------------------------------------

poisson-new-weak.py on a petsc-gnu51-ivybridge-int64 named nid04646 with 48 processors, by lmn02 Wed Feb 15 16:07:26 2017
Using Petsc Development GIT revision: v3.7.5-3014-g413f72f  GIT Date: 2017-02-05 17:50:57 -0600

                         Max       Max/Min        Avg      Total 
Time (sec):           6.455e+01      1.00001   6.455e+01
Objects:              5.140e+02      1.62145   3.411e+02
Flops:                2.183e+10      1.36298   1.914e+10  9.185e+11
Flops/sec:            3.382e+08      1.36299   2.965e+08  1.423e+10
MPI Messages:         2.675e+03      2.71436   1.624e+03  7.794e+04
MPI Message Lengths:  4.319e+08     13.87481   3.013e+04  2.349e+09
MPI Reductions:       1.890e+02      1.00000

Flop counting convention: 1 flop = 1 real number operation of type (multiply/divide/add/subtract)
                            e.g., VecAXPY() for real vectors of length N --> 2N flops
                            and VecAXPY() for complex vectors of length N --> 8N flops

Summary of Stages:   ----- Time ------  ----- Flops -----  --- Messages ---  -- Message Lengths --  -- Reductions --
                        Avg     %Total     Avg     %Total   counts   %Total     Avg         %Total   counts   %Total 
 0:      Main Stage: 4.6819e+01  72.5%  0.0000e+00   0.0%  6.322e+04  81.1%  2.458e+04       81.6%  7.600e+01  40.2% 
 1:          Warmup: 9.1378e+00  14.2%  4.5927e+11  50.0%  7.679e+03   9.9%  2.917e+03        9.7%  5.600e+01  29.6% 
 2: P(4, 44) Warm solve hypre: 8.5875e+00  13.3%  4.5927e+11  50.0%  7.046e+03   9.0%  2.639e+03        8.8%  5.600e+01  29.6% 

------------------------------------------------------------------------------------------------------------------------
See the 'Profiling' chapter of the users' manual for details on interpreting output.
Phase summary info:
   Count: number of times phase was executed
   Time and Flops: Max - maximum over all processors
                   Ratio - ratio of maximum to minimum over all processors
   Mess: number of messages sent
   Avg. len: average message length (bytes)
   Reduct: number of global reductions
   Global: entire computation
   Stage: stages of a computation. Set stages with PetscLogStagePush() and PetscLogStagePop().
      %T - percent time in this phase         %F - percent flops in this phase
      %M - percent messages in this phase     %L - percent message lengths in this phase
      %R - percent reductions in this phase
   Total Mflop/s: 10e-6 * (sum of flops over all processors)/(max time over all processors)
------------------------------------------------------------------------------------------------------------------------
Event                Count      Time (sec)     Flops                             --- Global ---  --- Stage ---   Total
                   Max Ratio  Max     Ratio   Max  Ratio  Mess   Avg len Reduct  %T %F %M %L %R  %T %F %M %L %R Mflop/s
------------------------------------------------------------------------------------------------------------------------

--- Event Stage 0: Main Stage

BuildTwoSided         40 1.0 1.5038e+0021.9 0.00e+00 0.0 8.9e+03 8.0e+00 0.0e+00  2  0 11  0  0   3  0 14  0  0     0
VecSet                 4 1.0 2.2252e-03 1.2 0.00e+00 0.0 0.0e+00 0.0e+00 0.0e+00  0  0  0  0  0   0  0  0  0  0     0
MatAssemblyBegin       1 1.0 4.2200e-0453.6 0.00e+00 0.0 0.0e+00 0.0e+00 0.0e+00  0  0  0  0  0   0  0  0  0  0     0
MatAssemblyEnd         1 1.0 1.8088e-01 2.1 0.00e+00 0.0 8.3e+02 1.4e+04 8.0e+00  0  0  1  0  4   0  0  1  1 11     0
Mesh Partition         2 1.0 2.3469e+00 1.0 0.00e+00 0.0 3.4e+04 5.7e+03 1.1e+01  4  0 43  8  6   5  0 53 10 14     0
Mesh Migration         2 1.0 8.5533e-01 1.0 0.00e+00 0.0 2.5e+04 6.1e+04 2.4e+01  1  0 32 65 13   2  0 40 80 32     0
DMPlexInterp           1 1.0 3.4388e+00 1.0 0.00e+00 0.0 0.0e+00 0.0e+00 2.0e+00  5  0  0  0  1   7  0  0  0  3     0
DMPlexDistribute       1 1.0 2.9932e+00 1.0 0.00e+00 0.0 1.6e+04 4.9e+04 9.0e+00  5  0 21 34  5   6  0 26 42 12     0
DMPlexDistCones        2 1.0 2.6984e-01 1.1 0.00e+00 0.0 4.1e+03 1.4e+05 0.0e+00  0  0  5 24  0   1  0  7 29  0     0
DMPlexDistLabels       2 1.0 4.7997e-01 1.0 0.00e+00 0.0 1.3e+04 5.8e+04 2.0e+00  1  0 17 33  1   1  0 21 40  3     0
DMPlexDistribOL        1 1.0 2.8829e-01 1.0 0.00e+00 0.0 4.3e+04 2.4e+04 2.6e+01  0  0 55 45 14   1  0 68 55 34     0
DMPlexDistField        3 1.0 3.1338e-02 1.1 0.00e+00 0.0 5.6e+03 1.3e+04 2.0e+00  0  0  7  3  1   0  0  9  4  3     0
DMPlexDistData         2 1.0 1.5926e+00 9.8 0.00e+00 0.0 2.9e+04 3.0e+03 0.0e+00  2  0 37  4  0   3  0 46  5  0     0
DMPlexStratify         5 1.0 3.4405e+00 5.7 0.00e+00 0.0 0.0e+00 0.0e+00 5.0e+00  5  0  0  0  3   7  0  0  0  7     0
SFSetGraph            45 1.0 4.7792e-02 1.5 0.00e+00 0.0 0.0e+00 0.0e+00 0.0e+00  0  0  0  0  0   0  0  0  0  0     0
SFBcastBegin          87 1.0 1.7609e+00 2.8 0.00e+00 0.0 6.0e+04 3.1e+04 0.0e+00  3  0 77 79  0   4  0 96 97  0     0
SFBcastEnd            87 1.0 7.3691e-01 6.5 0.00e+00 0.0 0.0e+00 0.0e+00 0.0e+00  1  0  0  0  0   1  0  0  0  0     0
SFReduceBegin          4 1.0 3.7455e-0261.6 0.00e+00 0.0 1.6e+03 2.7e+04 0.0e+00  0  0  2  2  0   0  0  3  2  0     0
SFReduceEnd            4 1.0 6.0392e-02 4.9 0.00e+00 0.0 0.0e+00 0.0e+00 0.0e+00  0  0  0  0  0   0  0  0  0  0     0
SFFetchOpBegin         1 1.0 5.0068e-05 6.4 0.00e+00 0.0 2.0e+02 4.1e+03 0.0e+00  0  0  0  0  0   0  0  0  0  0     0
SFFetchOpEnd           1 1.0 4.7803e-04 6.6 0.00e+00 0.0 2.0e+02 4.1e+03 0.0e+00  0  0  0  0  0   0  0  0  0  0     0
CreateMesh             5 1.0 4.5577e+00 1.0 0.00e+00 0.0 5.9e+04 3.1e+04 3.9e+01  7  0 76 78 21  10  0 94 96 51     0
CreateFunctionSpace       1 1.0 3.2714e+00 1.0 0.00e+00 0.0 4.6e+04 2.4e+04 4.0e+01  5  0 59 47 21   7  0 73 58 53     0
Mesh: reorder          1 1.0 5.5580e-02 1.0 0.00e+00 0.0 0.0e+00 0.0e+00 2.0e+00  0  0  0  0  1   0  0  0  0  3     0
Mesh: numbering        1 1.0 2.8626e-01 1.0 0.00e+00 0.0 0.0e+00 0.0e+00 2.0e+00  0  0  0  0  1   1  0  0  0  3     0
CreateSparsity         1 1.0 7.5125e-01 1.3 0.00e+00 0.0 0.0e+00 0.0e+00 0.0e+00  1  0  0  0  0   1  0  0  0  0     0
MatZeroInitial         1 1.0 7.5732e-01 1.0 0.00e+00 0.0 8.3e+02 1.4e+04 8.0e+00  1  0  1  0  4   2  0  1  1 11     0
ParLoopExecute         3 1.0 1.6067e-01 1.0 0.00e+00 0.0 0.0e+00 0.0e+00 0.0e+00  0  0  0  0  0   0  0  0  0  0     0
ParLoopset_5           2 1.0 1.4520e-03 2.3 0.00e+00 0.0 0.0e+00 0.0e+00 0.0e+00  0  0  0  0  0   0  0  0  0  0     0
ParLoopHaloEnd         3 1.0 9.2983e-06 1.9 0.00e+00 0.0 0.0e+00 0.0e+00 0.0e+00  0  0  0  0  0   0  0  0  0  0     0
ParLoopRednBegin       3 1.0 2.5034e-05 1.8 0.00e+00 0.0 0.0e+00 0.0e+00 0.0e+00  0  0  0  0  0   0  0  0  0  0     0
ParLoopRednEnd         3 1.0 2.3842e-05 2.2 0.00e+00 0.0 0.0e+00 0.0e+00 0.0e+00  0  0  0  0  0   0  0  0  0  0     0
ParLoopset_4           4 1.0 1.8584e-02 1.0 0.00e+00 0.0 0.0e+00 0.0e+00 0.0e+00  0  0  0  0  0   0  0  0  0  0     0

--- Event Stage 1: Warmup

BuildTwoSided          1 1.0 6.9880e-03131.4 0.00e+00 0.0 2.1e+02 8.0e+00 0.0e+00  0  0  0  0  0   0  0  3  0  0     0
VecTDot               32 1.0 5.5939e-02 4.1 7.95e+06 1.1 0.0e+00 0.0e+00 3.2e+01  0  0  0  0 17   0  0  0  0 57  6344
VecNorm               17 1.0 1.4011e-0187.0 4.22e+06 1.1 0.0e+00 0.0e+00 1.7e+01  0  0  0  0  9   1  0  0  0 30  1346
VecCopy                6 1.0 6.5830e-03 1.1 0.00e+00 0.0 0.0e+00 0.0e+00 0.0e+00  0  0  0  0  0   0  0  0  0  0     0
VecSet                18 1.0 3.9833e-03 1.8 0.00e+00 0.0 0.0e+00 0.0e+00 0.0e+00  0  0  0  0  0   0  0  0  0  0     0
VecAXPY               33 1.0 1.4580e-02 1.6 8.20e+06 1.1 0.0e+00 0.0e+00 0.0e+00  0  0  0  0  0   0  0  0  0  0 25102
VecAYPX               15 1.0 4.4239e-03 1.2 3.73e+06 1.1 0.0e+00 0.0e+00 0.0e+00  0  0  0  0  0   0  0  0  0  0 37605
VecScatterBegin       16 1.0 4.1203e-02 1.3 0.00e+00 0.0 6.6e+03 2.8e+04 0.0e+00  0  0  8  8  0   0  0 86 81  0     0
VecScatterEnd         16 1.0 5.0365e-0218.8 0.00e+00 0.0 0.0e+00 0.0e+00 0.0e+00  0  0  0  0  0   0  0  0  0  0     0
MatMult               16 1.0 5.1235e-01 1.1 3.00e+08 1.2 6.6e+03 2.8e+04 0.0e+00  1  1  8  8  0   5  3 86 81  0 25629
MatConvert             1 1.0 4.6539e-01 1.7 0.00e+00 0.0 0.0e+00 0.0e+00 4.0e+00  1  0  0  0  2   4  0  0  0  7     0
MatAssemblyBegin       4 1.0 4.7684e-06 0.0 0.00e+00 0.0 0.0e+00 0.0e+00 0.0e+00  0  0  0  0  0   0  0  0  0  0     0
MatAssemblyEnd         4 1.0 1.6976e-01 1.1 0.00e+00 0.0 0.0e+00 0.0e+00 4.0e+00  0  0  0  0  2   2  0  0  0  7     0
MatGetRowIJ            2 1.0 9.1076e-04 1.7 0.00e+00 0.0 0.0e+00 0.0e+00 0.0e+00  0  0  0  0  0   0  0  0  0  0     0
MatZeroEntries         1 1.0 1.9612e-02 1.1 0.00e+00 0.0 0.0e+00 0.0e+00 0.0e+00  0  0  0  0  0   0  0  0  0  0     0
MatView                1 1.0 5.6993e-01 1.0 0.00e+00 0.0 0.0e+00 0.0e+00 1.0e+00  1  0  0  0  1   6  0  0  0  2     0
PCSetUp                1 1.0 2.7564e+00 1.1 0.00e+00 0.0 0.0e+00 0.0e+00 4.0e+00  4  0  0  0  2  29  0  0  0  7     0
PCApply               17 1.0 4.2300e+00 1.0 0.00e+00 0.0 0.0e+00 0.0e+00 0.0e+00  6  0  0  0  0  46  0  0  0  0     0
KSPSetUp               1 1.0 8.9502e-04 2.7 0.00e+00 0.0 0.0e+00 0.0e+00 0.0e+00  0  0  0  0  0   0  0  0  0  0     0
KSPSolve               1 1.0 7.5424e+00 1.0 3.24e+08 1.2 6.6e+03 2.8e+04 5.3e+01 12  2  8  8 28  82  3 86 81 95  1882
SNESSolve              1 1.0 9.1005e+00 1.0 1.09e+10 1.4 7.7e+03 3.0e+04 5.4e+01 14 50 10 10 29 100100100100 96 50466
SNESFunctionEval       1 1.0 1.2771e-01 1.0 6.70e+08 1.4 1.1e+03 4.1e+04 0.0e+00  0  3  1  2  0   1  6 14 19  0 219906
SNESJacobianEval       1 1.0 1.0557e+00 1.3 9.95e+09 1.4 0.0e+00 0.0e+00 0.0e+00  1 45  0  0  0  10 91  0  0  0 394970
SFBcastBegin           1 1.0 1.2715e-02 2.7 0.00e+00 0.0 1.1e+03 4.1e+04 0.0e+00  0  0  1  2  0   0  0 14 19  0     0
SFBcastEnd             1 1.0 3.5000e-04 3.0 0.00e+00 0.0 0.0e+00 0.0e+00 0.0e+00  0  0  0  0  0   0  0  0  0  0     0
ParLoopExecute         5 1.0 1.1520e+00 1.3 1.06e+10 1.4 1.1e+03 4.1e+04 0.0e+00  2 48  1  2  0  11 97 14 19  0 386331
ParLoopHaloEnd         5 1.0 4.0793e-04 2.4 0.00e+00 0.0 0.0e+00 0.0e+00 0.0e+00  0  0  0  0  0   0  0  0  0  0     0
ParLoopRednBegin       5 1.0 3.6240e-05 1.3 0.00e+00 0.0 0.0e+00 0.0e+00 0.0e+00  0  0  0  0  0   0  0  0  0  0     0
ParLoopRednEnd         5 1.0 3.1233e-05 1.3 0.00e+00 0.0 0.0e+00 0.0e+00 0.0e+00  0  0  0  0  0   0  0  0  0  0     0
ParLoopset_4           6 1.0 6.0415e-04 1.2 0.00e+00 0.0 0.0e+00 0.0e+00 0.0e+00  0  0  0  0  0   0  0  0  0  0     0
ApplyBC                1 1.0 1.4142e-02 1.1 0.00e+00 0.0 0.0e+00 0.0e+00 0.0e+00  0  0  0  0  0   0  0  0  0  0     0
ParLoopCells           6 1.0 9.9290e-01 1.3 1.06e+10 1.4 0.0e+00 0.0e+00 0.0e+00  1 48  0  0  0  10 97  0  0  0 448247

--- Event Stage 2: P(4, 44) Warm solve hypre

VecTDot               32 1.0 5.3173e-02 5.3 7.95e+06 1.1 0.0e+00 0.0e+00 3.2e+01  0  0  0  0 17   0  0  0  0 57  6674
VecNorm               17 1.0 1.5171e-0162.6 4.22e+06 1.1 0.0e+00 0.0e+00 1.7e+01  0  0  0  0  9   1  0  0  0 30  1243
VecCopy                6 1.0 2.8589e-03 1.3 0.00e+00 0.0 0.0e+00 0.0e+00 0.0e+00  0  0  0  0  0   0  0  0  0  0     0
VecSet                18 1.0 4.6203e-03 1.7 0.00e+00 0.0 0.0e+00 0.0e+00 0.0e+00  0  0  0  0  0   0  0  0  0  0     0
VecAXPY               33 1.0 1.4446e-02 1.5 8.20e+06 1.1 0.0e+00 0.0e+00 0.0e+00  0  0  0  0  0   0  0  0  0  0 25335
VecAYPX               15 1.0 4.3721e-03 1.2 3.73e+06 1.1 0.0e+00 0.0e+00 0.0e+00  0  0  0  0  0   0  0  0  0  0 38050
VecScatterBegin       16 1.0 1.0997e-0210.6 0.00e+00 0.0 6.6e+03 2.8e+04 0.0e+00  0  0  8  8  0   0  0 94 89  0     0
VecScatterEnd         16 1.0 5.4841e-0223.7 0.00e+00 0.0 0.0e+00 0.0e+00 0.0e+00  0  0  0  0  0   0  0  0  0  0     0
MatMult               16 1.0 4.8235e-01 1.1 3.00e+08 1.2 6.6e+03 2.8e+04 0.0e+00  1  1  8  8  0   5  3 94 89  0 27223
MatConvert             1 1.0 3.7748e-01 1.2 0.00e+00 0.0 0.0e+00 0.0e+00 0.0e+00  1  0  0  0  0   4  0  0  0  0     0
MatAssemblyBegin       4 1.0 3.0994e-06 0.0 0.00e+00 0.0 0.0e+00 0.0e+00 0.0e+00  0  0  0  0  0   0  0  0  0  0     0
MatAssemblyEnd         4 1.0 3.7139e-01 2.2 0.00e+00 0.0 0.0e+00 0.0e+00 6.0e+00  0  0  0  0  3   3  0  0  0 11     0
MatGetRowIJ            2 1.0 2.1458e-06 0.0 0.00e+00 0.0 0.0e+00 0.0e+00 0.0e+00  0  0  0  0  0   0  0  0  0  0     0
MatZeroEntries         1 1.0 1.7818e-02 1.2 0.00e+00 0.0 0.0e+00 0.0e+00 0.0e+00  0  0  0  0  0   0  0  0  0  0     0
MatView                1 1.0 9.3293e-04 2.1 0.00e+00 0.0 0.0e+00 0.0e+00 1.0e+00  0  0  0  0  1   0  0  0  0  2     0
PCSetUp                1 1.0 2.6170e+00 1.0 0.00e+00 0.0 0.0e+00 0.0e+00 0.0e+00  4  0  0  0  0  30  0  0  0  0     0
PCApply               17 1.0 4.2492e+00 1.0 0.00e+00 0.0 0.0e+00 0.0e+00 0.0e+00  6  0  0  0  0  49  0  0  0  0     0
KSPSetUp               1 1.0 1.1921e-06 0.0 0.00e+00 0.0 0.0e+00 0.0e+00 0.0e+00  0  0  0  0  0   0  0  0  0  0     0
KSPSolve               1 1.0 7.3843e+00 1.0 3.24e+08 1.2 6.6e+03 2.8e+04 4.9e+01 11  2  8  8 26  86  3 94 89 88  1922
SNESSolve              1 1.0 8.4364e+00 1.0 1.09e+10 1.4 7.0e+03 2.9e+04 5.6e+01 13 50  9  9 30  98100100100100 54439
SNESFunctionEval       1 1.0 5.6548e-02 1.4 6.70e+08 1.4 4.2e+02 5.1e+04 0.0e+00  0  3  1  1  0   1  6  6 11  0 496644
SNESJacobianEval       1 1.0 1.0073e+00 1.0 9.95e+09 1.4 0.0e+00 0.0e+00 6.0e+00  2 45  0  0  3  12 91  0  0 11 413946
SFBcastBegin           1 1.0 8.0395e-04 3.3 0.00e+00 0.0 4.2e+02 5.1e+04 0.0e+00  0  0  1  1  0   0  0  6 11  0     0
SFBcastEnd             1 1.0 5.5330e-0331.4 0.00e+00 0.0 0.0e+00 0.0e+00 0.0e+00  0  0  0  0  0   0  0  0  0  0     0
ParLoopExecute         5 1.0 9.8617e-01 1.3 1.06e+10 1.4 4.2e+02 5.1e+04 0.0e+00  1 48  1  1  0  10 97  6 11  0 451306
ParLoopHaloEnd         5 1.0 6.7291e-0322.2 0.00e+00 0.0 0.0e+00 0.0e+00 0.0e+00  0  0  0  0  0   0  0  0  0  0     0
ParLoopRednBegin       5 1.0 1.9789e-05 1.7 0.00e+00 0.0 0.0e+00 0.0e+00 0.0e+00  0  0  0  0  0   0  0  0  0  0     0
ParLoopRednEnd         5 1.0 3.0041e-05 1.5 0.00e+00 0.0 0.0e+00 0.0e+00 0.0e+00  0  0  0  0  0   0  0  0  0  0     0
ParLoopset_4           6 1.0 1.8635e-03 5.4 0.00e+00 0.0 0.0e+00 0.0e+00 0.0e+00  0  0  0  0  0   0  0  0  0  0     0
ApplyBC                1 1.0 1.5829e-03 2.8 0.00e+00 0.0 0.0e+00 0.0e+00 0.0e+00  0  0  0  0  0   0  0  0  0  0     0
ParLoopCells           6 1.0 9.7667e-01 1.3 1.06e+10 1.4 0.0e+00 0.0e+00 0.0e+00  1 48  0  0  0  10 97  0  0  0 455698
------------------------------------------------------------------------------------------------------------------------

Memory usage is given in bytes:

Object Type          Creations   Destructions     Memory  Descendants' Mem.
Reports information only for process 0.

--- Event Stage 0: Main Stage

           Container     4              4         2464     0.
              Viewer     2              0            0     0.
           Index Set   311            311       320208     0.
   IS L to G Mapping     5              5      8364776     0.
             Section    67             67        50920     0.
              Vector     9             15      9199920     0.
      Vector Scatter     1              1         1208     0.
              Matrix     6              7    140354600     0.
      Preconditioner     1              1         1584     0.
       Krylov Solver     1              1         1360     0.
     DMKSP interface     0              1          696     0.
                SNES     1              1         1480     0.
      SNESLineSearch     1              1         1032     0.
              DMSNES     1              1          712     0.
    Distributed Mesh    12             12        58728     0.
    GraphPartitioner     5              5         3280     0.
Star Forest Bipartite Graph    65             65        57936     0.
     Discrete System    12             12        11136     0.

--- Event Stage 1: Warmup

              Vector     8              2         3568     0.
              Matrix     1              0            0     0.
     DMKSP interface     1              0            0     0.

--- Event Stage 2: P(4, 44) Warm solve hypre

========================================================================================================================
Average time to get PetscTime(): 0.
Average time for MPI_Barrier(): 3.62396e-06
Average time for zero size MPI_Send(): 2.10603e-06
#PETSc Option Table entries:
--dimension 3
--parameters hypre
--results-file results64/poisson-weak-3d-64bit.csv
-dimension 3
-log_view ascii:results64/poisson-P4-hypre-weak-3d-64bit-48.log::append
-parameters hypre
-results-file results64/poisson-weak-3d-64bit.csv
#End of PETSc Option Table entries
Compiled without FORTRAN kernels
Compiled with full precision matrices (default)
sizeof(short) 2 sizeof(int) 4 sizeof(long) 8 sizeof(void*) 8 sizeof(PetscScalar) 8 sizeof(PetscInt) 8
Configure options: --COPTFLAGS="-march=ivybridge -O3" --CXXOPTFLAGS="-march=ivybridge -O3" --FOPTFLAGS="-march=ivybridge -O3" --PETSC_ARCH=petsc-gnu51-ivybridge-int64 --download-exodusii --download-hypre --download-metis --download-netcdf --download-parmetis --download-sowing=1 --known-bits-per-byte=8 --known-has-attribute-aligned=1 --known-level1-dcache-assoc=8 --known-level1-dcache-linesize=64 --known-level1-dcache-size=32768 --known-memcmp-ok=1 --known-mpi-c-double-complex=1 --known-mpi-int64_t=1 --known-mpi-long-double=1 --known-mpi-shared-libraries=1 --known-sdot-returns-double=0 --known-sizeof-MPI_Comm=4 --known-sizeof-MPI_Fint=4 --known-sizeof-char=1 --known-sizeof-double=8 --known-sizeof-float=4 --known-sizeof-int=4 --known-sizeof-long-long=8 --known-sizeof-long=8 --known-sizeof-short=2 --known-sizeof-size_t=8 --known-sizeof-void-p=8 --known-snrm2-returns-double=0 --prefix=/work/n02/n02/lmn02/petsc-gnu51-ivybridge-int64 --with-64-bit-indices=1 --with-batch=1 --with-blas-lapack-lib="-L/opt/cray/libsci/16.03.1/GNU/5.1/x86_64/lib -lsci_gnu_mp" --with-cc=cc --with-clib-autodetect=0 --with-cxx=CC --with-cxxlib-autodetect=0 --with-debugging=0 --with-fc=ftn --with-fortranlib-autodetect=0 --with-hdf5-dir=/opt/cray/hdf5-parallel/1.8.14/GNU/5.1 --with-hdf5=1 --with-make-np=4 --with-pic=1 --with-shared-libraries=1 --with-x=0 --download-eigen
-----------------------------------------
Libraries compiled on Tue Feb 14 12:07:09 2017 on eslogin003 
Machine characteristics: Linux-3.0.101-0.47.86.1.11753.0.PTF-default-x86_64-with-SuSE-11-x86_64
Using PETSc directory: /home2/n02/n02/lmn02/src/petsc
Using PETSc arch: petsc-gnu51-ivybridge-int64
-----------------------------------------

Using C compiler: cc  -fPIC  -march=ivybridge -O3  ${COPTFLAGS} ${CFLAGS}
Using Fortran compiler: ftn  -fPIC -march=ivybridge -O3   ${FOPTFLAGS} ${FFLAGS} 
-----------------------------------------

Using include paths: -I/home2/n02/n02/lmn02/src/petsc/petsc-gnu51-ivybridge-int64/include -I/home2/n02/n02/lmn02/src/petsc/include -I/home2/n02/n02/lmn02/src/petsc/include -I/home2/n02/n02/lmn02/src/petsc/petsc-gnu51-ivybridge-int64/include -I/work/n02/n02/lmn02/petsc-gnu51-ivybridge-int64/include -I/work/n02/n02/lmn02/petsc-gnu51-ivybridge-int64/include/eigen3 -I/opt/cray/hdf5-parallel/1.8.14/GNU/5.1/include
-----------------------------------------

Using C linker: cc
Using Fortran linker: ftn
Using libraries: -Wl,-rpath,/home2/n02/n02/lmn02/src/petsc/petsc-gnu51-ivybridge-int64/lib -L/home2/n02/n02/lmn02/src/petsc/petsc-gnu51-ivybridge-int64/lib -lpetsc -Wl,-rpath,/work/n02/n02/lmn02/petsc-gnu51-ivybridge-int64/lib -L/work/n02/n02/lmn02/petsc-gnu51-ivybridge-int64/lib -lHYPRE -lparmetis -lmetis -lexoIIv2for -lexodus -lnetcdf -Wl,-rpath,/opt/cray/hdf5-parallel/1.8.14/GNU/5.1/lib -L/opt/cray/hdf5-parallel/1.8.14/GNU/5.1/lib -lhdf5hl_fortran -lhdf5_fortran -lhdf5_hl -lhdf5 -lssl -lcrypto -ldl 
-----------------------------------------

