************************************************************************************************************************
***             WIDEN YOUR WINDOW TO 120 CHARACTERS.  Use 'enscript -r -fCourier9' to print this document            ***
************************************************************************************************************************

---------------------------------------------- PETSc Performance Summary: ----------------------------------------------

poisson-new-weak.py on a petsc-gnu51-ivybridge-int64 named nid01682 with 96 processors, by lmn02 Fri Feb 17 17:23:20 2017
Using Petsc Development GIT revision: v3.7.5-3014-g413f72f  GIT Date: 2017-02-05 17:50:57 -0600

                         Max       Max/Min        Avg      Total 
Time (sec):           1.015e+02      1.00001   1.015e+02
Objects:              3.341e+04      1.25623   2.940e+04
Flops:                3.077e+10      1.35251   2.727e+10  2.618e+12
Flops/sec:            3.031e+08      1.35251   2.687e+08  2.579e+10
MPI Messages:         4.897e+04     21.90450   9.395e+03  9.019e+05
MPI Message Lengths:  3.135e+08      2.50164   1.925e+04  1.736e+10
MPI Reductions:       1.550e+03      6.17530

Flop counting convention: 1 flop = 1 real number operation of type (multiply/divide/add/subtract)
                            e.g., VecAXPY() for real vectors of length N --> 2N flops
                            and VecAXPY() for complex vectors of length N --> 8N flops

Summary of Stages:   ----- Time ------  ----- Flops -----  --- Messages ---  -- Message Lengths --  -- Reductions --
                        Avg     %Total     Avg     %Total   counts   %Total     Avg         %Total   counts   %Total 
 0:      Main Stage: 2.2180e+01  21.8%  0.0000e+00   0.0%  1.933e+05  21.4%  2.600e+03       13.5%  7.100e+01   4.6% 
 1:          Warmup: 6.8924e+01  67.9%  1.3095e+12  50.0%  3.590e+05  39.8%  8.453e+03       43.9%  2.183e+02  14.1% 
 2: P(4, 27) Warm solve schwarz_rich: 1.0416e+01  10.3%  1.3089e+12  50.0%  3.496e+05  38.8%  8.194e+03       42.6%  1.772e+02  11.4% 

------------------------------------------------------------------------------------------------------------------------
See the 'Profiling' chapter of the users' manual for details on interpreting output.
Phase summary info:
   Count: number of times phase was executed
   Time and Flops: Max - maximum over all processors
                   Ratio - ratio of maximum to minimum over all processors
   Mess: number of messages sent
   Avg. len: average message length (bytes)
   Reduct: number of global reductions
   Global: entire computation
   Stage: stages of a computation. Set stages with PetscLogStagePush() and PetscLogStagePop().
      %T - percent time in this phase         %F - percent flops in this phase
      %M - percent messages in this phase     %L - percent message lengths in this phase
      %R - percent reductions in this phase
   Total Mflop/s: 10e-6 * (sum of flops over all processors)/(max time over all processors)
------------------------------------------------------------------------------------------------------------------------
Event                Count      Time (sec)     Flops                             --- Global ---  --- Stage ---   Total
                   Max Ratio  Max     Ratio   Max  Ratio  Mess   Avg len Reduct  %T %F %M %L %R  %T %F %M %L %R Mflop/s
------------------------------------------------------------------------------------------------------------------------

--- Event Stage 0: Main Stage

PetscBarrier           1 1.0 2.8754e-02 1.1 0.00e+00 0.0 2.2e+03 2.4e+01 5.0e+00  0  0  0  0  0   0  0  1  0  7     0
BuildTwoSided         41 1.0 5.4534e-01 9.6 0.00e+00 0.0 2.9e+04 8.0e+00 0.0e+00  0  0  3  0  0   2  0 15  0  0     0
VecSet                 4 1.0 1.3340e-03 1.5 0.00e+00 0.0 0.0e+00 0.0e+00 0.0e+00  0  0  0  0  0   0  0  0  0  0     0
MatAssemblyBegin       1 1.0 1.3018e-04 7.6 0.00e+00 0.0 0.0e+00 0.0e+00 0.0e+00  0  0  0  0  0   0  0  0  0  0     0
MatAssemblyEnd         1 1.0 2.4796e-04 5.7 0.00e+00 0.0 0.0e+00 0.0e+00 0.0e+00  0  0  0  0  0   0  0  0  0  0     0
Mesh Partition         2 1.0 8.2917e-01 1.0 0.00e+00 0.0 1.2e+05 1.7e+03 1.1e+01  1  0 14  1  1   4  0 65  9 15     0
Mesh Migration         2 1.0 3.3739e-01 1.0 0.00e+00 0.0 5.7e+04 3.3e+04 2.4e+01  0  0  6 11  2   1  0 29 80 34     0
DMPlexInterp           1 1.0 6.1042e-01 1.0 0.00e+00 0.0 0.0e+00 0.0e+00 2.0e+00  1  0  0  0  0   3  0  0  0  3     0
DMPlexDistribute       1 1.0 7.7428e-01 1.0 0.00e+00 0.0 6.0e+04 3.2e+03 9.0e+00  1  0  7  1  1   3  0 31  8 13     0
DMPlexDistCones        2 1.0 1.1618e-01 1.1 0.00e+00 0.0 9.6e+03 7.3e+04 0.0e+00  0  0  1  4  0   1  0  5 30  0     0
DMPlexDistLabels       2 1.0 1.5264e-01 1.0 0.00e+00 0.0 3.0e+04 3.2e+04 2.0e+00  0  0  3  5  0   1  0 15 40  3     0
DMPlexDistribOL        1 1.0 4.0091e-01 1.0 0.00e+00 0.0 1.2e+05 1.6e+04 2.6e+01  0  0 14 12  2   2  0 63 86 37     0
DMPlexDistField        3 1.0 1.8145e-02 1.1 0.00e+00 0.0 1.3e+04 7.2e+03 2.0e+00  0  0  1  1  0   0  0  7  4  3     0
DMPlexDistData         2 1.0 5.1712e-01 7.6 0.00e+00 0.0 1.1e+05 6.8e+02 0.0e+00  0  0 13  0  0   2  0 59  3  0     0
DMPlexStratify         6 1.0 6.6911e-01 4.2 0.00e+00 0.0 0.0e+00 0.0e+00 6.0e+00  1  0  0  0  0   3  0  0  0  8     0
SFSetGraph            47 1.0 4.0303e-02 1.8 0.00e+00 0.0 0.0e+00 0.0e+00 0.0e+00  0  0  0  0  0   0  0  0  0  0     0
SFBcastBegin          90 1.0 6.4228e-01 2.8 0.00e+00 0.0 1.9e+05 1.2e+04 0.0e+00  1  0 21 13  0   3  0 97 99  0     0
SFBcastEnd            90 1.0 4.8819e-01 4.5 0.00e+00 0.0 0.0e+00 0.0e+00 0.0e+00  0  0  0  0  0   1  0  0  0  0     0
SFReduceBegin          4 1.0 1.0303e-0218.2 0.00e+00 0.0 3.7e+03 5.2e+03 0.0e+00  0  0  0  0  0   0  0  2  1  0     0
SFReduceEnd            4 1.0 1.2982e-02 5.5 0.00e+00 0.0 0.0e+00 0.0e+00 0.0e+00  0  0  0  0  0   0  0  0  0  0     0
SFFetchOpBegin         1 1.0 4.9114e-05 9.8 0.00e+00 0.0 4.8e+02 3.5e+03 0.0e+00  0  0  0  0  0   0  0  0  0  0     0
SFFetchOpEnd           1 1.0 8.9920e-03142.9 0.00e+00 0.0 4.8e+02 3.5e+03 0.0e+00  0  0  0  0  0   0  0  0  0  0     0
CreateMesh             5 1.0 1.6599e+00 1.0 0.00e+00 0.0 1.8e+05 1.2e+04 3.9e+01  2  0 20 13  3   7  0 95 95 55     0
CreateFunctionSpace       1 1.0 3.4594e+00 1.0 0.00e+00 0.0 1.3e+05 1.7e+04 4.0e+01  3  0 14 12  3  16  0 67 92 56     0
Mesh: reorder          1 1.0 2.0351e-02 2.0 0.00e+00 0.0 0.0e+00 0.0e+00 2.0e+00  0  0  0  0  0   0  0  0  0  3     0
Mesh: numbering        1 1.0 2.7995e-01 1.0 0.00e+00 0.0 0.0e+00 0.0e+00 2.0e+00  0  0  0  0  0   1  0  0  0  3     0
ParLoopExecute         2 1.0 2.4891e-0133.5 0.00e+00 0.0 0.0e+00 0.0e+00 0.0e+00  0  0  0  0  0   1  0  0  0  0     0
ParLoopset_4           4 1.0 1.5426e-0210.6 0.00e+00 0.0 0.0e+00 0.0e+00 0.0e+00  0  0  0  0  0   0  0  0  0  0     0
ParLoopHaloEnd         2 1.0 1.5020e-05 5.2 0.00e+00 0.0 0.0e+00 0.0e+00 0.0e+00  0  0  0  0  0   0  0  0  0  0     0
ParLoopRednBegin       2 1.0 2.5034e-05 2.8 0.00e+00 0.0 0.0e+00 0.0e+00 0.0e+00  0  0  0  0  0   0  0  0  0  0     0
ParLoopRednEnd         2 1.0 2.3127e-05 3.5 0.00e+00 0.0 0.0e+00 0.0e+00 0.0e+00  0  0  0  0  0   0  0  0  0  0     0

--- Event Stage 1: Warmup

BuildTwoSided          5 2.5 2.3415e+013263.0 0.00e+00 0.0 1.2e+03 8.0e+00 0.0e+00 13  0  0  0  0  19  0  0  0  0     0
VecMDot               60 0.0 3.9923e-03 0.0 2.41e+06 0.0 0.0e+00 0.0e+00 1.0e+01  0  0  0  0  1   0  0  0  0  5  9554
VecTDot               38 1.0 3.4201e-0142.7 8.69e+06 1.2 0.0e+00 0.0e+00 3.8e+01  0  0  0  0  2   0  0  0  0 17  2271
VecNorm              186 9.3 9.0822e-0210.3 6.94e+06 1.8 0.0e+00 0.0e+00 4.8e+01  0  0  0  0  3   0  0  0  0 22  4951
VecScale              66 0.0 1.7929e-04 0.0 2.41e+05 0.0 0.0e+00 0.0e+00 0.0e+00  0  0  0  0  0   0  0  0  0  0 21276
VecCopy              249 4.0 1.7210e-02 1.3 0.00e+00 0.0 0.0e+00 0.0e+00 0.0e+00  0  0  0  0  0   0  0  0  0  0     0
VecSet             49793 1.6 8.1014e-02 1.4 0.00e+00 0.0 0.0e+00 0.0e+00 0.0e+00  0  0  0  0  0   0  0  0  0  0     0
VecAXPY               65 1.1 2.4798e-02 1.6 1.35e+07 1.2 0.0e+00 0.0e+00 0.0e+00  0  0  0  0  0   0  0  0  0  0 48651
VecAYPX             1998111.0 1.0873e-02 2.7 1.33e+07 3.7 0.0e+00 0.0e+00 0.0e+00  0  0  0  0  0   0  0  0  0  0 47507
VecAXPBYCZ           960 0.0 3.6681e-03 0.0 1.75e+07 0.0 0.0e+00 0.0e+00 0.0e+00  0  0  0  0  0   0  0  0  0  0 75631
VecMAXPY              66 0.0 8.7452e-04 0.0 2.84e+06 0.0 0.0e+00 0.0e+00 0.0e+00  0  0  0  0  0   0  0  0  0  0 51549
VecAssemblyBegin      12 0.0 9.5558e-04 0.0 0.00e+00 0.0 0.0e+00 0.0e+00 5.0e+00  0  0  0  0  0   0  0  0  0  2     0
VecAssemblyEnd        12 0.0 5.2214e-05 0.0 0.00e+00 0.0 0.0e+00 0.0e+00 0.0e+00  0  0  0  0  0   0  0  0  0  0     0
VecPointwiseMult      33 0.0 1.9526e-04 0.0 1.20e+05 0.0 0.0e+00 0.0e+00 0.0e+00  0  0  0  0  0   0  0  0  0  0  9768
VecScatterBegin     213626.7 4.0759e-0213.6 0.00e+00 0.0 2.7e+05 4.8e+03 0.0e+00  0  0 30  8  0   0  0 75 17  0     0
VecScatterEnd       213626.7 1.3462e+0022.4 0.00e+00 0.0 0.0e+00 0.0e+00 0.0e+00  1  0  0  0  0   1  0  0  0  0     0
VecSetRandom           3 0.0 6.7306e-04 0.0 0.00e+00 0.0 0.0e+00 0.0e+00 0.0e+00  0  0  0  0  0   0  0  0  0  0     0
VecNormalize          66 0.0 2.4834e-03 0.0 7.22e+05 0.0 0.0e+00 0.0e+00 1.1e+01  0  0  0  0  1   0  0  0  0  5  4608
MatMult             159941.0 1.3790e+00 1.9 1.07e+10 1.4 2.2e+05 7.3e+03 3.0e+00  1 34 25  9  0   1 68 63 21  1 648435
MatMultAdd           240 0.0 3.5688e-02 0.0 7.51e+06 0.0 2.0e+04 2.6e+02 0.0e+00  0  0  2  0  0   0  0  6  0  0  3180
MatMultTranspose     26013.0 1.0116e-01 1.5 3.24e+07 1.8 3.9e+04 1.2e+04 0.0e+00  0  0  4  3  0   0  0 11  6  0 24310
MatSolve           42980 1.7 3.5334e+00 1.5 3.10e+09 1.7 0.0e+00 0.0e+00 0.0e+00  3  9  0  0  0   4 18  0  0  0 65490
MatSOR              1473 0.0 1.7143e-01 0.0 1.56e+08 0.0 0.0e+00 0.0e+00 0.0e+00  0  0  0  0  0   0  0  0  0  0 13919
MatLUFactorSym      2149 1.7 1.9970e+00 1.7 0.00e+00 0.0 0.0e+00 0.0e+00 0.0e+00  2  0  0  0  0   2  0  0  0  0     0
MatLUFactorNum      2149 1.7 1.2282e+00 1.7 1.64e+09 1.7 0.0e+00 0.0e+00 0.0e+00  1  5  0  0  0   1  9  0  0  0 97469
MatConvert             3 0.0 1.9820e-03 0.0 0.00e+00 0.0 0.0e+00 0.0e+00 0.0e+00  0  0  0  0  0   0  0  0  0  0     0
MatScale               9 0.0 9.5987e-04 0.0 4.52e+05 0.0 3.6e+02 1.6e+03 0.0e+00  0  0  0  0  0   0  0  0  0  0  7209
MatResidual          240 0.0 3.2511e-02 0.0 2.89e+07 0.0 2.8e+04 1.6e+03 0.0e+00  0  0  3  0  0   0  0  8  1  0 13536
MatAssemblyBegin    3580 1.4 1.2410e-0223.6 0.00e+00 0.0 1.7e+03 3.7e+03 7.3e+00  0  0  0  0  0   0  0  0  0  3     0
MatAssemblyEnd      3580 1.4 1.9860e-01 1.2 0.00e+00 0.0 7.5e+03 3.5e+03 4.0e+01  0  0  1  0  3   0  0  2  0 18     0
MatGetRow          32817 0.0 3.5660e-03 0.0 0.00e+00 0.0 0.0e+00 0.0e+00 0.0e+00  0  0  0  0  0   0  0  0  0  0     0
MatGetRowIJ         2149 1.7 8.3831e-02 1.7 0.00e+00 0.0 0.0e+00 0.0e+00 0.0e+00  0  0  0  0  0   0  0  0  0  0     0
MatGetSubMatrice       1 1.0 1.3251e-02 3.8 0.00e+00 0.0 5.2e+02 7.8e+04 2.0e+00  0  0  0  0  0   0  0  0  1  1     0
MatGetSubMatrix        4 0.0 3.6919e-03 0.0 0.00e+00 0.0 4.2e+02 1.6e+03 1.1e+01  0  0  0  0  1   0  0  0  0  5     0
MatGetOrdering      2149 1.7 3.3857e-01 1.7 0.00e+00 0.0 0.0e+00 0.0e+00 0.0e+00  0  0  0  0  0   0  0  0  0  0     0
MatCoarsen             3 0.0 4.3437e-03 0.0 0.00e+00 0.0 2.9e+03 2.3e+03 2.2e+00  0  0  0  0  0   0  0  1  0  1     0
MatZeroEntries      3570 1.4 2.0707e-02 1.8 0.00e+00 0.0 0.0e+00 0.0e+00 0.0e+00  0  0  0  0  0   0  0  0  0  0     0
MatView               14 2.8 7.8249e-03 1.7 0.00e+00 0.0 7.6e+02 4.0e+00 1.8e+00  0  0  0  0  0   0  0  0  0  1     0
MatAXPY                3 0.0 3.0272e-03 0.0 0.00e+00 0.0 0.0e+00 0.0e+00 1.0e+00  0  0  0  0  0   0  0  0  0  0     0
MatMatMult             3 0.0 1.0933e-02 0.0 3.46e+05 0.0 2.1e+03 1.0e+03 8.0e+00  0  0  0  0  1   0  0  1  0  4   468
MatMatMultSym          3 0.0 8.9831e-03 0.0 0.00e+00 0.0 1.8e+03 9.4e+02 7.0e+00  0  0  0  0  0   0  0  0  0  3     0
MatMatMultNum          3 0.0 1.9040e-03 0.0 3.46e+05 0.0 3.6e+02 1.5e+03 1.0e+00  0  0  0  0  0   0  0  0  0  0  2685
MatPtAP                3 0.0 3.4494e-02 0.0 3.26e+06 0.0 4.0e+03 3.6e+03 8.5e+00  0  0  0  0  1   0  0  1  0  4  1363
MatPtAPSymbolic        3 0.0 2.5761e-02 0.0 0.00e+00 0.0 2.1e+03 4.0e+03 3.5e+00  0  0  0  0  0   0  0  1  0  2     0
MatPtAPNumeric         3 0.0 8.7500e-03 0.0 3.26e+06 0.0 1.9e+03 3.1e+03 5.0e+00  0  0  0  0  0   0  0  1  0  2  5372
MatTrnMatMult          1 0.0 1.1350e-01 0.0 2.97e+06 0.0 8.5e+02 2.5e+04 3.2e+00  0  0  0  0  0   0  0  0  0  1   381
MatTrnMatMultSym       1 0.0 7.1984e-02 0.0 0.00e+00 0.0 7.1e+02 1.6e+04 2.8e+00  0  0  0  0  0   0  0  0  0  1     0
MatTrnMatMultNum       1 0.0 4.1215e-02 0.0 2.97e+06 0.0 1.4e+02 7.0e+04 3.3e-01  0  0  0  0  0   0  0  0  0  0  1050
MatMPIConcateSeq       1 0.0 1.4572e-02 0.0 0.00e+00 0.0 2.8e+02 1.6e+03 2.5e+00  0  0  0  0  0   0  0  0  0  1     0
MatGetLocalMat        11 0.0 2.3322e-03 0.0 0.00e+00 0.0 0.0e+00 0.0e+00 0.0e+00  0  0  0  0  0   0  0  0  0  0     0
MatGetBrAoCol          9 0.0 8.0407e-03 0.0 0.00e+00 0.0 2.5e+03 3.4e+03 0.0e+00  0  0  0  0  0   0  0  1  0  0     0
PCGAMGGraph_AGG        3 0.0 2.2878e-02 0.0 3.61e+05 0.0 1.1e+03 9.9e+02 6.0e+00  0  0  0  0  0   0  0  0  0  3   240
PCGAMGCoarse_AGG       3 0.0 1.2236e-01 0.0 2.97e+06 0.0 4.5e+03 7.1e+03 8.0e+00  0  0  0  0  1   0  0  1  0  4   354
PCGAMGProl_AGG         3 0.0 5.7592e-03 0.0 0.00e+00 0.0 1.8e+03 1.3e+03 1.2e+01  0  0  0  0  1   0  0  0  0  5     0
PCGAMGPOpt_AGG         3 0.0 3.1198e-02 0.0 7.06e+06 0.0 5.7e+03 1.4e+03 2.4e+01  0  0  1  0  2   0  0  2  0 11  3506
GAMG: createProl       3 0.0 1.8325e-01 0.0 1.04e+07 0.0 1.3e+04 3.3e+03 5.0e+01  0  0  1  0  3   0  0  4  1 23   863
  Graph                6 0.0 2.2650e-02 0.0 3.61e+05 0.0 1.1e+03 9.9e+02 6.0e+00  0  0  0  0  0   0  0  0  0  3   243
  MIS/Agg              3 0.0 4.4880e-03 0.0 0.00e+00 0.0 2.9e+03 2.3e+03 2.2e+00  0  0  0  0  0   0  0  1  0  1     0
  SA: col data         3 0.0 1.5550e-03 0.0 0.00e+00 0.0 7.2e+02 2.6e+03 5.0e+00  0  0  0  0  0   0  0  0  0  2     0
  SA: frmProl0         3 0.0 3.5441e-03 0.0 0.00e+00 0.0 1.1e+03 4.4e+02 5.0e+00  0  0  0  0  0   0  0  0  0  2     0
  SA: smooth           3 0.0 1.4691e-02 0.0 4.40e+05 0.0 2.1e+03 1.0e+03 1.0e+01  0  0  0  0  1   0  0  1  0  5   444
GAMG: partLevel        3 0.0 4.1802e-02 0.0 3.26e+06 0.0 4.5e+03 3.4e+03 2.6e+01  0  0  0  0  2   0  0  1  0 12  1125
  repartition          2 0.0 4.8113e-04 0.0 0.00e+00 0.0 0.0e+00 0.0e+00 2.0e+00  0  0  0  0  0   0  0  0  0  1     0
  Invert-Sort          2 0.0 8.1205e-04 0.0 0.00e+00 0.0 0.0e+00 0.0e+00 1.3e+00  0  0  0  0  0   0  0  0  0  1     0
  Move A               2 0.0 2.4881e-03 0.0 0.00e+00 0.0 2.2e+02 3.0e+03 6.0e+00  0  0  0  0  0   0  0  0  0  3     0
  Move P               2 0.0 2.0041e-03 0.0 0.00e+00 0.0 2.0e+02 7.3e+01 6.0e+00  0  0  0  0  0   0  0  0  0  3     0
PCSetUp             2154 1.7 6.2382e+01 1.6 1.66e+09 1.7 2.5e+04 6.6e+03 1.3e+02 48  5  3  1  8  71  9  7  2 58  1952
PCSetUpOnBlocks       80 0.0 2.6672e-03 0.0 2.50e+03 0.0 0.0e+00 0.0e+00 0.0e+00  0  0  0  0  0   0  0  0  0  0     1
PCApply               20 1.0 6.7696e+01 1.0 4.83e+09 1.7 3.3e+05 2.0e+04 1.5e+02 67 14 37 38 10  98 28 93 87 68  5381
KSPGMRESOrthog        60 0.0 4.9603e-03 0.0 4.81e+06 0.0 0.0e+00 0.0e+00 1.0e+01  0  0  0  0  1   0  0  0  0  5 15379
KSPSetUp            2150 1.7 2.9268e-03 1.9 0.00e+00 0.0 0.0e+00 0.0e+00 1.0e+00  0  0  0  0  0   0  0  0  0  0     0
KSPSolve               1 1.0 6.8775e+01 1.0 1.48e+10 1.4 3.5e+05 2.1e+04 2.1e+02 68 48 39 43 14 100 96 99 99 98 18255
SNESSolve              1 1.0 6.8891e+01 1.0 1.54e+10 1.4 3.6e+05 2.1e+04 2.2e+02 68 50 40 44 14 100100100100 99 19008
SNESFunctionEval       1 1.0 1.0139e-01 1.1 6.43e+08 1.4 2.5e+03 3.6e+04 0.0e+00  0  2  0  1  0   0  4  1  1  0 532263
SNESJacobianEval       1 1.0 2.1811e-03 8.9 0.00e+00 0.0 0.0e+00 0.0e+00 0.0e+00  0  0  0  0  0   0  0  0  0  0     0
SFSetGraph             4 4.0 6.6280e-03 1.8 0.00e+00 0.0 0.0e+00 0.0e+00 0.0e+00  0  0  0  0  0   0  0  0  0  0     0
SFBcastBegin          61 1.5 2.3503e+01315.1 0.00e+00 0.0 5.0e+04 7.3e+04 0.0e+00 13  0  6 21  0  19  0 14 48  0     0
SFBcastEnd            61 1.5 1.8868e-01 4.4 0.00e+00 0.0 0.0e+00 0.0e+00 0.0e+00  0  0  0  0  0   0  0  0  0  0     0
SFReduceBegin         20 1.0 4.9384e-02 2.8 0.00e+00 0.0 2.2e+04 1.2e+05 0.0e+00  0  0  2 15  0   0  0  6 33  0     0
SFReduceEnd           20 1.0 2.8248e+00153.6 0.00e+00 0.0 0.0e+00 0.0e+00 0.0e+00  1  0  0  0  0   1  0  0  0  0     0
CreateFunctionSpace       1 1.0 1.2562e-01101.1 0.00e+00 0.0 0.0e+00 0.0e+00 0.0e+00  0  0  0  0  0   0  0  0  0  0     0
PCPATCHCreate          1 1.0 3.2473e-01 1.6 0.00e+00 0.0 0.0e+00 0.0e+00 0.0e+00  0  0  0  0  0   0  0  0  0  0     0
PCPATCHComputeOp    3570 1.4 5.7611e+01 1.7 0.00e+00 0.0 0.0e+00 0.0e+00 0.0e+00 44  0  0  0  0  65  0  0  0  0     0
PCPATCHSolve       42980 1.7 7.3478e+00 1.6 4.74e+09 1.7 0.0e+00 0.0e+00 0.0e+00  6 13  0  0  0   9 27  0  0  0 47784
PCPATCHScatter     85960 1.7 4.3050e-01 1.5 0.00e+00 0.0 0.0e+00 0.0e+00 0.0e+00  0  0  0  0  0   1  0  0  0  0     0
ParLoopExecute        84 1.0 1.1888e+00 1.4 1.13e+10 1.4 2.2e+04 4.4e+04 0.0e+00  1 36  2  5  0   1 72  6 12  0 794627
ParLoopset_4         120 1.0 2.7346e-02 2.9 0.00e+00 0.0 0.0e+00 0.0e+00 0.0e+00  0  0  0  0  0   0  0  0  0  0     0
ParLoopHaloEnd        84 1.0 1.2511e-0127.7 0.00e+00 0.0 0.0e+00 0.0e+00 0.0e+00  0  0  0  0  0   0  0  0  0  0     0
ParLoopRednBegin      84 1.0 3.2473e-04 1.3 0.00e+00 0.0 0.0e+00 0.0e+00 0.0e+00  0  0  0  0  0   0  0  0  0  0     0
ParLoopRednEnd        84 1.0 5.0664e-04 1.7 0.00e+00 0.0 0.0e+00 0.0e+00 0.0e+00  0  0  0  0  0   0  0  0  0  0     0
ApplyBC                1 1.0 2.7281e-02 1.4 0.00e+00 0.0 0.0e+00 0.0e+00 0.0e+00  0  0  0  0  0   0  0  0  0  0     0
ParLoopset_5           2 1.0 4.4894e-04 1.3 0.00e+00 0.0 0.0e+00 0.0e+00 0.0e+00  0  0  0  0  0   0  0  0  0  0     0
ParLoopCells          66 1.0 9.1075e-01 1.4 1.13e+10 1.4 0.0e+00 0.0e+00 0.0e+00  1 36  0  0  0   1 72  0  0  0 1037259
CreateSparsity         2 1.0 1.5293e-01 1.7 0.00e+00 0.0 0.0e+00 0.0e+00 0.0e+00  0  0  0  0  0   0  0  0  0  0     0
MatZeroInitial         2 1.0 1.5036e-01 1.0 0.00e+00 0.0 3.9e+03 6.2e+03 1.6e+01  0  0  0  0  1   0  0  1  0  7     0
ParLoopset_6           2 1.0 7.0810e-04 1.8 0.00e+00 0.0 0.0e+00 0.0e+00 0.0e+00  0  0  0  0  0   0  0  0  0  0     0

--- Event Stage 2: P(4, 27) Warm solve schwarz_rich

BuildTwoSided          3 0.0 7.1335e-04 0.0 0.00e+00 0.0 1.8e+02 8.0e+00 0.0e+00  0  0  0  0  0   0  0  0  0  0     0
VecMDot               60 0.0 3.4418e-03 0.0 2.41e+06 0.0 0.0e+00 0.0e+00 1.0e+01  0  0  0  0  1   0  0  0  0  6 11082
VecTDot               38 1.0 4.9260e-0165.3 8.69e+06 1.2 0.0e+00 0.0e+00 3.8e+01  0  0  0  0  2   2  0  0  0 21  1577
VecNorm              186 9.3 1.3796e-01 4.2 6.94e+06 1.8 0.0e+00 0.0e+00 4.8e+01  0  0  0  0  3   0  0  0  0 27  3259
VecScale              66 0.0 1.2469e-04 0.0 2.41e+05 0.0 0.0e+00 0.0e+00 0.0e+00  0  0  0  0  0   0  0  0  0  0 30591
VecCopy              249 4.0 1.5768e-02 1.3 0.00e+00 0.0 0.0e+00 0.0e+00 0.0e+00  0  0  0  0  0   0  0  0  0  0     0
VecSet             43101 1.7 7.7982e-02 1.4 0.00e+00 0.0 0.0e+00 0.0e+00 0.0e+00  0  0  0  0  0   1  0  0  0  0     0
VecAXPY               65 1.1 2.4886e-02 1.5 1.35e+07 1.2 0.0e+00 0.0e+00 0.0e+00  0  0  0  0  0   0  0  0  0  0 48479
VecAYPX             1998111.0 1.0665e-02 2.7 1.33e+07 3.7 0.0e+00 0.0e+00 0.0e+00  0  0  0  0  0   0  0  0  0  0 48435
VecAXPBYCZ           960 0.0 3.8509e-03 0.0 1.75e+07 0.0 0.0e+00 0.0e+00 0.0e+00  0  0  0  0  0   0  0  0  0  0 72039
VecMAXPY              66 0.0 8.0729e-04 0.0 2.84e+06 0.0 0.0e+00 0.0e+00 0.0e+00  0  0  0  0  0   0  0  0  0  0 55842
VecAssemblyBegin      12 0.0 6.2704e-04 0.0 0.00e+00 0.0 0.0e+00 0.0e+00 5.0e+00  0  0  0  0  0   0  0  0  0  3     0
VecAssemblyEnd        12 0.0 1.0014e-05 0.0 0.00e+00 0.0 0.0e+00 0.0e+00 0.0e+00  0  0  0  0  0   0  0  0  0  0     0
VecPointwiseMult      33 0.0 1.7333e-04 0.0 1.20e+05 0.0 0.0e+00 0.0e+00 0.0e+00  0  0  0  0  0   0  0  0  0  0 11004
VecScatterBegin     213626.7 3.6537e-0211.8 0.00e+00 0.0 2.7e+05 4.8e+03 0.0e+00  0  0 30  8  0   0  0 77 18  0     0
VecScatterEnd       213626.7 1.6932e+0023.5 0.00e+00 0.0 0.0e+00 0.0e+00 0.0e+00  1  0  0  0  0   9  0  0  0  0     0
VecSetRandom           3 0.0 6.7592e-04 0.0 0.00e+00 0.0 0.0e+00 0.0e+00 0.0e+00  0  0  0  0  0   0  0  0  0  0     0
VecNormalize          66 0.0 1.5619e-03 0.0 7.22e+05 0.0 0.0e+00 0.0e+00 1.1e+01  0  0  0  0  1   0  0  0  0  6  7327
MatMult             159941.0 1.8149e+00 2.3 1.07e+10 1.4 2.2e+05 7.3e+03 0.0e+00  1 34 25  9  0  11 68 64 22  0 492684
MatMultAdd           240 0.0 3.5314e-02 0.0 7.51e+06 0.0 2.0e+04 2.6e+02 0.0e+00  0  0  2  0  0   0  0  6  0  0  3214
MatMultTranspose     26013.0 9.7266e-02 1.5 3.24e+07 1.8 3.9e+04 1.2e+04 0.0e+00  0  0  4  3  0   1  0 11  6  0 25282
MatSolve           42980 1.7 3.5308e+00 1.5 3.10e+09 1.7 0.0e+00 0.0e+00 0.0e+00  3  9  0  0  0  29 18  0  0  0 65538
MatSOR              1473 0.0 1.6588e-01 0.0 1.56e+08 0.0 0.0e+00 0.0e+00 0.0e+00  0  0  0  0  0   0  0  0  0  0 14385
MatLUFactorSym         1 0.0 1.5020e-05 0.0 0.00e+00 0.0 0.0e+00 0.0e+00 0.0e+00  0  0  0  0  0   0  0  0  0  0     0
MatLUFactorNum      2149 1.7 1.2199e+00 1.7 1.64e+09 1.7 0.0e+00 0.0e+00 0.0e+00  1  5  0  0  0   9  9  0  0  0 98127
MatConvert             3 0.0 1.6887e-03 0.0 0.00e+00 0.0 0.0e+00 0.0e+00 0.0e+00  0  0  0  0  0   0  0  0  0  0     0
MatScale               9 0.0 8.7976e-04 0.0 4.52e+05 0.0 3.6e+02 1.6e+03 0.0e+00  0  0  0  0  0   0  0  0  0  0  7865
MatResidual          240 0.0 3.1837e-02 0.0 2.89e+07 0.0 2.8e+04 1.6e+03 0.0e+00  0  0  3  0  0   0  0  8  1  0 13822
MatAssemblyBegin    3576 1.4 1.8811e-0252.7 0.00e+00 0.0 1.7e+03 3.7e+03 7.3e+00  0  0  0  0  0   0  0  0  0  4     0
MatAssemblyEnd      3576 1.4 5.2363e-02 2.7 0.00e+00 0.0 3.3e+03 4.8e+02 2.3e+01  0  0  0  0  1   0  0  1  0 13     0
MatGetRow          32817 0.0 3.5665e-03 0.0 0.00e+00 0.0 0.0e+00 0.0e+00 0.0e+00  0  0  0  0  0   0  0  0  0  0     0
MatGetRowIJ            1 0.0 2.8610e-06 0.0 0.00e+00 0.0 0.0e+00 0.0e+00 0.0e+00  0  0  0  0  0   0  0  0  0  0     0
MatGetSubMatrice       1 1.0 6.2940e-03 3.5 0.00e+00 0.0 5.2e+02 7.8e+04 2.0e+00  0  0  0  0  0   0  0  0  1  1     0
MatGetSubMatrix        4 0.0 6.3491e-03 0.0 0.00e+00 0.0 4.2e+02 1.6e+03 1.1e+01  0  0  0  0  1   0  0  0  0  6     0
MatGetOrdering         1 0.0 2.7895e-05 0.0 0.00e+00 0.0 0.0e+00 0.0e+00 0.0e+00  0  0  0  0  0   0  0  0  0  0     0
MatCoarsen             3 0.0 3.9377e-03 0.0 0.00e+00 0.0 2.9e+03 2.3e+03 2.2e+00  0  0  0  0  0   0  0  1  0  1     0
MatZeroEntries      3571 1.4 4.2891e-02 1.7 0.00e+00 0.0 0.0e+00 0.0e+00 0.0e+00  0  0  0  0  0   0  0  0  0  0     0
MatView               14 2.8 7.0114e-03 2.5 0.00e+00 0.0 7.6e+02 4.0e+00 1.8e+00  0  0  0  0  0   0  0  0  0  1     0
MatAXPY                3 0.0 2.9790e-03 0.0 0.00e+00 0.0 0.0e+00 0.0e+00 1.0e+00  0  0  0  0  0   0  0  0  0  1     0
MatMatMult             3 0.0 1.0125e-02 0.0 3.46e+05 0.0 2.1e+03 1.0e+03 8.0e+00  0  0  0  0  1   0  0  1  0  5   505
MatMatMultSym          3 0.0 8.2541e-03 0.0 0.00e+00 0.0 1.8e+03 9.4e+02 7.0e+00  0  0  0  0  0   0  0  1  0  4     0
MatMatMultNum          3 0.0 1.8592e-03 0.0 3.46e+05 0.0 3.6e+02 1.5e+03 1.0e+00  0  0  0  0  0   0  0  0  0  1  2749
MatPtAP                3 0.0 4.4902e-02 0.0 3.26e+06 0.0 4.0e+03 3.6e+03 8.5e+00  0  0  0  0  1   0  0  1  0  5  1047
MatPtAPSymbolic        3 0.0 3.3034e-02 0.0 0.00e+00 0.0 2.1e+03 4.0e+03 3.5e+00  0  0  0  0  0   0  0  1  0  2     0
MatPtAPNumeric         3 0.0 1.1871e-02 0.0 3.26e+06 0.0 1.9e+03 3.1e+03 5.0e+00  0  0  0  0  0   0  0  1  0  3  3960
MatTrnMatMult          1 0.0 1.0947e-01 0.0 2.97e+06 0.0 8.5e+02 2.5e+04 3.2e+00  0  0  0  0  0   0  0  0  0  2   395
MatTrnMatMultSym       1 0.0 6.6304e-02 0.0 0.00e+00 0.0 7.1e+02 1.6e+04 2.8e+00  0  0  0  0  0   0  0  0  0  2     0
MatTrnMatMultNum       1 0.0 4.3196e-02 0.0 2.97e+06 0.0 1.4e+02 7.0e+04 3.3e-01  0  0  0  0  0   0  0  0  0  0  1002
MatMPIConcateSeq       1 0.0 6.5739e-03 0.0 0.00e+00 0.0 0.0e+00 0.0e+00 3.3e-01  0  0  0  0  0   0  0  0  0  0     0
MatGetLocalMat        11 0.0 2.3739e-03 0.0 0.00e+00 0.0 0.0e+00 0.0e+00 0.0e+00  0  0  0  0  0   0  0  0  0  0     0
MatGetBrAoCol          9 0.0 1.2059e-02 0.0 0.00e+00 0.0 2.5e+03 3.4e+03 0.0e+00  0  0  0  0  0   0  0  1  0  0     0
PCGAMGGraph_AGG        3 0.0 2.0477e-02 0.0 3.61e+05 0.0 1.1e+03 9.9e+02 6.0e+00  0  0  0  0  0   0  0  0  0  3   269
PCGAMGCoarse_AGG       3 0.0 1.1705e-01 0.0 2.97e+06 0.0 4.5e+03 7.1e+03 8.0e+00  0  0  0  0  1   0  0  1  0  5   370
PCGAMGProl_AGG         3 0.0 4.9982e-03 0.0 0.00e+00 0.0 1.8e+03 1.3e+03 1.2e+01  0  0  0  0  1   0  0  1  0  7     0
PCGAMGPOpt_AGG         3 0.0 2.1661e-02 0.0 7.06e+06 0.0 5.7e+03 1.4e+03 2.4e+01  0  0  1  0  2   0  0  2  0 13  5050
GAMG: createProl       3 0.0 1.6583e-01 0.0 1.04e+07 0.0 1.3e+04 3.3e+03 5.0e+01  0  0  1  0  3   0  0  4  1 28   954
  Graph                6 0.0 2.0398e-02 0.0 3.61e+05 0.0 1.1e+03 9.9e+02 6.0e+00  0  0  0  0  0   0  0  0  0  3   270
  MIS/Agg              3 0.0 3.9690e-03 0.0 0.00e+00 0.0 2.9e+03 2.3e+03 2.2e+00  0  0  0  0  0   0  0  1  0  1     0
  SA: col data         3 0.0 1.3101e-03 0.0 0.00e+00 0.0 7.2e+02 2.6e+03 5.0e+00  0  0  0  0  0   0  0  0  0  3     0
  SA: frmProl0         3 0.0 3.0911e-03 0.0 0.00e+00 0.0 1.1e+03 4.4e+02 5.0e+00  0  0  0  0  0   0  0  0  0  3     0
  SA: smooth           3 0.0 1.3724e-02 0.0 4.40e+05 0.0 2.1e+03 1.0e+03 1.0e+01  0  0  0  0  1   0  0  1  0  6   476
GAMG: partLevel        3 0.0 5.2088e-02 0.0 3.26e+06 0.0 4.5e+03 3.4e+03 2.6e+01  0  0  0  0  2   0  0  1  0 15   902
  repartition          2 0.0 1.7524e-04 0.0 0.00e+00 0.0 0.0e+00 0.0e+00 2.0e+00  0  0  0  0  0   0  0  0  0  1     0
  Invert-Sort          2 0.0 1.9097e-04 0.0 0.00e+00 0.0 0.0e+00 0.0e+00 1.3e+00  0  0  0  0  0   0  0  0  0  1     0
  Move A               2 0.0 5.2638e-03 0.0 0.00e+00 0.0 2.2e+02 3.0e+03 6.0e+00  0  0  0  0  0   0  0  0  0  3     0
  Move P               2 0.0 1.2922e-03 0.0 0.00e+00 0.0 2.0e+02 7.3e+01 6.0e+00  0  0  0  0  0   0  0  0  0  3     0
PCSetUp             2153 1.7 3.8443e+00 1.7 1.65e+09 1.7 1.8e+04 5.6e+03 9.0e+01  3  5  2  1  6  30  9  5  1 51 31514
PCSetUpOnBlocks       80 0.0 4.7755e-04 0.0 2.50e+03 0.0 0.0e+00 0.0e+00 0.0e+00  0  0  0  0  0   0  0  0  0  0     5
PCApply               20 1.0 9.1792e+00 1.0 4.82e+09 1.7 3.3e+05 2.0e+04 1.2e+02  9 14 36 37  8  88 28 94 88 66 39618
KSPGMRESOrthog        60 0.0 4.0095e-03 0.0 4.81e+06 0.0 0.0e+00 0.0e+00 1.0e+01  0  0  0  0  1   0  0  0  0  6 19026
KSPSetUp            2150 1.7 7.4339e-04 2.8 0.00e+00 0.0 0.0e+00 0.0e+00 1.0e+00  0  0  0  0  0   0  0  0  0  1     0
KSPSolve               1 1.0 1.0339e+01 1.0 1.48e+10 1.4 3.5e+05 2.1e+04 1.8e+02 10 48 38 42 11  99 96 99 99 99 121371
SNESSolve              1 1.0 1.0395e+01 1.0 1.54e+10 1.4 3.5e+05 2.1e+04 1.8e+02 10 50 39 43 11 100100100100100 125919
SNESFunctionEval       1 1.0 7.1045e-02 2.2 6.43e+08 1.4 1.0e+03 4.5e+04 0.0e+00  0  2  0  0  0   0  4  0  1  0 759613
SNESJacobianEval       1 1.0 8.9309e-0334.6 0.00e+00 0.0 0.0e+00 0.0e+00 0.0e+00  0  0  0  0  0   0  0  0  0  0     0
SFSetGraph             3 0.0 2.5702e-04 0.0 0.00e+00 0.0 0.0e+00 0.0e+00 0.0e+00  0  0  0  0  0   0  0  0  0  0     0
SFBcastBegin          59 1.5 5.5511e-02 2.1 0.00e+00 0.0 4.5e+04 7.7e+04 0.0e+00  0  0  5 20  0   0  0 13 47  0     0
SFBcastEnd            59 1.5 1.1096e+0032.9 0.00e+00 0.0 0.0e+00 0.0e+00 0.0e+00  0  0  0  0  0   5  0  0  0  0     0
SFReduceBegin         20 1.0 4.9026e-02 2.7 0.00e+00 0.0 2.2e+04 1.2e+05 0.0e+00  0  0  2 15  0   0  0  6 34  0     0
SFReduceEnd           20 1.0 1.8800e+0098.2 0.00e+00 0.0 0.0e+00 0.0e+00 0.0e+00  1  0  0  0  0   7  0  0  0  0     0
PCPATCHComputeOp    3570 1.4 2.5414e+00 1.7 0.00e+00 0.0 0.0e+00 0.0e+00 0.0e+00  2  0  0  0  0  19  0  0  0  0     0
PCPATCHSolve       42980 1.7 4.9701e+00 1.6 4.74e+09 1.7 0.0e+00 0.0e+00 0.0e+00  4 13  0  0  0  40 27  0  0  0 70644
PCPATCHScatter     85960 1.7 4.2957e-01 1.5 0.00e+00 0.0 0.0e+00 0.0e+00 0.0e+00  0  0  0  0  0   4  0  0  0  0     0
ParLoopExecute        81 1.0 1.1242e+00 1.8 1.13e+10 1.4 2.0e+04 4.5e+04 0.0e+00  1 36  2  5  0   8 72  6 12  0 839793
ParLoopset_4         120 1.0 1.1319e-01 7.0 0.00e+00 0.0 0.0e+00 0.0e+00 0.0e+00  0  0  0  0  0   0  0  0  0  0     0
ParLoopHaloEnd        81 1.0 2.4482e-0156.7 0.00e+00 0.0 0.0e+00 0.0e+00 0.0e+00  0  0  0  0  0   1  0  0  0  0     0
ParLoopRednBegin      81 1.0 2.8682e-04 1.3 0.00e+00 0.0 0.0e+00 0.0e+00 0.0e+00  0  0  0  0  0   0  0  0  0  0     0
ParLoopRednEnd        81 1.0 4.1986e-04 1.5 0.00e+00 0.0 0.0e+00 0.0e+00 0.0e+00  0  0  0  0  0   0  0  0  0  0     0
ApplyBC                1 1.0 1.2391e-03 1.5 0.00e+00 0.0 0.0e+00 0.0e+00 0.0e+00  0  0  0  0  0   0  0  0  0  0     0
ParLoopCells          63 1.0 8.3026e-01 1.4 1.13e+10 1.4 0.0e+00 0.0e+00 0.0e+00  1 36  0  0  0   7 72  0  0  0 1137104
------------------------------------------------------------------------------------------------------------------------

Memory usage is given in bytes:

Object Type          Creations   Destructions     Memory  Descendants' Mem.
Reports information only for process 0.

--- Event Stage 0: Main Stage

           Container     5              5         3080     0.
              Viewer     2              0            0     0.
           Index Set   498           7523     15779728     0.
   IS L to G Mapping     4              6      7949520     0.
             Section    73             77        58520     0.
              Vector     8           6333     28877384     0.
      Vector Scatter     0             10        32864     0.
              Matrix     5           4461    829680112     0.
      Preconditioner     1           3127      3277224     0.
       Krylov Solver     1           3126      4201528     0.
     DMKSP interface     0              1          696     0.
                SNES     1              1         1480     0.
      SNESLineSearch     1              1         1032     0.
              DMSNES     1              1          712     0.
    Distributed Mesh    14             14        68592     0.
    GraphPartitioner     6              6         3936     0.
Star Forest Bipartite Graph    70             70        62384     0.
     Discrete System    14             14        12992     0.

--- Event Stage 1: Warmup

              Viewer     3              3         2664     0.
         PetscRandom     6              6         4116     0.
           Index Set  9688           2663      5234112     0.
   IS L to G Mapping     2              0            0     0.
             Section     5              1          760     0.
              Vector  6442            117      2698824     0.
      Vector Scatter    26             16        19584     0.
              Matrix  4520             64     24201088     0.
      Matrix Coarsen     3              3         2028     0.
      Preconditioner  3132              6         5568     0.
       Krylov Solver  3128              3        91584     0.
     DMKSP interface     1              0            0     0.
Star Forest Bipartite Graph     3              3         2736     0.

--- Event Stage 2: P(4, 27) Warm solve schwarz_rich

              Viewer     3              3         2664     0.
         PetscRandom     6              6         4116     0.
           Index Set    65             64       143032     0.
              Vector   188            185      4475352     0.
      Vector Scatter    23             22        26832     0.
              Matrix    96             96     27243392     0.
      Matrix Coarsen     3              3         2028     0.
      Preconditioner     3              3         2952     0.
       Krylov Solver     3              3        91584     0.
Star Forest Bipartite Graph     3              3         2736     0.
========================================================================================================================
Average time to get PetscTime(): 0.
Average time for MPI_Barrier(): 5.62668e-06
Average time for zero size MPI_Send(): 2.14577e-06
#PETSc Option Table entries:
--degree 4
--dimension 3
--parameters schwarz_rich
--results-file results64/poisson-weak-3d-64bit-schwarz-rich-gamg-lb.csv
-degree 4
-dimension 3
-log_view ascii:results64/poisson-P4-schwarz-rich-gamg-weak-3d-64bit-96.log
-parameters schwarz_rich
-results-file results64/poisson-weak-3d-64bit-schwarz-rich-gamg-lb.csv
#End of PETSc Option Table entries
Compiled without FORTRAN kernels
Compiled with full precision matrices (default)
sizeof(short) 2 sizeof(int) 4 sizeof(long) 8 sizeof(void*) 8 sizeof(PetscScalar) 8 sizeof(PetscInt) 8
Configure options: --COPTFLAGS="-march=ivybridge -O3" --CXXOPTFLAGS="-march=ivybridge -O3" --FOPTFLAGS="-march=ivybridge -O3" --PETSC_ARCH=petsc-gnu51-ivybridge-int64 --download-exodusii --download-hypre --download-metis --download-netcdf --download-parmetis --download-sowing=1 --known-bits-per-byte=8 --known-has-attribute-aligned=1 --known-level1-dcache-assoc=8 --known-level1-dcache-linesize=64 --known-level1-dcache-size=32768 --known-memcmp-ok=1 --known-mpi-c-double-complex=1 --known-mpi-int64_t=1 --known-mpi-long-double=1 --known-mpi-shared-libraries=1 --known-sdot-returns-double=0 --known-sizeof-MPI_Comm=4 --known-sizeof-MPI_Fint=4 --known-sizeof-char=1 --known-sizeof-double=8 --known-sizeof-float=4 --known-sizeof-int=4 --known-sizeof-long-long=8 --known-sizeof-long=8 --known-sizeof-short=2 --known-sizeof-size_t=8 --known-sizeof-void-p=8 --known-snrm2-returns-double=0 --prefix=/work/n02/n02/lmn02/petsc-gnu51-ivybridge-int64 --with-64-bit-indices=1 --with-batch=1 --with-blas-lapack-lib="-L/opt/cray/libsci/16.03.1/GNU/5.1/x86_64/lib -lsci_gnu_mp" --with-cc=cc --with-clib-autodetect=0 --with-cxx=CC --with-cxxlib-autodetect=0 --with-debugging=0 --with-fc=ftn --with-fortranlib-autodetect=0 --with-hdf5-dir=/opt/cray/hdf5-parallel/1.8.14/GNU/5.1 --with-hdf5=1 --with-make-np=4 --with-pic=1 --with-shared-libraries=1 --with-x=0 --download-eigen
-----------------------------------------
Libraries compiled on Tue Feb 14 12:07:09 2017 on eslogin003 
Machine characteristics: Linux-3.0.101-0.47.86.1.11753.0.PTF-default-x86_64-with-SuSE-11-x86_64
Using PETSc directory: /home2/n02/n02/lmn02/src/petsc
Using PETSc arch: petsc-gnu51-ivybridge-int64
-----------------------------------------

Using C compiler: cc  -fPIC  -march=ivybridge -O3  ${COPTFLAGS} ${CFLAGS}
Using Fortran compiler: ftn  -fPIC -march=ivybridge -O3   ${FOPTFLAGS} ${FFLAGS} 
-----------------------------------------

Using include paths: -I/home2/n02/n02/lmn02/src/petsc/petsc-gnu51-ivybridge-int64/include -I/home2/n02/n02/lmn02/src/petsc/include -I/home2/n02/n02/lmn02/src/petsc/include -I/home2/n02/n02/lmn02/src/petsc/petsc-gnu51-ivybridge-int64/include -I/work/n02/n02/lmn02/petsc-gnu51-ivybridge-int64/include -I/work/n02/n02/lmn02/petsc-gnu51-ivybridge-int64/include/eigen3 -I/opt/cray/hdf5-parallel/1.8.14/GNU/5.1/include
-----------------------------------------

Using C linker: cc
Using Fortran linker: ftn
Using libraries: -Wl,-rpath,/home2/n02/n02/lmn02/src/petsc/petsc-gnu51-ivybridge-int64/lib -L/home2/n02/n02/lmn02/src/petsc/petsc-gnu51-ivybridge-int64/lib -lpetsc -Wl,-rpath,/work/n02/n02/lmn02/petsc-gnu51-ivybridge-int64/lib -L/work/n02/n02/lmn02/petsc-gnu51-ivybridge-int64/lib -lHYPRE -lparmetis -lmetis -lexoIIv2for -lexodus -lnetcdf -Wl,-rpath,/opt/cray/hdf5-parallel/1.8.14/GNU/5.1/lib -L/opt/cray/hdf5-parallel/1.8.14/GNU/5.1/lib -lhdf5hl_fortran -lhdf5_fortran -lhdf5_hl -lhdf5 -lssl -lcrypto -ldl 
-----------------------------------------

