************************************************************************************************************************
***             WIDEN YOUR WINDOW TO 120 CHARACTERS.  Use 'enscript -r -fCourier9' to print this document            ***
************************************************************************************************************************

---------------------------------------------- PETSc Performance Summary: ----------------------------------------------

poisson-new-weak.py on a petsc-gnu51-ivybridge-int64 named nid04820 with 768 processors, by lmn02 Wed Feb 15 16:51:20 2017
Using Petsc Development GIT revision: v3.7.5-3014-g413f72f  GIT Date: 2017-02-05 17:50:57 -0600

                         Max       Max/Min        Avg      Total 
Time (sec):           1.312e+02      1.00001   1.312e+02
Objects:              2.746e+03      7.44173   3.997e+02
Flops:                2.264e+10      1.38279   2.044e+10  1.570e+13
Flops/sec:            1.726e+08      1.38278   1.558e+08  1.197e+11
MPI Messages:         3.309e+04      3.42075   1.088e+04  8.359e+06
MPI Message Lengths:  8.629e+08     32.37673   3.897e+03  3.258e+10
MPI Reductions:       2.360e+02      1.00000

Flop counting convention: 1 flop = 1 real number operation of type (multiply/divide/add/subtract)
                            e.g., VecAXPY() for real vectors of length N --> 2N flops
                            and VecAXPY() for complex vectors of length N --> 8N flops

Summary of Stages:   ----- Time ------  ----- Flops -----  --- Messages ---  -- Message Lengths --  -- Reductions --
                        Avg     %Total     Avg     %Total   counts   %Total     Avg         %Total   counts   %Total 
 0:      Main Stage: 1.1143e+02  84.9%  0.0000e+00   0.0%  7.875e+06  94.2%  2.508e+03       64.4%  8.100e+01  34.3% 
 1:          Warmup: 9.2499e+00   7.1%  7.8483e+12  50.0%  2.496e+05   3.0%  7.202e+02       18.5%  7.700e+01  32.6% 
 2: P(4, 55) Warm solve hypre: 1.0429e+01   7.9%  7.8483e+12  50.0%  2.345e+05   2.8%  6.686e+02       17.2%  7.700e+01  32.6% 

------------------------------------------------------------------------------------------------------------------------
See the 'Profiling' chapter of the users' manual for details on interpreting output.
Phase summary info:
   Count: number of times phase was executed
   Time and Flops: Max - maximum over all processors
                   Ratio - ratio of maximum to minimum over all processors
   Mess: number of messages sent
   Avg. len: average message length (bytes)
   Reduct: number of global reductions
   Global: entire computation
   Stage: stages of a computation. Set stages with PetscLogStagePush() and PetscLogStagePop().
      %T - percent time in this phase         %F - percent flops in this phase
      %M - percent messages in this phase     %L - percent message lengths in this phase
      %R - percent reductions in this phase
   Total Mflop/s: 10e-6 * (sum of flops over all processors)/(max time over all processors)
------------------------------------------------------------------------------------------------------------------------
Event                Count      Time (sec)     Flops                             --- Global ---  --- Stage ---   Total
                   Max Ratio  Max     Ratio   Max  Ratio  Mess   Avg len Reduct  %T %F %M %L %R  %T %F %M %L %R Mflop/s
------------------------------------------------------------------------------------------------------------------------

--- Event Stage 0: Main Stage

PetscBarrier           1 1.0 8.4142e-02 1.1 0.00e+00 0.0 2.2e+04 2.4e+01 5.0e+00  0  0  0  0  2   0  0  0  0  6     0
BuildTwoSided         41 1.0 7.6411e+0045.7 0.00e+00 0.0 1.3e+06 8.0e+00 0.0e+00  6  0 15  0  0   7  0 16  0  0     0
VecSet                 5 1.0 5.3875e-03 2.6 0.00e+00 0.0 0.0e+00 0.0e+00 0.0e+00  0  0  0  0  0   0  0  0  0  0     0
MatAssemblyBegin       1 1.0 8.7094e-04126.0 0.00e+00 0.0 0.0e+00 0.0e+00 0.0e+00  0  0  0  0  0   0  0  0  0  0     0
MatAssemblyEnd         1 1.0 2.7349e-01 3.5 0.00e+00 0.0 2.0e+04 1.1e+04 8.0e+00  0  0  0  1  3   0  0  0  1 10     0
Mesh Partition         2 1.0 1.0276e+01 1.0 0.00e+00 0.0 7.2e+06 2.8e+02 1.1e+01  8  0 86  6  5   9  0 92 10 14     0
Mesh Migration         2 1.0 2.3649e+00 1.0 0.00e+00 0.0 5.3e+05 3.1e+04 2.4e+01  2  0  6 51 10   2  0  7 79 30     0
DMPlexInterp           1 1.0 7.8031e+00 1.0 0.00e+00 0.0 0.0e+00 0.0e+00 2.0e+00  6  0  0  0  1   7  0  0  0  2     0
DMPlexDistribute       1 1.0 1.2395e+01 1.0 0.00e+00 0.0 3.6e+06 4.7e+02 9.0e+00  9  0 43  5  4  11  0 45  8 11     0
DMPlexDistCones        2 1.0 5.5174e-01 1.1 0.00e+00 0.0 9.2e+04 6.6e+04 0.0e+00  0  0  1 19  0   0  0  1 29  0     0
DMPlexDistLabels       2 1.0 1.4662e+00 1.0 0.00e+00 0.0 2.6e+05 3.2e+04 2.0e+00  1  0  3 26  1   1  0  3 40  2     0
DMPlexDistribOL        1 1.0 4.7874e-01 1.0 0.00e+00 0.0 4.2e+06 4.3e+03 2.6e+01  0  0 50 55 11   0  0 53 85 32     0
DMPlexDistField        3 1.0 1.4024e-01 1.1 0.00e+00 0.0 1.3e+05 6.5e+03 2.0e+00  0  0  2  3  1   0  0  2  4  2     0
DMPlexDistData         2 1.0 7.4126e+0020.5 0.00e+00 0.0 7.1e+06 1.1e+02 0.0e+00  6  0 85  2  0   7  0 90  4  0     0
DMPlexStratify         6 1.0 6.6792e+00 5.5 0.00e+00 0.0 0.0e+00 0.0e+00 6.0e+00  5  0  0  0  3   6  0  0  0  7     0
SFSetGraph            47 1.0 4.5347e-02 1.8 0.00e+00 0.0 0.0e+00 0.0e+00 0.0e+00  0  0  0  0  0   0  0  0  0  0     0
SFBcastBegin          90 1.0 8.0535e+00 5.0 0.00e+00 0.0 7.8e+06 2.6e+03 0.0e+00  6  0 93 63  0   7  0 99 98  0     0
SFBcastEnd            90 1.0 2.1347e+00 5.0 0.00e+00 0.0 0.0e+00 0.0e+00 0.0e+00  1  0  0  0  0   2  0  0  0  0     0
SFReduceBegin          4 1.0 6.1424e-0233.8 0.00e+00 0.0 3.7e+04 4.7e+03 0.0e+00  0  0  0  1  0   0  0  0  1  0     0
SFReduceEnd            4 1.0 1.2407e-01 3.2 0.00e+00 0.0 0.0e+00 0.0e+00 0.0e+00  0  0  0  0  0   0  0  0  0  0     0
SFFetchOpBegin         1 1.0 8.8930e-0531.1 0.00e+00 0.0 4.8e+03 3.3e+03 0.0e+00  0  0  0  0  0   0  0  0  0  0     0
SFFetchOpEnd           1 1.0 8.4031e-03145.0 0.00e+00 0.0 4.8e+03 3.3e+03 0.0e+00  0  0  0  0  0   0  0  0  0  0     0
CreateMesh             5 1.0 1.4799e+01 1.0 0.00e+00 0.0 7.8e+06 2.5e+03 3.9e+01 11  0 93 60 17  13  0 99 93 48     0
CreateFunctionSpace       1 1.0 3.9912e+00 1.0 0.00e+00 0.0 4.3e+06 4.5e+03 4.0e+01  3  0 51 59 17   4  0 54 91 49     0
Mesh: reorder          1 1.0 1.0029e-01 1.0 0.00e+00 0.0 0.0e+00 0.0e+00 2.0e+00  0  0  0  0  1   0  0  0  0  2     0
Mesh: numbering        1 1.0 3.4387e-01 1.0 0.00e+00 0.0 0.0e+00 0.0e+00 2.0e+00  0  0  0  0  1   0  0  0  0  2     0
CreateSparsity         1 1.0 7.5235e-01 1.5 0.00e+00 0.0 0.0e+00 0.0e+00 0.0e+00  1  0  0  0  0   1  0  0  0  0     0
MatZeroInitial         1 1.0 7.7222e-01 1.1 0.00e+00 0.0 2.0e+04 1.1e+04 8.0e+00  1  0  0  1  3   1  0  0  1 10     0
ParLoopExecute         3 1.0 7.2405e-01 1.1 0.00e+00 0.0 0.0e+00 0.0e+00 0.0e+00  1  0  0  0  0   1  0  0  0  0     0
ParLoopset_5           2 1.0 2.2037e-03 3.4 0.00e+00 0.0 0.0e+00 0.0e+00 0.0e+00  0  0  0  0  0   0  0  0  0  0     0
ParLoopHaloEnd         3 1.0 2.1935e-05 4.6 0.00e+00 0.0 0.0e+00 0.0e+00 0.0e+00  0  0  0  0  0   0  0  0  0  0     0
ParLoopRednBegin       3 1.0 4.2200e-05 3.2 0.00e+00 0.0 0.0e+00 0.0e+00 0.0e+00  0  0  0  0  0   0  0  0  0  0     0
ParLoopRednEnd         3 1.0 3.0279e-05 3.1 0.00e+00 0.0 0.0e+00 0.0e+00 0.0e+00  0  0  0  0  0   0  0  0  0  0     0
ParLoopset_4           4 1.0 2.1368e-02 2.6 0.00e+00 0.0 0.0e+00 0.0e+00 0.0e+00  0  0  0  0  0   0  0  0  0  0     0

--- Event Stage 1: Warmup

BuildTwoSided          1 1.0 1.4398e-02130.7 0.00e+00 0.0 5.0e+03 8.0e+00 0.0e+00  0  0  0  0  0   0  0  2  0  0     0
VecTDot               46 1.0 1.5974e-01 2.7 1.13e+07 1.2 0.0e+00 0.0e+00 4.6e+01  0  0  0  0 19   1  0  0  0 60 49397
VecNorm               24 1.0 3.5992e-01 7.8 5.91e+06 1.2 0.0e+00 0.0e+00 2.4e+01  0  0  0  0 10   2  0  0  0 31 11438
VecCopy                6 1.0 5.0428e-03 2.8 0.00e+00 0.0 0.0e+00 0.0e+00 0.0e+00  0  0  0  0  0   0  0  0  0  0     0
VecSet                25 1.0 5.4536e-03 2.2 0.00e+00 0.0 0.0e+00 0.0e+00 0.0e+00  0  0  0  0  0   0  0  0  0  0     0
VecAXPY               47 1.0 2.0882e-02 1.8 1.16e+07 1.2 0.0e+00 0.0e+00 0.0e+00  0  0  0  0  0   0  0  0  0  0 386068
VecAYPX               22 1.0 6.3121e-03 1.5 5.42e+06 1.2 0.0e+00 0.0e+00 0.0e+00  0  0  0  0  0   0  0  0  0  0 597850
VecScatterBegin       23 1.0 1.6690e-0213.4 0.00e+00 0.0 2.2e+05 2.3e+04 0.0e+00  0  0  3 16  0   0  0 90 86  0     0
VecScatterEnd         23 1.0 1.3616e-0148.9 0.00e+00 0.0 0.0e+00 0.0e+00 0.0e+00  0  0  0  0  0   0  0  0  0  0     0
MatMult               23 1.0 7.1990e-01 1.2 4.33e+08 1.3 2.2e+05 2.3e+04 0.0e+00  1  2  3 16  0   7  4 90 86  0 408405
MatConvert             1 1.0 4.5144e-01 1.4 0.00e+00 0.0 0.0e+00 0.0e+00 4.0e+00  0  0  0  0  2   5  0  0  0  5     0
MatAssemblyBegin       4 1.0 1.0014e-05 0.0 0.00e+00 0.0 0.0e+00 0.0e+00 0.0e+00  0  0  0  0  0   0  0  0  0  0     0
MatAssemblyEnd         4 1.0 1.8254e-01 1.1 0.00e+00 0.0 0.0e+00 0.0e+00 4.0e+00  0  0  0  0  2   2  0  0  0  5     0
MatGetRowIJ            2 1.0 1.4515e-02 1.1 0.00e+00 0.0 0.0e+00 0.0e+00 0.0e+00  0  0  0  0  0   0  0  0  0  0     0
MatZeroEntries         1 1.0 1.9505e-02 1.2 0.00e+00 0.0 0.0e+00 0.0e+00 0.0e+00  0  0  0  0  0   0  0  0  0  0     0
MatView                1 1.0 3.9234e-02 1.9 0.00e+00 0.0 0.0e+00 0.0e+00 1.0e+00  0  0  0  0  0   0  0  0  0  1     0
PCSetUp                1 1.0 2.1239e+00 1.1 0.00e+00 0.0 0.0e+00 0.0e+00 4.0e+00  2  0  0  0  2  22  0  0  0  5     0
PCApply               24 1.0 5.0517e+00 1.1 0.00e+00 0.0 0.0e+00 0.0e+00 0.0e+00  4  0  0  0  0  53  0  0  0  0     0
KSPSetUp               1 1.0 1.8051e-0264.7 0.00e+00 0.0 0.0e+00 0.0e+00 0.0e+00  0  0  0  0  0   0  0  0  0  0     0
KSPSolve               1 1.0 8.0486e+00 1.0 4.67e+08 1.3 2.2e+05 2.3e+04 7.4e+01  6  2  3 16 31  86  4 90 86 96 39470
SNESSolve              1 1.0 9.1549e+00 1.0 1.13e+10 1.4 2.5e+05 2.4e+04 7.5e+01  7 50  3 18 32  99100100100 97 857277
SNESFunctionEval       1 1.0 2.3204e-01 1.0 6.87e+08 1.4 2.5e+04 3.4e+04 0.0e+00  0  3  0  3  0   2  6 10 14  0 2047852
SNESJacobianEval       1 1.0 1.0473e+00 1.4 1.02e+10 1.4 0.0e+00 0.0e+00 0.0e+00  1 45  0  0  0  10 90  0  0  0 6736581
SFBcastBegin           1 1.0 2.3911e-02 4.2 0.00e+00 0.0 2.5e+04 3.4e+04 0.0e+00  0  0  0  3  0   0  0 10 14  0     0
SFBcastEnd             1 1.0 1.3134e-02113.3 0.00e+00 0.0 0.0e+00 0.0e+00 0.0e+00  0  0  0  0  0   0  0  0  0  0     0
ParLoopExecute         5 1.0 1.2412e+00 1.3 1.09e+10 1.4 2.5e+04 3.4e+04 0.0e+00  1 48  0  3  0  12 96 10 14  0 6066917
ParLoopHaloEnd         5 1.0 1.3214e-0276.9 0.00e+00 0.0 0.0e+00 0.0e+00 0.0e+00  0  0  0  0  0   0  0  0  0  0     0
ParLoopRednBegin       5 1.0 4.7922e-05 1.8 0.00e+00 0.0 0.0e+00 0.0e+00 0.0e+00  0  0  0  0  0   0  0  0  0  0     0
ParLoopRednEnd         5 1.0 7.7963e-05 3.6 0.00e+00 0.0 0.0e+00 0.0e+00 0.0e+00  0  0  0  0  0   0  0  0  0  0     0
ParLoopset_4           6 1.0 6.7377e-04 1.5 0.00e+00 0.0 0.0e+00 0.0e+00 0.0e+00  0  0  0  0  0   0  0  0  0  0     0
ApplyBC                1 1.0 5.3730e-02 3.7 0.00e+00 0.0 0.0e+00 0.0e+00 0.0e+00  0  0  0  0  0   0  0  0  0  0     0
ParLoopCells           6 1.0 1.0185e+00 1.4 1.09e+10 1.4 0.0e+00 0.0e+00 0.0e+00  1 48  0  0  0  10 96  0  0  0 7393555

--- Event Stage 2: P(4, 55) Warm solve hypre

VecTDot               46 1.0 2.5684e-01 1.5 1.13e+07 1.2 0.0e+00 0.0e+00 4.6e+01  0  0  0  0 19   2  0  0  0 60 30721
VecNorm               24 1.0 3.5897e-01 6.9 5.91e+06 1.2 0.0e+00 0.0e+00 2.4e+01  0  0  0  0 10   2  0  0  0 31 11468
VecCopy                6 1.0 2.8627e-03 1.5 0.00e+00 0.0 0.0e+00 0.0e+00 0.0e+00  0  0  0  0  0   0  0  0  0  0     0
VecSet                25 1.0 5.6820e-03 2.0 0.00e+00 0.0 0.0e+00 0.0e+00 0.0e+00  0  0  0  0  0   0  0  0  0  0     0
VecAXPY               47 1.0 2.0813e-02 1.8 1.16e+07 1.2 0.0e+00 0.0e+00 0.0e+00  0  0  0  0  0   0  0  0  0  0 387359
VecAYPX               22 1.0 6.8014e-03 1.5 5.42e+06 1.2 0.0e+00 0.0e+00 0.0e+00  0  0  0  0  0   0  0  0  0  0 554846
VecScatterBegin       23 1.0 9.6335e-03 7.8 0.00e+00 0.0 2.2e+05 2.3e+04 0.0e+00  0  0  3 16  0   0  0 96 92  0     0
VecScatterEnd         23 1.0 1.4009e-0156.5 0.00e+00 0.0 0.0e+00 0.0e+00 0.0e+00  0  0  0  0  0   0  0  0  0  0     0
MatMult               23 1.0 7.0737e-01 1.1 4.33e+08 1.3 2.2e+05 2.3e+04 0.0e+00  1  2  3 16  0   6  4 96 92  0 415636
MatConvert             1 1.0 1.6512e+00 1.4 0.00e+00 0.0 0.0e+00 0.0e+00 0.0e+00  1  0  0  0  0  13  0  0  0  0     0
MatAssemblyBegin       4 1.0 8.1062e-06 0.0 0.00e+00 0.0 0.0e+00 0.0e+00 0.0e+00  0  0  0  0  0   0  0  0  0  0     0
MatAssemblyEnd         4 1.0 8.2567e-01 4.2 0.00e+00 0.0 0.0e+00 0.0e+00 6.0e+00  0  0  0  0  3   4  0  0  0  8     0
MatGetRowIJ            2 1.0 3.3379e-06 0.0 0.00e+00 0.0 0.0e+00 0.0e+00 0.0e+00  0  0  0  0  0   0  0  0  0  0     0
MatZeroEntries         1 1.0 1.8185e-02 1.4 0.00e+00 0.0 0.0e+00 0.0e+00 0.0e+00  0  0  0  0  0   0  0  0  0  0     0
MatView                1 1.0 2.0852e-03 3.5 0.00e+00 0.0 0.0e+00 0.0e+00 1.0e+00  0  0  0  0  0   0  0  0  0  1     0
PCSetUp                1 1.0 3.1603e+00 1.0 0.00e+00 0.0 0.0e+00 0.0e+00 0.0e+00  2  0  0  0  0  30  0  0  0  0     0
PCApply               24 1.0 5.1130e+00 1.1 0.00e+00 0.0 0.0e+00 0.0e+00 0.0e+00  4  0  0  0  0  48  0  0  0  0     0
KSPSetUp               1 1.0 1.1921e-06 0.0 0.00e+00 0.0 0.0e+00 0.0e+00 0.0e+00  0  0  0  0  0   0  0  0  0  0     0
KSPSolve               1 1.0 9.2289e+00 1.0 4.67e+08 1.3 2.2e+05 2.3e+04 7.0e+01  7  2  3 16 30  88  4 96 92 91 34422
SNESSolve              1 1.0 1.0352e+01 1.0 1.13e+10 1.4 2.3e+05 2.4e+04 7.7e+01  8 50  3 17 33  99100100100100 758173
SNESFunctionEval       1 1.0 9.6197e-02 2.6 6.87e+08 1.4 1.0e+04 4.3e+04 0.0e+00  0  3  0  1  0   1  6  4  8  0 4939665
SNESJacobianEval       1 1.0 1.0806e+00 1.1 1.02e+10 1.4 0.0e+00 0.0e+00 6.0e+00  1 45  0  0  3  10 90  0  0  8 6528863
SFBcastBegin           1 1.0 1.0821e-0237.7 0.00e+00 0.0 1.0e+04 4.3e+04 0.0e+00  0  0  0  1  0   0  0  4  8  0     0
SFBcastEnd             1 1.0 4.6977e-02248.8 0.00e+00 0.0 0.0e+00 0.0e+00 0.0e+00  0  0  0  0  0   0  0  0  0  0     0
ParLoopExecute         5 1.0 1.0313e+00 1.4 1.09e+10 1.4 1.0e+04 4.3e+04 0.0e+00  1 48  0  1  0   9 96  4  8  0 7302196
ParLoopHaloEnd         5 1.0 4.8361e-02149.3 0.00e+00 0.0 0.0e+00 0.0e+00 0.0e+00  0  0  0  0  0   0  0  0  0  0     0
ParLoopRednBegin       5 1.0 2.1935e-05 1.9 0.00e+00 0.0 0.0e+00 0.0e+00 0.0e+00  0  0  0  0  0   0  0  0  0  0     0
ParLoopRednEnd         5 1.0 3.5048e-05 1.8 0.00e+00 0.0 0.0e+00 0.0e+00 0.0e+00  0  0  0  0  0   0  0  0  0  0     0
ParLoopset_4           6 1.0 2.5647e-0314.3 0.00e+00 0.0 0.0e+00 0.0e+00 0.0e+00  0  0  0  0  0   0  0  0  0  0     0
ApplyBC                1 1.0 1.8790e-03 2.5 0.00e+00 0.0 0.0e+00 0.0e+00 0.0e+00  0  0  0  0  0   0  0  0  0  0     0
ParLoopCells           6 1.0 9.8654e-01 1.4 1.09e+10 1.4 0.0e+00 0.0e+00 0.0e+00  1 48  0  0  0   8 96  0  0  0 7633164
------------------------------------------------------------------------------------------------------------------------

Memory usage is given in bytes:

Object Type          Creations   Destructions     Memory  Descendants' Mem.
Reports information only for process 0.

--- Event Stage 0: Main Stage

           Container     5              5         3080     0.
              Viewer     2              0            0     0.
           Index Set  2524           2524      2215688     0.
   IS L to G Mapping     5              5     11659656     0.
             Section    73             73        55480     0.
              Vector    10             16     13082768     0.
      Vector Scatter     1              1         1208     0.
              Matrix     7              8    134626240     0.
      Preconditioner     1              1         1584     0.
       Krylov Solver     1              1         1360     0.
     DMKSP interface     0              1          696     0.
                SNES     1              1         1480     0.
      SNESLineSearch     1              1         1032     0.
              DMSNES     1              1          712     0.
    Distributed Mesh    14             14        68592     0.
    GraphPartitioner     6              6         3936     0.
Star Forest Bipartite Graph    70             70        62328     0.
     Discrete System    14             14        12992     0.

--- Event Stage 1: Warmup

              Vector     8              2         3568     0.
              Matrix     1              0            0     0.
     DMKSP interface     1              0            0     0.

--- Event Stage 2: P(4, 55) Warm solve hypre

========================================================================================================================
Average time to get PetscTime(): 0.
Average time for MPI_Barrier(): 1.27792e-05
Average time for zero size MPI_Send(): 2.31247e-06
#PETSc Option Table entries:
--dimension 3
--parameters hypre
--results-file results64/poisson-weak-3d-64bit.csv
-dimension 3
-log_view ascii:results64/poisson-P4-hypre-weak-3d-64bit-768.log::append
-parameters hypre
-results-file results64/poisson-weak-3d-64bit.csv
#End of PETSc Option Table entries
Compiled without FORTRAN kernels
Compiled with full precision matrices (default)
sizeof(short) 2 sizeof(int) 4 sizeof(long) 8 sizeof(void*) 8 sizeof(PetscScalar) 8 sizeof(PetscInt) 8
Configure options: --COPTFLAGS="-march=ivybridge -O3" --CXXOPTFLAGS="-march=ivybridge -O3" --FOPTFLAGS="-march=ivybridge -O3" --PETSC_ARCH=petsc-gnu51-ivybridge-int64 --download-exodusii --download-hypre --download-metis --download-netcdf --download-parmetis --download-sowing=1 --known-bits-per-byte=8 --known-has-attribute-aligned=1 --known-level1-dcache-assoc=8 --known-level1-dcache-linesize=64 --known-level1-dcache-size=32768 --known-memcmp-ok=1 --known-mpi-c-double-complex=1 --known-mpi-int64_t=1 --known-mpi-long-double=1 --known-mpi-shared-libraries=1 --known-sdot-returns-double=0 --known-sizeof-MPI_Comm=4 --known-sizeof-MPI_Fint=4 --known-sizeof-char=1 --known-sizeof-double=8 --known-sizeof-float=4 --known-sizeof-int=4 --known-sizeof-long-long=8 --known-sizeof-long=8 --known-sizeof-short=2 --known-sizeof-size_t=8 --known-sizeof-void-p=8 --known-snrm2-returns-double=0 --prefix=/work/n02/n02/lmn02/petsc-gnu51-ivybridge-int64 --with-64-bit-indices=1 --with-batch=1 --with-blas-lapack-lib="-L/opt/cray/libsci/16.03.1/GNU/5.1/x86_64/lib -lsci_gnu_mp" --with-cc=cc --with-clib-autodetect=0 --with-cxx=CC --with-cxxlib-autodetect=0 --with-debugging=0 --with-fc=ftn --with-fortranlib-autodetect=0 --with-hdf5-dir=/opt/cray/hdf5-parallel/1.8.14/GNU/5.1 --with-hdf5=1 --with-make-np=4 --with-pic=1 --with-shared-libraries=1 --with-x=0 --download-eigen
-----------------------------------------
Libraries compiled on Tue Feb 14 12:07:09 2017 on eslogin003 
Machine characteristics: Linux-3.0.101-0.47.86.1.11753.0.PTF-default-x86_64-with-SuSE-11-x86_64
Using PETSc directory: /home2/n02/n02/lmn02/src/petsc
Using PETSc arch: petsc-gnu51-ivybridge-int64
-----------------------------------------

Using C compiler: cc  -fPIC  -march=ivybridge -O3  ${COPTFLAGS} ${CFLAGS}
Using Fortran compiler: ftn  -fPIC -march=ivybridge -O3   ${FOPTFLAGS} ${FFLAGS} 
-----------------------------------------

Using include paths: -I/home2/n02/n02/lmn02/src/petsc/petsc-gnu51-ivybridge-int64/include -I/home2/n02/n02/lmn02/src/petsc/include -I/home2/n02/n02/lmn02/src/petsc/include -I/home2/n02/n02/lmn02/src/petsc/petsc-gnu51-ivybridge-int64/include -I/work/n02/n02/lmn02/petsc-gnu51-ivybridge-int64/include -I/work/n02/n02/lmn02/petsc-gnu51-ivybridge-int64/include/eigen3 -I/opt/cray/hdf5-parallel/1.8.14/GNU/5.1/include
-----------------------------------------

Using C linker: cc
Using Fortran linker: ftn
Using libraries: -Wl,-rpath,/home2/n02/n02/lmn02/src/petsc/petsc-gnu51-ivybridge-int64/lib -L/home2/n02/n02/lmn02/src/petsc/petsc-gnu51-ivybridge-int64/lib -lpetsc -Wl,-rpath,/work/n02/n02/lmn02/petsc-gnu51-ivybridge-int64/lib -L/work/n02/n02/lmn02/petsc-gnu51-ivybridge-int64/lib -lHYPRE -lparmetis -lmetis -lexoIIv2for -lexodus -lnetcdf -Wl,-rpath,/opt/cray/hdf5-parallel/1.8.14/GNU/5.1/lib -L/opt/cray/hdf5-parallel/1.8.14/GNU/5.1/lib -lhdf5hl_fortran -lhdf5_fortran -lhdf5_hl -lhdf5 -lssl -lcrypto -ldl 
-----------------------------------------

