************************************************************************************************************************
***             WIDEN YOUR WINDOW TO 120 CHARACTERS.  Use 'enscript -r -fCourier9' to print this document            ***
************************************************************************************************************************

---------------------------------------------- PETSc Performance Summary: ----------------------------------------------

poisson-new-weak.py on a petsc-gnu51-ivybridge-int64 named nid00185 with 12288 processors, by lmn02 Sat Feb 18 23:46:04 2017
Using Petsc Development GIT revision: v3.7.5-3014-g413f72f  GIT Date: 2017-02-05 17:50:57 -0600

                         Max       Max/Min        Avg      Total 
Time (sec):           1.230e+03      1.00003   1.229e+03
Objects:              6.526e+04      2.56691   3.012e+04
Flops:                3.363e+10      1.47370   2.869e+10  3.525e+14
Flops/sec:            2.735e+07      1.47369   2.333e+07  2.867e+11
MPI Messages:         8.413e+05      5.66382   1.666e+05  2.047e+09
MPI Message Lengths:  2.050e+09     16.02921   1.201e+03  2.458e+12
MPI Reductions:       1.981e+03      7.73828

Flop counting convention: 1 flop = 1 real number operation of type (multiply/divide/add/subtract)
                            e.g., VecAXPY() for real vectors of length N --> 2N flops
                            and VecAXPY() for complex vectors of length N --> 8N flops

Summary of Stages:   ----- Time ------  ----- Flops -----  --- Messages ---  -- Message Lengths --  -- Reductions --
                        Avg     %Total     Avg     %Total   counts   %Total     Avg         %Total   counts   %Total 
 0:      Main Stage: 1.1217e+03  91.2%  0.0000e+00   0.0%  1.827e+09  89.3%  1.536e+02       12.8%  7.600e+01   3.8% 
 1:          Warmup: 8.9096e+01   7.2%  1.7630e+14  50.0%  1.107e+08   5.4%  5.319e+02       44.3%  2.538e+02  12.8% 
 2: P(4, 68) Warm solve schwarz_rich: 1.8626e+01   1.5%  1.7622e+14  50.0%  1.088e+08   5.3%  5.154e+02       42.9%  2.127e+02  10.7% 

------------------------------------------------------------------------------------------------------------------------
See the 'Profiling' chapter of the users' manual for details on interpreting output.
Phase summary info:
   Count: number of times phase was executed
   Time and Flops: Max - maximum over all processors
                   Ratio - ratio of maximum to minimum over all processors
   Mess: number of messages sent
   Avg. len: average message length (bytes)
   Reduct: number of global reductions
   Global: entire computation
   Stage: stages of a computation. Set stages with PetscLogStagePush() and PetscLogStagePop().
      %T - percent time in this phase         %F - percent flops in this phase
      %M - percent messages in this phase     %L - percent message lengths in this phase
      %R - percent reductions in this phase
   Total Mflop/s: 10e-6 * (sum of flops over all processors)/(max time over all processors)
------------------------------------------------------------------------------------------------------------------------
Event                Count      Time (sec)     Flops                             --- Global ---  --- Stage ---   Total
                   Max Ratio  Max     Ratio   Max  Ratio  Mess   Avg len Reduct  %T %F %M %L %R  %T %F %M %L %R Mflop/s
------------------------------------------------------------------------------------------------------------------------

--- Event Stage 0: Main Stage

PetscBarrier           2 1.0 1.3513e+00 5.0 0.00e+00 0.0 8.2e+05 2.4e+01 1.0e+01  0  0  0  0  1   0  0  0  0 13     0
BuildTwoSided         42 1.0 1.7314e+02 5.9 0.00e+00 0.0 3.0e+08 8.0e+00 0.0e+00 14  0 15  0  0  15  0 17  1  0     0
VecSet                 5 1.0 8.7329e-02 4.3 0.00e+00 0.0 0.0e+00 0.0e+00 0.0e+00  0  0  0  0  0   0  0  0  0  0     0
MatAssemblyBegin       1 1.0 2.9397e-0429.4 0.00e+00 0.0 0.0e+00 0.0e+00 0.0e+00  0  0  0  0  0   0  0  0  0  0     0
MatAssemblyEnd         1 1.0 3.4499e-0419.3 0.00e+00 0.0 0.0e+00 0.0e+00 0.0e+00  0  0  0  0  0   0  0  0  0  0     0
Mesh Partition         2 1.0 2.2072e+02 1.0 0.00e+00 0.0 1.8e+09 2.3e+01 1.1e+01 18  0 89  2  1  20  0 99 14 14     0
Mesh Migration         2 1.0 2.9427e+01 1.0 0.00e+00 0.0 1.0e+07 2.4e+04 2.4e+01  2  0  0 10  1   3  0  1 76 32     0
DMPlexInterp           1 1.0 1.2694e+01 1.0 0.00e+00 0.0 0.0e+00 0.0e+00 2.0e+00  1  0  0  0  0   1  0  0  0  3     0
DMPlexDistribute       1 1.0 2.3699e+02 1.0 0.00e+00 0.0 9.1e+08 1.2e+01 9.0e+00 19  0 44  0  0  21  0 50  3 12     0
DMPlexDistCones        2 1.0 6.2297e+00 1.1 0.00e+00 0.0 1.8e+06 4.8e+04 0.0e+00  0  0  0  4  0   1  0  0 28  0     0
DMPlexDistLabels       2 1.0 1.5871e+01 1.0 0.00e+00 0.0 4.9e+06 2.4e+04 2.0e+00  1  0  0  5  0   1  0  0 38  3     0
DMPlexDistribOL        1 1.0 1.4736e+01 1.0 0.00e+00 0.0 9.2e+08 3.1e+02 2.6e+01  1  0 45 12  1   1  0 50 90 34     0
DMPlexDistField        3 1.0 4.9397e+00 1.0 0.00e+00 0.0 2.4e+06 4.9e+03 2.0e+00  0  0  0  0  0   0  0  0  4  3     0
DMPlexDistData         2 1.0 1.7915e+02 6.4 0.00e+00 0.0 1.8e+09 1.3e+01 0.0e+00 15  0 89  1  0  16  0 99  8  0     0
DMPlexStratify         7 1.0 1.4610e+01 4.5 0.00e+00 0.0 0.0e+00 0.0e+00 7.0e+00  1  0  0  0  0   1  0  0  0  9     0
SFSetGraph            49 1.0 8.1169e-02 2.3 0.00e+00 0.0 0.0e+00 0.0e+00 0.0e+00  0  0  0  0  0   0  0  0  0  0     0
SFBcastBegin          93 1.0 1.7759e+02 3.6 0.00e+00 0.0 1.8e+09 1.7e+02 0.0e+00 14  0 89 13  0  15  0100 99  0     0
SFBcastEnd            93 1.0 4.3123e+01 4.3 0.00e+00 0.0 0.0e+00 0.0e+00 0.0e+00  3  0  0  0  0   3  0  0  0  0     0
SFReduceBegin          4 1.0 1.3795e-0114.1 0.00e+00 0.0 7.0e+05 2.4e+03 0.0e+00  0  0  0  0  0   0  0  0  1  0     0
SFReduceEnd            4 1.0 1.2512e+00 9.9 0.00e+00 0.0 0.0e+00 0.0e+00 0.0e+00  0  0  0  0  0   0  0  0  0  0     0
SFFetchOpBegin         1 1.0 2.4369e-03486.7 0.00e+00 0.0 9.1e+04 2.8e+03 0.0e+00  0  0  0  0  0   0  0  0  0  0     0
SFFetchOpEnd           1 1.0 1.7676e-02421.2 0.00e+00 0.0 9.1e+04 2.8e+03 0.0e+00  0  0  0  0  0   0  0  0  0  0     0
CreateMesh             5 1.0 2.5647e+02 1.0 0.00e+00 0.0 1.8e+09 1.6e+02 3.9e+01 21  0 89 12  2  23  0100 94 51     0
CreateFunctionSpace       1 1.0 2.0367e+01 1.0 0.00e+00 0.0 9.2e+08 3.3e+02 4.0e+01  2  0 45 12  2   2  0 50 97 53     0
Mesh: reorder          1 1.0 4.4218e-01 1.6 0.00e+00 0.0 0.0e+00 0.0e+00 2.0e+00  0  0  0  0  0   0  0  0  0  3     0
Mesh: numbering        1 1.0 5.3485e-01 1.5 0.00e+00 0.0 0.0e+00 0.0e+00 2.0e+00  0  0  0  0  0   0  0  0  0  3     0
ParLoopExecute         2 1.0 4.2374e+01114.1 0.00e+00 0.0 0.0e+00 0.0e+00 0.0e+00  2  0  0  0  0   2  0  0  0  0     0
ParLoopset_4           4 1.0 1.4108e-01108.0 0.00e+00 0.0 0.0e+00 0.0e+00 0.0e+00  0  0  0  0  0   0  0  0  0  0     0
ParLoopHaloEnd         2 1.0 3.6001e-0518.9 0.00e+00 0.0 0.0e+00 0.0e+00 0.0e+00  0  0  0  0  0   0  0  0  0  0     0
ParLoopRednBegin       2 1.0 4.6015e-05 5.8 0.00e+00 0.0 0.0e+00 0.0e+00 0.0e+00  0  0  0  0  0   0  0  0  0  0     0
ParLoopRednEnd         2 1.0 3.7193e-05 5.6 0.00e+00 0.0 0.0e+00 0.0e+00 0.0e+00  0  0  0  0  0   0  0  0  0  0     0

--- Event Stage 1: Warmup

BuildTwoSided          6 3.0 3.3305e+01132.7 0.00e+00 0.0 2.8e+05 8.0e+00 0.0e+00  1  0  0  0  0  21  0  0  0  0     0
VecMDot               80 0.0 4.6599e-02 0.0 2.34e+06 0.0 0.0e+00 0.0e+00 1.3e+01  0  0  0  0  1   0  0  0  0  5 101309
VecTDot               38 1.0 1.3747e+00 2.2 8.95e+06 1.3 0.0e+00 0.0e+00 3.8e+01  0  0  0  0  2   1  0  0  0 15 71399
VecNorm              20810.4 1.6291e+00 5.1 7.01e+06 1.9 0.0e+00 0.0e+00 5.1e+01  0  0  0  0  3   1  0  0  0 20 34788
VecScale              88 0.0 2.6059e-04 0.0 2.34e+05 0.0 0.0e+00 0.0e+00 0.0e+00  0  0  0  0  0   0  0  0  0  0 1811817
VecCopy              331 5.3 6.0510e-02 3.9 0.00e+00 0.0 0.0e+00 0.0e+00 0.0e+00  0  0  0  0  0   0  0  0  0  0     0
VecSet             51893 1.7 1.0449e-01 1.9 0.00e+00 0.0 0.0e+00 0.0e+00 0.0e+00  0  0  0  0  0   0  0  0  0  0     0
VecAXPY               67 1.1 2.5564e-02 1.8 1.39e+07 1.3 0.0e+00 0.0e+00 0.0e+00  0  0  0  0  0   0  0  0  0  0 5964612
VecAYPX             2638146.6 1.4837e-02 4.3 1.31e+07 3.9 0.0e+00 0.0e+00 0.0e+00  0  0  0  0  0   0  0  0  0  0 4373013
VecAXPBYCZ          1280 0.0 6.5010e-03 0.0 1.70e+07 0.0 0.0e+00 0.0e+00 0.0e+00  0  0  0  0  0   0  0  0  0  0 5281953
VecMAXPY              88 0.0 9.6583e-04 0.0 2.77e+06 0.0 0.0e+00 0.0e+00 0.0e+00  0  0  0  0  0   0  0  0  0  0 5777275
VecAssemblyBegin      15 0.0 1.5120e-01 0.0 0.00e+00 0.0 0.0e+00 0.0e+00 6.0e+00  0  0  0  0  0   0  0  0  0  2     0
VecAssemblyEnd        15 0.0 9.0599e-05 0.0 0.00e+00 0.0 0.0e+00 0.0e+00 0.0e+00  0  0  0  0  0   0  0  0  0  0     0
VecPointwiseMult      44 0.0 3.1328e-04 0.0 1.17e+05 0.0 0.0e+00 0.0e+00 0.0e+00  0  0  0  0  0   0  0  0  0  0 753545
VecScatterBegin     280035.0 1.5353e-0152.7 0.00e+00 0.0 9.0e+07 2.3e+03 0.0e+00  0  0  4  8  0   0  0 81 19  0     0
VecScatterEnd       280035.0 6.2885e+00 3.2 0.00e+00 0.0 0.0e+00 0.0e+00 0.0e+00  0  0  0  0  0   6  0  0  0  0     0
VecSetRandom           4 0.0 6.6304e-04 0.0 0.00e+00 0.0 0.0e+00 0.0e+00 0.0e+00  0  0  0  0  0   0  0  0  0  0     0
VecNormalize          88 0.0 8.5788e-02 0.0 7.02e+05 0.0 0.0e+00 0.0e+00 1.5e+01  0  0  0  0  1   0  0  0  0  6 16511
MatMult             209953.8 4.8241e+00 2.6 1.14e+10 1.5 7.6e+07 3.4e+03 3.0e+00  0 35  4 11  0   3 69 69 24  1 25294341
MatMultAdd           320 0.0 1.3399e+00 0.0 8.70e+06 0.0 6.5e+06 1.7e+02 0.0e+00  0  0  0  0  0   0  0  6  0  0 12419
MatMultTranspose     34017.0 5.3919e-01 9.1 3.79e+07 2.3 1.0e+07 7.0e+03 0.0e+00  0  0  0  3  0   0  0  9  7  0 582734
MatSolve           44700 2.0 3.7796e+00 1.8 3.34e+09 2.0 0.0e+00 0.0e+00 0.0e+00  0  8  0  0  0   3 17  0  0  0 7901753
MatSOR              1964 0.0 2.0202e-01 0.0 1.56e+08 0.0 0.0e+00 0.0e+00 0.0e+00  0  0  0  0  0   0  0  0  0  0 1481551
MatLUFactorSym      2235 2.0 2.2337e+00 2.0 0.00e+00 0.0 0.0e+00 0.0e+00 0.0e+00  0  0  0  0  0   2  0  0  0  0     0
MatLUFactorNum      2235 2.0 1.4070e+00 2.0 1.79e+09 2.1 0.0e+00 0.0e+00 0.0e+00  0  4  0  0  0   1  9  0  0  0 11182639
MatConvert             4 0.0 3.9179e-02 0.0 0.00e+00 0.0 0.0e+00 0.0e+00 0.0e+00  0  0  0  0  0   0  0  0  0  0     0
MatScale              12 0.0 1.2346e-02 0.0 5.21e+05 0.0 1.3e+05 7.9e+02 0.0e+00  0  0  0  0  0   0  0  0  0  0 76805
MatResidual          320 0.0 4.4123e-01 0.0 3.32e+07 0.0 1.1e+07 7.9e+02 0.0e+00  0  0  1  0  0   0  0 10  1  0 134212
MatAssemblyBegin    3945 1.6 9.0423e-02193.1 0.00e+00 0.0 5.5e+05 3.1e+03 9.7e+00  0  0  0  0  0   0  0  0  0  4     0
MatAssemblyEnd      3945 1.6 6.8323e-01 2.5 0.00e+00 0.0 2.2e+06 1.8e+03 4.8e+01  0  0  0  0  2   0  0  2  0 19     0
MatGetRow          31917 0.0 3.5641e-03 0.0 0.00e+00 0.0 0.0e+00 0.0e+00 0.0e+00  0  0  0  0  0   0  0  0  0  0     0
MatGetRowIJ         2235 2.0 1.2560e-01 2.5 0.00e+00 0.0 0.0e+00 0.0e+00 0.0e+00  0  0  0  0  0   0  0  0  0  0     0
MatGetSubMatrice       1 1.0 4.1831e-02 2.2 0.00e+00 0.0 7.2e+04 7.2e+04 2.0e+00  0  0  0  0  0   0  0  0  0  1     0
MatGetSubMatrix        6 0.0 1.1070e-01 0.0 0.00e+00 0.0 1.8e+05 9.8e+02 1.7e+01  0  0  0  0  1   0  0  0  0  7     0
MatGetOrdering      2235 2.0 4.0294e-01 2.1 0.00e+00 0.0 0.0e+00 0.0e+00 0.0e+00  0  0  0  0  0   0  0  0  0  0     0
MatCoarsen             4 0.0 4.1789e-02 0.0 0.00e+00 0.0 2.2e+06 8.1e+02 7.7e+00  0  0  0  0  0   0  0  2  0  3     0
MatZeroEntries      3877 1.5 2.7927e-02 2.5 0.00e+00 0.0 0.0e+00 0.0e+00 0.0e+00  0  0  0  0  0   0  0  0  0  0     0
MatView               15 3.0 6.6579e-01 1.5 0.00e+00 0.0 9.8e+04 4.0e+00 2.0e+00  0  0  0  0  0   1  0  0  0  1     0
MatAXPY                4 0.0 1.0125e-02 0.0 0.00e+00 0.0 0.0e+00 0.0e+00 1.3e+00  0  0  0  0  0   0  0  0  0  1     0
MatMatMult             4 0.0 1.2595e-01 0.0 4.14e+05 0.0 7.7e+05 5.5e+02 1.1e+01  0  0  0  0  1   0  0  1  0  4  5799
MatMatMultSym          4 0.0 1.2128e-01 0.0 0.00e+00 0.0 6.4e+05 5.1e+02 9.3e+00  0  0  0  0  0   0  0  1  0  4     0
MatMatMultNum          4 0.0 4.9198e-03 0.0 4.14e+05 0.0 1.3e+05 7.8e+02 1.3e+00  0  0  0  0  0   0  0  0  0  1 148446
MatPtAP                4 0.0 2.1844e-01 0.0 5.09e+06 0.0 1.7e+06 2.3e+03 1.1e+01  0  0  0  0  1   0  0  1  0  4 38006
MatPtAPSymbolic        4 0.0 1.2928e-01 0.0 0.00e+00 0.0 7.6e+05 2.7e+03 4.7e+00  0  0  0  0  0   0  0  1  0  2     0
MatPtAPNumeric         4 0.0 9.1952e-02 0.0 5.09e+06 0.0 8.9e+05 1.9e+03 6.7e+00  0  0  0  0  0   0  0  1  0  3 90286
MatTrnMatMult          1 0.0 2.0581e-01 0.0 3.27e+06 0.0 2.5e+05 1.5e+04 3.2e+00  0  0  0  0  0   0  0  0  0  1 30732
MatTrnMatMultSym       1 0.0 1.4097e-01 0.0 0.00e+00 0.0 2.1e+05 9.4e+03 2.8e+00  0  0  0  0  0   0  0  0  0  1     0
MatTrnMatMultNum       1 0.0 5.4286e-02 0.0 3.27e+06 0.0 4.0e+04 4.1e+04 3.3e-01  0  0  0  0  0   0  0  0  0  0 116508
MatMPIConcateSeq       1 0.0 7.0246e-02 0.0 0.00e+00 0.0 8.1e+04 9.2e+02 2.5e+00  0  0  0  0  0   0  0  0  0  1     0
MatGetLocalMat        14 0.0 2.3918e-03 0.0 0.00e+00 0.0 0.0e+00 0.0e+00 0.0e+00  0  0  0  0  0   0  0  0  0  0     0
MatGetBrAoCol         12 0.0 4.8848e-02 0.0 0.00e+00 0.0 9.2e+05 2.1e+03 0.0e+00  0  0  0  0  0   0  0  1  0  0     0
PCGAMGGraph_AGG        4 0.0 1.2474e-01 0.0 4.14e+05 0.0 3.9e+05 5.2e+02 8.0e+00  0  0  0  0  0   0  0  0  0  3  5934
PCGAMGCoarse_AGG       4 0.0 3.1085e-01 0.0 3.27e+06 0.0 2.6e+06 2.3e+03 1.4e+01  0  0  0  0  1   0  0  2  1  5 20347
PCGAMGProl_AGG         4 0.0 1.7902e-01 0.0 0.00e+00 0.0 5.7e+05 7.6e+02 1.6e+01  0  0  0  0  1   0  0  1  0  6     0
PCGAMGPOpt_AGG         4 0.0 4.1553e-01 0.0 7.60e+06 0.0 2.1e+06 7.0e+02 3.1e+01  0  0  0  0  2   0  0  2  0 12 34326
GAMG: createProl       4 0.0 1.0308e+00 0.0 1.12e+07 0.0 5.7e+06 1.4e+03 6.9e+01  0  0  0  0  3   0  0  5  1 27 20691
  Graph                8 0.0 1.2442e-01 0.0 4.14e+05 0.0 3.9e+05 5.2e+02 8.0e+00  0  0  0  0  0   0  0  0  0  3  5949
  MIS/Agg              4 0.0 4.1974e-02 0.0 0.00e+00 0.0 2.2e+06 8.1e+02 7.7e+00  0  0  0  0  0   0  0  2  0  3     0
  SA: col data         4 0.0 1.1078e-01 0.0 0.00e+00 0.0 2.7e+05 1.3e+03 6.7e+00  0  0  0  0  0   0  0  0  0  3     0
  SA: frmProl0         4 0.0 6.4735e-02 0.0 0.00e+00 0.0 3.1e+05 2.6e+02 6.7e+00  0  0  0  0  0   0  0  0  0  3     0
  SA: smooth           4 0.0 1.3883e-01 0.0 5.21e+05 0.0 7.7e+05 5.5e+02 1.3e+01  0  0  0  0  1   0  0  1  0  5  6759
GAMG: partLevel        4 0.0 4.3657e-01 0.0 5.09e+06 0.0 1.8e+06 2.1e+03 3.8e+01  0  0  0  0  2   0  0  2  0 15 19017
  repartition          3 0.0 3.1370e-02 0.0 0.00e+00 0.0 0.0e+00 0.0e+00 3.0e+00  0  0  0  0  0   0  0  0  0  1     0
  Invert-Sort          3 0.0 4.3737e-02 0.0 0.00e+00 0.0 0.0e+00 0.0e+00 2.0e+00  0  0  0  0  0   0  0  0  0  1     0
  Move A               3 0.0 9.0381e-02 0.0 0.00e+00 0.0 1.0e+05 1.7e+03 9.0e+00  0  0  0  0  0   0  0  0  0  4     0
  Move P               3 0.0 3.8778e-02 0.0 0.00e+00 0.0 7.9e+04 4.5e+01 9.0e+00  0  0  0  0  0   0  0  0  0  4     0
PCSetUp             2240 2.0 7.1429e+01 1.9 1.81e+09 2.0 8.9e+06 3.0e+03 1.6e+02  4  5  0  1  8  60  9  8  2 62 224176
PCSetUpOnBlocks       80 0.0 6.1218e-02 0.0 2.53e+04 0.0 0.0e+00 0.0e+00 0.0e+00  0  0  0  0  0   0  0  0  0  0     0
PCApply               20 1.0 8.1460e+01 1.0 5.23e+09 2.0 1.1e+08 8.9e+03 1.8e+02  7 13  5 38  9  91 27 95 86 73 580744
KSPGMRESOrthog        80 0.0 5.4141e-02 0.0 4.68e+06 0.0 0.0e+00 0.0e+00 1.3e+01  0  0  0  0  1   0  0  0  0  5 174404
KSPSetUp            2236 2.0 3.1579e-0227.1 0.00e+00 0.0 0.0e+00 0.0e+00 1.3e+00  0  0  0  0  0   0  0  0  0  1     0
KSPSolve               1 1.0 8.5790e+01 1.0 1.61e+10 1.5 1.1e+08 9.8e+03 2.5e+02  7 48  5 44 13  96 96 99 99 98 1969134
SNESSolve              1 1.0 8.7939e+01 1.0 1.68e+10 1.5 1.1e+08 9.8e+03 2.5e+02  7 50  5 44 13  99100100100 99 2004825
SNESFunctionEval       1 1.0 1.4095e+00 1.5 6.90e+08 1.5 5.2e+05 2.7e+04 0.0e+00  0  2  0  1  0   1  4  0  1  0 5226063
SNESJacobianEval       1 1.0 5.3624e-02241.6 0.00e+00 0.0 0.0e+00 0.0e+00 0.0e+00  0  0  0  0  0   0  0  0  0  0     0
SFSetGraph             5 5.0 8.4209e-03 2.4 0.00e+00 0.0 0.0e+00 0.0e+00 0.0e+00  0  0  0  0  0   0  0  0  0  0     0
SFBcastBegin          96 2.3 3.3508e+0173.3 0.00e+00 0.0 1.2e+07 4.4e+04 0.0e+00  2  0  1 21  0  21  0 11 48  0     0
SFBcastEnd            96 2.3 9.8181e-0121.7 0.00e+00 0.0 0.0e+00 0.0e+00 0.0e+00  0  0  0  0  0   1  0  0  0  0     0
SFReduceBegin         20 1.0 5.9767e-02 3.4 0.00e+00 0.0 4.4e+06 7.9e+04 0.0e+00  0  0  0 14  0   0  0  4 32  0     0
SFReduceEnd           20 1.0 3.5973e+00216.7 0.00e+00 0.0 0.0e+00 0.0e+00 0.0e+00  0  0  0  0  0   1  0  0  0  0     0
CreateFunctionSpace       1 1.0 2.1952e-01214.4 0.00e+00 0.0 0.0e+00 0.0e+00 0.0e+00  0  0  0  0  0   0  0  0  0  0     0
PCPATCHCreate          1 1.0 4.3042e-01 1.5 0.00e+00 0.0 0.0e+00 0.0e+00 0.0e+00  0  0  0  0  0   0  0  0  0  0     0
PCPATCHComputeOp    3877 1.5 6.3234e+01 2.1 0.00e+00 0.0 0.0e+00 0.0e+00 0.0e+00  4  0  0  0  0  51  0  0  0  0     0
PCPATCHSolve       44700 2.0 8.0642e+00 1.8 5.14e+09 2.0 0.0e+00 0.0e+00 0.0e+00  1 13  0  0  0   7 26  0  0  0 5654517
PCPATCHScatter     89400 2.0 5.1077e-01 1.9 0.00e+00 0.0 0.0e+00 0.0e+00 0.0e+00  0  0  0  0  0   0  0  0  0  0     0
ParLoopExecute        84 1.0 5.3366e+00 1.6 1.21e+10 1.5 4.4e+06 3.3e+04 0.0e+00  0 37  0  6  0   5 73  4 13  0 24162878
ParLoopset_4         120 1.0 1.0056e-0111.0 0.00e+00 0.0 0.0e+00 0.0e+00 0.0e+00  0  0  0  0  0   0  0  0  0  0     0
ParLoopHaloEnd        84 1.0 5.4987e-01116.3 0.00e+00 0.0 0.0e+00 0.0e+00 0.0e+00  0  0  0  0  0   0  0  0  0  0     0
ParLoopRednBegin      84 1.0 3.7534e-0316.3 0.00e+00 0.0 0.0e+00 0.0e+00 0.0e+00  0  0  0  0  0   0  0  0  0  0     0
ParLoopRednEnd        84 1.0 9.9549e-0332.4 0.00e+00 0.0 0.0e+00 0.0e+00 0.0e+00  0  0  0  0  0   0  0  0  0  0     0
ApplyBC                1 1.0 1.2516e+00 1.8 0.00e+00 0.0 0.0e+00 0.0e+00 0.0e+00  0  0  0  0  0   1  0  0  0  0     0
ParLoopset_5           2 1.0 5.2571e-04 1.7 0.00e+00 0.0 0.0e+00 0.0e+00 0.0e+00  0  0  0  0  0   0  0  0  0  0     0
ParLoopCells          66 1.0 1.0190e+00 1.6 1.21e+10 1.5 0.0e+00 0.0e+00 0.0e+00  0 37  0  0  0   1 73  0  0  0 126539760
CreateSparsity         2 1.0 4.0101e-01 3.4 0.00e+00 0.0 0.0e+00 0.0e+00 0.0e+00  0  0  0  0  0   0  0  0  0  0     0
MatZeroInitial         2 1.0 3.5575e-01 1.2 0.00e+00 0.0 7.4e+05 4.9e+03 1.6e+01  0  0  0  0  1   0  0  1  0  6     0
ParLoopset_6           2 1.0 6.3300e-04 2.0 0.00e+00 0.0 0.0e+00 0.0e+00 0.0e+00  0  0  0  0  0   0  0  0  0  0     0

--- Event Stage 2: P(4, 68) Warm solve schwarz_rich

BuildTwoSided          4 0.0 1.0208e-02 0.0 0.00e+00 0.0 6.7e+04 8.0e+00 0.0e+00  0  0  0  0  0   0  0  0  0  0     0
VecMDot               80 0.0 3.9749e-02 0.0 2.34e+06 0.0 0.0e+00 0.0e+00 1.3e+01  0  0  0  0  1   0  0  0  0  6 118767
VecTDot               38 1.0 1.5204e+00 2.8 8.95e+06 1.3 0.0e+00 0.0e+00 3.8e+01  0  0  0  0  2   5  0  0  0 18 64557
VecNorm              20810.4 1.7974e+00 5.7 7.01e+06 1.9 0.0e+00 0.0e+00 5.1e+01  0  0  0  0  3   3  0  0  0 24 31531
VecScale              88 0.0 1.6522e-04 0.0 2.34e+05 0.0 0.0e+00 0.0e+00 0.0e+00  0  0  0  0  0   0  0  0  0  0 2857600
VecCopy              331 5.3 2.7425e-02 2.4 0.00e+00 0.0 0.0e+00 0.0e+00 0.0e+00  0  0  0  0  0   0  0  0  0  0     0
VecSet             44821 2.0 9.1675e-02 1.8 0.00e+00 0.0 0.0e+00 0.0e+00 0.0e+00  0  0  0  0  0   0  0  0  0  0     0
VecAXPY               67 1.1 4.2310e-02 2.9 1.39e+07 1.3 0.0e+00 0.0e+00 0.0e+00  0  0  0  0  0   0  0  0  0  0 3603834
VecAYPX             2638146.6 2.9625e-02 8.8 1.31e+07 3.9 0.0e+00 0.0e+00 0.0e+00  0  0  0  0  0   0  0  0  0  0 2190114
VecAXPBYCZ          1280 0.0 1.4356e-02 0.0 1.70e+07 0.0 0.0e+00 0.0e+00 0.0e+00  0  0  0  0  0   0  0  0  0  0 2391932
VecMAXPY              88 0.0 9.9015e-04 0.0 2.77e+06 0.0 0.0e+00 0.0e+00 0.0e+00  0  0  0  0  0   0  0  0  0  0 5635382
VecAssemblyBegin      15 0.0 1.3681e-01 0.0 0.00e+00 0.0 0.0e+00 0.0e+00 6.0e+00  0  0  0  0  0   0  0  0  0  3     0
VecAssemblyEnd        15 0.0 1.7405e-05 0.0 0.00e+00 0.0 0.0e+00 0.0e+00 0.0e+00  0  0  0  0  0   0  0  0  0  0     0
VecPointwiseMult      44 0.0 1.1428e-02 0.0 1.17e+05 0.0 0.0e+00 0.0e+00 0.0e+00  0  0  0  0  0   0  0  0  0  0 20657
VecScatterBegin     280035.0 1.4251e-0149.6 0.00e+00 0.0 9.0e+07 2.3e+03 0.0e+00  0  0  4  8  0   0  0 83 20  0     0
VecScatterEnd       280035.0 6.7397e+00 3.0 0.00e+00 0.0 0.0e+00 0.0e+00 0.0e+00  0  0  0  0  0  28  0  0  0  0     0
VecSetRandom           4 0.0 7.3481e-04 0.0 0.00e+00 0.0 0.0e+00 0.0e+00 0.0e+00  0  0  0  0  0   0  0  0  0  0     0
VecNormalize          88 0.0 4.0561e-02 0.0 7.02e+05 0.0 0.0e+00 0.0e+00 1.5e+01  0  0  0  0  1   0  0  0  0  7 34921
MatMult             209953.8 4.3043e+00 5.6 1.14e+10 1.5 7.6e+07 3.4e+03 0.0e+00  0 35  4 11  0  10 69 70 25  0 28349159
MatMultAdd           320 0.0 1.4032e+00 0.0 8.70e+06 0.0 6.5e+06 1.7e+02 0.0e+00  0  0  0  0  0   1  0  6  0  0 11859
MatMultTranspose     34017.0 5.3974e-01 8.8 3.79e+07 2.3 1.0e+07 7.0e+03 0.0e+00  0  0  0  3  0   1  0  9  7  0 582145
MatSolve           44700 2.0 3.7672e+00 1.8 3.34e+09 2.0 0.0e+00 0.0e+00 0.0e+00  0  8  0  0  0  16 17  0  0  0 7927709
MatSOR              1964 0.0 1.7869e-01 0.0 1.56e+08 0.0 0.0e+00 0.0e+00 0.0e+00  0  0  0  0  0   0  0  0  0  0 1674953
MatLUFactorSym         1 0.0 8.8906e-04 0.0 0.00e+00 0.0 0.0e+00 0.0e+00 0.0e+00  0  0  0  0  0   0  0  0  0  0     0
MatLUFactorNum      2235 2.0 1.3310e+00 2.0 1.79e+09 2.1 0.0e+00 0.0e+00 0.0e+00  0  4  0  0  0   5  9  0  0  0 11820947
MatConvert             4 0.0 1.7274e-02 0.0 0.00e+00 0.0 0.0e+00 0.0e+00 0.0e+00  0  0  0  0  0   0  0  0  0  0     0
MatScale              12 0.0 1.7016e-02 0.0 5.21e+05 0.0 1.3e+05 7.9e+02 0.0e+00  0  0  0  0  0   0  0  0  0  0 55726
MatResidual          320 0.0 5.3296e-01 0.0 3.32e+07 0.0 1.1e+07 7.9e+02 0.0e+00  0  0  1  0  0   0  0 10  1  0 111113
MatAssemblyBegin    3941 1.6 1.7615e-01519.6 0.00e+00 0.0 5.5e+05 3.1e+03 9.7e+00  0  0  0  0  0   0  0  1  0  5     0
MatAssemblyEnd      3941 1.6 3.3680e-0119.1 0.00e+00 0.0 1.4e+06 2.2e+02 3.1e+01  0  0  0  0  2   0  0  1  0 14     0
MatGetRow          31917 0.0 3.7742e-03 0.0 0.00e+00 0.0 0.0e+00 0.0e+00 0.0e+00  0  0  0  0  0   0  0  0  0  0     0
MatGetRowIJ            1 0.0 5.6982e-05 0.0 0.00e+00 0.0 0.0e+00 0.0e+00 0.0e+00  0  0  0  0  0   0  0  0  0  0     0
MatGetSubMatrice       1 1.0 8.1773e-02 7.6 0.00e+00 0.0 7.2e+04 7.2e+04 2.0e+00  0  0  0  0  0   0  0  0  0  1     0
MatGetSubMatrix        6 0.0 1.2966e-01 0.0 0.00e+00 0.0 1.8e+05 9.8e+02 1.7e+01  0  0  0  0  1   0  0  0  0  8     0
MatGetOrdering         1 0.0 1.0586e-04 0.0 0.00e+00 0.0 0.0e+00 0.0e+00 0.0e+00  0  0  0  0  0   0  0  0  0  0     0
MatCoarsen             4 0.0 5.1282e-02 0.0 0.00e+00 0.0 2.2e+06 8.1e+02 7.7e+00  0  0  0  0  0   0  0  2  0  4     0
MatZeroEntries      3878 1.5 4.6767e-02 2.0 0.00e+00 0.0 0.0e+00 0.0e+00 0.0e+00  0  0  0  0  0   0  0  0  0  0     0
MatView               15 3.0 6.3264e-01 1.4 0.00e+00 0.0 9.8e+04 4.0e+00 2.0e+00  0  0  0  0  0   3  0  0  0  1     0
MatAXPY                4 0.0 1.2873e-02 0.0 0.00e+00 0.0 0.0e+00 0.0e+00 1.3e+00  0  0  0  0  0   0  0  0  0  1     0
MatMatMult             4 0.0 1.2456e-01 0.0 4.14e+05 0.0 7.7e+05 5.5e+02 1.1e+01  0  0  0  0  1   0  0  1  0  5  5863
MatMatMultSym          4 0.0 1.1748e-01 0.0 0.00e+00 0.0 6.4e+05 5.1e+02 9.3e+00  0  0  0  0  0   0  0  1  0  4     0
MatMatMultNum          4 0.0 7.1824e-03 0.0 4.14e+05 0.0 1.3e+05 7.8e+02 1.3e+00  0  0  0  0  0   0  0  0  0  1 101682
MatPtAP                4 0.0 1.9584e-01 0.0 5.09e+06 0.0 1.7e+06 2.3e+03 1.1e+01  0  0  0  0  1   0  0  2  0  5 42391
MatPtAPSymbolic        4 0.0 1.1053e-01 0.0 0.00e+00 0.0 7.6e+05 2.7e+03 4.7e+00  0  0  0  0  0   0  0  1  0  2     0
MatPtAPNumeric         4 0.0 9.0744e-02 0.0 5.09e+06 0.0 8.9e+05 1.9e+03 6.7e+00  0  0  0  0  0   0  0  1  0  3 91489
MatTrnMatMult          1 0.0 1.9186e-01 0.0 3.27e+06 0.0 2.5e+05 1.5e+04 3.2e+00  0  0  0  0  0   0  0  0  0  1 32966
MatTrnMatMultSym       1 0.0 1.3235e-01 0.0 0.00e+00 0.0 2.1e+05 9.4e+03 2.8e+00  0  0  0  0  0   0  0  0  0  1     0
MatTrnMatMultNum       1 0.0 5.9911e-02 0.0 3.27e+06 0.0 4.0e+04 4.1e+04 3.3e-01  0  0  0  0  0   0  0  0  0  0 105569
MatMPIConcateSeq       1 0.0 8.3782e-02 0.0 0.00e+00 0.0 0.0e+00 0.0e+00 3.3e-01  0  0  0  0  0   0  0  0  0  0     0
MatGetLocalMat        14 0.0 2.5628e-03 0.0 0.00e+00 0.0 0.0e+00 0.0e+00 0.0e+00  0  0  0  0  0   0  0  0  0  0     0
MatGetBrAoCol         12 0.0 3.9537e-02 0.0 0.00e+00 0.0 9.2e+05 2.1e+03 0.0e+00  0  0  0  0  0   0  0  1  0  0     0
PCGAMGGraph_AGG        4 0.0 1.8614e-01 0.0 4.14e+05 0.0 3.9e+05 5.2e+02 8.0e+00  0  0  0  0  0   0  0  0  0  4  3977
PCGAMGCoarse_AGG       4 0.0 3.5984e-01 0.0 3.27e+06 0.0 2.6e+06 2.3e+03 1.4e+01  0  0  0  0  1   0  0  2  1  6 17576
PCGAMGProl_AGG         4 0.0 1.8766e-01 0.0 0.00e+00 0.0 5.7e+05 7.6e+02 1.6e+01  0  0  0  0  1   0  0  1  0  8     0
PCGAMGPOpt_AGG         4 0.0 2.5438e-01 0.0 7.60e+06 0.0 2.1e+06 7.0e+02 3.1e+01  0  0  0  0  2   0  0  2  0 15 56073
GAMG: createProl       4 0.0 9.9498e-01 0.0 1.12e+07 0.0 5.7e+06 1.4e+03 6.9e+01  0  0  0  0  3   1  0  5  1 32 21436
  Graph                8 0.0 1.7092e-01 0.0 4.14e+05 0.0 3.9e+05 5.2e+02 8.0e+00  0  0  0  0  0   0  0  0  0  4  4331
  MIS/Agg              4 0.0 6.4423e-02 0.0 0.00e+00 0.0 2.2e+06 8.1e+02 7.7e+00  0  0  0  0  0   0  0  2  0  4     0
  SA: col data         4 0.0 1.0389e-01 0.0 0.00e+00 0.0 2.7e+05 1.3e+03 6.7e+00  0  0  0  0  0   0  0  0  0  3     0
  SA: frmProl0         4 0.0 5.4966e-02 0.0 0.00e+00 0.0 3.1e+05 2.6e+02 6.7e+00  0  0  0  0  0   0  0  0  0  3     0
  SA: smooth           4 0.0 1.4106e-01 0.0 5.21e+05 0.0 7.7e+05 5.5e+02 1.3e+01  0  0  0  0  1   0  0  1  0  6  6652
GAMG: partLevel        4 0.0 4.4818e-01 0.0 5.09e+06 0.0 1.8e+06 2.1e+03 3.8e+01  0  0  0  0  2   0  0  2  0 18 18524
  repartition          3 0.0 4.5547e-02 0.0 0.00e+00 0.0 0.0e+00 0.0e+00 3.0e+00  0  0  0  0  0   0  0  0  0  1     0
  Invert-Sort          3 0.0 4.0597e-02 0.0 0.00e+00 0.0 0.0e+00 0.0e+00 2.0e+00  0  0  0  0  0   0  0  0  0  1     0
  Move A               3 0.0 8.0641e-02 0.0 0.00e+00 0.0 1.0e+05 1.7e+03 9.0e+00  0  0  0  0  0   0  0  0  0  4     0
  Move P               3 0.0 5.4825e-02 0.0 0.00e+00 0.0 7.9e+04 4.5e+01 9.0e+00  0  0  0  0  0   0  0  0  0  4     0
PCSetUp             2239 2.0 5.8632e+00 2.3 1.81e+09 2.0 7.6e+06 2.3e+03 1.2e+02  0  5  0  1  6  20  9  7  2 57 2717303
PCSetUpOnBlocks       80 0.0 2.8577e-03 0.0 2.53e+04 0.0 0.0e+00 0.0e+00 0.0e+00  0  0  0  0  0   0  0  0  0  0     9
PCApply               20 1.0 1.4813e+01 1.0 5.22e+09 2.0 1.0e+08 8.8e+03 1.5e+02  1 13  5 37  8  79 27 96 87 72 3188152
KSPGMRESOrthog        80 0.0 4.0605e-02 0.0 4.68e+06 0.0 0.0e+00 0.0e+00 1.3e+01  0  0  0  0  1   0  0  0  0  6 232540
KSPSetUp            2236 2.0 3.7861e-0317.5 0.00e+00 0.0 0.0e+00 0.0e+00 1.3e+00  0  0  0  0  0   0  0  0  0  1     0
KSPSolve               1 1.0 1.7397e+01 1.0 1.61e+10 1.5 1.1e+08 9.7e+03 2.1e+02  1 48  5 43 11  93 96100 99 99 9705893
SNESSolve              1 1.0 1.8382e+01 1.0 1.68e+10 1.5 1.1e+08 9.7e+03 2.1e+02  1 50  5 43 11  98100100100100 9586516
SNESFunctionEval       1 1.0 1.8325e-01 6.1 6.90e+08 1.5 2.1e+05 3.4e+04 0.0e+00  0  2  0  0  0   0  4  0  1  0 40198630
SNESJacobianEval       1 1.0 2.9798e-02149.7 0.00e+00 0.0 0.0e+00 0.0e+00 0.0e+00  0  0  0  0  0   0  0  0  0  0     0
SFSetGraph             4 0.0 3.1071e-03 0.0 0.00e+00 0.0 0.0e+00 0.0e+00 0.0e+00  0  0  0  0  0   0  0  0  0  0     0
SFBcastBegin          94 2.4 9.8613e-02 3.2 0.00e+00 0.0 1.1e+07 4.6e+04 0.0e+00  0  0  1 20  0   0  0 10 46  0     0
SFBcastEnd            94 2.4 2.1276e+0090.1 0.00e+00 0.0 0.0e+00 0.0e+00 0.0e+00  0  0  0  0  0   5  0  0  0  0     0
SFReduceBegin         20 1.0 6.1392e-02 3.5 0.00e+00 0.0 4.4e+06 7.9e+04 0.0e+00  0  0  0 14  0   0  0  4 33  0     0
SFReduceEnd           20 1.0 2.5031e+00150.4 0.00e+00 0.0 0.0e+00 0.0e+00 0.0e+00  0  0  0  0  0   5  0  0  0  0     0
PCPATCHComputeOp    3877 1.5 2.7531e+00 2.0 0.00e+00 0.0 0.0e+00 0.0e+00 0.0e+00  0  0  0  0  0  11  0  0  0  0     0
PCPATCHSolve       44700 2.0 5.3168e+00 1.8 5.14e+09 2.0 0.0e+00 0.0e+00 0.0e+00  0 13  0  0  0  22 26  0  0  0 8576346
PCPATCHScatter     89400 2.0 5.1158e-01 1.9 0.00e+00 0.0 0.0e+00 0.0e+00 0.0e+00  0  0  0  0  0   2  0  0  0  0     0
ParLoopExecute        81 1.0 1.7010e+00 2.5 1.21e+10 1.5 4.1e+06 3.4e+04 0.0e+00  0 37  0  6  0   6 73  4 13  0 75760355
ParLoopset_4         120 1.0 1.7521e-0118.9 0.00e+00 0.0 0.0e+00 0.0e+00 0.0e+00  0  0  0  0  0   0  0  0  0  0     0
ParLoopHaloEnd        81 1.0 8.4602e-01178.6 0.00e+00 0.0 0.0e+00 0.0e+00 0.0e+00  0  0  0  0  0   2  0  0  0  0     0
ParLoopRednBegin      81 1.0 2.7506e-0312.8 0.00e+00 0.0 0.0e+00 0.0e+00 0.0e+00  0  0  0  0  0   0  0  0  0  0     0
ParLoopRednEnd        81 1.0 2.8780e-03 9.9 0.00e+00 0.0 0.0e+00 0.0e+00 0.0e+00  0  0  0  0  0   0  0  0  0  0     0
ApplyBC                1 1.0 3.2203e-0288.0 0.00e+00 0.0 0.0e+00 0.0e+00 0.0e+00  0  0  0  0  0   0  0  0  0  0     0
ParLoopCells          63 1.0 8.8921e-01 1.5 1.21e+10 1.5 0.0e+00 0.0e+00 0.0e+00  0 37  0  0  0   4 73  0  0  0 144922470
------------------------------------------------------------------------------------------------------------------------

Memory usage is given in bytes:

Object Type          Creations   Destructions     Memory  Descendants' Mem.
Reports information only for process 0.

--- Event Stage 0: Main Stage

           Container     6              6         3696     0.
              Viewer     2              0            0     0.
           Index Set 37122          43923     45523768     0.
   IS L to G Mapping     4              6     18653136     0.
             Section    79             83        63080     0.
              Vector     9           6733     43515704     0.
      Vector Scatter     0             12        33072     0.
              Matrix     6           4520    769801976     0.
      Preconditioner     1           3316      3475288     0.
       Krylov Solver     1           3316      4504632     0.
     DMKSP interface     0              1          696     0.
                SNES     1              1         1480     0.
      SNESLineSearch     1              1         1032     0.
              DMSNES     1              1          712     0.
    Distributed Mesh    16             16        78456     0.
    GraphPartitioner     7              7         4592     0.
Star Forest Bipartite Graph    75             75        66720     0.
     Discrete System    16             16        14848     0.

--- Event Stage 1: Warmup

              Viewer     3              3         2664     0.
         PetscRandom     8              8         5488     0.
           Index Set  9209           2408      4840896     0.
   IS L to G Mapping     2              0            0     0.
             Section     5              1          760     0.
              Vector  6878            154      2759936     0.
      Vector Scatter    34             22        26896     0.
              Matrix  4602             88     23786736     0.
      Matrix Coarsen     4              4         2704     0.
      Preconditioner  3323              8         7424     0.
       Krylov Solver  3319              4       122112     0.
     DMKSP interface     1              0            0     0.
Star Forest Bipartite Graph     4              4         3648     0.

--- Event Stage 2: P(4, 68) Warm solve schwarz_rich

              Viewer     3              3         2664     0.
         PetscRandom     8              8         5488     0.
           Index Set    88             87       196856     0.
              Vector   248            245      4546224     0.
      Vector Scatter    31             30        36560     0.
              Matrix   128            128     27618744     0.
      Matrix Coarsen     4              4         2704     0.
      Preconditioner     4              4         3936     0.
       Krylov Solver     4              4       122112     0.
Star Forest Bipartite Graph     4              4         3648     0.
========================================================================================================================
Average time to get PetscTime(): 9.53674e-08
Average time for MPI_Barrier(): 0.000203371
Average time for zero size MPI_Send(): 2.43816e-06
#PETSc Option Table entries:
--degree 4
--dimension 3
--parameters schwarz_rich
--results-file results64/poisson-weak-3d-64bit-schwarz-rich-gamg-lb.csv
-degree 4
-dimension 3
-log_view ascii:results64/poisson-P4-schwarz-rich-gamg-weak-3d-64bit-12288.log
-parameters schwarz_rich
-results-file results64/poisson-weak-3d-64bit-schwarz-rich-gamg-lb.csv
#End of PETSc Option Table entries
Compiled without FORTRAN kernels
Compiled with full precision matrices (default)
sizeof(short) 2 sizeof(int) 4 sizeof(long) 8 sizeof(void*) 8 sizeof(PetscScalar) 8 sizeof(PetscInt) 8
Configure options: --COPTFLAGS="-march=ivybridge -O3" --CXXOPTFLAGS="-march=ivybridge -O3" --FOPTFLAGS="-march=ivybridge -O3" --PETSC_ARCH=petsc-gnu51-ivybridge-int64 --download-exodusii --download-hypre --download-metis --download-netcdf --download-parmetis --download-sowing=1 --known-bits-per-byte=8 --known-has-attribute-aligned=1 --known-level1-dcache-assoc=8 --known-level1-dcache-linesize=64 --known-level1-dcache-size=32768 --known-memcmp-ok=1 --known-mpi-c-double-complex=1 --known-mpi-int64_t=1 --known-mpi-long-double=1 --known-mpi-shared-libraries=1 --known-sdot-returns-double=0 --known-sizeof-MPI_Comm=4 --known-sizeof-MPI_Fint=4 --known-sizeof-char=1 --known-sizeof-double=8 --known-sizeof-float=4 --known-sizeof-int=4 --known-sizeof-long-long=8 --known-sizeof-long=8 --known-sizeof-short=2 --known-sizeof-size_t=8 --known-sizeof-void-p=8 --known-snrm2-returns-double=0 --prefix=/work/n02/n02/lmn02/petsc-gnu51-ivybridge-int64 --with-64-bit-indices=1 --with-batch=1 --with-blas-lapack-lib="-L/opt/cray/libsci/16.03.1/GNU/5.1/x86_64/lib -lsci_gnu_mp" --with-cc=cc --with-clib-autodetect=0 --with-cxx=CC --with-cxxlib-autodetect=0 --with-debugging=0 --with-fc=ftn --with-fortranlib-autodetect=0 --with-hdf5-dir=/opt/cray/hdf5-parallel/1.8.14/GNU/5.1 --with-hdf5=1 --with-make-np=4 --with-pic=1 --with-shared-libraries=1 --with-x=0 --download-eigen
-----------------------------------------
Libraries compiled on Tue Feb 14 12:07:09 2017 on eslogin003 
Machine characteristics: Linux-3.0.101-0.47.86.1.11753.0.PTF-default-x86_64-with-SuSE-11-x86_64
Using PETSc directory: /home2/n02/n02/lmn02/src/petsc
Using PETSc arch: petsc-gnu51-ivybridge-int64
-----------------------------------------

Using C compiler: cc  -fPIC  -march=ivybridge -O3  ${COPTFLAGS} ${CFLAGS}
Using Fortran compiler: ftn  -fPIC -march=ivybridge -O3   ${FOPTFLAGS} ${FFLAGS} 
-----------------------------------------

Using include paths: -I/home2/n02/n02/lmn02/src/petsc/petsc-gnu51-ivybridge-int64/include -I/home2/n02/n02/lmn02/src/petsc/include -I/home2/n02/n02/lmn02/src/petsc/include -I/home2/n02/n02/lmn02/src/petsc/petsc-gnu51-ivybridge-int64/include -I/work/n02/n02/lmn02/petsc-gnu51-ivybridge-int64/include -I/work/n02/n02/lmn02/petsc-gnu51-ivybridge-int64/include/eigen3 -I/opt/cray/hdf5-parallel/1.8.14/GNU/5.1/include
-----------------------------------------

Using C linker: cc
Using Fortran linker: ftn
Using libraries: -Wl,-rpath,/home2/n02/n02/lmn02/src/petsc/petsc-gnu51-ivybridge-int64/lib -L/home2/n02/n02/lmn02/src/petsc/petsc-gnu51-ivybridge-int64/lib -lpetsc -Wl,-rpath,/work/n02/n02/lmn02/petsc-gnu51-ivybridge-int64/lib -L/work/n02/n02/lmn02/petsc-gnu51-ivybridge-int64/lib -lHYPRE -lparmetis -lmetis -lexoIIv2for -lexodus -lnetcdf -Wl,-rpath,/opt/cray/hdf5-parallel/1.8.14/GNU/5.1/lib -L/opt/cray/hdf5-parallel/1.8.14/GNU/5.1/lib -lhdf5hl_fortran -lhdf5_fortran -lhdf5_hl -lhdf5 -lssl -lcrypto -ldl 
-----------------------------------------

