Int has 8 bytes

Solving with parameter set hypre, 44, 4...
Warmup solve
    Residual norms for  solve.
    0 KSP Residual norm 3.468916055541e+01 
    1 KSP Residual norm 3.828071732976e+00 
    2 KSP Residual norm 1.487539391038e+00 
    3 KSP Residual norm 1.047541881219e+00 
    4 KSP Residual norm 5.031667451927e-01 
    5 KSP Residual norm 1.774946798290e-01 
    6 KSP Residual norm 8.254448334872e-02 
    7 KSP Residual norm 4.127469867365e-02 
    8 KSP Residual norm 1.508319823063e-02 
    9 KSP Residual norm 6.330921839626e-03 
   10 KSP Residual norm 2.945458058369e-03 
   11 KSP Residual norm 1.315964701736e-03 
   12 KSP Residual norm 5.524022351229e-04 
   13 KSP Residual norm 2.428374781333e-04 
   14 KSP Residual norm 1.084548704537e-04 
   15 KSP Residual norm 4.857554270028e-05 
   16 KSP Residual norm 2.231844546840e-05 
   17 KSP Residual norm 1.049220295712e-05 
   18 KSP Residual norm 4.883436822924e-06 
   19 KSP Residual norm 2.253953846831e-06 
   20 KSP Residual norm 1.074612532135e-06 
   21 KSP Residual norm 5.138106581327e-07 
   22 KSP Residual norm 2.439067356521e-07 
KSP Object: () 384 MPI processes
  type: cg
  maximum iterations=10000, initial guess is zero
  tolerances:  relative=1e-08, absolute=1e-50, divergence=10000.
  left preconditioning
  using PRECONDITIONED norm type for convergence test
PC Object: () 384 MPI processes
  type: hypre
    HYPRE BoomerAMG preconditioning
    HYPRE BoomerAMG: Cycle type V
    HYPRE BoomerAMG: Maximum number of levels 25
    HYPRE BoomerAMG: Maximum number of iterations PER hypre call 1
    HYPRE BoomerAMG: Convergence tolerance PER hypre call 0.
    HYPRE BoomerAMG: Threshold for strong coupling 0.25
    HYPRE BoomerAMG: Interpolation truncation factor 0.
    HYPRE BoomerAMG: Interpolation: max elements per row 4
    HYPRE BoomerAMG: Number of levels of aggressive coarsening 1
    HYPRE BoomerAMG: Number of paths for aggressive coarsening 2
    HYPRE BoomerAMG: Maximum row sums 0.9
    HYPRE BoomerAMG: Sweeps down         1
    HYPRE BoomerAMG: Sweeps up           1
    HYPRE BoomerAMG: Sweeps on coarse    1
    HYPRE BoomerAMG: Relax down          symmetric-SOR/Jacobi
    HYPRE BoomerAMG: Relax up            symmetric-SOR/Jacobi
    HYPRE BoomerAMG: Relax on coarse     Gaussian-elimination
    HYPRE BoomerAMG: Relax weight  (all)      1.
    HYPRE BoomerAMG: Outer relax weight (all) 1.
    HYPRE BoomerAMG: Not using CF-relaxation
    HYPRE BoomerAMG: Not using more complex smoothers.
    HYPRE BoomerAMG: Measure type        local
    HYPRE BoomerAMG: Coarsen type        HMIS
    HYPRE BoomerAMG: Interpolation type  ext+i
  linear system matrix = precond matrix:
  Mat Object: 384 MPI processes
    type: mpiaij
    rows=43986977, cols=43986977
    total: nonzeros=3296162497, allocated nonzeros=3296162497
    total number of mallocs used during MatSetValues calls =0
      using I-node (on process 0) routines: found 46056 nodes, limit used is 5
Timed solve
    Residual norms for  solve.
    0 KSP Residual norm 3.468916055541e+01 
    1 KSP Residual norm 3.828071732976e+00 
    2 KSP Residual norm 1.487539391038e+00 
    3 KSP Residual norm 1.047541881219e+00 
    4 KSP Residual norm 5.031667451927e-01 
    5 KSP Residual norm 1.774946798290e-01 
    6 KSP Residual norm 8.254448334872e-02 
    7 KSP Residual norm 4.127469867365e-02 
    8 KSP Residual norm 1.508319823063e-02 
    9 KSP Residual norm 6.330921839626e-03 
   10 KSP Residual norm 2.945458058369e-03 
   11 KSP Residual norm 1.315964701736e-03 
   12 KSP Residual norm 5.524022351229e-04 
   13 KSP Residual norm 2.428374781333e-04 
   14 KSP Residual norm 1.084548704537e-04 
   15 KSP Residual norm 4.857554270028e-05 
   16 KSP Residual norm 2.231844546840e-05 
   17 KSP Residual norm 1.049220295712e-05 
   18 KSP Residual norm 4.883436822924e-06 
   19 KSP Residual norm 2.253953846831e-06 
   20 KSP Residual norm 1.074612532135e-06 
   21 KSP Residual norm 5.138106581327e-07 
   22 KSP Residual norm 2.439067356521e-07 
KSP Object: () 384 MPI processes
  type: cg
  maximum iterations=10000, initial guess is zero
  tolerances:  relative=1e-08, absolute=1e-50, divergence=10000.
  left preconditioning
  using PRECONDITIONED norm type for convergence test
PC Object: () 384 MPI processes
  type: hypre
    HYPRE BoomerAMG preconditioning
    HYPRE BoomerAMG: Cycle type V
    HYPRE BoomerAMG: Maximum number of levels 25
    HYPRE BoomerAMG: Maximum number of iterations PER hypre call 1
    HYPRE BoomerAMG: Convergence tolerance PER hypre call 0.
    HYPRE BoomerAMG: Threshold for strong coupling 0.25
    HYPRE BoomerAMG: Interpolation truncation factor 0.
    HYPRE BoomerAMG: Interpolation: max elements per row 4
    HYPRE BoomerAMG: Number of levels of aggressive coarsening 1
    HYPRE BoomerAMG: Number of paths for aggressive coarsening 2
    HYPRE BoomerAMG: Maximum row sums 0.9
    HYPRE BoomerAMG: Sweeps down         1
    HYPRE BoomerAMG: Sweeps up           1
    HYPRE BoomerAMG: Sweeps on coarse    1
    HYPRE BoomerAMG: Relax down          symmetric-SOR/Jacobi
    HYPRE BoomerAMG: Relax up            symmetric-SOR/Jacobi
    HYPRE BoomerAMG: Relax on coarse     Gaussian-elimination
    HYPRE BoomerAMG: Relax weight  (all)      1.
    HYPRE BoomerAMG: Outer relax weight (all) 1.
    HYPRE BoomerAMG: Not using CF-relaxation
    HYPRE BoomerAMG: Not using more complex smoothers.
    HYPRE BoomerAMG: Measure type        local
    HYPRE BoomerAMG: Coarsen type        HMIS
    HYPRE BoomerAMG: Interpolation type  ext+i
  linear system matrix = precond matrix:
  Mat Object: 384 MPI processes
    type: mpiaij
    rows=43986977, cols=43986977
    total: nonzeros=3296162497, allocated nonzeros=3296162497
    total number of mallocs used during MatSetValues calls =0
      using I-node (on process 0) routines: found 46056 nodes, limit used is 5
Solving with parameter set hypre, 44, 4...done
Application 25302152 resources: utime ~12181s, stime ~1361s, Rss ~719788, inblocks ~21007671, outblocks ~336107
