************************************************************************************************************************
***             WIDEN YOUR WINDOW TO 120 CHARACTERS.  Use 'enscript -r -fCourier9' to print this document            ***
************************************************************************************************************************

---------------------------------------------- PETSc Performance Summary: ----------------------------------------------

poisson-new-weak.py on a petsc-gnu51-ivybridge-int64 named nid04772 with 48 processors, by lmn02 Fri Feb 17 17:22:41 2017
Using Petsc Development GIT revision: v3.7.5-3014-g413f72f  GIT Date: 2017-02-05 17:50:57 -0600

                         Max       Max/Min        Avg      Total 
Time (sec):           1.110e+02      1.00001   1.110e+02
Objects:              3.489e+04      1.22902   3.114e+04
Flops:                3.307e+10      1.33719   2.874e+10  1.380e+12
Flops/sec:            2.978e+08      1.33719   2.589e+08  1.243e+10
MPI Messages:         2.864e+04     14.84322   6.080e+03  2.918e+05
MPI Message Lengths:  2.912e+08      2.14758   3.020e+04  8.815e+09
MPI Reductions:       1.544e+03      6.15139

Flop counting convention: 1 flop = 1 real number operation of type (multiply/divide/add/subtract)
                            e.g., VecAXPY() for real vectors of length N --> 2N flops
                            and VecAXPY() for complex vectors of length N --> 8N flops

Summary of Stages:   ----- Time ------  ----- Flops -----  --- Messages ---  -- Message Lengths --  -- Reductions --
                        Avg     %Total     Avg     %Total   counts   %Total     Avg         %Total   counts   %Total 
 0:      Main Stage: 2.6914e+01  24.2%  0.0000e+00   0.0%  6.475e+04  22.2%  4.176e+03       13.8%  7.100e+01   4.6% 
 1:          Warmup: 7.3391e+01  66.1%  6.8997e+11  50.0%  1.156e+05  39.6%  1.322e+04       43.8%  2.178e+02  14.1% 
 2: P(4, 22) Warm solve schwarz_rich: 1.0723e+01   9.7%  6.8966e+11  50.0%  1.115e+05  38.2%  1.281e+04       42.4%  1.767e+02  11.4% 

------------------------------------------------------------------------------------------------------------------------
See the 'Profiling' chapter of the users' manual for details on interpreting output.
Phase summary info:
   Count: number of times phase was executed
   Time and Flops: Max - maximum over all processors
                   Ratio - ratio of maximum to minimum over all processors
   Mess: number of messages sent
   Avg. len: average message length (bytes)
   Reduct: number of global reductions
   Global: entire computation
   Stage: stages of a computation. Set stages with PetscLogStagePush() and PetscLogStagePop().
      %T - percent time in this phase         %F - percent flops in this phase
      %M - percent messages in this phase     %L - percent message lengths in this phase
      %R - percent reductions in this phase
   Total Mflop/s: 10e-6 * (sum of flops over all processors)/(max time over all processors)
------------------------------------------------------------------------------------------------------------------------
Event                Count      Time (sec)     Flops                             --- Global ---  --- Stage ---   Total
                   Max Ratio  Max     Ratio   Max  Ratio  Mess   Avg len Reduct  %T %F %M %L %R  %T %F %M %L %R Mflop/s
------------------------------------------------------------------------------------------------------------------------

--- Event Stage 0: Main Stage

PetscBarrier           1 1.0 2.9752e-02 1.0 0.00e+00 0.0 9.5e+02 2.4e+01 5.0e+00  0  0  0  0  0   0  0  1  0  7     0
BuildTwoSided         41 1.0 2.8829e-0119.4 0.00e+00 0.0 9.2e+03 8.0e+00 0.0e+00  0  0  3  0  0   1  0 14  0  0     0
VecSet                 4 1.0 8.6811e-03 1.1 0.00e+00 0.0 0.0e+00 0.0e+00 0.0e+00  0  0  0  0  0   0  0  0  0  0     0
MatAssemblyBegin       1 1.0 1.1015e-04 5.8 0.00e+00 0.0 0.0e+00 0.0e+00 0.0e+00  0  0  0  0  0   0  0  0  0  0     0
MatAssemblyEnd         1 1.0 2.0409e-04 7.3 0.00e+00 0.0 0.0e+00 0.0e+00 0.0e+00  0  0  0  0  0   0  0  0  0  0     0
Mesh Partition         2 1.0 5.1929e-01 1.0 0.00e+00 0.0 3.4e+04 3.2e+03 1.1e+01  0  0 12  1  1   2  0 52  9 15     0
Mesh Migration         2 1.0 3.4271e-01 1.1 0.00e+00 0.0 2.6e+04 3.8e+04 2.4e+01  0  0  9 11  2   1  0 40 81 34     0
DMPlexInterp           1 1.0 3.7141e-01 1.0 0.00e+00 0.0 0.0e+00 0.0e+00 2.0e+00  0  0  0  0  0   1  0  0  0  3     0
DMPlexDistribute       1 1.0 4.8295e-01 1.0 0.00e+00 0.0 1.6e+04 6.4e+03 9.0e+00  0  0  6  1  1   2  0 25  9 13     0
DMPlexDistCones        2 1.0 1.2035e-01 1.1 0.00e+00 0.0 4.3e+03 8.5e+04 0.0e+00  0  0  1  4  0   0  0  7 30  0     0
DMPlexDistLabels       2 1.0 1.4248e-01 1.0 0.00e+00 0.0 1.4e+04 3.7e+04 2.0e+00  0  0  5  6  0   1  0 21 41  3     0
DMPlexDistribOL        1 1.0 3.8873e-01 1.0 0.00e+00 0.0 4.4e+04 2.4e+04 2.6e+01  0  0 15 12  2   1  0 68 86 37     0
DMPlexDistField        3 1.0 1.4540e-02 1.0 0.00e+00 0.0 5.8e+03 8.4e+03 2.0e+00  0  0  2  1  0   0  0  9  4  3     0
DMPlexDistData         2 1.0 3.0179e-01 5.1 0.00e+00 0.0 2.9e+04 1.3e+03 0.0e+00  0  0 10  0  0   1  0 45  3  0     0
DMPlexStratify         6 1.0 4.5998e-01 3.2 0.00e+00 0.0 0.0e+00 0.0e+00 6.0e+00  0  0  0  0  0   2  0  0  0  8     0
SFSetGraph            47 1.0 4.0689e-02 1.6 0.00e+00 0.0 0.0e+00 0.0e+00 0.0e+00  0  0  0  0  0   0  0  0  0  0     0
SFBcastBegin          90 1.0 3.8956e-01 2.0 0.00e+00 0.0 6.2e+04 1.9e+04 0.0e+00  0  0 21 14  0   1  0 96 99  0     0
SFBcastEnd            90 1.0 2.2018e-01 1.7 0.00e+00 0.0 0.0e+00 0.0e+00 0.0e+00  0  0  0  0  0   1  0  0  0  0     0
SFReduceBegin          4 1.0 1.0331e-0221.3 0.00e+00 0.0 1.6e+03 6.1e+03 0.0e+00  0  0  1  0  0   0  0  3  1  0     0
SFReduceEnd            4 1.0 1.0022e-02 5.5 0.00e+00 0.0 0.0e+00 0.0e+00 0.0e+00  0  0  0  0  0   0  0  0  0  0     0
SFFetchOpBegin         1 1.0 3.7909e-05 5.5 0.00e+00 0.0 2.1e+02 3.9e+03 0.0e+00  0  0  0  0  0   0  0  0  0  0     0
SFFetchOpEnd           1 1.0 5.9819e-04 5.1 0.00e+00 0.0 2.1e+02 3.9e+03 0.0e+00  0  0  0  0  0   0  0  0  0  0     0
CreateMesh             5 1.0 1.4284e+00 1.0 0.00e+00 0.0 6.0e+04 1.9e+04 3.9e+01  1  0 21 13  3   5  0 93 95 55     0
CreateFunctionSpace       1 1.0 3.9859e+00 1.0 0.00e+00 0.0 4.7e+04 2.4e+04 4.0e+01  4  0 16 13  3  15  0 73 91 56     0
Mesh: reorder          1 1.0 4.2504e-02 1.2 0.00e+00 0.0 0.0e+00 0.0e+00 2.0e+00  0  0  0  0  0   0  0  0  0  3     0
Mesh: numbering        1 1.0 3.2328e-01 1.0 0.00e+00 0.0 0.0e+00 0.0e+00 2.0e+00  0  0  0  0  0   1  0  0  0  3     0
ParLoopExecute         2 1.0 1.1500e-01 2.8 0.00e+00 0.0 0.0e+00 0.0e+00 0.0e+00  0  0  0  0  0   0  0  0  0  0     0
ParLoopset_4           4 1.0 2.7831e-03 1.3 0.00e+00 0.0 0.0e+00 0.0e+00 0.0e+00  0  0  0  0  0   0  0  0  0  0     0
ParLoopHaloEnd         2 1.0 5.2452e-06 1.8 0.00e+00 0.0 0.0e+00 0.0e+00 0.0e+00  0  0  0  0  0   0  0  0  0  0     0
ParLoopRednBegin       2 1.0 1.5020e-05 1.7 0.00e+00 0.0 0.0e+00 0.0e+00 0.0e+00  0  0  0  0  0   0  0  0  0  0     0
ParLoopRednEnd         2 1.0 1.1683e-05 1.7 0.00e+00 0.0 0.0e+00 0.0e+00 0.0e+00  0  0  0  0  0   0  0  0  0  0     0

--- Event Stage 1: Warmup

BuildTwoSided          5 2.5 2.3523e+01102665.0 0.00e+00 0.0 5.1e+02 8.0e+00 0.0e+00 11  0  0  0  0  17  0  0  0  0     0
VecMDot               60 0.0 2.9380e-03 0.0 2.62e+06 0.0 0.0e+00 0.0e+00 1.0e+01  0  0  0  0  1   0  0  0  0  5  7105
VecTDot               38 1.0 3.7098e-0147.1 9.40e+06 1.2 0.0e+00 0.0e+00 3.8e+01  0  0  0  0  2   0  0  0  0 17  1136
VecNorm              186 9.3 8.5522e-0241.7 7.53e+06 1.7 0.0e+00 0.0e+00 4.8e+01  0  0  0  0  3   0  0  0  0 22  2856
VecScale              66 0.0 1.9813e-04 0.0 2.62e+05 0.0 0.0e+00 0.0e+00 0.0e+00  0  0  0  0  0   0  0  0  0  0 10537
VecCopy              249 4.0 2.0526e-02 1.3 0.00e+00 0.0 0.0e+00 0.0e+00 0.0e+00  0  0  0  0  0   0  0  0  0  0     0
VecSet             52177 1.5 8.7368e-02 1.3 0.00e+00 0.0 0.0e+00 0.0e+00 0.0e+00  0  0  0  0  0   0  0  0  0  0     0
VecAXPY               65 1.1 2.6689e-02 1.5 1.46e+07 1.2 0.0e+00 0.0e+00 0.0e+00  0  0  0  0  0   0  0  0  0  0 24532
VecAYPX             1998111.0 1.1319e-02 2.4 1.44e+07 3.7 0.0e+00 0.0e+00 0.0e+00  0  0  0  0  0   0  0  0  0  0 24826
VecAXPBYCZ           960 0.0 4.0615e-03 0.0 1.91e+07 0.0 0.0e+00 0.0e+00 0.0e+00  0  0  0  0  0   0  0  0  0  0 37384
VecMAXPY              66 0.0 9.3889e-04 0.0 3.10e+06 0.0 0.0e+00 0.0e+00 0.0e+00  0  0  0  0  0   0  0  0  0  0 26279
VecAssemblyBegin      12 0.0 6.4111e-04 0.0 0.00e+00 0.0 0.0e+00 0.0e+00 5.0e+00  0  0  0  0  0   0  0  0  0  2     0
VecAssemblyEnd        12 0.0 4.5061e-05 0.0 0.00e+00 0.0 0.0e+00 0.0e+00 0.0e+00  0  0  0  0  0   0  0  0  0  0     0
VecPointwiseMult      33 0.0 2.0099e-04 0.0 1.31e+05 0.0 0.0e+00 0.0e+00 0.0e+00  0  0  0  0  0   0  0  0  0  0  5194
VecScatterBegin     213626.7 3.2363e-0210.4 0.00e+00 0.0 7.9e+04 7.7e+03 0.0e+00  0  0 27  7  0   0  0 68 16  0     0
VecScatterEnd       213626.7 1.5122e+0029.1 0.00e+00 0.0 0.0e+00 0.0e+00 0.0e+00  1  0  0  0  0   1  0  0  0  0     0
VecSetRandom           3 0.0 7.2718e-04 0.0 0.00e+00 0.0 0.0e+00 0.0e+00 0.0e+00  0  0  0  0  0   0  0  0  0  0     0
VecNormalize          66 0.0 1.5864e-03 0.0 7.87e+05 0.0 0.0e+00 0.0e+00 1.1e+01  0  0  0  0  1   0  0  0  0  5  3948
MatMult             159941.0 1.3105e+00 1.7 1.12e+10 1.4 6.5e+04 1.2e+04 3.0e+00  1 34 22  9  0   1 68 56 20  1 356509
MatMultAdd           240 0.0 2.6267e-02 0.0 7.89e+06 0.0 5.6e+03 3.4e+02 0.0e+00  0  0  2  0  0   0  0  5  0  0  2292
MatMultTranspose     26013.0 9.8159e-02 1.4 3.56e+07 1.6 1.4e+04 1.6e+04 0.0e+00  0  0  5  3  0   0  0 12  6  0 13567
MatSolve           46420 1.7 3.6932e+00 1.4 3.23e+09 1.6 0.0e+00 0.0e+00 0.0e+00  3  9  0  0  0   4 18  0  0  0 33793
MatSOR              1473 0.0 1.8942e-01 0.0 1.69e+08 0.0 0.0e+00 0.0e+00 0.0e+00  0  0  0  0  0   0  0  0  0  0  7035
MatLUFactorSym      2321 1.7 2.0354e+00 1.6 0.00e+00 0.0 0.0e+00 0.0e+00 0.0e+00  2  0  0  0  0   2  0  0  0  0     0
MatLUFactorNum      2321 1.7 1.3336e+00 1.6 1.74e+09 1.7 0.0e+00 0.0e+00 0.0e+00  1  5  0  0  0   1  9  0  0  0 48178
MatConvert             3 0.0 2.0380e-03 0.0 0.00e+00 0.0 0.0e+00 0.0e+00 0.0e+00  0  0  0  0  0   0  0  0  0  0     0
MatScale               9 0.0 9.3198e-04 0.0 4.78e+05 0.0 9.2e+01 2.3e+03 0.0e+00  0  0  0  0  0   0  0  0  0  0  3990
MatResidual          240 0.0 3.1122e-02 0.0 3.03e+07 0.0 7.4e+03 2.3e+03 0.0e+00  0  0  3  0  0   0  0  6  0  0  7625
MatAssemblyBegin    3671 1.4 1.3834e-0223.4 0.00e+00 0.0 4.7e+02 4.5e+03 7.3e+00  0  0  0  0  0   0  0  0  0  3     0
MatAssemblyEnd      3671 1.4 2.1508e-01 1.2 0.00e+00 0.0 2.7e+03 4.7e+03 4.0e+01  0  0  1  0  3   0  0  2  0 18     0
MatGetRow          35754 0.0 3.6983e-03 0.0 0.00e+00 0.0 0.0e+00 0.0e+00 0.0e+00  0  0  0  0  0   0  0  0  0  0     0
MatGetRowIJ         2321 1.7 8.5850e-02 1.5 0.00e+00 0.0 0.0e+00 0.0e+00 0.0e+00  0  0  0  0  0   0  0  0  0  0     0
MatGetSubMatrice       1 1.0 7.0570e-03 1.8 0.00e+00 0.0 2.4e+02 8.9e+04 2.0e+00  0  0  0  0  0   0  0  0  1  1     0
MatGetSubMatrix        4 0.0 6.8693e-03 0.0 0.00e+00 0.0 1.3e+02 2.0e+03 1.1e+01  0  0  0  0  1   0  0  0  0  5     0
MatGetOrdering      2321 1.7 3.6886e-01 1.5 0.00e+00 0.0 0.0e+00 0.0e+00 0.0e+00  0  0  0  0  0   0  0  0  0  0     0
MatCoarsen             3 0.0 6.8979e-03 0.0 0.00e+00 0.0 6.7e+02 3.6e+03 1.7e+00  0  0  0  0  0   0  0  1  0  1     0
MatZeroEntries      3661 1.4 3.0209e-02 1.6 0.00e+00 0.0 0.0e+00 0.0e+00 0.0e+00  0  0  0  0  0   0  0  0  0  0     0
MatView               14 2.8 1.1402e-02 2.0 0.00e+00 0.0 3.8e+02 4.0e+00 1.8e+00  0  0  0  0  0   0  0  0  0  1     0
MatAXPY                3 0.0 3.1343e-03 0.0 0.00e+00 0.0 0.0e+00 0.0e+00 1.0e+00  0  0  0  0  0   0  0  0  0  0     0
MatMatMult             3 0.0 1.0441e-02 0.0 3.59e+05 0.0 5.6e+02 1.5e+03 8.0e+00  0  0  0  0  1   0  0  0  0  4   259
MatMatMultSym          3 0.0 8.5471e-03 0.0 0.00e+00 0.0 4.7e+02 1.4e+03 7.0e+00  0  0  0  0  0   0  0  0  0  3     0
MatMatMultNum          3 0.0 1.8702e-03 0.0 3.59e+05 0.0 9.2e+01 2.2e+03 1.0e+00  0  0  0  0  0   0  0  0  0  0  1448
MatPtAP                3 0.0 5.8189e-02 0.0 3.32e+06 0.0 1.1e+03 4.7e+03 8.5e+00  0  0  0  0  1   0  0  1  0  4   412
MatPtAPSymbolic        3 0.0 4.8429e-02 0.0 0.00e+00 0.0 5.6e+02 5.4e+03 3.5e+00  0  0  0  0  0   0  0  0  0  2     0
MatPtAPNumeric         3 0.0 9.7609e-03 0.0 3.32e+06 0.0 5.1e+02 4.0e+03 5.0e+00  0  0  0  0  0   0  0  0  0  2  2455
MatTrnMatMult          1 0.0 1.1087e-01 0.0 3.08e+06 0.0 2.4e+02 3.5e+04 3.2e+00  0  0  0  0  0   0  0  0  0  1   203
MatTrnMatMultSym       1 0.0 6.7257e-02 0.0 0.00e+00 0.0 2.0e+02 2.2e+04 2.8e+00  0  0  0  0  0   0  0  0  0  1     0
MatTrnMatMultNum       1 0.0 4.2962e-02 0.0 3.08e+06 0.0 3.8e+01 9.9e+04 3.3e-01  0  0  0  0  0   0  0  0  0  0   523
MatMPIConcateSeq       1 0.0 7.2751e-03 0.0 0.00e+00 0.0 7.6e+01 2.3e+03 2.5e+00  0  0  0  0  0   0  0  0  0  1     0
MatGetLocalMat        11 0.0 2.4598e-03 0.0 0.00e+00 0.0 0.0e+00 0.0e+00 0.0e+00  0  0  0  0  0   0  0  0  0  0     0
MatGetBrAoCol          9 0.0 1.0114e-02 0.0 0.00e+00 0.0 6.4e+02 4.9e+03 0.0e+00  0  0  0  0  0   0  0  1  0  0     0
PCGAMGGraph_AGG        3 0.0 2.3127e-02 0.0 3.79e+05 0.0 2.8e+02 1.5e+03 6.0e+00  0  0  0  0  0   0  0  0  0  3   128
PCGAMGCoarse_AGG       3 0.0 1.2198e-01 0.0 3.08e+06 0.0 1.1e+03 1.1e+04 7.5e+00  0  0  0  0  0   0  0  1  0  3   184
PCGAMGProl_AGG         3 0.0 5.0433e-03 0.0 0.00e+00 0.0 5.0e+02 1.8e+03 1.2e+01  0  0  0  0  1   0  0  0  0  6     0
PCGAMGPOpt_AGG         3 0.0 1.7130e-01 0.0 7.52e+06 0.0 1.5e+03 2.0e+03 2.4e+01  0  0  1  0  2   0  0  1  0 11   346
GAMG: createProl       3 0.0 3.2276e-01 0.0 1.10e+07 0.0 3.4e+03 4.8e+03 4.9e+01  0  0  1  0  3   0  0  3  0 22   263
  Graph                6 0.0 2.2889e-02 0.0 3.79e+05 0.0 2.8e+02 1.5e+03 6.0e+00  0  0  0  0  0   0  0  0  0  3   130
  MIS/Agg              3 0.0 7.0183e-03 0.0 0.00e+00 0.0 6.7e+02 3.6e+03 1.7e+00  0  0  0  0  0   0  0  1  0  1     0
  SA: col data         3 0.0 1.3392e-03 0.0 0.00e+00 0.0 1.9e+02 3.7e+03 5.0e+00  0  0  0  0  0   0  0  0  0  2     0
  SA: frmProl0         3 0.0 3.1683e-03 0.0 0.00e+00 0.0 3.1e+02 5.9e+02 5.0e+00  0  0  0  0  0   0  0  0  0  2     0
  SA: smooth           3 0.0 1.4352e-02 0.0 4.58e+05 0.0 5.6e+02 1.5e+03 1.0e+01  0  0  0  0  1   0  0  0  0  5   241
GAMG: partLevel        3 0.0 6.8777e-02 0.0 3.32e+06 0.0 1.2e+03 4.3e+03 2.6e+01  0  0  0  0  2   0  0  1  0 12   348
  repartition          2 0.0 1.9908e-04 0.0 0.00e+00 0.0 0.0e+00 0.0e+00 2.0e+00  0  0  0  0  0   0  0  0  0  1     0
  Invert-Sort          2 0.0 8.1801e-04 0.0 0.00e+00 0.0 0.0e+00 0.0e+00 1.3e+00  0  0  0  0  0   0  0  0  0  1     0
  Move A               2 0.0 5.8908e-03 0.0 0.00e+00 0.0 7.4e+01 3.5e+03 6.0e+00  0  0  0  0  0   0  0  0  0  3     0
  Move P               2 0.0 1.2469e-03 0.0 0.00e+00 0.0 5.8e+01 9.4e+01 6.0e+00  0  0  0  0  0   0  0  0  0  3     0
PCSetUp             2326 1.7 6.6095e+01 1.6 1.76e+09 1.6 7.7e+03 9.7e+03 1.3e+02 48  5  3  1  8  73  9  7  2 58   988
PCSetUpOnBlocks       80 0.0 1.5526e-03 0.0 1.09e+03 0.0 0.0e+00 0.0e+00 0.0e+00  0  0  0  0  0   0  0  0  0  0     1
PCApply               20 1.0 7.1911e+01 1.0 5.06e+09 1.4 1.0e+05 3.2e+04 1.5e+02 65 14 36 38 10  98 28 90 88 68  2728
KSPGMRESOrthog        60 0.0 4.3118e-03 0.0 5.24e+06 0.0 0.0e+00 0.0e+00 1.0e+01  0  0  0  0  1   0  0  0  0  5  9683
KSPSetUp            2322 1.7 2.4507e-0212.4 0.00e+00 0.0 0.0e+00 0.0e+00 1.0e+00  0  0  0  0  0   0  0  0  0  0     0
KSPSolve               1 1.0 7.3078e+01 1.0 1.59e+10 1.3 1.1e+05 3.4e+04 2.1e+02 66 48 39 43 14 100 96 98 99 98  9056
SNESSolve              1 1.0 7.3345e+01 1.0 1.65e+10 1.3 1.2e+05 3.3e+04 2.2e+02 66 50 40 44 14 100100100100 99  9407
SNESFunctionEval       1 1.0 1.8482e-01 1.0 6.79e+08 1.4 1.1e+03 4.0e+04 0.0e+00  0  2  0  0  0   0  4  1  1  0 152526
SNESJacobianEval       1 1.0 1.8817e-02 1.0 0.00e+00 0.0 0.0e+00 0.0e+00 0.0e+00  0  0  0  0  0   0  0  0  0  0     0
SFSetGraph             4 4.0 6.7759e-03 1.8 0.00e+00 0.0 0.0e+00 0.0e+00 0.0e+00  0  0  0  0  0   0  0  0  0  0     0
SFBcastBegin          58 1.4 2.3570e+01269.6 0.00e+00 0.0 2.1e+04 8.7e+04 0.0e+00 11  0  7 21  0  17  0 19 49  0     0
SFBcastEnd            58 1.4 1.7672e-01 4.6 0.00e+00 0.0 0.0e+00 0.0e+00 0.0e+00  0  0  0  0  0   0  0  0  0  0     0
SFReduceBegin         20 1.0 4.8882e-02 2.4 0.00e+00 0.0 9.7e+03 1.4e+05 0.0e+00  0  0  3 15  0   0  0  8 34  0     0
SFReduceEnd           20 1.0 2.6722e+00129.0 0.00e+00 0.0 0.0e+00 0.0e+00 0.0e+00  1  0  0  0  0   1  0  0  0  0     0
CreateFunctionSpace       1 1.0 5.8166e-0246.2 0.00e+00 0.0 0.0e+00 0.0e+00 0.0e+00  0  0  0  0  0   0  0  0  0  0     0
PCPATCHCreate          1 1.0 3.8683e-01 1.0 0.00e+00 0.0 0.0e+00 0.0e+00 0.0e+00  0  0  0  0  0   1  0  0  0  0     0
PCPATCHComputeOp    3661 1.4 6.0875e+01 1.6 0.00e+00 0.0 0.0e+00 0.0e+00 0.0e+00 44  0  0  0  0  66  0  0  0  0     0
PCPATCHSolve       46420 1.7 7.7057e+00 1.5 4.97e+09 1.6 0.0e+00 0.0e+00 0.0e+00  6 14  0  0  0   9 27  0  0  0 24534
PCPATCHScatter     92840 1.7 4.5558e-01 1.4 0.00e+00 0.0 0.0e+00 0.0e+00 0.0e+00  0  0  0  0  0   1  0  0  0  0     0
ParLoopExecute        84 1.0 1.4298e+00 1.4 1.19e+10 1.4 9.4e+03 4.9e+04 0.0e+00  1 36  3  5  0   2 72  8 12  0 345127
ParLoopset_4         120 1.0 2.9762e-02 2.6 0.00e+00 0.0 0.0e+00 0.0e+00 0.0e+00  0  0  0  0  0   0  0  0  0  0     0
ParLoopHaloEnd        84 1.0 1.3046e-0126.8 0.00e+00 0.0 0.0e+00 0.0e+00 0.0e+00  0  0  0  0  0   0  0  0  0  0     0
ParLoopRednBegin      84 1.0 3.2830e-04 1.4 0.00e+00 0.0 0.0e+00 0.0e+00 0.0e+00  0  0  0  0  0   0  0  0  0  0     0
ParLoopRednEnd        84 1.0 4.2439e-04 1.3 0.00e+00 0.0 0.0e+00 0.0e+00 0.0e+00  0  0  0  0  0   0  0  0  0  0     0
ApplyBC                1 1.0 4.0938e-02 1.0 0.00e+00 0.0 0.0e+00 0.0e+00 0.0e+00  0  0  0  0  0   0  0  0  0  0     0
ParLoopset_5           2 1.0 4.4727e-04 1.2 0.00e+00 0.0 0.0e+00 0.0e+00 0.0e+00  0  0  0  0  0   0  0  0  0  0     0
ParLoopCells          66 1.0 9.5688e-01 1.4 1.19e+10 1.4 0.0e+00 0.0e+00 0.0e+00  1 36  0  0  0   1 72  0  0  0 515716
CreateSparsity         2 1.0 1.7854e-01 1.3 0.00e+00 0.0 0.0e+00 0.0e+00 0.0e+00  0  0  0  0  0   0  0  0  0  0     0
MatZeroInitial         2 1.0 1.5957e-01 1.0 0.00e+00 0.0 1.7e+03 6.9e+03 1.6e+01  0  0  1  0  1   0  0  1  0  7     0
ParLoopset_6           2 1.0 8.2469e-04 1.7 0.00e+00 0.0 0.0e+00 0.0e+00 0.0e+00  0  0  0  0  0   0  0  0  0  0     0

--- Event Stage 2: P(4, 22) Warm solve schwarz_rich

BuildTwoSided          3 0.0 3.8600e-04 0.0 0.00e+00 0.0 4.8e+01 8.0e+00 0.0e+00  0  0  0  0  0   0  0  0  0  0     0
VecMDot               60 0.0 2.8839e-03 0.0 2.62e+06 0.0 0.0e+00 0.0e+00 1.0e+01  0  0  0  0  1   0  0  0  0  6  7238
VecTDot               38 1.0 3.8390e-0137.2 9.40e+06 1.2 0.0e+00 0.0e+00 3.8e+01  0  0  0  0  2   2  0  0  0 22  1098
VecNorm              186 9.3 8.1033e-0214.9 7.53e+06 1.7 0.0e+00 0.0e+00 4.8e+01  0  0  0  0  3   0  0  0  0 27  3014
VecScale              66 0.0 1.4830e-04 0.0 2.62e+05 0.0 0.0e+00 0.0e+00 0.0e+00  0  0  0  0  0   0  0  0  0  0 14078
VecCopy              249 4.0 1.8965e-02 1.2 0.00e+00 0.0 0.0e+00 0.0e+00 0.0e+00  0  0  0  0  0   0  0  0  0  0     0
VecSet             46541 1.6 8.3987e-02 1.3 0.00e+00 0.0 0.0e+00 0.0e+00 0.0e+00  0  0  0  0  0   1  0  0  0  0     0
VecAXPY               65 1.1 2.6679e-02 1.5 1.46e+07 1.2 0.0e+00 0.0e+00 0.0e+00  0  0  0  0  0   0  0  0  0  0 24541
VecAYPX             1998111.0 1.1708e-02 2.4 1.44e+07 3.7 0.0e+00 0.0e+00 0.0e+00  0  0  0  0  0   0  0  0  0  0 24002
VecAXPBYCZ           960 0.0 4.0123e-03 0.0 1.91e+07 0.0 0.0e+00 0.0e+00 0.0e+00  0  0  0  0  0   0  0  0  0  0 37841
VecMAXPY              66 0.0 9.0504e-04 0.0 3.10e+06 0.0 0.0e+00 0.0e+00 0.0e+00  0  0  0  0  0   0  0  0  0  0 27262
VecAssemblyBegin      12 0.0 5.7507e-04 0.0 0.00e+00 0.0 0.0e+00 0.0e+00 5.0e+00  0  0  0  0  0   0  0  0  0  3     0
VecAssemblyEnd        12 0.0 8.5831e-06 0.0 0.00e+00 0.0 0.0e+00 0.0e+00 0.0e+00  0  0  0  0  0   0  0  0  0  0     0
VecPointwiseMult      33 0.0 1.4138e-04 0.0 1.31e+05 0.0 0.0e+00 0.0e+00 0.0e+00  0  0  0  0  0   0  0  0  0  0  7383
VecScatterBegin     213626.7 2.8049e-02 9.4 0.00e+00 0.0 7.9e+04 7.7e+03 0.0e+00  0  0 27  7  0   0  0 71 16  0     0
VecScatterEnd       213626.7 1.4182e+0028.6 0.00e+00 0.0 0.0e+00 0.0e+00 0.0e+00  1  0  0  0  0   8  0  0  0  0     0
VecSetRandom           3 0.0 7.2789e-04 0.0 0.00e+00 0.0 0.0e+00 0.0e+00 0.0e+00  0  0  0  0  0   0  0  0  0  0     0
VecNormalize          66 0.0 1.3897e-03 0.0 7.87e+05 0.0 0.0e+00 0.0e+00 1.1e+01  0  0  0  0  1   0  0  0  0  6  4507
MatMult             159941.0 1.5093e+00 2.0 1.12e+10 1.4 6.5e+04 1.2e+04 0.0e+00  1 34 22  9  0  10 68 58 20  0 309541
MatMultAdd           240 0.0 2.7492e-02 0.0 7.89e+06 0.0 5.6e+03 3.4e+02 0.0e+00  0  0  2  0  0   0  0  5  0  0  2190
MatMultTranspose     26013.0 9.8116e-02 1.4 3.56e+07 1.6 1.4e+04 1.6e+04 0.0e+00  0  0  5  3  0   1  0 13  6  0 13573
MatSolve           46420 1.7 3.6926e+00 1.4 3.23e+09 1.6 0.0e+00 0.0e+00 0.0e+00  3  9  0  0  0  30 18  0  0  0 33798
MatSOR              1473 0.0 1.7939e-01 0.0 1.69e+08 0.0 0.0e+00 0.0e+00 0.0e+00  0  0  0  0  0   0  0  0  0  0  7428
MatLUFactorSym         1 0.0 8.1897e-04 0.0 0.00e+00 0.0 0.0e+00 0.0e+00 0.0e+00  0  0  0  0  0   0  0  0  0  0     0
MatLUFactorNum      2321 1.7 1.2928e+00 1.6 1.74e+09 1.7 0.0e+00 0.0e+00 0.0e+00  1  5  0  0  0   9  9  0  0  0 49700
MatConvert             3 0.0 1.8060e-03 0.0 0.00e+00 0.0 0.0e+00 0.0e+00 0.0e+00  0  0  0  0  0   0  0  0  0  0     0
MatScale               9 0.0 8.6904e-04 0.0 4.78e+05 0.0 9.2e+01 2.3e+03 0.0e+00  0  0  0  0  0   0  0  0  0  0  4279
MatResidual          240 0.0 3.1518e-02 0.0 3.03e+07 0.0 7.4e+03 2.3e+03 0.0e+00  0  0  3  0  0   0  0  7  0  0  7529
MatAssemblyBegin    3667 1.4 1.5548e-0240.7 0.00e+00 0.0 4.7e+02 4.5e+03 7.3e+00  0  0  0  0  0   0  0  0  0  4     0
MatAssemblyEnd      3667 1.4 4.8252e-02 2.0 0.00e+00 0.0 8.9e+02 6.7e+02 2.3e+01  0  0  0  0  1   0  0  1  0 13     0
MatGetRow          35754 0.0 3.7630e-03 0.0 0.00e+00 0.0 0.0e+00 0.0e+00 0.0e+00  0  0  0  0  0   0  0  0  0  0     0
MatGetRowIJ            1 0.0 7.8011e-04 0.0 0.00e+00 0.0 0.0e+00 0.0e+00 0.0e+00  0  0  0  0  0   0  0  0  0  0     0
MatGetSubMatrice       1 1.0 6.7561e-03 4.5 0.00e+00 0.0 2.4e+02 8.9e+04 2.0e+00  0  0  0  0  0   0  0  0  1  1     0
MatGetSubMatrix        4 0.0 6.0079e-03 0.0 0.00e+00 0.0 1.3e+02 2.0e+03 1.1e+01  0  0  0  0  1   0  0  0  0  6     0
MatGetOrdering         1 0.0 8.3709e-04 0.0 0.00e+00 0.0 0.0e+00 0.0e+00 0.0e+00  0  0  0  0  0   0  0  0  0  0     0
MatCoarsen             3 0.0 2.6610e-03 0.0 0.00e+00 0.0 6.7e+02 3.6e+03 1.7e+00  0  0  0  0  0   0  0  1  0  1     0
MatZeroEntries      3662 1.4 4.4739e-02 1.6 0.00e+00 0.0 0.0e+00 0.0e+00 0.0e+00  0  0  0  0  0   0  0  0  0  0     0
MatView               14 2.8 3.8987e-0216.1 0.00e+00 0.0 3.8e+02 4.0e+00 1.8e+00  0  0  0  0  0   0  0  0  0  1     0
MatAXPY                3 0.0 3.1579e-03 0.0 0.00e+00 0.0 0.0e+00 0.0e+00 1.0e+00  0  0  0  0  0   0  0  0  0  1     0
MatMatMult             3 0.0 9.9049e-03 0.0 3.59e+05 0.0 5.6e+02 1.5e+03 8.0e+00  0  0  0  0  1   0  0  1  0  5   273
MatMatMultSym          3 0.0 8.0011e-03 0.0 0.00e+00 0.0 4.7e+02 1.4e+03 7.0e+00  0  0  0  0  0   0  0  0  0  4     0
MatMatMultNum          3 0.0 1.8921e-03 0.0 3.59e+05 0.0 9.2e+01 2.2e+03 1.0e+00  0  0  0  0  0   0  0  0  0  1  1431
MatPtAP                3 0.0 3.5217e-02 0.0 3.32e+06 0.0 1.1e+03 4.7e+03 8.5e+00  0  0  0  0  1   0  0  1  0  5   680
MatPtAPSymbolic        3 0.0 2.7566e-02 0.0 0.00e+00 0.0 5.6e+02 5.4e+03 3.5e+00  0  0  0  0  0   0  0  1  0  2     0
MatPtAPNumeric         3 0.0 7.6532e-03 0.0 3.32e+06 0.0 5.1e+02 4.0e+03 5.0e+00  0  0  0  0  0   0  0  0  0  3  3131
MatTrnMatMult          1 0.0 1.0200e-01 0.0 3.08e+06 0.0 2.4e+02 3.5e+04 3.2e+00  0  0  0  0  0   0  0  0  0  2   220
MatTrnMatMultSym       1 0.0 6.2469e-02 0.0 0.00e+00 0.0 2.0e+02 2.2e+04 2.8e+00  0  0  0  0  0   0  0  0  0  2     0
MatTrnMatMultNum       1 0.0 3.9530e-02 0.0 3.08e+06 0.0 3.8e+01 9.9e+04 3.3e-01  0  0  0  0  0   0  0  0  0  0   569
MatMPIConcateSeq       1 0.0 7.5681e-03 0.0 0.00e+00 0.0 0.0e+00 0.0e+00 3.3e-01  0  0  0  0  0   0  0  0  0  0     0
MatGetLocalMat        11 0.0 2.4431e-03 0.0 0.00e+00 0.0 0.0e+00 0.0e+00 0.0e+00  0  0  0  0  0   0  0  0  0  0     0
MatGetBrAoCol          9 0.0 7.0949e-03 0.0 0.00e+00 0.0 6.4e+02 4.9e+03 0.0e+00  0  0  0  0  0   0  0  1  0  0     0
PCGAMGGraph_AGG        3 0.0 2.2801e-02 0.0 3.79e+05 0.0 2.8e+02 1.5e+03 6.0e+00  0  0  0  0  0   0  0  0  0  3   130
PCGAMGCoarse_AGG       3 0.0 1.0976e-01 0.0 3.08e+06 0.0 1.1e+03 1.1e+04 7.5e+00  0  0  0  0  0   0  0  1  0  4   205
PCGAMGProl_AGG         3 0.0 5.6729e-03 0.0 0.00e+00 0.0 5.0e+02 1.8e+03 1.2e+01  0  0  0  0  1   0  0  0  0  7     0
PCGAMGPOpt_AGG         3 0.0 2.3096e-02 0.0 7.52e+06 0.0 1.5e+03 2.0e+03 2.4e+01  0  0  1  0  2   0  0  1  0 13  2568
GAMG: createProl       3 0.0 1.6252e-01 0.0 1.10e+07 0.0 3.4e+03 4.8e+03 4.9e+01  0  0  1  0  3   0  0  3  0 28   522
  Graph                6 0.0 2.2733e-02 0.0 3.79e+05 0.0 2.8e+02 1.5e+03 6.0e+00  0  0  0  0  0   0  0  0  0  3   130
  MIS/Agg              3 0.0 3.2539e-03 0.0 0.00e+00 0.0 6.7e+02 3.6e+03 1.7e+00  0  0  0  0  0   0  0  1  0  1     0
  SA: col data         3 0.0 1.6229e-03 0.0 0.00e+00 0.0 1.9e+02 3.7e+03 5.0e+00  0  0  0  0  0   0  0  0  0  3     0
  SA: frmProl0         3 0.0 3.0179e-03 0.0 0.00e+00 0.0 3.1e+02 5.9e+02 5.0e+00  0  0  0  0  0   0  0  0  0  3     0
  SA: smooth           3 0.0 1.3724e-02 0.0 4.58e+05 0.0 5.6e+02 1.5e+03 1.0e+01  0  0  0  0  1   0  0  1  0  6   252
GAMG: partLevel        3 0.0 4.2686e-02 0.0 3.32e+06 0.0 1.2e+03 4.3e+03 2.6e+01  0  0  0  0  2   0  0  1  0 15   561
  repartition          2 0.0 1.2898e-04 0.0 0.00e+00 0.0 0.0e+00 0.0e+00 2.0e+00  0  0  0  0  0   0  0  0  0  1     0
  Invert-Sort          2 0.0 5.2214e-04 0.0 0.00e+00 0.0 0.0e+00 0.0e+00 1.3e+00  0  0  0  0  0   0  0  0  0  1     0
  Move A               2 0.0 5.5022e-03 0.0 0.00e+00 0.0 7.4e+01 3.5e+03 6.0e+00  0  0  0  0  0   0  0  0  0  3     0
  Move P               2 0.0 1.0619e-03 0.0 0.00e+00 0.0 5.8e+01 9.4e+01 6.0e+00  0  0  0  0  0   0  0  0  0  3     0
PCSetUp             2325 1.7 4.0410e+00 1.5 1.76e+09 1.6 5.0e+03 8.9e+03 9.0e+01  3  5  2  1  6  31  9  5  1 51 16087
PCSetUpOnBlocks       80 0.0 2.0301e-03 0.0 1.09e+03 0.0 0.0e+00 0.0e+00 0.0e+00  0  0  0  0  0   0  0  0  0  0     1
PCApply               20 1.0 9.5349e+00 1.0 5.05e+09 1.4 1.0e+05 3.2e+04 1.2e+02  9 14 35 37  8  89 28 91 88 66 20542
KSPGMRESOrthog        60 0.0 3.5429e-03 0.0 5.24e+06 0.0 0.0e+00 0.0e+00 1.0e+01  0  0  0  0  1   0  0  0  0  6 11785
KSPSetUp            2322 1.7 7.7391e-04 2.2 0.00e+00 0.0 0.0e+00 0.0e+00 1.0e+00  0  0  0  0  0   0  0  0  0  1     0
KSPSolve               1 1.0 1.0555e+01 1.0 1.59e+10 1.3 1.1e+05 3.4e+04 1.7e+02 10 48 38 42 11  98 96 99 99 99 62667
SNESSolve              1 1.0 1.0657e+01 1.0 1.65e+10 1.3 1.1e+05 3.4e+04 1.8e+02 10 50 38 42 11  99100100100100 64713
SNESFunctionEval       1 1.0 5.4946e-02 1.7 6.79e+08 1.4 4.4e+02 5.0e+04 0.0e+00  0  2  0  0  0   0  4  0  1  0 513058
SNESJacobianEval       1 1.0 2.1269e-03 1.4 0.00e+00 0.0 0.0e+00 0.0e+00 0.0e+00  0  0  0  0  0   0  0  0  0  0     0
SFSetGraph             3 0.0 1.9979e-04 0.0 0.00e+00 0.0 0.0e+00 0.0e+00 0.0e+00  0  0  0  0  0   0  0  0  0  0     0
SFBcastBegin          56 1.4 5.8249e-02 1.8 0.00e+00 0.0 1.9e+04 9.2e+04 0.0e+00  0  0  7 20  0   0  0 17 47  0     0
SFBcastEnd            56 1.4 1.1419e+0031.3 0.00e+00 0.0 0.0e+00 0.0e+00 0.0e+00  0  0  0  0  0   4  0  0  0  0     0
SFReduceBegin         20 1.0 4.7817e-02 2.3 0.00e+00 0.0 9.7e+03 1.4e+05 0.0e+00  0  0  3 15  0   0  0  9 35  0     0
SFReduceEnd           20 1.0 1.7993e+0090.1 0.00e+00 0.0 0.0e+00 0.0e+00 0.0e+00  1  0  0  0  0   7  0  0  0  0     0
PCPATCHComputeOp    3661 1.4 2.6740e+00 1.6 0.00e+00 0.0 0.0e+00 0.0e+00 0.0e+00  2  0  0  0  0  20  0  0  0  0     0
PCPATCHSolve       46420 1.7 5.1982e+00 1.5 4.97e+09 1.6 0.0e+00 0.0e+00 0.0e+00  4 14  0  0  0  41 27  0  0  0 36369
PCPATCHScatter     92840 1.7 4.5427e-01 1.4 0.00e+00 0.0 0.0e+00 0.0e+00 0.0e+00  0  0  0  0  0   4  0  0  0  0     0
ParLoopExecute        81 1.0 1.0088e+00 1.6 1.19e+10 1.4 8.8e+03 5.0e+04 0.0e+00  1 36  3  5  0   8 72  8 12  0 488888
ParLoopset_4         120 1.0 1.9232e-02 1.8 0.00e+00 0.0 0.0e+00 0.0e+00 0.0e+00  0  0  0  0  0   0  0  0  0  0     0
ParLoopHaloEnd        81 1.0 1.2691e-0126.5 0.00e+00 0.0 0.0e+00 0.0e+00 0.0e+00  0  0  0  0  0   1  0  0  0  0     0
ParLoopRednBegin      81 1.0 3.0160e-04 1.4 0.00e+00 0.0 0.0e+00 0.0e+00 0.0e+00  0  0  0  0  0   0  0  0  0  0     0
ParLoopRednEnd        81 1.0 5.0058e-0316.5 0.00e+00 0.0 0.0e+00 0.0e+00 0.0e+00  0  0  0  0  0   0  0  0  0  0     0
ApplyBC                1 1.0 1.1470e-03 1.5 0.00e+00 0.0 0.0e+00 0.0e+00 0.0e+00  0  0  0  0  0   0  0  0  0  0     0
ParLoopCells          63 1.0 8.7111e-01 1.5 1.19e+10 1.4 0.0e+00 0.0e+00 0.0e+00  1 36  0  0  0   7 72  0  0  0 566138
------------------------------------------------------------------------------------------------------------------------

Memory usage is given in bytes:

Object Type          Creations   Destructions     Memory  Descendants' Mem.
Reports information only for process 0.

--- Event Stage 0: Main Stage

           Container     5              5         3080     0.
              Viewer     2              0            0     0.
           Index Set   370           8001     16824424     0.
   IS L to G Mapping     4              6      6379576     0.
             Section    73             77        58520     0.
              Vector     8           7167     31336392     0.
      Vector Scatter     0             10        33872     0.
              Matrix     5           4941    897277504     0.
      Preconditioner     1           3544      3714240     0.
       Krylov Solver     1           3543      4738624     0.
     DMKSP interface     0              1          696     0.
                SNES     1              1         1480     0.
      SNESLineSearch     1              1         1032     0.
              DMSNES     1              1          712     0.
    Distributed Mesh    14             14        68592     0.
    GraphPartitioner     6              6         3936     0.
Star Forest Bipartite Graph    70             70        62384     0.
     Discrete System    14             14        12992     0.

--- Event Stage 1: Warmup

              Viewer     3              3         2664     0.
         PetscRandom     6              6         4116     0.
           Index Set 10420           2789      5572576     0.
   IS L to G Mapping     2              0            0     0.
             Section     5              1          760     0.
              Vector  7276            117      2907000     0.
      Vector Scatter    26             16        19680     0.
              Matrix  5000             64     25511248     0.
      Matrix Coarsen     3              3         2028     0.
      Preconditioner  3549              6         5568     0.
       Krylov Solver  3545              3        91584     0.
     DMKSP interface     1              0            0     0.
Star Forest Bipartite Graph     3              3         2736     0.

--- Event Stage 2: P(4, 22) Warm solve schwarz_rich

              Viewer     3              3         2664     0.
         PetscRandom     6              6         4116     0.
           Index Set    65             64       138800     0.
              Vector   188            185      4842128     0.
      Vector Scatter    23             22        26928     0.
              Matrix    96             96     28717448     0.
      Matrix Coarsen     3              3         2028     0.
      Preconditioner     3              3         2952     0.
       Krylov Solver     3              3        91584     0.
Star Forest Bipartite Graph     3              3         2736     0.
========================================================================================================================
Average time to get PetscTime(): 1.19209e-07
Average time for MPI_Barrier(): 3.43323e-06
Average time for zero size MPI_Send(): 2.06133e-06
#PETSc Option Table entries:
--degree 4
--dimension 3
--parameters schwarz_rich
--results-file results64/poisson-weak-3d-64bit-schwarz-rich-gamg-lb.csv
-degree 4
-dimension 3
-log_view ascii:results64/poisson-P4-schwarz-rich-gamg-weak-3d-64bit-48.log
-parameters schwarz_rich
-results-file results64/poisson-weak-3d-64bit-schwarz-rich-gamg-lb.csv
#End of PETSc Option Table entries
Compiled without FORTRAN kernels
Compiled with full precision matrices (default)
sizeof(short) 2 sizeof(int) 4 sizeof(long) 8 sizeof(void*) 8 sizeof(PetscScalar) 8 sizeof(PetscInt) 8
Configure options: --COPTFLAGS="-march=ivybridge -O3" --CXXOPTFLAGS="-march=ivybridge -O3" --FOPTFLAGS="-march=ivybridge -O3" --PETSC_ARCH=petsc-gnu51-ivybridge-int64 --download-exodusii --download-hypre --download-metis --download-netcdf --download-parmetis --download-sowing=1 --known-bits-per-byte=8 --known-has-attribute-aligned=1 --known-level1-dcache-assoc=8 --known-level1-dcache-linesize=64 --known-level1-dcache-size=32768 --known-memcmp-ok=1 --known-mpi-c-double-complex=1 --known-mpi-int64_t=1 --known-mpi-long-double=1 --known-mpi-shared-libraries=1 --known-sdot-returns-double=0 --known-sizeof-MPI_Comm=4 --known-sizeof-MPI_Fint=4 --known-sizeof-char=1 --known-sizeof-double=8 --known-sizeof-float=4 --known-sizeof-int=4 --known-sizeof-long-long=8 --known-sizeof-long=8 --known-sizeof-short=2 --known-sizeof-size_t=8 --known-sizeof-void-p=8 --known-snrm2-returns-double=0 --prefix=/work/n02/n02/lmn02/petsc-gnu51-ivybridge-int64 --with-64-bit-indices=1 --with-batch=1 --with-blas-lapack-lib="-L/opt/cray/libsci/16.03.1/GNU/5.1/x86_64/lib -lsci_gnu_mp" --with-cc=cc --with-clib-autodetect=0 --with-cxx=CC --with-cxxlib-autodetect=0 --with-debugging=0 --with-fc=ftn --with-fortranlib-autodetect=0 --with-hdf5-dir=/opt/cray/hdf5-parallel/1.8.14/GNU/5.1 --with-hdf5=1 --with-make-np=4 --with-pic=1 --with-shared-libraries=1 --with-x=0 --download-eigen
-----------------------------------------
Libraries compiled on Tue Feb 14 12:07:09 2017 on eslogin003 
Machine characteristics: Linux-3.0.101-0.47.86.1.11753.0.PTF-default-x86_64-with-SuSE-11-x86_64
Using PETSc directory: /home2/n02/n02/lmn02/src/petsc
Using PETSc arch: petsc-gnu51-ivybridge-int64
-----------------------------------------

Using C compiler: cc  -fPIC  -march=ivybridge -O3  ${COPTFLAGS} ${CFLAGS}
Using Fortran compiler: ftn  -fPIC -march=ivybridge -O3   ${FOPTFLAGS} ${FFLAGS} 
-----------------------------------------

Using include paths: -I/home2/n02/n02/lmn02/src/petsc/petsc-gnu51-ivybridge-int64/include -I/home2/n02/n02/lmn02/src/petsc/include -I/home2/n02/n02/lmn02/src/petsc/include -I/home2/n02/n02/lmn02/src/petsc/petsc-gnu51-ivybridge-int64/include -I/work/n02/n02/lmn02/petsc-gnu51-ivybridge-int64/include -I/work/n02/n02/lmn02/petsc-gnu51-ivybridge-int64/include/eigen3 -I/opt/cray/hdf5-parallel/1.8.14/GNU/5.1/include
-----------------------------------------

Using C linker: cc
Using Fortran linker: ftn
Using libraries: -Wl,-rpath,/home2/n02/n02/lmn02/src/petsc/petsc-gnu51-ivybridge-int64/lib -L/home2/n02/n02/lmn02/src/petsc/petsc-gnu51-ivybridge-int64/lib -lpetsc -Wl,-rpath,/work/n02/n02/lmn02/petsc-gnu51-ivybridge-int64/lib -L/work/n02/n02/lmn02/petsc-gnu51-ivybridge-int64/lib -lHYPRE -lparmetis -lmetis -lexoIIv2for -lexodus -lnetcdf -Wl,-rpath,/opt/cray/hdf5-parallel/1.8.14/GNU/5.1/lib -L/opt/cray/hdf5-parallel/1.8.14/GNU/5.1/lib -lhdf5hl_fortran -lhdf5_fortran -lhdf5_hl -lhdf5 -lssl -lcrypto -ldl 
-----------------------------------------

