************************************************************************************************************************
***             WIDEN YOUR WINDOW TO 120 CHARACTERS.  Use 'enscript -r -fCourier9' to print this document            ***
************************************************************************************************************************

---------------------------------------------- PETSc Performance Summary: ----------------------------------------------

poisson-new-weak.py on a petsc-gnu51-ivybridge-int64 named nid04017 with 24 processors, by lmn02 Fri Feb 17 17:24:01 2017
Using Petsc Development GIT revision: v3.7.5-3014-g413f72f  GIT Date: 2017-02-05 17:50:57 -0600

                         Max       Max/Min        Avg      Total 
Time (sec):           9.863e+01      1.00036   9.860e+01
Objects:              3.208e+04      1.20831   2.873e+04
Flops:                2.972e+10      1.29424   2.607e+10  6.257e+11
Flops/sec:            3.015e+08      1.29424   2.644e+08  6.346e+09
MPI Messages:         1.486e+04      9.01273   4.230e+03  1.015e+05
MPI Message Lengths:  2.300e+08      1.80531   3.867e+04  3.926e+09
MPI Reductions:       1.540e+03      6.13546

Flop counting convention: 1 flop = 1 real number operation of type (multiply/divide/add/subtract)
                            e.g., VecAXPY() for real vectors of length N --> 2N flops
                            and VecAXPY() for complex vectors of length N --> 8N flops

Summary of Stages:   ----- Time ------  ----- Flops -----  --- Messages ---  -- Message Lengths --  -- Reductions --
                        Avg     %Total     Avg     %Total   counts   %Total     Avg         %Total   counts   %Total 
 0:      Main Stage: 2.2685e+01  23.0%  0.0000e+00   0.0%  2.306e+04  22.7%  5.420e+03       14.0%  7.100e+01   4.6% 
 1:          Warmup: 6.6250e+01  67.2%  3.1292e+11  50.0%  4.008e+04  39.5%  1.688e+04       43.7%  2.175e+02  14.1% 
 2: P(4, 17) Warm solve schwarz_rich: 9.6632e+00   9.8%  3.1278e+11  50.0%  3.839e+04  37.8%  1.637e+04       42.3%  1.763e+02  11.5% 

------------------------------------------------------------------------------------------------------------------------
See the 'Profiling' chapter of the users' manual for details on interpreting output.
Phase summary info:
   Count: number of times phase was executed
   Time and Flops: Max - maximum over all processors
                   Ratio - ratio of maximum to minimum over all processors
   Mess: number of messages sent
   Avg. len: average message length (bytes)
   Reduct: number of global reductions
   Global: entire computation
   Stage: stages of a computation. Set stages with PetscLogStagePush() and PetscLogStagePop().
      %T - percent time in this phase         %F - percent flops in this phase
      %M - percent messages in this phase     %L - percent message lengths in this phase
      %R - percent reductions in this phase
   Total Mflop/s: 10e-6 * (sum of flops over all processors)/(max time over all processors)
------------------------------------------------------------------------------------------------------------------------
Event                Count      Time (sec)     Flops                             --- Global ---  --- Stage ---   Total
                   Max Ratio  Max     Ratio   Max  Ratio  Mess   Avg len Reduct  %T %F %M %L %R  %T %F %M %L %R Mflop/s
------------------------------------------------------------------------------------------------------------------------

--- Event Stage 0: Main Stage

PetscBarrier           1 1.0 2.4877e-02 1.0 0.00e+00 0.0 4.1e+02 2.4e+01 5.0e+00  0  0  0  0  0   0  0  2  0  7     0
BuildTwoSided         41 1.0 1.5288e-0115.9 0.00e+00 0.0 3.2e+03 8.0e+00 0.0e+00  0  0  3  0  0   1  0 14  0  0     0
VecSet                 4 1.0 1.6494e-03 1.1 0.00e+00 0.0 0.0e+00 0.0e+00 0.0e+00  0  0  0  0  0   0  0  0  0  0     0
MatAssemblyBegin       1 1.0 9.2030e-05 5.1 0.00e+00 0.0 0.0e+00 0.0e+00 0.0e+00  0  0  0  0  0   0  0  0  0  0     0
MatAssemblyEnd         1 1.0 2.3007e-04 2.7 0.00e+00 0.0 0.0e+00 0.0e+00 0.0e+00  0  0  0  0  0   0  0  0  0  0     0
Mesh Partition         2 1.0 2.9157e-01 1.0 0.00e+00 0.0 9.6e+03 5.1e+03 1.1e+01  0  0  9  1  1   1  0 42  9 15     0
Mesh Migration         2 1.0 1.4441e-01 1.0 0.00e+00 0.0 1.1e+04 3.9e+04 2.4e+01  0  0 11 11  2   1  0 49 81 34     0
DMPlexInterp           1 1.0 1.4595e-01 1.0 0.00e+00 0.0 0.0e+00 0.0e+00 2.0e+00  0  0  0  0  0   1  0  0  0  3     0
DMPlexDistribute       1 1.0 2.0329e-01 1.0 0.00e+00 0.0 4.8e+03 1.0e+04 9.0e+00  0  0  5  1  1   1  0 21  9 13     0
DMPlexDistCones        2 1.0 5.0069e-02 1.2 0.00e+00 0.0 1.8e+03 9.0e+04 0.0e+00  0  0  2  4  0   0  0  8 30  0     0
DMPlexDistLabels       2 1.0 6.1866e-02 1.0 0.00e+00 0.0 6.1e+03 3.7e+04 2.0e+00  0  0  6  6  0   0  0 26 41  3     0
DMPlexDistribOL        1 1.0 2.4005e-01 1.0 0.00e+00 0.0 1.6e+04 2.9e+04 2.6e+01  0  0 16 12  2   1  0 71 86 37     0
DMPlexDistField        3 1.0 5.7073e-03 1.0 0.00e+00 0.0 2.5e+03 8.8e+03 2.0e+00  0  0  2  1  0   0  0 11  4  3     0
DMPlexDistData         2 1.0 1.7851e-01 4.4 0.00e+00 0.0 7.4e+03 2.2e+03 0.0e+00  0  0  7  0  0   1  0 32  3  0     0
DMPlexStratify         6 1.0 1.7703e-01 2.9 0.00e+00 0.0 0.0e+00 0.0e+00 6.0e+00  0  0  0  0  0   1  0  0  0  8     0
SFSetGraph            47 1.0 3.3764e-02 1.5 0.00e+00 0.0 0.0e+00 0.0e+00 0.0e+00  0  0  0  0  0   0  0  0  0  0     0
SFBcastBegin          90 1.0 2.0923e-01 2.6 0.00e+00 0.0 2.2e+04 2.5e+04 0.0e+00  0  0 22 14  0   1  0 96 99  0     0
SFBcastEnd            90 1.0 1.0374e-01 2.7 0.00e+00 0.0 0.0e+00 0.0e+00 0.0e+00  0  0  0  0  0   0  0  0  0  0     0
SFReduceBegin          4 1.0 1.9572e-03 5.6 0.00e+00 0.0 7.1e+02 6.3e+03 0.0e+00  0  0  1  0  0   0  0  3  1  0     0
SFReduceEnd            4 1.0 1.6322e-03 2.8 0.00e+00 0.0 0.0e+00 0.0e+00 0.0e+00  0  0  0  0  0   0  0  0  0  0     0
SFFetchOpBegin         1 1.0 2.4080e-05 4.0 0.00e+00 0.0 9.1e+01 4.0e+03 0.0e+00  0  0  0  0  0   0  0  0  0  0     0
SFFetchOpEnd           1 1.0 3.9196e-04 3.7 0.00e+00 0.0 9.1e+01 4.0e+03 0.0e+00  0  0  0  0  0   0  0  0  0  0     0
CreateMesh             5 1.0 7.4290e-01 1.0 0.00e+00 0.0 2.1e+04 2.5e+04 3.9e+01  1  0 21 13  3   3  0 92 95 55     0
CreateFunctionSpace       1 1.0 2.9191e+00 1.0 0.00e+00 0.0 1.8e+04 2.8e+04 4.0e+01  3  0 17 13  3  13  0 77 91 56     0
Mesh: reorder          1 1.0 1.1324e-02 1.4 0.00e+00 0.0 0.0e+00 0.0e+00 2.0e+00  0  0  0  0  0   0  0  0  0  3     0
Mesh: numbering        1 1.0 2.1766e-01 1.0 0.00e+00 0.0 0.0e+00 0.0e+00 2.0e+00  0  0  0  0  0   1  0  0  0  3     0
ParLoopExecute         2 1.0 1.6820e-02 1.5 0.00e+00 0.0 0.0e+00 0.0e+00 0.0e+00  0  0  0  0  0   0  0  0  0  0     0
ParLoopset_4           4 1.0 2.2037e-03 1.6 0.00e+00 0.0 0.0e+00 0.0e+00 0.0e+00  0  0  0  0  0   0  0  0  0  0     0
ParLoopHaloEnd         2 1.0 5.2452e-06 1.8 0.00e+00 0.0 0.0e+00 0.0e+00 0.0e+00  0  0  0  0  0   0  0  0  0  0     0
ParLoopRednBegin       2 1.0 1.2159e-05 1.4 0.00e+00 0.0 0.0e+00 0.0e+00 0.0e+00  0  0  0  0  0   0  0  0  0  0     0
ParLoopRednEnd         2 1.0 1.0014e-05 1.4 0.00e+00 0.0 0.0e+00 0.0e+00 0.0e+00  0  0  0  0  0   0  0  0  0  0     0

--- Event Stage 1: Warmup

BuildTwoSided          5 2.5 2.0303e+012958.3 0.00e+00 0.0 2.1e+02 8.0e+00 0.0e+00 11  0  0  0  0  16  0  1  0  0     0
VecMDot               60 0.0 1.5032e-03 0.0 2.46e+06 0.0 0.0e+00 0.0e+00 1.0e+01  0  0  0  0  1   0  0  0  0  5  6532
VecTDot               38 1.0 2.2224e-0130.9 8.77e+06 1.2 0.0e+00 0.0e+00 3.8e+01  0  0  0  0  2   0  0  0  0 17   879
VecNorm              186 9.3 1.8623e-0214.2 6.95e+06 1.7 0.0e+00 0.0e+00 4.8e+01  0  0  0  0  3   0  0  0  0 22  6089
VecScale              66 0.0 1.5402e-04 0.0 2.46e+05 0.0 0.0e+00 0.0e+00 0.0e+00  0  0  0  0  0   0  0  0  0  0  6376
VecCopy              249 4.0 1.7639e-02 1.2 0.00e+00 0.0 0.0e+00 0.0e+00 0.0e+00  0  0  0  0  0   0  0  0  0  0     0
VecSet             48723 1.5 8.0278e-02 1.3 0.00e+00 0.0 0.0e+00 0.0e+00 0.0e+00  0  0  0  0  0   0  0  0  0  0     0
VecAXPY               65 1.1 2.4656e-02 1.5 1.36e+07 1.2 0.0e+00 0.0e+00 0.0e+00  0  0  0  0  0   0  0  0  0  0 12313
VecAYPX             1998111.0 1.0631e-02 2.4 1.35e+07 3.7 0.0e+00 0.0e+00 0.0e+00  0  0  0  0  0   0  0  0  0  0 12308
VecAXPBYCZ           960 0.0 3.7234e-03 0.0 1.79e+07 0.0 0.0e+00 0.0e+00 0.0e+00  0  0  0  0  0   0  0  0  0  0 19180
VecMAXPY              66 0.0 8.7118e-04 0.0 2.91e+06 0.0 0.0e+00 0.0e+00 0.0e+00  0  0  0  0  0   0  0  0  0  0 13321
VecAssemblyBegin      12 0.0 2.7633e-04 0.0 0.00e+00 0.0 0.0e+00 0.0e+00 5.0e+00  0  0  0  0  0   0  0  0  0  2     0
VecAssemblyEnd        12 0.0 3.2902e-05 0.0 0.00e+00 0.0 0.0e+00 0.0e+00 0.0e+00  0  0  0  0  0   0  0  0  0  0     0
VecPointwiseMult      33 0.0 1.9574e-04 0.0 1.23e+05 0.0 0.0e+00 0.0e+00 0.0e+00  0  0  0  0  0   0  0  0  0  0  2508
VecScatterBegin     213626.7 1.4935e-02 4.9 0.00e+00 0.0 2.5e+04 1.0e+04 0.0e+00  0  0 25  7  0   0  0 63 15  0     0
VecScatterEnd       213626.7 1.0843e+0024.3 0.00e+00 0.0 0.0e+00 0.0e+00 0.0e+00  1  0  0  0  0   1  0  0  0  0     0
VecSetRandom           3 0.0 6.8521e-04 0.0 0.00e+00 0.0 0.0e+00 0.0e+00 0.0e+00  0  0  0  0  0   0  0  0  0  0     0
VecNormalize          66 0.0 8.5258e-04 0.0 7.38e+05 0.0 0.0e+00 0.0e+00 1.1e+01  0  0  0  0  1   0  0  0  0  5  3455
MatMult             159941.0 1.1953e+00 1.6 9.84e+09 1.3 2.1e+04 1.5e+04 3.0e+00  1 34 20  8  0   1 67 52 19  1 176600
MatMultAdd           240 0.0 1.8831e-02 0.0 6.94e+06 0.0 1.5e+03 4.4e+02 0.0e+00  0  0  1  0  0   0  0  4  0  0  1450
MatMultTranspose     26013.0 8.3364e-02 1.3 3.29e+07 1.6 5.1e+03 1.9e+04 0.0e+00  0  0  5  3  0   0  0 13  6  0  7388
MatSolve           42280 1.7 3.3529e+00 1.4 2.98e+09 1.6 0.0e+00 0.0e+00 0.0e+00  3  9  0  0  0   4 18  0  0  0 17102
MatSOR              1473 0.0 1.6893e-01 0.0 1.59e+08 0.0 0.0e+00 0.0e+00 0.0e+00  0  0  0  0  0   0  0  0  0  0  3714
MatLUFactorSym      2114 1.7 1.8924e+00 1.6 0.00e+00 0.0 0.0e+00 0.0e+00 0.0e+00  2  0  0  0  0   2  0  0  0  0     0
MatLUFactorNum      2114 1.7 1.1686e+00 1.6 1.54e+09 1.6 0.0e+00 0.0e+00 0.0e+00  1  5  0  0  0   1  9  0  0  0 24988
MatConvert             3 0.0 1.5941e-03 0.0 0.00e+00 0.0 0.0e+00 0.0e+00 0.0e+00  0  0  0  0  0   0  0  0  0  0     0
MatScale               9 0.0 7.7319e-04 0.0 4.34e+05 0.0 2.6e+01 3.0e+03 0.0e+00  0  0  0  0  0   0  0  0  0  0  2215
MatResidual          240 0.0 2.4335e-02 0.0 2.78e+07 0.0 2.1e+03 3.0e+03 0.0e+00  0  0  2  0  0   0  0  5  0  0  4507
MatAssemblyBegin    3243 1.3 4.1647e-03 7.8 0.00e+00 0.0 1.4e+02 5.5e+03 7.3e+00  0  0  0  0  0   0  0  0  0  3     0
MatAssemblyEnd      3243 1.3 1.8369e-01 1.1 0.00e+00 0.0 9.8e+02 5.4e+03 4.0e+01  0  0  1  0  3   0  0  2  0 18     0
MatGetRow          33561 0.0 3.4106e-03 0.0 0.00e+00 0.0 0.0e+00 0.0e+00 0.0e+00  0  0  0  0  0   0  0  0  0  0     0
MatGetRowIJ         2114 1.7 8.1399e-02 1.6 0.00e+00 0.0 0.0e+00 0.0e+00 0.0e+00  0  0  0  0  0   0  0  0  0  0     0
MatGetSubMatrice       1 1.0 6.5148e-03 1.6 0.00e+00 0.0 1.2e+02 8.2e+04 2.0e+00  0  0  0  0  0   0  0  0  1  1     0
MatGetSubMatrix        4 0.0 1.9763e-03 0.0 0.00e+00 0.0 3.8e+01 2.4e+03 1.1e+01  0  0  0  0  1   0  0  0  0  5     0
MatGetOrdering      2114 1.7 3.2938e-01 1.6 0.00e+00 0.0 0.0e+00 0.0e+00 0.0e+00  0  0  0  0  0   0  0  0  0  0     0
MatCoarsen             3 0.0 2.4340e-03 0.0 0.00e+00 0.0 1.7e+02 4.4e+03 1.3e+00  0  0  0  0  0   0  0  0  0  1     0
MatZeroEntries      3171 1.2 1.9649e-02 1.5 0.00e+00 0.0 0.0e+00 0.0e+00 0.0e+00  0  0  0  0  0   0  0  0  0  0     0
MatView               14 2.8 5.1692e-03 2.2 0.00e+00 0.0 1.8e+02 4.0e+00 1.8e+00  0  0  0  0  0   0  0  0  0  1     0
MatAXPY                3 0.0 2.8620e-03 0.0 0.00e+00 0.0 0.0e+00 0.0e+00 1.0e+00  0  0  0  0  0   0  0  0  0  0     0
MatMatMult             3 0.0 8.4529e-03 0.0 3.12e+05 0.0 1.6e+02 1.9e+03 8.0e+00  0  0  0  0  1   0  0  0  0  4   144
MatMatMultSym          3 0.0 6.8109e-03 0.0 0.00e+00 0.0 1.3e+02 1.8e+03 7.0e+00  0  0  0  0  0   0  0  0  0  3     0
MatMatMultNum          3 0.0 1.5960e-03 0.0 3.12e+05 0.0 2.6e+01 2.8e+03 1.0e+00  0  0  0  0  0   0  0  0  0  0   763
MatPtAP                3 0.0 2.1935e-02 0.0 2.73e+06 0.0 2.9e+02 6.2e+03 8.5e+00  0  0  0  0  1   0  0  1  0  4   479
MatPtAPSymbolic        3 0.0 1.6053e-02 0.0 0.00e+00 0.0 1.6e+02 6.9e+03 3.5e+00  0  0  0  0  0   0  0  0  0  2     0
MatPtAPNumeric         3 0.0 5.8839e-03 0.0 2.73e+06 0.0 1.3e+02 5.3e+03 5.0e+00  0  0  0  0  0   0  0  0  0  2  1787
MatTrnMatMult          1 0.0 7.9003e-02 0.0 2.52e+06 0.0 7.2e+01 4.2e+04 3.2e+00  0  0  0  0  0   0  0  0  0  1   125
MatTrnMatMultSym       1 0.0 5.0174e-02 0.0 0.00e+00 0.0 6.0e+01 2.7e+04 2.8e+00  0  0  0  0  0   0  0  0  0  1     0
MatTrnMatMultNum       1 0.0 2.8378e-02 0.0 2.52e+06 0.0 1.2e+01 1.2e+05 3.3e-01  0  0  0  0  0   0  0  0  0  0   348
MatMPIConcateSeq       1 0.0 6.3140e-03 0.0 0.00e+00 0.0 2.4e+01 2.8e+03 2.5e+00  0  0  0  0  0   0  0  0  0  1     0
MatGetLocalMat        11 0.0 2.2645e-03 0.0 0.00e+00 0.0 0.0e+00 0.0e+00 0.0e+00  0  0  0  0  0   0  0  0  0  0     0
MatGetBrAoCol          9 0.0 1.5867e-03 0.0 0.00e+00 0.0 1.8e+02 6.2e+03 0.0e+00  0  0  0  0  0   0  0  0  0  0     0
PCGAMGGraph_AGG        3 0.0 1.9205e-02 0.0 3.47e+05 0.0 7.8e+01 1.9e+03 6.0e+00  0  0  0  0  0   0  0  0  0  3    71
PCGAMGCoarse_AGG       3 0.0 8.4908e-02 0.0 2.52e+06 0.0 3.0e+02 1.4e+04 7.2e+00  0  0  0  0  0   0  0  1  0  3   116
PCGAMGProl_AGG         3 0.0 3.9020e-03 0.0 0.00e+00 0.0 1.5e+02 2.1e+03 1.2e+01  0  0  0  0  1   0  0  0  0  6     0
PCGAMGPOpt_AGG         3 0.0 2.5610e-02 0.0 6.96e+06 0.0 4.2e+02 2.6e+03 2.4e+01  0  0  0  0  2   0  0  1  0 11  1077
GAMG: createProl       3 0.0 1.3465e-01 0.0 9.82e+06 0.0 9.4e+02 6.2e+03 4.9e+01  0  0  1  0  3   0  0  2  0 22   288
  Graph                6 0.0 1.8976e-02 0.0 3.47e+05 0.0 7.8e+01 1.9e+03 6.0e+00  0  0  0  0  0   0  0  0  0  3    72
  MIS/Agg              3 0.0 2.5430e-03 0.0 0.00e+00 0.0 1.7e+02 4.4e+03 1.3e+00  0  0  0  0  0   0  0  0  0  1     0
  SA: col data         3 0.0 9.7394e-04 0.0 0.00e+00 0.0 5.2e+01 4.7e+03 5.0e+00  0  0  0  0  0   0  0  0  0  2     0
  SA: frmProl0         3 0.0 2.4838e-03 0.0 0.00e+00 0.0 9.5e+01 7.1e+02 5.0e+00  0  0  0  0  0   0  0  0  0  2     0
  SA: smooth           3 0.0 1.1975e-02 0.0 3.99e+05 0.0 1.6e+02 1.9e+03 1.0e+01  0  0  0  0  1   0  0  0  0  5   130
GAMG: partLevel        3 0.0 2.6275e-02 0.0 2.73e+06 0.0 3.4e+02 5.5e+03 2.6e+01  0  0  0  0  2   0  0  1  0 12   400
  repartition          2 0.0 1.3328e-04 0.0 0.00e+00 0.0 0.0e+00 0.0e+00 2.0e+00  0  0  0  0  0   0  0  0  0  1     0
  Invert-Sort          2 0.0 5.5099e-04 0.0 0.00e+00 0.0 0.0e+00 0.0e+00 1.3e+00  0  0  0  0  0   0  0  0  0  1     0
  Move A               2 0.0 1.3552e-03 0.0 0.00e+00 0.0 2.4e+01 3.7e+03 6.0e+00  0  0  0  0  0   0  0  0  0  3     0
  Move P               2 0.0 7.7510e-04 0.0 0.00e+00 0.0 1.4e+01 1.2e+02 6.0e+00  0  0  0  0  0   0  0  0  0  3     0
PCSetUp             2119 1.7 6.0188e+01 1.6 1.56e+09 1.6 2.6e+03 1.2e+04 1.3e+02 50  5  3  1  8  74  9  6  2 58   493
PCSetUpOnBlocks       80 0.0 7.4458e-04 0.0 1.29e+02 0.0 0.0e+00 0.0e+00 0.0e+00  0  0  0  0  0   0  0  0  0  0     0
PCApply               20 1.0 6.5159e+01 1.0 4.61e+09 1.5 3.5e+04 4.3e+04 1.5e+02 66 14 35 38 10  98 29 88 88 68  1379
KSPGMRESOrthog        60 0.0 2.6538e-03 0.0 4.92e+06 0.0 0.0e+00 0.0e+00 1.0e+01  0  0  0  0  1   0  0  0  0  5  7400
KSPSetUp            2115 1.7 2.8746e-03 2.0 0.00e+00 0.0 0.0e+00 0.0e+00 1.0e+00  0  0  0  0  0   0  0  0  0  0     0
KSPSolve               1 1.0 6.6126e+01 1.0 1.43e+10 1.3 3.9e+04 4.3e+04 2.1e+02 67 48 39 43 14 100 96 98 99 98  4540
SNESSolve              1 1.0 6.6216e+01 1.0 1.49e+10 1.3 4.0e+04 4.3e+04 2.2e+02 67 50 39 44 14 100100100100 99  4726
SNESFunctionEval       1 1.0 8.2636e-02 1.1 5.85e+08 1.3 4.6e+02 4.2e+04 0.0e+00  0  2  0  0  0   0  4  1  1  0 154111
SNESJacobianEval       1 1.0 2.2750e-03 8.1 0.00e+00 0.0 0.0e+00 0.0e+00 0.0e+00  0  0  0  0  0   0  0  0  0  0     0
SFSetGraph             4 4.0 5.6310e-03 1.5 0.00e+00 0.0 0.0e+00 0.0e+00 0.0e+00  0  0  0  0  0   0  0  0  0  0     0
SFBcastBegin          56 1.3 2.0351e+01279.8 0.00e+00 0.0 8.9e+03 9.4e+04 0.0e+00 11  0  9 21  0  16  0 22 49  0     0
SFBcastEnd            56 1.3 1.5327e-01 4.2 0.00e+00 0.0 0.0e+00 0.0e+00 0.0e+00  0  0  0  0  0   0  0  0  0  0     0
SFReduceBegin         20 1.0 4.3971e-02 2.4 0.00e+00 0.0 4.1e+03 1.5e+05 0.0e+00  0  0  4 15  0   0  0 10 35  0     0
SFReduceEnd           20 1.0 2.5437e+00135.1 0.00e+00 0.0 0.0e+00 0.0e+00 0.0e+00  1  0  0  0  0   1  0  0  0  0     0
CreateFunctionSpace       1 1.0 1.5154e-01117.7 0.00e+00 0.0 0.0e+00 0.0e+00 0.0e+00  0  0  0  0  0   0  0  0  0  0     0
PCPATCHCreate          1 1.0 3.1203e-01 1.4 0.00e+00 0.0 0.0e+00 0.0e+00 0.0e+00  0  0  0  0  0   0  0  0  0  0     0
PCPATCHComputeOp    3168 1.2 5.5236e+01 1.6 0.00e+00 0.0 0.0e+00 0.0e+00 0.0e+00 45  0  0  0  0  67  0  0  0  0     0
PCPATCHSolve       42280 1.7 6.9584e+00 1.5 4.53e+09 1.6 0.0e+00 0.0e+00 0.0e+00  6 14  0  0  0   9 28  0  0  0 12437
PCPATCHScatter     84560 1.7 4.0784e-01 1.4 0.00e+00 0.0 0.0e+00 0.0e+00 0.0e+00  0  0  0  0  0   1  0  0  0  0     0
ParLoopExecute        84 1.0 1.1895e+00 1.3 1.02e+10 1.3 3.9e+03 5.1e+04 0.0e+00  1 36  4  5  0   2 71 10 12  0 187415
ParLoopset_4         120 1.0 2.9806e-02 1.2 0.00e+00 0.0 0.0e+00 0.0e+00 0.0e+00  0  0  0  0  0   0  0  0  0  0     0
ParLoopHaloEnd        84 1.0 1.0752e-0121.2 0.00e+00 0.0 0.0e+00 0.0e+00 0.0e+00  0  0  0  0  0   0  0  0  0  0     0
ParLoopRednBegin      84 1.0 3.2783e-04 1.3 0.00e+00 0.0 0.0e+00 0.0e+00 0.0e+00  0  0  0  0  0   0  0  0  0  0     0
ParLoopRednEnd        84 1.0 4.5943e-04 1.4 0.00e+00 0.0 0.0e+00 0.0e+00 0.0e+00  0  0  0  0  0   0  0  0  0  0     0
ApplyBC                1 1.0 2.8236e-02 1.3 0.00e+00 0.0 0.0e+00 0.0e+00 0.0e+00  0  0  0  0  0   0  0  0  0  0     0
ParLoopset_5           2 1.0 4.6587e-04 1.3 0.00e+00 0.0 0.0e+00 0.0e+00 0.0e+00  0  0  0  0  0   0  0  0  0  0     0
ParLoopCells          66 1.0 8.4745e-01 1.3 1.02e+10 1.3 0.0e+00 0.0e+00 0.0e+00  1 36  0  0  0   1 71  0  0  0 263058
CreateSparsity         2 1.0 1.7072e-01 1.3 0.00e+00 0.0 0.0e+00 0.0e+00 0.0e+00  0  0  0  0  0   0  0  0  0  0     0
MatZeroInitial         2 1.0 1.4703e-01 1.0 0.00e+00 0.0 7.2e+02 7.0e+03 1.6e+01  0  0  1  0  1   0  0  2  0  7     0
ParLoopset_6           2 1.0 8.5711e-04 2.1 0.00e+00 0.0 0.0e+00 0.0e+00 0.0e+00  0  0  0  0  0   0  0  0  0  0     0

--- Event Stage 2: P(4, 17) Warm solve schwarz_rich

BuildTwoSided          3 0.0 9.9897e-05 0.0 0.00e+00 0.0 1.3e+01 8.0e+00 0.0e+00  0  0  0  0  0   0  0  0  0  0     0
VecMDot               60 0.0 1.3330e-03 0.0 2.46e+06 0.0 0.0e+00 0.0e+00 1.0e+01  0  0  0  0  1   0  0  0  0  6  7366
VecTDot               38 1.0 2.4902e-0129.4 8.77e+06 1.2 0.0e+00 0.0e+00 3.8e+01  0  0  0  0  2   1  0  0  0 22   785
VecNorm              186 9.3 1.7729e-0215.4 6.95e+06 1.7 0.0e+00 0.0e+00 4.8e+01  0  0  0  0  3   0  0  0  0 27  6396
VecScale              66 0.0 1.1373e-04 0.0 2.46e+05 0.0 0.0e+00 0.0e+00 0.0e+00  0  0  0  0  0   0  0  0  0  0  8634
VecCopy              249 4.0 1.5683e-02 1.2 0.00e+00 0.0 0.0e+00 0.0e+00 0.0e+00  0  0  0  0  0   0  0  0  0  0     0
VecSet             42401 1.6 7.6983e-02 1.3 0.00e+00 0.0 0.0e+00 0.0e+00 0.0e+00  0  0  0  0  0   1  0  0  0  0     0
VecAXPY               65 1.1 2.4881e-02 1.5 1.36e+07 1.2 0.0e+00 0.0e+00 0.0e+00  0  0  0  0  0   0  0  0  0  0 12202
VecAYPX             1998111.0 1.0745e-02 2.5 1.35e+07 3.7 0.0e+00 0.0e+00 0.0e+00  0  0  0  0  0   0  0  0  0  0 12178
VecAXPBYCZ           960 0.0 4.0472e-03 0.0 1.79e+07 0.0 0.0e+00 0.0e+00 0.0e+00  0  0  0  0  0   0  0  0  0  0 17646
VecMAXPY              66 0.0 8.3971e-04 0.0 2.91e+06 0.0 0.0e+00 0.0e+00 0.0e+00  0  0  0  0  0   0  0  0  0  0 13820
VecAssemblyBegin      12 0.0 1.6189e-04 0.0 0.00e+00 0.0 0.0e+00 0.0e+00 5.0e+00  0  0  0  0  0   0  0  0  0  3     0
VecAssemblyEnd        12 0.0 7.6294e-06 0.0 0.00e+00 0.0 0.0e+00 0.0e+00 0.0e+00  0  0  0  0  0   0  0  0  0  0     0
VecPointwiseMult      33 0.0 1.4853e-04 0.0 1.23e+05 0.0 0.0e+00 0.0e+00 0.0e+00  0  0  0  0  0   0  0  0  0  0  3305
VecScatterBegin     213626.7 1.4796e-02 5.1 0.00e+00 0.0 2.5e+04 1.0e+04 0.0e+00  0  0 25  7  0   0  0 65 15  0     0
VecScatterEnd       213626.7 1.2792e+0025.4 0.00e+00 0.0 0.0e+00 0.0e+00 0.0e+00  1  0  0  0  0   7  0  0  0  0     0
VecSetRandom           3 0.0 6.8521e-04 0.0 0.00e+00 0.0 0.0e+00 0.0e+00 0.0e+00  0  0  0  0  0   0  0  0  0  0     0
VecNormalize          66 0.0 7.1025e-04 0.0 7.38e+05 0.0 0.0e+00 0.0e+00 1.1e+01  0  0  0  0  1   0  0  0  0  6  4148
MatMult             159941.0 1.3830e+00 2.1 9.84e+09 1.3 2.1e+04 1.5e+04 0.0e+00  1 34 20  8  0  10 67 54 19  0 152625
MatMultAdd           240 0.0 1.8536e-02 0.0 6.94e+06 0.0 1.5e+03 4.4e+02 0.0e+00  0  0  1  0  0   0  0  4  0  0  1473
MatMultTranspose     26013.0 8.2742e-02 1.3 3.29e+07 1.6 5.1e+03 1.9e+04 0.0e+00  0  0  5  3  0   1  0 13  6  0  7444
MatSolve           42280 1.7 3.3509e+00 1.4 2.98e+09 1.6 0.0e+00 0.0e+00 0.0e+00  3  9  0  0  0  30 18  0  0  0 17112
MatSOR              1473 0.0 1.6854e-01 0.0 1.59e+08 0.0 0.0e+00 0.0e+00 0.0e+00  0  0  0  0  0   0  0  0  0  0  3723
MatLUFactorSym         1 0.0 1.0014e-05 0.0 0.00e+00 0.0 0.0e+00 0.0e+00 0.0e+00  0  0  0  0  0   0  0  0  0  0     0
MatLUFactorNum      2114 1.7 1.1603e+00 1.6 1.54e+09 1.6 0.0e+00 0.0e+00 0.0e+00  1  5  0  0  0  10  9  0  0  0 25166
MatConvert             3 0.0 1.5519e-03 0.0 0.00e+00 0.0 0.0e+00 0.0e+00 0.0e+00  0  0  0  0  0   0  0  0  0  0     0
MatScale               9 0.0 7.3886e-04 0.0 4.34e+05 0.0 2.6e+01 3.0e+03 0.0e+00  0  0  0  0  0   0  0  0  0  0  2318
MatResidual          240 0.0 2.4185e-02 0.0 2.78e+07 0.0 2.1e+03 3.0e+03 0.0e+00  0  0  2  0  0   0  0  5  0  0  4535
MatAssemblyBegin    3239 1.3 3.6433e-0310.2 0.00e+00 0.0 1.4e+02 5.5e+03 7.3e+00  0  0  0  0  0   0  0  0  0  4     0
MatAssemblyEnd      3239 1.3 3.9947e-02 1.8 0.00e+00 0.0 2.4e+02 8.8e+02 2.3e+01  0  0  0  0  1   0  0  1  0 13     0
MatGetRow          33561 0.0 3.4711e-03 0.0 0.00e+00 0.0 0.0e+00 0.0e+00 0.0e+00  0  0  0  0  0   0  0  0  0  0     0
MatGetRowIJ            1 0.0 9.5367e-07 0.0 0.00e+00 0.0 0.0e+00 0.0e+00 0.0e+00  0  0  0  0  0   0  0  0  0  0     0
MatGetSubMatrice       1 1.0 3.6790e-03 2.3 0.00e+00 0.0 1.2e+02 8.2e+04 2.0e+00  0  0  0  0  0   0  0  0  1  1     0
MatGetSubMatrix        4 0.0 1.2619e-03 0.0 0.00e+00 0.0 3.8e+01 2.4e+03 1.1e+01  0  0  0  0  1   0  0  0  0  6     0
MatGetOrdering         1 0.0 2.4080e-05 0.0 0.00e+00 0.0 0.0e+00 0.0e+00 0.0e+00  0  0  0  0  0   0  0  0  0  0     0
MatCoarsen             3 0.0 1.5879e-03 0.0 0.00e+00 0.0 1.7e+02 4.4e+03 1.3e+00  0  0  0  0  0   0  0  0  0  1     0
MatZeroEntries      3172 1.2 4.1430e-02 1.6 0.00e+00 0.0 0.0e+00 0.0e+00 0.0e+00  0  0  0  0  0   0  0  0  0  0     0
MatView               14 2.8 3.4480e-03 2.9 0.00e+00 0.0 1.8e+02 4.0e+00 1.8e+00  0  0  0  0  0   0  0  0  0  1     0
MatAXPY                3 0.0 2.8419e-03 0.0 0.00e+00 0.0 0.0e+00 0.0e+00 1.0e+00  0  0  0  0  0   0  0  0  0  1     0
MatMatMult             3 0.0 8.0481e-03 0.0 3.12e+05 0.0 1.6e+02 1.9e+03 8.0e+00  0  0  0  0  1   0  0  0  0  5   151
MatMatMultSym          3 0.0 6.4349e-03 0.0 0.00e+00 0.0 1.3e+02 1.8e+03 7.0e+00  0  0  0  0  0   0  0  0  0  4     0
MatMatMultNum          3 0.0 1.5972e-03 0.0 3.12e+05 0.0 2.6e+01 2.8e+03 1.0e+00  0  0  0  0  0   0  0  0  0  1   762
MatPtAP                3 0.0 2.1543e-02 0.0 2.73e+06 0.0 2.9e+02 6.2e+03 8.5e+00  0  0  0  0  1   0  0  1  0  5   488
MatPtAPSymbolic        3 0.0 1.5983e-02 0.0 0.00e+00 0.0 1.6e+02 6.9e+03 3.5e+00  0  0  0  0  0   0  0  0  0  2     0
MatPtAPNumeric         3 0.0 5.5618e-03 0.0 2.73e+06 0.0 1.3e+02 5.3e+03 5.0e+00  0  0  0  0  0   0  0  0  0  3  1891
MatTrnMatMult          1 0.0 7.7671e-02 0.0 2.52e+06 0.0 7.2e+01 4.2e+04 3.2e+00  0  0  0  0  0   0  0  0  0  2   127
MatTrnMatMultSym       1 0.0 4.9399e-02 0.0 0.00e+00 0.0 6.0e+01 2.7e+04 2.8e+00  0  0  0  0  0   0  0  0  0  2     0
MatTrnMatMultNum       1 0.0 2.8262e-02 0.0 2.52e+06 0.0 1.2e+01 1.2e+05 3.3e-01  0  0  0  0  0   0  0  0  0  0   350
MatMPIConcateSeq       1 0.0 3.8002e-03 0.0 0.00e+00 0.0 0.0e+00 0.0e+00 3.3e-01  0  0  0  0  0   0  0  0  0  0     0
MatGetLocalMat        11 0.0 2.1698e-03 0.0 0.00e+00 0.0 0.0e+00 0.0e+00 0.0e+00  0  0  0  0  0   0  0  0  0  0     0
MatGetBrAoCol          9 0.0 2.2435e-03 0.0 0.00e+00 0.0 1.8e+02 6.2e+03 0.0e+00  0  0  0  0  0   0  0  0  0  0     0
PCGAMGGraph_AGG        3 0.0 1.8318e-02 0.0 3.47e+05 0.0 7.8e+01 1.9e+03 6.0e+00  0  0  0  0  0   0  0  0  0  3    75
PCGAMGCoarse_AGG       3 0.0 8.2271e-02 0.0 2.52e+06 0.0 3.0e+02 1.4e+04 7.2e+00  0  0  0  0  0   0  0  1  0  4   120
PCGAMGProl_AGG         3 0.0 3.5470e-03 0.0 0.00e+00 0.0 1.5e+02 2.1e+03 1.2e+01  0  0  0  0  1   0  0  0  0  7     0
PCGAMGPOpt_AGG         3 0.0 1.7855e-02 0.0 6.96e+06 0.0 4.2e+02 2.6e+03 2.4e+01  0  0  0  0  2   0  0  1  0 13  1545
GAMG: createProl       3 0.0 1.2363e-01 0.0 9.82e+06 0.0 9.4e+02 6.2e+03 4.9e+01  0  0  1  0  3   0  0  2  0 28   314
  Graph                6 0.0 1.8262e-02 0.0 3.47e+05 0.0 7.8e+01 1.9e+03 6.0e+00  0  0  0  0  0   0  0  0  0  3    75
  MIS/Agg              3 0.0 1.6263e-03 0.0 0.00e+00 0.0 1.7e+02 4.4e+03 1.3e+00  0  0  0  0  0   0  0  0  0  1     0
  SA: col data         3 0.0 8.4925e-04 0.0 0.00e+00 0.0 5.2e+01 4.7e+03 5.0e+00  0  0  0  0  0   0  0  0  0  3     0
  SA: frmProl0         3 0.0 2.2597e-03 0.0 0.00e+00 0.0 9.5e+01 7.1e+02 5.0e+00  0  0  0  0  0   0  0  0  0  3     0
  SA: smooth           3 0.0 1.1460e-02 0.0 3.99e+05 0.0 1.6e+02 1.9e+03 1.0e+01  0  0  0  0  1   0  0  0  0  6   136
GAMG: partLevel        3 0.0 2.3235e-02 0.0 2.73e+06 0.0 3.4e+02 5.5e+03 2.6e+01  0  0  0  0  2   0  0  1  0 15   453
  repartition          2 0.0 6.8188e-05 0.0 0.00e+00 0.0 0.0e+00 0.0e+00 2.0e+00  0  0  0  0  0   0  0  0  0  1     0
  Invert-Sort          2 0.0 7.7963e-05 0.0 0.00e+00 0.0 0.0e+00 0.0e+00 1.3e+00  0  0  0  0  0   0  0  0  0  1     0
  Move A               2 0.0 6.4111e-04 0.0 0.00e+00 0.0 2.4e+01 3.7e+03 6.0e+00  0  0  0  0  0   0  0  0  0  3     0
  Move P               2 0.0 7.4077e-04 0.0 0.00e+00 0.0 1.4e+01 1.2e+02 6.0e+00  0  0  0  0  0   0  0  0  0  3     0
PCSetUp             2118 1.7 3.6815e+00 1.5 1.56e+09 1.6 1.5e+03 1.2e+04 8.9e+01  3  5  1  0  6  31  9  4  1 51  8024
PCSetUpOnBlocks       80 0.0 1.0848e-04 0.0 1.29e+02 0.0 0.0e+00 0.0e+00 0.0e+00  0  0  0  0  0   0  0  0  0  0     1
PCApply               20 1.0 8.6075e+00 1.0 4.61e+09 1.5 3.4e+04 4.3e+04 1.2e+02  9 14 34 38  8  89 29 90 89 66 10421
KSPGMRESOrthog        60 0.0 2.1105e-03 0.0 4.92e+06 0.0 0.0e+00 0.0e+00 1.0e+01  0  0  0  0  1   0  0  0  0  6  9305
KSPSetUp            2115 1.7 6.4325e-04 1.9 0.00e+00 0.0 0.0e+00 0.0e+00 1.0e+00  0  0  0  0  0   0  0  0  0  1     0
KSPSolve               1 1.0 9.4831e+00 1.0 1.43e+10 1.3 3.8e+04 4.4e+04 1.7e+02 10 48 37 42 11  98 96 99 99 99 31640
SNESSolve              1 1.0 9.5347e+00 1.0 1.49e+10 1.3 3.8e+04 4.3e+04 1.8e+02 10 50 38 42 11  99100100100100 32805
SNESFunctionEval       1 1.0 4.6237e-02 1.4 5.85e+08 1.3 1.8e+02 5.2e+04 0.0e+00  0  2  0  0  0   0  4  0  1  0 275431
SNESJacobianEval       1 1.0 1.1981e-03 4.1 0.00e+00 0.0 0.0e+00 0.0e+00 0.0e+00  0  0  0  0  0   0  0  0  0  0     0
SFSetGraph             3 0.0 9.5129e-05 0.0 0.00e+00 0.0 0.0e+00 0.0e+00 0.0e+00  0  0  0  0  0   0  0  0  0  0     0
SFBcastBegin          54 1.4 4.5091e-02 1.7 0.00e+00 0.0 7.9e+03 1.0e+05 0.0e+00  0  0  8 20  0   0  0 21 48  0     0
SFBcastEnd            54 1.4 1.0861e+0013.6 0.00e+00 0.0 0.0e+00 0.0e+00 0.0e+00  0  0  0  0  0   5  0  0  0  0     0
SFReduceBegin         20 1.0 4.4048e-02 2.4 0.00e+00 0.0 4.1e+03 1.5e+05 0.0e+00  0  0  4 15  0   0  0 11 36  0     0
SFReduceEnd           20 1.0 1.6677e+0090.4 0.00e+00 0.0 0.0e+00 0.0e+00 0.0e+00  1  0  0  0  0   7  0  0  0  0     0
PCPATCHComputeOp    3168 1.2 2.4607e+00 1.6 0.00e+00 0.0 0.0e+00 0.0e+00 0.0e+00  2  0  0  0  0  21  0  0  0  0     0
PCPATCHSolve       42280 1.7 4.6879e+00 1.5 4.53e+09 1.6 0.0e+00 0.0e+00 0.0e+00  4 14  0  0  0  42 28  0  0  0 18461
PCPATCHScatter     84560 1.7 4.0477e-01 1.3 0.00e+00 0.0 0.0e+00 0.0e+00 0.0e+00  0  0  0  0  0   4  0  0  0  0     0
ParLoopExecute        81 1.0 8.6977e-01 1.4 1.02e+10 1.3 3.6e+03 5.2e+04 0.0e+00  1 36  4  5  0   8 71  9 11  0 256147
ParLoopset_4         120 1.0 1.1010e-02 1.2 0.00e+00 0.0 0.0e+00 0.0e+00 0.0e+00  0  0  0  0  0   0  0  0  0  0     0
ParLoopHaloEnd        81 1.0 1.1901e-0124.4 0.00e+00 0.0 0.0e+00 0.0e+00 0.0e+00  0  0  0  0  0   1  0  0  0  0     0
ParLoopRednBegin      81 1.0 3.1590e-04 1.4 0.00e+00 0.0 0.0e+00 0.0e+00 0.0e+00  0  0  0  0  0   0  0  0  0  0     0
ParLoopRednEnd        81 1.0 4.4346e-04 1.5 0.00e+00 0.0 0.0e+00 0.0e+00 0.0e+00  0  0  0  0  0   0  0  0  0  0     0
ApplyBC                1 1.0 9.9206e-04 1.5 0.00e+00 0.0 0.0e+00 0.0e+00 0.0e+00  0  0  0  0  0   0  0  0  0  0     0
ParLoopCells          63 1.0 7.4279e-01 1.3 1.02e+10 1.3 0.0e+00 0.0e+00 0.0e+00  1 36  0  0  0   7 71  0  0  0 299936
------------------------------------------------------------------------------------------------------------------------

Memory usage is given in bytes:

Object Type          Creations   Destructions     Memory  Descendants' Mem.
Reports information only for process 0.

--- Event Stage 0: Main Stage

           Container     5              5         3080     0.
              Viewer     2              0            0     0.
           Index Set   290           7259     15354400     0.
   IS L to G Mapping     4              6      4675944     0.
             Section    73             77        58520     0.
              Vector     8           6437     28194408     0.
      Vector Scatter     0             10        32288     0.
              Matrix     5           4477    811473560     0.
      Preconditioner     1           3179      3331720     0.
       Krylov Solver     1           3178      4268504     0.
     DMKSP interface     0              1          696     0.
                SNES     1              1         1480     0.
      SNESLineSearch     1              1         1032     0.
              DMSNES     1              1          712     0.
    Distributed Mesh    14             14        68592     0.
    GraphPartitioner     6              6         3936     0.
Star Forest Bipartite Graph    70             70        62384     0.
     Discrete System    14             14        12992     0.

--- Event Stage 1: Warmup

              Viewer     3              3         2664     0.
         PetscRandom     6              6         4116     0.
           Index Set  9560           2591      5042512     0.
   IS L to G Mapping     2              0            0     0.
             Section     5              1          760     0.
              Vector  6546            117      2683304     0.
      Vector Scatter    26             16        19728     0.
              Matrix  4536             64     22938800     0.
      Matrix Coarsen     3              3         2028     0.
      Preconditioner  3184              6         5568     0.
       Krylov Solver  3180              3        91584     0.
     DMKSP interface     1              0            0     0.
Star Forest Bipartite Graph     3              3         2736     0.

--- Event Stage 2: P(4, 17) Warm solve schwarz_rich

              Viewer     3              3         2664     0.
         PetscRandom     6              6         4116     0.
           Index Set    65             64       109776     0.
              Vector   188            185      4509080     0.
      Vector Scatter    23             22        26976     0.
              Matrix    96             96     25824192     0.
      Matrix Coarsen     3              3         2028     0.
      Preconditioner     3              3         2952     0.
       Krylov Solver     3              3        91584     0.
Star Forest Bipartite Graph     3              3         2736     0.
========================================================================================================================
Average time to get PetscTime(): 1.19209e-07
Average time for MPI_Barrier(): 1.43051e-06
Average time for zero size MPI_Send(): 1.91728e-06
#PETSc Option Table entries:
--degree 4
--dimension 3
--parameters schwarz_rich
--results-file results64/poisson-weak-3d-64bit-schwarz-rich-gamg-lb.csv
-degree 4
-dimension 3
-log_view ascii:results64/poisson-P4-schwarz-rich-gamg-weak-3d-64bit-24.log
-parameters schwarz_rich
-results-file results64/poisson-weak-3d-64bit-schwarz-rich-gamg-lb.csv
#End of PETSc Option Table entries
Compiled without FORTRAN kernels
Compiled with full precision matrices (default)
sizeof(short) 2 sizeof(int) 4 sizeof(long) 8 sizeof(void*) 8 sizeof(PetscScalar) 8 sizeof(PetscInt) 8
Configure options: --COPTFLAGS="-march=ivybridge -O3" --CXXOPTFLAGS="-march=ivybridge -O3" --FOPTFLAGS="-march=ivybridge -O3" --PETSC_ARCH=petsc-gnu51-ivybridge-int64 --download-exodusii --download-hypre --download-metis --download-netcdf --download-parmetis --download-sowing=1 --known-bits-per-byte=8 --known-has-attribute-aligned=1 --known-level1-dcache-assoc=8 --known-level1-dcache-linesize=64 --known-level1-dcache-size=32768 --known-memcmp-ok=1 --known-mpi-c-double-complex=1 --known-mpi-int64_t=1 --known-mpi-long-double=1 --known-mpi-shared-libraries=1 --known-sdot-returns-double=0 --known-sizeof-MPI_Comm=4 --known-sizeof-MPI_Fint=4 --known-sizeof-char=1 --known-sizeof-double=8 --known-sizeof-float=4 --known-sizeof-int=4 --known-sizeof-long-long=8 --known-sizeof-long=8 --known-sizeof-short=2 --known-sizeof-size_t=8 --known-sizeof-void-p=8 --known-snrm2-returns-double=0 --prefix=/work/n02/n02/lmn02/petsc-gnu51-ivybridge-int64 --with-64-bit-indices=1 --with-batch=1 --with-blas-lapack-lib="-L/opt/cray/libsci/16.03.1/GNU/5.1/x86_64/lib -lsci_gnu_mp" --with-cc=cc --with-clib-autodetect=0 --with-cxx=CC --with-cxxlib-autodetect=0 --with-debugging=0 --with-fc=ftn --with-fortranlib-autodetect=0 --with-hdf5-dir=/opt/cray/hdf5-parallel/1.8.14/GNU/5.1 --with-hdf5=1 --with-make-np=4 --with-pic=1 --with-shared-libraries=1 --with-x=0 --download-eigen
-----------------------------------------
Libraries compiled on Tue Feb 14 12:07:09 2017 on eslogin003 
Machine characteristics: Linux-3.0.101-0.47.86.1.11753.0.PTF-default-x86_64-with-SuSE-11-x86_64
Using PETSc directory: /home2/n02/n02/lmn02/src/petsc
Using PETSc arch: petsc-gnu51-ivybridge-int64
-----------------------------------------

Using C compiler: cc  -fPIC  -march=ivybridge -O3  ${COPTFLAGS} ${CFLAGS}
Using Fortran compiler: ftn  -fPIC -march=ivybridge -O3   ${FOPTFLAGS} ${FFLAGS} 
-----------------------------------------

Using include paths: -I/home2/n02/n02/lmn02/src/petsc/petsc-gnu51-ivybridge-int64/include -I/home2/n02/n02/lmn02/src/petsc/include -I/home2/n02/n02/lmn02/src/petsc/include -I/home2/n02/n02/lmn02/src/petsc/petsc-gnu51-ivybridge-int64/include -I/work/n02/n02/lmn02/petsc-gnu51-ivybridge-int64/include -I/work/n02/n02/lmn02/petsc-gnu51-ivybridge-int64/include/eigen3 -I/opt/cray/hdf5-parallel/1.8.14/GNU/5.1/include
-----------------------------------------

Using C linker: cc
Using Fortran linker: ftn
Using libraries: -Wl,-rpath,/home2/n02/n02/lmn02/src/petsc/petsc-gnu51-ivybridge-int64/lib -L/home2/n02/n02/lmn02/src/petsc/petsc-gnu51-ivybridge-int64/lib -lpetsc -Wl,-rpath,/work/n02/n02/lmn02/petsc-gnu51-ivybridge-int64/lib -L/work/n02/n02/lmn02/petsc-gnu51-ivybridge-int64/lib -lHYPRE -lparmetis -lmetis -lexoIIv2for -lexodus -lnetcdf -Wl,-rpath,/opt/cray/hdf5-parallel/1.8.14/GNU/5.1/lib -L/opt/cray/hdf5-parallel/1.8.14/GNU/5.1/lib -lhdf5hl_fortran -lhdf5_fortran -lhdf5_hl -lhdf5 -lssl -lcrypto -ldl 
-----------------------------------------

