************************************************************************************************************************
***             WIDEN YOUR WINDOW TO 120 CHARACTERS.  Use 'enscript -r -fCourier9' to print this document            ***
************************************************************************************************************************

---------------------------------------------- PETSc Performance Summary: ----------------------------------------------

poisson-new-weak.py on a petsc-gnu51-ivybridge-int64 named nid01464 with 384 processors, by lmn02 Wed Feb 15 16:27:40 2017
Using Petsc Development GIT revision: v3.7.5-3014-g413f72f  GIT Date: 2017-02-05 17:50:57 -0600

                         Max       Max/Min        Avg      Total 
Time (sec):           8.969e+01      1.00001   8.969e+01
Objects:              1.594e+03      4.31978   3.987e+02
Flops:                2.312e+10      1.37009   2.056e+10  7.896e+12
Flops/sec:            2.578e+08      1.37010   2.293e+08  8.804e+10
MPI Messages:         1.731e+04      3.33899   6.184e+03  2.374e+06
MPI Message Lengths:  4.602e+08     16.86029   6.734e+03  1.599e+10
MPI Reductions:       2.300e+02      1.00000

Flop counting convention: 1 flop = 1 real number operation of type (multiply/divide/add/subtract)
                            e.g., VecAXPY() for real vectors of length N --> 2N flops
                            and VecAXPY() for complex vectors of length N --> 8N flops

Summary of Stages:   ----- Time ------  ----- Flops -----  --- Messages ---  -- Message Lengths --  -- Reductions --
                        Avg     %Total     Avg     %Total   counts   %Total     Avg         %Total   counts   %Total 
 0:      Main Stage: 7.0546e+01  78.7%  0.0000e+00   0.0%  2.153e+06  90.7%  4.430e+03       65.8%  8.100e+01  35.2% 
 1:          Warmup: 1.0368e+01  11.6%  3.9480e+12  50.0%  1.143e+05   4.8%  1.196e+03       17.8%  7.400e+01  32.2% 
 2: P(4, 44) Warm solve hypre: 8.7325e+00   9.7%  3.9480e+12  50.0%  1.072e+05   4.5%  1.108e+03       16.4%  7.400e+01  32.2% 

------------------------------------------------------------------------------------------------------------------------
See the 'Profiling' chapter of the users' manual for details on interpreting output.
Phase summary info:
   Count: number of times phase was executed
   Time and Flops: Max - maximum over all processors
                   Ratio - ratio of maximum to minimum over all processors
   Mess: number of messages sent
   Avg. len: average message length (bytes)
   Reduct: number of global reductions
   Global: entire computation
   Stage: stages of a computation. Set stages with PetscLogStagePush() and PetscLogStagePop().
      %T - percent time in this phase         %F - percent flops in this phase
      %M - percent messages in this phase     %L - percent message lengths in this phase
      %R - percent reductions in this phase
   Total Mflop/s: 10e-6 * (sum of flops over all processors)/(max time over all processors)
------------------------------------------------------------------------------------------------------------------------
Event                Count      Time (sec)     Flops                             --- Global ---  --- Stage ---   Total
                   Max Ratio  Max     Ratio   Max  Ratio  Mess   Avg len Reduct  %T %F %M %L %R  %T %F %M %L %R Mflop/s
------------------------------------------------------------------------------------------------------------------------

--- Event Stage 0: Main Stage

PetscBarrier           1 1.0 7.8199e-02 2.2 0.00e+00 0.0 1.0e+04 2.4e+01 5.0e+00  0  0  0  0  2   0  0  0  0  6     0
BuildTwoSided         41 1.0 2.8578e+0027.9 0.00e+00 0.0 3.4e+05 8.0e+00 0.0e+00  3  0 14  0  0   4  0 16  0  0     0
VecSet                 5 1.0 3.0260e-03 2.1 0.00e+00 0.0 0.0e+00 0.0e+00 0.0e+00  0  0  0  0  0   0  0  0  0  0     0
MatAssemblyBegin       1 1.0 2.9569e-03496.1 0.00e+00 0.0 0.0e+00 0.0e+00 0.0e+00  0  0  0  0  0   0  0  0  0  0     0
MatAssemblyEnd         1 1.0 2.4000e-01 2.6 0.00e+00 0.0 9.3e+03 1.2e+04 8.0e+00  0  0  0  1  3   0  0  0  1 10     0
Mesh Partition         2 1.0 4.2065e+00 1.0 0.00e+00 0.0 1.8e+06 5.3e+02 1.1e+01  5  0 77  6  5   6  0 85  9 14     0
Mesh Migration         2 1.0 1.3957e+00 1.0 0.00e+00 0.0 2.6e+05 3.3e+04 2.4e+01  2  0 11 52 10   2  0 12 79 30     0
DMPlexInterp           1 1.0 3.3357e+00 1.0 0.00e+00 0.0 0.0e+00 0.0e+00 2.0e+00  4  0  0  0  1   5  0  0  0  2     0
DMPlexDistribute       1 1.0 5.2187e+00 1.0 0.00e+00 0.0 9.0e+05 9.4e+02 9.0e+00  6  0 38  5  4   7  0 42  8 11     0
DMPlexDistCones        2 1.0 3.7889e-01 1.1 0.00e+00 0.0 4.4e+04 6.9e+04 0.0e+00  0  0  2 19  0   1  0  2 29  0     0
DMPlexDistLabels       2 1.0 7.9732e-01 1.0 0.00e+00 0.0 1.3e+05 3.2e+04 2.0e+00  1  0  5 26  1   1  0  6 40  2     0
DMPlexDistribOL        1 1.0 4.5680e-01 1.0 0.00e+00 0.0 1.2e+06 7.5e+03 2.6e+01  1  0 50 56 11   1  0 55 85 32     0
DMPlexDistField        3 1.0 6.2551e-02 1.1 0.00e+00 0.0 6.0e+04 6.8e+03 2.0e+00  0  0  3  3  1   0  0  3  4  2     0
DMPlexDistData         2 1.0 2.8806e+00 9.5 0.00e+00 0.0 1.8e+06 2.0e+02 0.0e+00  3  0 75  2  0   4  0 83  3  0     0
DMPlexStratify         6 1.0 3.4908e+00 4.8 0.00e+00 0.0 0.0e+00 0.0e+00 6.0e+00  4  0  0  0  3   5  0  0  0  7     0
SFSetGraph            47 1.0 4.5912e-02 1.7 0.00e+00 0.0 0.0e+00 0.0e+00 0.0e+00  0  0  0  0  0   0  0  0  0  0     0
SFBcastBegin          90 1.0 3.2151e+00 3.5 0.00e+00 0.0 2.1e+06 4.9e+03 0.0e+00  3  0 89 64  0   4  0 99 98  0     0
SFBcastEnd            90 1.0 1.0358e+00 3.9 0.00e+00 0.0 0.0e+00 0.0e+00 0.0e+00  1  0  0  0  0   1  0  0  0  0     0
SFReduceBegin          4 1.0 3.5174e-0238.9 0.00e+00 0.0 1.8e+04 4.9e+03 0.0e+00  0  0  1  1  0   0  0  1  1  0     0
SFReduceEnd            4 1.0 7.0816e-02 4.0 0.00e+00 0.0 0.0e+00 0.0e+00 0.0e+00  0  0  0  0  0   0  0  0  0  0     0
SFFetchOpBegin         1 1.0 5.6982e-0511.4 0.00e+00 0.0 2.3e+03 3.4e+03 0.0e+00  0  0  0  0  0   0  0  0  0  0     0
SFFetchOpEnd           1 1.0 6.8519e-0364.0 0.00e+00 0.0 2.3e+03 3.4e+03 0.0e+00  0  0  0  0  0   0  0  0  0  0     0
CreateMesh             5 1.0 6.9099e+00 1.0 0.00e+00 0.0 2.1e+06 4.7e+03 3.9e+01  8  0 88 61 17  10  0 97 93 48     0
CreateFunctionSpace       1 1.0 3.7136e+00 1.0 0.00e+00 0.0 1.2e+06 7.8e+03 4.0e+01  4  0 52 60 17   5  0 57 91 49     0
Mesh: reorder          1 1.0 7.4967e-02 1.0 0.00e+00 0.0 0.0e+00 0.0e+00 2.0e+00  0  0  0  0  1   0  0  0  0  2     0
Mesh: numbering        1 1.0 3.3860e-01 1.0 0.00e+00 0.0 0.0e+00 0.0e+00 2.0e+00  0  0  0  0  1   0  0  0  0  2     0
CreateSparsity         1 1.0 7.5242e-01 1.3 0.00e+00 0.0 0.0e+00 0.0e+00 0.0e+00  1  0  0  0  0   1  0  0  0  0     0
MatZeroInitial         1 1.0 7.7517e-01 1.0 0.00e+00 0.0 9.3e+03 1.2e+04 8.0e+00  1  0  0  1  3   1  0  0  1 10     0
ParLoopExecute         3 1.0 1.7072e-01 1.5 0.00e+00 0.0 0.0e+00 0.0e+00 0.0e+00  0  0  0  0  0   0  0  0  0  0     0
ParLoopset_5           2 1.0 2.0201e-03 3.3 0.00e+00 0.0 0.0e+00 0.0e+00 0.0e+00  0  0  0  0  0   0  0  0  0  0     0
ParLoopHaloEnd         3 1.0 1.1206e-05 2.4 0.00e+00 0.0 0.0e+00 0.0e+00 0.0e+00  0  0  0  0  0   0  0  0  0  0     0
ParLoopRednBegin       3 1.0 2.3842e-05 1.7 0.00e+00 0.0 0.0e+00 0.0e+00 0.0e+00  0  0  0  0  0   0  0  0  0  0     0
ParLoopRednEnd         3 1.0 2.9087e-05 3.0 0.00e+00 0.0 0.0e+00 0.0e+00 0.0e+00  0  0  0  0  0   0  0  0  0  0     0
ParLoopset_4           4 1.0 2.6473e-0246.9 0.00e+00 0.0 0.0e+00 0.0e+00 0.0e+00  0  0  0  0  0   0  0  0  0  0     0

--- Event Stage 1: Warmup

BuildTwoSided          1 1.0 2.8350e-0329.2 0.00e+00 0.0 2.4e+03 8.0e+00 0.0e+00  0  0  0  0  0   0  0  2  0  0     0
VecTDot               44 1.0 1.4108e-01 2.9 1.10e+07 1.2 0.0e+00 0.0e+00 4.4e+01  0  0  0  0 19   1  0  0  0 59 27437
VecNorm               23 1.0 2.7784e-0116.1 5.76e+06 1.2 0.0e+00 0.0e+00 2.3e+01  0  0  0  0 10   1  0  0  0 31  7283
VecCopy                6 1.0 4.2608e-03 1.8 0.00e+00 0.0 0.0e+00 0.0e+00 0.0e+00  0  0  0  0  0   0  0  0  0  0     0
VecSet                24 1.0 6.1960e-03 2.3 0.00e+00 0.0 0.0e+00 0.0e+00 0.0e+00  0  0  0  0  0   0  0  0  0  0     0
VecAXPY               45 1.0 2.0812e-02 1.7 1.13e+07 1.2 0.0e+00 0.0e+00 0.0e+00  0  0  0  0  0   0  0  0  0  0 190223
VecAYPX               21 1.0 6.5024e-03 1.5 5.26e+06 1.2 0.0e+00 0.0e+00 0.0e+00  0  0  0  0  0   0  0  0  0  0 284119
VecScatterBegin       22 1.0 1.6371e-0210.1 0.00e+00 0.0 1.0e+05 2.4e+04 0.0e+00  0  0  4 15  0   0  0 90 85  0     0
VecScatterEnd         22 1.0 1.0489e-0151.4 0.00e+00 0.0 0.0e+00 0.0e+00 0.0e+00  0  0  0  0  0   0  0  0  0  0     0
MatMult               22 1.0 7.0624e-01 1.1 4.18e+08 1.3 1.0e+05 2.4e+04 0.0e+00  1  2  4 15  0   6  4 90 85  0 203985
MatConvert             1 1.0 5.4239e-01 1.7 0.00e+00 0.0 0.0e+00 0.0e+00 4.0e+00  1  0  0  0  2   4  0  0  0  5     0
MatAssemblyBegin       4 1.0 1.3113e-05 0.0 0.00e+00 0.0 0.0e+00 0.0e+00 0.0e+00  0  0  0  0  0   0  0  0  0  0     0
MatAssemblyEnd         4 1.0 1.7965e-01 1.1 0.00e+00 0.0 0.0e+00 0.0e+00 4.0e+00  0  0  0  0  2   2  0  0  0  5     0
MatGetRowIJ            2 1.0 1.8472e-02 1.1 0.00e+00 0.0 0.0e+00 0.0e+00 0.0e+00  0  0  0  0  0   0  0  0  0  0     0
MatZeroEntries         1 1.0 2.0042e-02 1.2 0.00e+00 0.0 0.0e+00 0.0e+00 0.0e+00  0  0  0  0  0   0  0  0  0  0     0
MatView                1 1.0 5.8641e-03 1.3 0.00e+00 0.0 0.0e+00 0.0e+00 1.0e+00  0  0  0  0  0   0  0  0  0  1     0
PCSetUp                1 1.0 2.0884e+00 1.1 0.00e+00 0.0 0.0e+00 0.0e+00 4.0e+00  2  0  0  0  2  19  0  0  0  5     0
PCApply               23 1.0 4.9929e+00 1.1 0.00e+00 0.0 0.0e+00 0.0e+00 0.0e+00  5  0  0  0  0  47  0  0  0  0     0
KSPSetUp               1 1.0 2.7108e-03 8.6 0.00e+00 0.0 0.0e+00 0.0e+00 0.0e+00  0  0  0  0  0   0  0  0  0  0     0
KSPSolve               1 1.0 7.9943e+00 1.0 4.51e+08 1.2 1.0e+05 2.4e+04 7.1e+01  9  2  4 15 31  76  4 90 85 96 19473
SNESSolve              1 1.0 1.0297e+01 1.0 1.16e+10 1.4 1.1e+05 2.5e+04 7.2e+01 11 50  5 18 31  99100100100 97 383431
SNESFunctionEval       1 1.0 1.1656e+00 1.1 7.05e+08 1.4 1.2e+04 3.5e+04 0.0e+00  1  3  1  3  0  10  6 10 15  0 205306
SNESJacobianEval       1 1.0 1.4539e+00 1.3 1.05e+10 1.4 0.0e+00 0.0e+00 0.0e+00  1 45  0  0  0  13 90  0  0  0 2443671
SFBcastBegin           1 1.0 1.1589e-02 6.0 0.00e+00 0.0 1.2e+04 3.5e+04 0.0e+00  0  0  1  3  0   0  0 10 15  0     0
SFBcastEnd             1 1.0 3.2439e-0328.0 0.00e+00 0.0 0.0e+00 0.0e+00 0.0e+00  0  0  0  0  0   0  0  0  0  0     0
ParLoopExecute         5 1.0 2.4682e+00 1.1 1.12e+10 1.4 1.2e+04 3.5e+04 0.0e+00  3 48  1  3  0  23 96 10 15  0 1536439
ParLoopHaloEnd         5 1.0 3.3820e-0317.4 0.00e+00 0.0 0.0e+00 0.0e+00 0.0e+00  0  0  0  0  0   0  0  0  0  0     0
ParLoopRednBegin       5 1.0 6.3801e-0422.7 0.00e+00 0.0 0.0e+00 0.0e+00 0.0e+00  0  0  0  0  0   0  0  0  0  0     0
ParLoopRednEnd         5 1.0 4.5776e-05 1.9 0.00e+00 0.0 0.0e+00 0.0e+00 0.0e+00  0  0  0  0  0   0  0  0  0  0     0
ParLoopset_4           6 1.0 1.9550e-0239.4 0.00e+00 0.0 0.0e+00 0.0e+00 0.0e+00  0  0  0  0  0   0  0  0  0  0     0
ApplyBC                1 1.0 2.3686e-02 1.8 0.00e+00 0.0 0.0e+00 0.0e+00 0.0e+00  0  0  0  0  0   0  0  0  0  0     0
ParLoopCells           6 1.0 1.0368e+00 1.4 1.12e+10 1.4 0.0e+00 0.0e+00 0.0e+00  1 48  0  0  0   9 96  0  0  0 3657535

--- Event Stage 2: P(4, 44) Warm solve hypre

VecTDot               44 1.0 1.3168e-01 3.9 1.10e+07 1.2 0.0e+00 0.0e+00 4.4e+01  0  0  0  0 19   1  0  0  0 59 29395
VecNorm               23 1.0 2.7380e-01100.9 5.76e+06 1.2 0.0e+00 0.0e+00 2.3e+01  0  0  0  0 10   2  0  0  0 31  7390
VecCopy                6 1.0 2.7196e-03 1.6 0.00e+00 0.0 0.0e+00 0.0e+00 0.0e+00  0  0  0  0  0   0  0  0  0  0     0
VecSet                24 1.0 5.6114e-03 2.2 0.00e+00 0.0 0.0e+00 0.0e+00 0.0e+00  0  0  0  0  0   0  0  0  0  0     0
VecAXPY               45 1.0 2.1391e-02 1.8 1.13e+07 1.2 0.0e+00 0.0e+00 0.0e+00  0  0  0  0  0   0  0  0  0  0 185068
VecAYPX               21 1.0 5.9588e-03 1.4 5.26e+06 1.2 0.0e+00 0.0e+00 0.0e+00  0  0  0  0  0   0  0  0  0  0 310038
VecScatterBegin       22 1.0 1.0775e-02 9.1 0.00e+00 0.0 1.0e+05 2.4e+04 0.0e+00  0  0  4 15  0   0  0 96 92  0     0
VecScatterEnd         22 1.0 1.0851e-0158.0 0.00e+00 0.0 0.0e+00 0.0e+00 0.0e+00  0  0  0  0  0   0  0  0  0  0     0
MatMult               22 1.0 6.9000e-01 1.2 4.18e+08 1.3 1.0e+05 2.4e+04 0.0e+00  1  2  4 15  0   7  4 96 92  0 208787
MatConvert             1 1.0 2.7697e-01 1.3 0.00e+00 0.0 0.0e+00 0.0e+00 0.0e+00  0  0  0  0  0   3  0  0  0  0     0
MatAssemblyBegin       4 1.0 8.1062e-06 0.0 0.00e+00 0.0 0.0e+00 0.0e+00 0.0e+00  0  0  0  0  0   0  0  0  0  0     0
MatAssemblyEnd         4 1.0 4.4767e-01 2.4 0.00e+00 0.0 0.0e+00 0.0e+00 6.0e+00  0  0  0  0  3   3  0  0  0  8     0
MatGetRowIJ            2 1.0 9.8896e-041037.0 0.00e+00 0.0 0.0e+00 0.0e+00 0.0e+00  0  0  0  0  0   0  0  0  0  0     0
MatZeroEntries         1 1.0 2.1043e-02 1.6 0.00e+00 0.0 0.0e+00 0.0e+00 0.0e+00  0  0  0  0  0   0  0  0  0  0     0
MatView                1 1.0 2.9569e-03 2.1 0.00e+00 0.0 0.0e+00 0.0e+00 1.0e+00  0  0  0  0  0   0  0  0  0  1     0
PCSetUp                1 1.0 1.7862e+00 1.0 0.00e+00 0.0 0.0e+00 0.0e+00 0.0e+00  2  0  0  0  0  20  0  0  0  0     0
PCApply               23 1.0 4.9863e+00 1.1 0.00e+00 0.0 0.0e+00 0.0e+00 0.0e+00  5  0  0  0  0  56  0  0  0  0     0
KSPSetUp               1 1.0 1.1921e-06 0.0 0.00e+00 0.0 0.0e+00 0.0e+00 0.0e+00  0  0  0  0  0   0  0  0  0  0     0
KSPSolve               1 1.0 7.5253e+00 1.0 4.51e+08 1.2 1.0e+05 2.4e+04 6.7e+01  8  2  4 15 29  86  4 96 92 91 20687
SNESSolve              1 1.0 8.6534e+00 1.0 1.16e+10 1.4 1.1e+05 2.5e+04 7.4e+01 10 50  5 16 32  99100100100100 456239
SNESFunctionEval       1 1.0 9.8031e-02 2.9 7.05e+08 1.4 4.8e+03 4.4e+04 0.0e+00  0  3  0  1  0   1  6  4  8  0 2441048
SNESJacobianEval       1 1.0 1.0892e+00 1.1 1.05e+10 1.4 0.0e+00 0.0e+00 6.0e+00  1 45  0  0  3  12 90  0  0  8 3261999
SFBcastBegin           1 1.0 9.5570e-0332.5 0.00e+00 0.0 4.8e+03 4.4e+04 0.0e+00  0  0  0  1  0   0  0  4  8  0     0
SFBcastEnd             1 1.0 5.1468e-02256.1 0.00e+00 0.0 0.0e+00 0.0e+00 0.0e+00  0  0  0  0  0   0  0  0  0  0     0
ParLoopExecute         5 1.0 1.0443e+00 1.4 1.12e+10 1.4 4.8e+03 4.4e+04 0.0e+00  1 48  0  1  0  10 96  4  8  0 3631352
ParLoopHaloEnd         5 1.0 5.3213e-02164.2 0.00e+00 0.0 0.0e+00 0.0e+00 0.0e+00  0  0  0  0  0   0  0  0  0  0     0
ParLoopRednBegin       5 1.0 2.2173e-05 1.9 0.00e+00 0.0 0.0e+00 0.0e+00 0.0e+00  0  0  0  0  0   0  0  0  0  0     0
ParLoopRednEnd         5 1.0 4.1723e-05 2.1 0.00e+00 0.0 0.0e+00 0.0e+00 0.0e+00  0  0  0  0  0   0  0  0  0  0     0
ParLoopset_4           6 1.0 2.7521e-0310.8 0.00e+00 0.0 0.0e+00 0.0e+00 0.0e+00  0  0  0  0  0   0  0  0  0  0     0
ApplyBC                1 1.0 2.0339e-03 6.0 0.00e+00 0.0 0.0e+00 0.0e+00 0.0e+00  0  0  0  0  0   0  0  0  0  0     0
ParLoopCells           6 1.0 1.0056e+00 1.4 1.12e+10 1.4 0.0e+00 0.0e+00 0.0e+00  1 48  0  0  0  10 96  0  0  0 3771206
------------------------------------------------------------------------------------------------------------------------

Memory usage is given in bytes:

Object Type          Creations   Destructions     Memory  Descendants' Mem.
Reports information only for process 0.

--- Event Stage 0: Main Stage

           Container     5              5         3080     0.
              Viewer     2              0            0     0.
           Index Set  1372           1372      1250440     0.
   IS L to G Mapping     5              5      7880968     0.
             Section    73             73        55480     0.
              Vector    10             16      9236968     0.
      Vector Scatter     1              1         1208     0.
              Matrix     7              8    140377696     0.
      Preconditioner     1              1         1584     0.
       Krylov Solver     1              1         1360     0.
     DMKSP interface     0              1          696     0.
                SNES     1              1         1480     0.
      SNESLineSearch     1              1         1032     0.
              DMSNES     1              1          712     0.
    Distributed Mesh    14             14        68592     0.
    GraphPartitioner     6              6         3936     0.
Star Forest Bipartite Graph    70             70        62328     0.
     Discrete System    14             14        12992     0.

--- Event Stage 1: Warmup

              Vector     8              2         3568     0.
              Matrix     1              0            0     0.
     DMKSP interface     1              0            0     0.

--- Event Stage 2: P(4, 44) Warm solve hypre

========================================================================================================================
Average time to get PetscTime(): 0.
Average time for MPI_Barrier(): 4.20094e-05
Average time for zero size MPI_Send(): 2.3668e-06
#PETSc Option Table entries:
--dimension 3
--parameters hypre
--results-file results64/poisson-weak-3d-64bit.csv
-dimension 3
-log_view ascii:results64/poisson-P4-hypre-weak-3d-64bit-384.log::append
-parameters hypre
-results-file results64/poisson-weak-3d-64bit.csv
#End of PETSc Option Table entries
Compiled without FORTRAN kernels
Compiled with full precision matrices (default)
sizeof(short) 2 sizeof(int) 4 sizeof(long) 8 sizeof(void*) 8 sizeof(PetscScalar) 8 sizeof(PetscInt) 8
Configure options: --COPTFLAGS="-march=ivybridge -O3" --CXXOPTFLAGS="-march=ivybridge -O3" --FOPTFLAGS="-march=ivybridge -O3" --PETSC_ARCH=petsc-gnu51-ivybridge-int64 --download-exodusii --download-hypre --download-metis --download-netcdf --download-parmetis --download-sowing=1 --known-bits-per-byte=8 --known-has-attribute-aligned=1 --known-level1-dcache-assoc=8 --known-level1-dcache-linesize=64 --known-level1-dcache-size=32768 --known-memcmp-ok=1 --known-mpi-c-double-complex=1 --known-mpi-int64_t=1 --known-mpi-long-double=1 --known-mpi-shared-libraries=1 --known-sdot-returns-double=0 --known-sizeof-MPI_Comm=4 --known-sizeof-MPI_Fint=4 --known-sizeof-char=1 --known-sizeof-double=8 --known-sizeof-float=4 --known-sizeof-int=4 --known-sizeof-long-long=8 --known-sizeof-long=8 --known-sizeof-short=2 --known-sizeof-size_t=8 --known-sizeof-void-p=8 --known-snrm2-returns-double=0 --prefix=/work/n02/n02/lmn02/petsc-gnu51-ivybridge-int64 --with-64-bit-indices=1 --with-batch=1 --with-blas-lapack-lib="-L/opt/cray/libsci/16.03.1/GNU/5.1/x86_64/lib -lsci_gnu_mp" --with-cc=cc --with-clib-autodetect=0 --with-cxx=CC --with-cxxlib-autodetect=0 --with-debugging=0 --with-fc=ftn --with-fortranlib-autodetect=0 --with-hdf5-dir=/opt/cray/hdf5-parallel/1.8.14/GNU/5.1 --with-hdf5=1 --with-make-np=4 --with-pic=1 --with-shared-libraries=1 --with-x=0 --download-eigen
-----------------------------------------
Libraries compiled on Tue Feb 14 12:07:09 2017 on eslogin003 
Machine characteristics: Linux-3.0.101-0.47.86.1.11753.0.PTF-default-x86_64-with-SuSE-11-x86_64
Using PETSc directory: /home2/n02/n02/lmn02/src/petsc
Using PETSc arch: petsc-gnu51-ivybridge-int64
-----------------------------------------

Using C compiler: cc  -fPIC  -march=ivybridge -O3  ${COPTFLAGS} ${CFLAGS}
Using Fortran compiler: ftn  -fPIC -march=ivybridge -O3   ${FOPTFLAGS} ${FFLAGS} 
-----------------------------------------

Using include paths: -I/home2/n02/n02/lmn02/src/petsc/petsc-gnu51-ivybridge-int64/include -I/home2/n02/n02/lmn02/src/petsc/include -I/home2/n02/n02/lmn02/src/petsc/include -I/home2/n02/n02/lmn02/src/petsc/petsc-gnu51-ivybridge-int64/include -I/work/n02/n02/lmn02/petsc-gnu51-ivybridge-int64/include -I/work/n02/n02/lmn02/petsc-gnu51-ivybridge-int64/include/eigen3 -I/opt/cray/hdf5-parallel/1.8.14/GNU/5.1/include
-----------------------------------------

Using C linker: cc
Using Fortran linker: ftn
Using libraries: -Wl,-rpath,/home2/n02/n02/lmn02/src/petsc/petsc-gnu51-ivybridge-int64/lib -L/home2/n02/n02/lmn02/src/petsc/petsc-gnu51-ivybridge-int64/lib -lpetsc -Wl,-rpath,/work/n02/n02/lmn02/petsc-gnu51-ivybridge-int64/lib -L/work/n02/n02/lmn02/petsc-gnu51-ivybridge-int64/lib -lHYPRE -lparmetis -lmetis -lexoIIv2for -lexodus -lnetcdf -Wl,-rpath,/opt/cray/hdf5-parallel/1.8.14/GNU/5.1/lib -L/opt/cray/hdf5-parallel/1.8.14/GNU/5.1/lib -lhdf5hl_fortran -lhdf5_fortran -lhdf5_hl -lhdf5 -lssl -lcrypto -ldl 
-----------------------------------------

