Int has 8 bytes
Solving with parameter set schwarz_rich, 54, 4...
Warmup solve
    Residual norms for  solve.
    0 KSP Residual norm 2.032998097291e+02 
    1 KSP Residual norm 4.550730041368e+00 
    2 KSP Residual norm 2.820599888996e+00 
    3 KSP Residual norm 6.985017313610e-01 
    4 KSP Residual norm 1.860374196173e-01 
    5 KSP Residual norm 6.610425169379e-02 
    6 KSP Residual norm 3.116775777451e-02 
    7 KSP Residual norm 1.134545037091e-02 
    8 KSP Residual norm 3.595624159214e-03 
    9 KSP Residual norm 1.227072895704e-03 
   10 KSP Residual norm 1.031841060758e-03 
   11 KSP Residual norm 6.582739722890e-04 
   12 KSP Residual norm 2.813661972192e-04 
   13 KSP Residual norm 8.397848673445e-05 
   14 KSP Residual norm 3.602975727199e-05 
   15 KSP Residual norm 1.881846388051e-05 
   16 KSP Residual norm 1.043726157715e-05 
   17 KSP Residual norm 6.003962183804e-06 
   18 KSP Residual norm 3.029300377022e-06 
   19 KSP Residual norm 1.276413127842e-06 
KSP Object: () 768 MPI processes
  type: cg
  maximum iterations=10000, initial guess is zero
  tolerances:  relative=1e-08, absolute=1e-50, divergence=10000.
  left preconditioning
  using PRECONDITIONED norm type for convergence test
PC Object: () 768 MPI processes
  type: python
    Python: ssc.SSC
  Subspace correction PC
  Combining (composite) PC:
    PC Object: (ssc_) 768 MPI processes
      type: composite
      Composite PC type - ADDITIVE
      PCs on composite preconditioner follow
      ---------------------------------
        PC Object: (ssc_sub_0_) 768 MPI processes
          type: patch
            Vertex-patch Additive Schwarz with 3134 patches
            Saving patch operators (rebuilt every PCSetUp)
            KSP on patches (all same):
              KSP Object: (ssc_sub_0_sub_) 1 MPI processes
                type: preonly
                maximum iterations=10000, initial guess is zero
                tolerances:  relative=1e-05, absolute=1e-50, divergence=10000.
                left preconditioning
                using NONE norm type for convergence test
              PC Object: (ssc_sub_0_sub_) 1 MPI processes
                type: lu
                  out-of-place factorization
                  tolerance for zero pivot 2.22045e-14
                  matrix ordering: nd
                  factor fill ratio given 5., needed 1.25838
                    Factored matrix follows:
                      Mat Object: 1 MPI processes
                        type: seqaij
                        rows=215, cols=215
                        package used to perform factorization: petsc
                        total: nonzeros=14377, allocated nonzeros=14377
                        total number of mallocs used during MatSetValues calls =0
                          using I-node routines: found 61 nodes, limit used is 5
                linear system matrix = precond matrix:
                Mat Object: 1 MPI processes
                  type: seqaij
                  rows=215, cols=215
                  total: nonzeros=11425, allocated nonzeros=12565
                  total number of mallocs used during MatSetValues calls =766
                    using I-node routines: found 81 nodes, limit used is 5
          linear system matrix = precond matrix:
          Mat Object: 768 MPI processes
            type: python
            rows=81182737, cols=81182737
                Python: firedrake.matrix_free.operators.ImplicitMatrixContext
              Firedrake matrix-free operator ImplicitMatrixContext
        PC Object: (ssc_sub_1_) 768 MPI processes
          type: python
            Python: ssc.lo.P1PC
          Low-order PC
            PC Object: (ssc_sub_1_lo_) 768 MPI processes
              type: telescope
                Telescope: parent comm size reduction factor = 6
                Telescope: comm_size = 768 , subcomm_size = 128
                Telescope: subcomm type: interlaced
                  Telescope: using default setup
                KSP Object: (ssc_sub_1_lo_telescope_) 128 MPI processes
                  type: richardson
                    Richardson: damping factor=1.
                  maximum iterations=4, initial guess is zero
                  tolerances:  relative=1e-05, absolute=1e-50, divergence=10000.
                  left preconditioning
                  using PRECONDITIONED norm type for convergence test
                PC Object: (ssc_sub_1_lo_telescope_) 128 MPI processes
                  type: gamg
                    MG: type is MULTIPLICATIVE, levels=5 cycles=v
                      Cycles per PCApply=1
                      Using externally compute Galerkin coarse grid matrices
                      GAMG specific options
                        Threshold for dropping small values in graph on each level =                   0.                   0.                   0.                  
                        Threshold scaling factor for each level not specified = 1.
                        AGG specific options
                          Symmetric graph false
                          Number of levels to square graph 1
                          Number smoothing steps 1
                  Coarse grid solver -- level -------------------------------
                    KSP Object: (ssc_sub_1_lo_telescope_mg_coarse_) 128 MPI processes
                      type: preonly
                      maximum iterations=10000, initial guess is zero
                      tolerances:  relative=1e-05, absolute=1e-50, divergence=10000.
                      left preconditioning
                      using NONE norm type for convergence test
                    PC Object: (ssc_sub_1_lo_telescope_mg_coarse_) 128 MPI processes
                      type: bjacobi
                        block Jacobi: number of blocks = 128
                        Local solve is same for all blocks, in the following KSP and PC objects:
                      linear system matrix = precond matrix:
                      Mat Object: 128 MPI processes
                        type: mpiaij
                        rows=4, cols=4
                        total: nonzeros=16, allocated nonzeros=16
                        total number of mallocs used during MatSetValues calls =0
                          using I-node (on process 0) routines: found 1 nodes, limit used is 5
                  Down solver (pre-smoother) on level 1 -------------------------------
                    KSP Object: (ssc_sub_1_lo_telescope_mg_levels_1_) 128 MPI processes
                      type: chebyshev
                        Chebyshev: eigenvalue estimates used:  min = 0.0999858, max = 1.09984
                        Chebyshev: eigenvalues estimate via gmres min 0.688853, max 0.999858
                        Chebyshev: eigenvalues estimated using gmres with translations  [0. 0.1; 0. 1.1]
                        KSP Object: (ssc_sub_1_lo_telescope_mg_levels_1_esteig_) 128 MPI processes
                          type: gmres
                            GMRES: restart=30, using Classical (unmodified) Gram-Schmidt Orthogonalization with no iterative refinement
                            GMRES: happy breakdown tolerance 1e-30
                          maximum iterations=10, initial guess is zero
                          tolerances:  relative=1e-12, absolute=1e-50, divergence=10000.
                          left preconditioning
                          using PRECONDITIONED norm type for convergence test
                        Chebyshev: estimating eigenvalues using noisy right hand side
                      maximum iterations=2
                      tolerances:  relative=0., absolute=1e-50, divergence=10000.
                      left preconditioning
                      using nonzero initial guess
                      using NONE norm type for convergence test
                    PC Object: (ssc_sub_1_lo_telescope_mg_levels_1_) 128 MPI processes
                      type: sor
                        SOR: type = local_symmetric, iterations = 1, local iterations = 1, omega = 1.
                      linear system matrix = precond matrix:
                      Mat Object: 128 MPI processes
                        type: mpiaij
                        rows=99, cols=99
                        total: nonzeros=6705, allocated nonzeros=6705
                        total number of mallocs used during MatSetValues calls =0
                          not using I-node (on process 0) routines
                  Up solver (post-smoother) same as down solver (pre-smoother)
                  Down solver (pre-smoother) on level 2 -------------------------------
                    KSP Object: (ssc_sub_1_lo_telescope_mg_levels_2_) 128 MPI processes
                      type: chebyshev
                        Chebyshev: eigenvalue estimates used:  min = 0.149443, max = 1.64387
                        Chebyshev: eigenvalues estimate via gmres min 0.108791, max 1.49443
                        Chebyshev: eigenvalues estimated using gmres with translations  [0. 0.1; 0. 1.1]
                        KSP Object: (ssc_sub_1_lo_telescope_mg_levels_2_esteig_) 128 MPI processes
                          type: gmres
                            GMRES: restart=30, using Classical (unmodified) Gram-Schmidt Orthogonalization with no iterative refinement
                            GMRES: happy breakdown tolerance 1e-30
                          maximum iterations=10, initial guess is zero
                          tolerances:  relative=1e-12, absolute=1e-50, divergence=10000.
                          left preconditioning
                          using PRECONDITIONED norm type for convergence test
                        Chebyshev: estimating eigenvalues using noisy right hand side
                      maximum iterations=2
                      tolerances:  relative=0., absolute=1e-50, divergence=10000.
                      left preconditioning
                      using nonzero initial guess
                      using NONE norm type for convergence test
                    PC Object: (ssc_sub_1_lo_telescope_mg_levels_2_) 128 MPI processes
                      type: sor
                        SOR: type = local_symmetric, iterations = 1, local iterations = 1, omega = 1.
                      linear system matrix = precond matrix:
                      Mat Object: 128 MPI processes
                        type: mpiaij
                        rows=3193, cols=3193
                        total: nonzeros=398891, allocated nonzeros=398891
                        total number of mallocs used during MatSetValues calls =0
                          not using I-node (on process 0) routines
                  Up solver (post-smoother) same as down solver (pre-smoother)
                  Down solver (pre-smoother) on level 3 -------------------------------
                    KSP Object: (ssc_sub_1_lo_telescope_mg_levels_3_) 128 MPI processes
                      type: chebyshev
                        Chebyshev: eigenvalue estimates used:  min = 0.150628, max = 1.6569
                        Chebyshev: eigenvalues estimate via gmres min 0.0505383, max 1.50628
                        Chebyshev: eigenvalues estimated using gmres with translations  [0. 0.1; 0. 1.1]
                        KSP Object: (ssc_sub_1_lo_telescope_mg_levels_3_esteig_) 128 MPI processes
                          type: gmres
                            GMRES: restart=30, using Classical (unmodified) Gram-Schmidt Orthogonalization with no iterative refinement
                            GMRES: happy breakdown tolerance 1e-30
                          maximum iterations=10, initial guess is zero
                          tolerances:  relative=1e-12, absolute=1e-50, divergence=10000.
                          left preconditioning
                          using PRECONDITIONED norm type for convergence test
                        Chebyshev: estimating eigenvalues using noisy right hand side
                      maximum iterations=2
                      tolerances:  relative=0., absolute=1e-50, divergence=10000.
                      left preconditioning
                      using nonzero initial guess
                      using NONE norm type for convergence test
                    PC Object: (ssc_sub_1_lo_telescope_mg_levels_3_) 128 MPI processes
                      type: sor
                        SOR: type = local_symmetric, iterations = 1, local iterations = 1, omega = 1.
                      linear system matrix = precond matrix:
                      Mat Object: 128 MPI processes
                        type: mpiaij
                        rows=52722, cols=52722
                        total: nonzeros=2522644, allocated nonzeros=2522644
                        total number of mallocs used during MatSetValues calls =0
                          not using I-node (on process 0) routines
                  Up solver (post-smoother) same as down solver (pre-smoother)
                  Down solver (pre-smoother) on level 4 -------------------------------
                    KSP Object: (ssc_sub_1_lo_telescope_mg_levels_4_) 128 MPI processes
                      type: chebyshev
                        Chebyshev: eigenvalue estimates used:  min = 0.159569, max = 1.75526
                        Chebyshev: eigenvalues estimate via gmres min 0.0372916, max 1.59569
                        Chebyshev: eigenvalues estimated using gmres with translations  [0. 0.1; 0. 1.1]
                        KSP Object: (ssc_sub_1_lo_telescope_mg_levels_4_esteig_) 128 MPI processes
                          type: gmres
                            GMRES: restart=30, using Classical (unmodified) Gram-Schmidt Orthogonalization with no iterative refinement
                            GMRES: happy breakdown tolerance 1e-30
                          maximum iterations=10, initial guess is zero
                          tolerances:  relative=1e-12, absolute=1e-50, divergence=10000.
                          left preconditioning
                          using PRECONDITIONED norm type for convergence test
                        Chebyshev: estimating eigenvalues using noisy right hand side
                      maximum iterations=2
                      tolerances:  relative=0., absolute=1e-50, divergence=10000.
                      left preconditioning
                      using nonzero initial guess
                      using NONE norm type for convergence test
                    PC Object: (ssc_sub_1_lo_telescope_mg_levels_4_) 128 MPI processes
                      type: sor
                        SOR: type = local_symmetric, iterations = 1, local iterations = 1, omega = 1.
                      linear system matrix = precond matrix:
                      Mat Object: 128 MPI processes
                        type: mpiaij
                        rows=1295029, cols=1295029
                        total: nonzeros=19141597, allocated nonzeros=19141597
                        total number of mallocs used during MatSetValues calls =0
                          not using I-node (on process 0) routines
                  Up solver (post-smoother) same as down solver (pre-smoother)
                  linear system matrix = precond matrix:
                  Mat Object: 128 MPI processes
                    type: mpiaij
                    rows=1295029, cols=1295029
                    total: nonzeros=19141597, allocated nonzeros=19141597
                    total number of mallocs used during MatSetValues calls =0
                      not using I-node (on process 0) routines
                                    KSP Object:               (ssc_sub_1_lo_telescope_mg_coarse_sub_)               1 MPI processes
                                      type: preonly
                                      maximum iterations=1, initial guess is zero
                                      tolerances:  relative=1e-05, absolute=1e-50, divergence=10000.
                                      left preconditioning
                                      using NONE norm type for convergence test
                                    PC Object:               (ssc_sub_1_lo_telescope_mg_coarse_sub_)               1 MPI processes
                                      type: lu
                                        out-of-place factorization
                                        tolerance for zero pivot 2.22045e-14
                                        using diagonal shift on blocks to prevent zero pivot [INBLOCKS]
                                        matrix ordering: nd
                                        factor fill ratio given 5., needed 1.
                                          Factored matrix follows:
                                            Mat Object:               1 MPI processes
                                              type: seqaij
                                              rows=4, cols=4
                                              package used to perform factorization: petsc
                                              total: nonzeros=16, allocated nonzeros=16
                                              total number of mallocs used during MatSetValues calls =0
                                                using I-node routines: found 1 nodes, limit used is 5
                                      linear system matrix = precond matrix:
                                      Mat Object:               1 MPI processes
                                        type: seqaij
                                        rows=4, cols=4
                                        total: nonzeros=16, allocated nonzeros=16
                                        total number of mallocs used during MatSetValues calls =0
                                          using I-node routines: found 1 nodes, limit used is 5
              linear system matrix = precond matrix:
              Mat Object: 768 MPI processes
                type: mpiaij
                rows=1295029, cols=1295029
                total: nonzeros=19141597, allocated nonzeros=19141597
                total number of mallocs used during MatSetValues calls =0
                  not using I-node (on process 0) routines
          linear system matrix = precond matrix:
          Mat Object: 768 MPI processes
            type: python
            rows=81182737, cols=81182737
                Python: firedrake.matrix_free.operators.ImplicitMatrixContext
              Firedrake matrix-free operator ImplicitMatrixContext
      ---------------------------------
      linear system matrix = precond matrix:
      Mat Object: 768 MPI processes
        type: python
        rows=81182737, cols=81182737
            Python: firedrake.matrix_free.operators.ImplicitMatrixContext
          Firedrake matrix-free operator ImplicitMatrixContext
  linear system matrix = precond matrix:
  Mat Object: 768 MPI processes
    type: python
    rows=81182737, cols=81182737
        Python: firedrake.matrix_free.operators.ImplicitMatrixContext
      Firedrake matrix-free operator ImplicitMatrixContext
Timed solve
    Residual norms for  solve.
    0 KSP Residual norm 2.032998097490e+02 
    1 KSP Residual norm 4.550730039035e+00 
    2 KSP Residual norm 2.820599887831e+00 
    3 KSP Residual norm 6.985017312490e-01 
    4 KSP Residual norm 1.860374195639e-01 
    5 KSP Residual norm 6.610425165596e-02 
    6 KSP Residual norm 3.116775775796e-02 
    7 KSP Residual norm 1.134545036637e-02 
    8 KSP Residual norm 3.595624158204e-03 
    9 KSP Residual norm 1.227072895361e-03 
   10 KSP Residual norm 1.031841060511e-03 
   11 KSP Residual norm 6.582739721339e-04 
   12 KSP Residual norm 2.813661971456e-04 
   13 KSP Residual norm 8.397848668018e-05 
   14 KSP Residual norm 3.602975724360e-05 
   15 KSP Residual norm 1.881846387559e-05 
   16 KSP Residual norm 1.043726157701e-05 
   17 KSP Residual norm 6.003962182009e-06 
   18 KSP Residual norm 3.029300375417e-06 
   19 KSP Residual norm 1.276413127050e-06 
KSP Object: () 768 MPI processes
  type: cg
  maximum iterations=10000, initial guess is zero
  tolerances:  relative=1e-08, absolute=1e-50, divergence=10000.
  left preconditioning
  using PRECONDITIONED norm type for convergence test
PC Object: () 768 MPI processes
  type: python
    Python: ssc.SSC
  Subspace correction PC
  Combining (composite) PC:
    PC Object: (ssc_) 768 MPI processes
      type: composite
      Composite PC type - ADDITIVE
      PCs on composite preconditioner follow
      ---------------------------------
        PC Object: (ssc_sub_0_) 768 MPI processes
          type: patch
            Vertex-patch Additive Schwarz with 3134 patches
            Saving patch operators (rebuilt every PCSetUp)
            KSP on patches (all same):
              KSP Object: (ssc_sub_0_sub_) 1 MPI processes
                type: preonly
                maximum iterations=10000, initial guess is zero
                tolerances:  relative=1e-05, absolute=1e-50, divergence=10000.
                left preconditioning
                using NONE norm type for convergence test
              PC Object: (ssc_sub_0_sub_) 1 MPI processes
                type: lu
                  out-of-place factorization
                  tolerance for zero pivot 2.22045e-14
                  matrix ordering: nd
                  factor fill ratio given 5., needed 1.25838
                    Factored matrix follows:
                      Mat Object: 1 MPI processes
                        type: seqaij
                        rows=215, cols=215
                        package used to perform factorization: petsc
                        total: nonzeros=14377, allocated nonzeros=14377
                        total number of mallocs used during MatSetValues calls =0
                          using I-node routines: found 61 nodes, limit used is 5
                linear system matrix = precond matrix:
                Mat Object: 1 MPI processes
                  type: seqaij
                  rows=215, cols=215
                  total: nonzeros=11425, allocated nonzeros=12565
                  total number of mallocs used during MatSetValues calls =766
                    using I-node routines: found 81 nodes, limit used is 5
          linear system matrix = precond matrix:
          Mat Object: 768 MPI processes
            type: python
            rows=81182737, cols=81182737
                Python: firedrake.matrix_free.operators.ImplicitMatrixContext
              Firedrake matrix-free operator ImplicitMatrixContext
        PC Object: (ssc_sub_1_) 768 MPI processes
          type: python
            Python: ssc.lo.P1PC
          Low-order PC
            PC Object: (ssc_sub_1_lo_) 768 MPI processes
              type: telescope
                Telescope: parent comm size reduction factor = 6
                Telescope: comm_size = 768 , subcomm_size = 128
                Telescope: subcomm type: interlaced
                  Telescope: using default setup
                KSP Object: (ssc_sub_1_lo_telescope_) 128 MPI processes
                  type: richardson
                    Richardson: damping factor=1.
                  maximum iterations=4, initial guess is zero
                  tolerances:  relative=1e-05, absolute=1e-50, divergence=10000.
                  left preconditioning
                  using PRECONDITIONED norm type for convergence test
                PC Object: (ssc_sub_1_lo_telescope_) 128 MPI processes
                  type: gamg
                    MG: type is MULTIPLICATIVE, levels=5 cycles=v
                      Cycles per PCApply=1
                      Using externally compute Galerkin coarse grid matrices
                      GAMG specific options
                        Threshold for dropping small values in graph on each level =                   0.                   0.                   0.                  
                        Threshold scaling factor for each level not specified = 1.
                        AGG specific options
                          Symmetric graph false
                          Number of levels to square graph 1
                          Number smoothing steps 1
                  Coarse grid solver -- level -------------------------------
                    KSP Object: (ssc_sub_1_lo_telescope_mg_coarse_) 128 MPI processes
                      type: preonly
                      maximum iterations=10000, initial guess is zero
                      tolerances:  relative=1e-05, absolute=1e-50, divergence=10000.
                      left preconditioning
                      using NONE norm type for convergence test
                    PC Object: (ssc_sub_1_lo_telescope_mg_coarse_) 128 MPI processes
                      type: bjacobi
                        block Jacobi: number of blocks = 128
                        Local solve is same for all blocks, in the following KSP and PC objects:
                      linear system matrix = precond matrix:
                      Mat Object: 128 MPI processes
                        type: mpiaij
                        rows=4, cols=4
                        total: nonzeros=16, allocated nonzeros=16
                        total number of mallocs used during MatSetValues calls =0
                          using I-node (on process 0) routines: found 1 nodes, limit used is 5
                  Down solver (pre-smoother) on level 1 -------------------------------
                    KSP Object: (ssc_sub_1_lo_telescope_mg_levels_1_) 128 MPI processes
                      type: chebyshev
                        Chebyshev: eigenvalue estimates used:  min = 0.0999858, max = 1.09984
                        Chebyshev: eigenvalues estimate via gmres min 0.688853, max 0.999858
                        Chebyshev: eigenvalues estimated using gmres with translations  [0. 0.1; 0. 1.1]
                        KSP Object: (ssc_sub_1_lo_telescope_mg_levels_1_esteig_) 128 MPI processes
                          type: gmres
                            GMRES: restart=30, using Classical (unmodified) Gram-Schmidt Orthogonalization with no iterative refinement
                            GMRES: happy breakdown tolerance 1e-30
                          maximum iterations=10, initial guess is zero
                          tolerances:  relative=1e-12, absolute=1e-50, divergence=10000.
                          left preconditioning
                          using PRECONDITIONED norm type for convergence test
                        Chebyshev: estimating eigenvalues using noisy right hand side
                      maximum iterations=2
                      tolerances:  relative=0., absolute=1e-50, divergence=10000.
                      left preconditioning
                      using nonzero initial guess
                      using NONE norm type for convergence test
                    PC Object: (ssc_sub_1_lo_telescope_mg_levels_1_) 128 MPI processes
                      type: sor
                        SOR: type = local_symmetric, iterations = 1, local iterations = 1, omega = 1.
                      linear system matrix = precond matrix:
                      Mat Object: 128 MPI processes
                        type: mpiaij
                        rows=99, cols=99
                        total: nonzeros=6705, allocated nonzeros=6705
                        total number of mallocs used during MatSetValues calls =0
                          not using I-node (on process 0) routines
                  Up solver (post-smoother) same as down solver (pre-smoother)
                  Down solver (pre-smoother) on level 2 -------------------------------
                    KSP Object: (ssc_sub_1_lo_telescope_mg_levels_2_) 128 MPI processes
                      type: chebyshev
                        Chebyshev: eigenvalue estimates used:  min = 0.149443, max = 1.64387
                        Chebyshev: eigenvalues estimate via gmres min 0.108791, max 1.49443
                        Chebyshev: eigenvalues estimated using gmres with translations  [0. 0.1; 0. 1.1]
                        KSP Object: (ssc_sub_1_lo_telescope_mg_levels_2_esteig_) 128 MPI processes
                          type: gmres
                            GMRES: restart=30, using Classical (unmodified) Gram-Schmidt Orthogonalization with no iterative refinement
                            GMRES: happy breakdown tolerance 1e-30
                          maximum iterations=10, initial guess is zero
                          tolerances:  relative=1e-12, absolute=1e-50, divergence=10000.
                          left preconditioning
                          using PRECONDITIONED norm type for convergence test
                        Chebyshev: estimating eigenvalues using noisy right hand side
                      maximum iterations=2
                      tolerances:  relative=0., absolute=1e-50, divergence=10000.
                      left preconditioning
                      using nonzero initial guess
                      using NONE norm type for convergence test
                    PC Object: (ssc_sub_1_lo_telescope_mg_levels_2_) 128 MPI processes
                      type: sor
                        SOR: type = local_symmetric, iterations = 1, local iterations = 1, omega = 1.
                      linear system matrix = precond matrix:
                      Mat Object: 128 MPI processes
                        type: mpiaij
                        rows=3193, cols=3193
                        total: nonzeros=398891, allocated nonzeros=398891
                        total number of mallocs used during MatSetValues calls =0
                          not using I-node (on process 0) routines
                  Up solver (post-smoother) same as down solver (pre-smoother)
                  Down solver (pre-smoother) on level 3 -------------------------------
                    KSP Object: (ssc_sub_1_lo_telescope_mg_levels_3_) 128 MPI processes
                      type: chebyshev
                        Chebyshev: eigenvalue estimates used:  min = 0.150628, max = 1.6569
                        Chebyshev: eigenvalues estimate via gmres min 0.0505383, max 1.50628
                        Chebyshev: eigenvalues estimated using gmres with translations  [0. 0.1; 0. 1.1]
                        KSP Object: (ssc_sub_1_lo_telescope_mg_levels_3_esteig_) 128 MPI processes
                          type: gmres
                            GMRES: restart=30, using Classical (unmodified) Gram-Schmidt Orthogonalization with no iterative refinement
                            GMRES: happy breakdown tolerance 1e-30
                          maximum iterations=10, initial guess is zero
                          tolerances:  relative=1e-12, absolute=1e-50, divergence=10000.
                          left preconditioning
                          using PRECONDITIONED norm type for convergence test
                        Chebyshev: estimating eigenvalues using noisy right hand side
                      maximum iterations=2
                      tolerances:  relative=0., absolute=1e-50, divergence=10000.
                      left preconditioning
                      using nonzero initial guess
                      using NONE norm type for convergence test
                    PC Object: (ssc_sub_1_lo_telescope_mg_levels_3_) 128 MPI processes
                      type: sor
                        SOR: type = local_symmetric, iterations = 1, local iterations = 1, omega = 1.
                      linear system matrix = precond matrix:
                      Mat Object: 128 MPI processes
                        type: mpiaij
                        rows=52722, cols=52722
                        total: nonzeros=2522644, allocated nonzeros=2522644
                        total number of mallocs used during MatSetValues calls =0
                          not using I-node (on process 0) routines
                  Up solver (post-smoother) same as down solver (pre-smoother)
                  Down solver (pre-smoother) on level 4 -------------------------------
                    KSP Object: (ssc_sub_1_lo_telescope_mg_levels_4_) 128 MPI processes
                      type: chebyshev
                        Chebyshev: eigenvalue estimates used:  min = 0.159569, max = 1.75526
                        Chebyshev: eigenvalues estimate via gmres min 0.0372916, max 1.59569
                        Chebyshev: eigenvalues estimated using gmres with translations  [0. 0.1; 0. 1.1]
                        KSP Object: (ssc_sub_1_lo_telescope_mg_levels_4_esteig_) 128 MPI processes
                          type: gmres
                            GMRES: restart=30, using Classical (unmodified) Gram-Schmidt Orthogonalization with no iterative refinement
                            GMRES: happy breakdown tolerance 1e-30
                          maximum iterations=10, initial guess is zero
                          tolerances:  relative=1e-12, absolute=1e-50, divergence=10000.
                          left preconditioning
                          using PRECONDITIONED norm type for convergence test
                        Chebyshev: estimating eigenvalues using noisy right hand side
                      maximum iterations=2
                      tolerances:  relative=0., absolute=1e-50, divergence=10000.
                      left preconditioning
                      using nonzero initial guess
                      using NONE norm type for convergence test
                    PC Object: (ssc_sub_1_lo_telescope_mg_levels_4_) 128 MPI processes
                      type: sor
                        SOR: type = local_symmetric, iterations = 1, local iterations = 1, omega = 1.
                      linear system matrix = precond matrix:
                      Mat Object: 128 MPI processes
                        type: mpiaij
                        rows=1295029, cols=1295029
                        total: nonzeros=19141597, allocated nonzeros=19141597
                        total number of mallocs used during MatSetValues calls =0
                          not using I-node (on process 0) routines
                  Up solver (post-smoother) same as down solver (pre-smoother)
                  linear system matrix = precond matrix:
                  Mat Object: 128 MPI processes
                    type: mpiaij
                    rows=1295029, cols=1295029
                    total: nonzeros=19141597, allocated nonzeros=19141597
                    total number of mallocs used during MatSetValues calls =0
                      not using I-node (on process 0) routines
                                    KSP Object:               (ssc_sub_1_lo_telescope_mg_coarse_sub_)               1 MPI processes
                                      type: preonly
                                      maximum iterations=1, initial guess is zero
                                      tolerances:  relative=1e-05, absolute=1e-50, divergence=10000.
                                      left preconditioning
                                      using NONE norm type for convergence test
                                    PC Object:               (ssc_sub_1_lo_telescope_mg_coarse_sub_)               1 MPI processes
                                      type: lu
                                        out-of-place factorization
                                        tolerance for zero pivot 2.22045e-14
                                        using diagonal shift on blocks to prevent zero pivot [INBLOCKS]
                                        matrix ordering: nd
                                        factor fill ratio given 5., needed 1.
                                          Factored matrix follows:
                                            Mat Object:               1 MPI processes
                                              type: seqaij
                                              rows=4, cols=4
                                              package used to perform factorization: petsc
                                              total: nonzeros=16, allocated nonzeros=16
                                              total number of mallocs used during MatSetValues calls =0
                                                using I-node routines: found 1 nodes, limit used is 5
                                      linear system matrix = precond matrix:
                                      Mat Object:               1 MPI processes
                                        type: seqaij
                                        rows=4, cols=4
                                        total: nonzeros=16, allocated nonzeros=16
                                        total number of mallocs used during MatSetValues calls =0
                                          using I-node routines: found 1 nodes, limit used is 5
              linear system matrix = precond matrix:
              Mat Object: 768 MPI processes
                type: mpiaij
                rows=1295029, cols=1295029
                total: nonzeros=19141597, allocated nonzeros=19141597
                total number of mallocs used during MatSetValues calls =0
                  not using I-node (on process 0) routines
          linear system matrix = precond matrix:
          Mat Object: 768 MPI processes
            type: python
            rows=81182737, cols=81182737
                Python: firedrake.matrix_free.operators.ImplicitMatrixContext
              Firedrake matrix-free operator ImplicitMatrixContext
      ---------------------------------
      linear system matrix = precond matrix:
      Mat Object: 768 MPI processes
        type: python
        rows=81182737, cols=81182737
            Python: firedrake.matrix_free.operators.ImplicitMatrixContext
          Firedrake matrix-free operator ImplicitMatrixContext
  linear system matrix = precond matrix:
  Mat Object: 768 MPI processes
    type: python
    rows=81182737, cols=81182737
        Python: firedrake.matrix_free.operators.ImplicitMatrixContext
      Firedrake matrix-free operator ImplicitMatrixContext
Solving with parameter set schwarz_rich, 54, 4...done
Application 25335081 resources: utime ~87218s, stime ~3682s, Rss ~2587560, inblocks ~42431576, outblocks ~635800
