Int has 8 bytes
Solving with parameter set schwarz_rich, 22, 4...
Warmup solve
    Residual norms for  solve.
    0 KSP Residual norm 5.620411846312e+01 
    1 KSP Residual norm 7.779273641487e-01 
    2 KSP Residual norm 4.556886581142e-01 
    3 KSP Residual norm 2.033147765827e-01 
    4 KSP Residual norm 7.259011753455e-02 
    5 KSP Residual norm 1.369883058562e-02 
    6 KSP Residual norm 5.477766055170e-03 
    7 KSP Residual norm 4.328697927364e-03 
    8 KSP Residual norm 2.570927612104e-03 
    9 KSP Residual norm 1.002784771426e-03 
   10 KSP Residual norm 3.425252924204e-04 
   11 KSP Residual norm 1.067186971327e-04 
   12 KSP Residual norm 6.594613490696e-05 
   13 KSP Residual norm 3.124968121720e-05 
   14 KSP Residual norm 1.380204867503e-05 
   15 KSP Residual norm 6.105888737037e-06 
   16 KSP Residual norm 2.471925157714e-06 
   17 KSP Residual norm 1.262198633799e-06 
   18 KSP Residual norm 8.163919591739e-07 
   19 KSP Residual norm 4.167961991732e-07 
KSP Object: () 48 MPI processes
  type: cg
  maximum iterations=10000, initial guess is zero
  tolerances:  relative=1e-08, absolute=1e-50, divergence=10000.
  left preconditioning
  using PRECONDITIONED norm type for convergence test
PC Object: () 48 MPI processes
  type: python
    Python: ssc.SSC
  Subspace correction PC
  Combining (composite) PC:
    PC Object: (ssc_) 48 MPI processes
      type: composite
      Composite PC type - ADDITIVE
      PCs on composite preconditioner follow
      ---------------------------------
        PC Object: (ssc_sub_0_) 48 MPI processes
          type: patch
            Vertex-patch Additive Schwarz with 3533 patches
            Saving patch operators (rebuilt every PCSetUp)
            KSP on patches (all same):
              KSP Object: (ssc_sub_0_sub_) 1 MPI processes
                type: preonly
                maximum iterations=10000, initial guess is zero
                tolerances:  relative=1e-05, absolute=1e-50, divergence=10000.
                left preconditioning
                using NONE norm type for convergence test
              PC Object: (ssc_sub_0_sub_) 1 MPI processes
                type: lu
                  out-of-place factorization
                  tolerance for zero pivot 2.22045e-14
                  matrix ordering: nd
                  factor fill ratio given 5., needed 1.77158
                    Factored matrix follows:
                      Mat Object: 1 MPI processes
                        type: seqaij
                        rows=369, cols=369
                        package used to perform factorization: petsc
                        total: nonzeros=38353, allocated nonzeros=38353
                        total number of mallocs used during MatSetValues calls =0
                          using I-node routines: found 122 nodes, limit used is 5
                linear system matrix = precond matrix:
                Mat Object: 1 MPI processes
                  type: seqaij
                  rows=369, cols=369
                  total: nonzeros=21649, allocated nonzeros=24060
                  total number of mallocs used during MatSetValues calls =1481
                    using I-node routines: found 147 nodes, limit used is 5
          linear system matrix = precond matrix:
          Mat Object: 48 MPI processes
            type: python
            rows=5545233, cols=5545233
                Python: firedrake.matrix_free.operators.ImplicitMatrixContext
              Firedrake matrix-free operator ImplicitMatrixContext
        PC Object: (ssc_sub_1_) 48 MPI processes
          type: python
            Python: ssc.lo.P1PC
          Low-order PC
            PC Object: (ssc_sub_1_lo_) 48 MPI processes
              type: telescope
                Telescope: parent comm size reduction factor = 6
                Telescope: comm_size = 48 , subcomm_size = 8
                Telescope: subcomm type: interlaced
                  Telescope: using default setup
                KSP Object: (ssc_sub_1_lo_telescope_) 8 MPI processes
                  type: richardson
                    Richardson: damping factor=1.
                  maximum iterations=4, initial guess is zero
                  tolerances:  relative=1e-05, absolute=1e-50, divergence=10000.
                  left preconditioning
                  using PRECONDITIONED norm type for convergence test
                PC Object: (ssc_sub_1_lo_telescope_) 8 MPI processes
                  type: gamg
                    MG: type is MULTIPLICATIVE, levels=4 cycles=v
                      Cycles per PCApply=1
                      Using externally compute Galerkin coarse grid matrices
                      GAMG specific options
                        Threshold for dropping small values in graph on each level =                   0.                   0.                  
                        Threshold scaling factor for each level not specified = 1.
                        AGG specific options
                          Symmetric graph false
                          Number of levels to square graph 1
                          Number smoothing steps 1
                  Coarse grid solver -- level -------------------------------
                    KSP Object: (ssc_sub_1_lo_telescope_mg_coarse_) 8 MPI processes
                      type: preonly
                      maximum iterations=10000, initial guess is zero
                      tolerances:  relative=1e-05, absolute=1e-50, divergence=10000.
                      left preconditioning
                      using NONE norm type for convergence test
                    PC Object: (ssc_sub_1_lo_telescope_mg_coarse_) 8 MPI processes
                      type: bjacobi
                        block Jacobi: number of blocks = 8
                        Local solve is same for all blocks, in the following KSP and PC objects:
                      linear system matrix = precond matrix:
                      Mat Object: 8 MPI processes
                        type: mpiaij
                        rows=12, cols=12
                        total: nonzeros=144, allocated nonzeros=144
                        total number of mallocs used during MatSetValues calls =0
                          using I-node (on process 0) routines: found 3 nodes, limit used is 5
                  Down solver (pre-smoother) on level 1 -------------------------------
                    KSP Object: (ssc_sub_1_lo_telescope_mg_levels_1_) 8 MPI processes
                      type: chebyshev
                        Chebyshev: eigenvalue estimates used:  min = 0.132459, max = 1.45705
                        Chebyshev: eigenvalues estimate via gmres min 0.502101, max 1.32459
                        Chebyshev: eigenvalues estimated using gmres with translations  [0. 0.1; 0. 1.1]
                        KSP Object: (ssc_sub_1_lo_telescope_mg_levels_1_esteig_) 8 MPI processes
                          type: gmres
                            GMRES: restart=30, using Classical (unmodified) Gram-Schmidt Orthogonalization with no iterative refinement
                            GMRES: happy breakdown tolerance 1e-30
                          maximum iterations=10, initial guess is zero
                          tolerances:  relative=1e-12, absolute=1e-50, divergence=10000.
                          left preconditioning
                          using PRECONDITIONED norm type for convergence test
                        Chebyshev: estimating eigenvalues using noisy right hand side
                      maximum iterations=2
                      tolerances:  relative=0., absolute=1e-50, divergence=10000.
                      left preconditioning
                      using nonzero initial guess
                      using NONE norm type for convergence test
                    PC Object: (ssc_sub_1_lo_telescope_mg_levels_1_) 8 MPI processes
                      type: sor
                        SOR: type = local_symmetric, iterations = 1, local iterations = 1, omega = 1.
                      linear system matrix = precond matrix:
                      Mat Object: 8 MPI processes
                        type: mpiaij
                        rows=235, cols=235
                        total: nonzeros=16863, allocated nonzeros=16863
                        total number of mallocs used during MatSetValues calls =0
                          not using I-node (on process 0) routines
                  Up solver (post-smoother) same as down solver (pre-smoother)
                  Down solver (pre-smoother) on level 2 -------------------------------
                    KSP Object: (ssc_sub_1_lo_telescope_mg_levels_2_) 8 MPI processes
                      type: chebyshev
                        Chebyshev: eigenvalue estimates used:  min = 0.142263, max = 1.56489
                        Chebyshev: eigenvalues estimate via gmres min 0.0787427, max 1.42263
                        Chebyshev: eigenvalues estimated using gmres with translations  [0. 0.1; 0. 1.1]
                        KSP Object: (ssc_sub_1_lo_telescope_mg_levels_2_esteig_) 8 MPI processes
                          type: gmres
                            GMRES: restart=30, using Classical (unmodified) Gram-Schmidt Orthogonalization with no iterative refinement
                            GMRES: happy breakdown tolerance 1e-30
                          maximum iterations=10, initial guess is zero
                          tolerances:  relative=1e-12, absolute=1e-50, divergence=10000.
                          left preconditioning
                          using PRECONDITIONED norm type for convergence test
                        Chebyshev: estimating eigenvalues using noisy right hand side
                      maximum iterations=2
                      tolerances:  relative=0., absolute=1e-50, divergence=10000.
                      left preconditioning
                      using nonzero initial guess
                      using NONE norm type for convergence test
                    PC Object: (ssc_sub_1_lo_telescope_mg_levels_2_) 8 MPI processes
                      type: sor
                        SOR: type = local_symmetric, iterations = 1, local iterations = 1, omega = 1.
                      linear system matrix = precond matrix:
                      Mat Object: 8 MPI processes
                        type: mpiaij
                        rows=3535, cols=3535
                        total: nonzeros=147411, allocated nonzeros=147411
                        total number of mallocs used during MatSetValues calls =0
                          not using I-node (on process 0) routines
                  Up solver (post-smoother) same as down solver (pre-smoother)
                  Down solver (pre-smoother) on level 3 -------------------------------
                    KSP Object: (ssc_sub_1_lo_telescope_mg_levels_3_) 8 MPI processes
                      type: chebyshev
                        Chebyshev: eigenvalue estimates used:  min = 0.157829, max = 1.73612
                        Chebyshev: eigenvalues estimate via gmres min 0.0348902, max 1.57829
                        Chebyshev: eigenvalues estimated using gmres with translations  [0. 0.1; 0. 1.1]
                        KSP Object: (ssc_sub_1_lo_telescope_mg_levels_3_esteig_) 8 MPI processes
                          type: gmres
                            GMRES: restart=30, using Classical (unmodified) Gram-Schmidt Orthogonalization with no iterative refinement
                            GMRES: happy breakdown tolerance 1e-30
                          maximum iterations=10, initial guess is zero
                          tolerances:  relative=1e-12, absolute=1e-50, divergence=10000.
                          left preconditioning
                          using PRECONDITIONED norm type for convergence test
                        Chebyshev: estimating eigenvalues using noisy right hand side
                      maximum iterations=2
                      tolerances:  relative=0., absolute=1e-50, divergence=10000.
                      left preconditioning
                      using nonzero initial guess
                      using NONE norm type for convergence test
                    PC Object: (ssc_sub_1_lo_telescope_mg_levels_3_) 8 MPI processes
                      type: sor
                        SOR: type = local_symmetric, iterations = 1, local iterations = 1, omega = 1.
                      linear system matrix = precond matrix:
                      Mat Object: 8 MPI processes
                        type: mpiaij
                        rows=91125, cols=91125
                        total: nonzeros=1318813, allocated nonzeros=1318813
                        total number of mallocs used during MatSetValues calls =0
                          not using I-node (on process 0) routines
                  Up solver (post-smoother) same as down solver (pre-smoother)
                  linear system matrix = precond matrix:
                  Mat Object: 8 MPI processes
                    type: mpiaij
                    rows=91125, cols=91125
                    total: nonzeros=1318813, allocated nonzeros=1318813
                    total number of mallocs used during MatSetValues calls =0
                      not using I-node (on process 0) routines
                                    KSP Object:               (ssc_sub_1_lo_telescope_mg_coarse_sub_)               1 MPI processes
                                      type: preonly
                                      maximum iterations=1, initial guess is zero
                                      tolerances:  relative=1e-05, absolute=1e-50, divergence=10000.
                                      left preconditioning
                                      using NONE norm type for convergence test
                                    PC Object:               (ssc_sub_1_lo_telescope_mg_coarse_sub_)               1 MPI processes
                                      type: lu
                                        out-of-place factorization
                                        tolerance for zero pivot 2.22045e-14
                                        using diagonal shift on blocks to prevent zero pivot [INBLOCKS]
                                        matrix ordering: nd
                                        factor fill ratio given 5., needed 1.
                                          Factored matrix follows:
                                            Mat Object:               1 MPI processes
                                              type: seqaij
                                              rows=12, cols=12
                                              package used to perform factorization: petsc
                                              total: nonzeros=144, allocated nonzeros=144
                                              total number of mallocs used during MatSetValues calls =0
                                                using I-node routines: found 3 nodes, limit used is 5
                                      linear system matrix = precond matrix:
                                      Mat Object:               1 MPI processes
                                        type: seqaij
                                        rows=12, cols=12
                                        total: nonzeros=144, allocated nonzeros=144
                                        total number of mallocs used during MatSetValues calls =0
                                          using I-node routines: found 3 nodes, limit used is 5
              linear system matrix = precond matrix:
              Mat Object: 48 MPI processes
                type: mpiaij
                rows=91125, cols=91125
                total: nonzeros=1318813, allocated nonzeros=1318813
                total number of mallocs used during MatSetValues calls =0
                  not using I-node (on process 0) routines
          linear system matrix = precond matrix:
          Mat Object: 48 MPI processes
            type: python
            rows=5545233, cols=5545233
                Python: firedrake.matrix_free.operators.ImplicitMatrixContext
              Firedrake matrix-free operator ImplicitMatrixContext
      ---------------------------------
      linear system matrix = precond matrix:
      Mat Object: 48 MPI processes
        type: python
        rows=5545233, cols=5545233
            Python: firedrake.matrix_free.operators.ImplicitMatrixContext
          Firedrake matrix-free operator ImplicitMatrixContext
  linear system matrix = precond matrix:
  Mat Object: 48 MPI processes
    type: python
    rows=5545233, cols=5545233
        Python: firedrake.matrix_free.operators.ImplicitMatrixContext
      Firedrake matrix-free operator ImplicitMatrixContext
Timed solve
    Residual norms for  solve.
    0 KSP Residual norm 5.620411846312e+01 
    1 KSP Residual norm 7.779273641487e-01 
    2 KSP Residual norm 4.556886581142e-01 
    3 KSP Residual norm 2.033147765827e-01 
    4 KSP Residual norm 7.259011753454e-02 
    5 KSP Residual norm 1.369883058562e-02 
    6 KSP Residual norm 5.477766055170e-03 
    7 KSP Residual norm 4.328697927364e-03 
    8 KSP Residual norm 2.570927612104e-03 
    9 KSP Residual norm 1.002784771426e-03 
   10 KSP Residual norm 3.425252924204e-04 
   11 KSP Residual norm 1.067186971327e-04 
   12 KSP Residual norm 6.594613490696e-05 
   13 KSP Residual norm 3.124968121720e-05 
   14 KSP Residual norm 1.380204867503e-05 
   15 KSP Residual norm 6.105888737037e-06 
   16 KSP Residual norm 2.471925157714e-06 
   17 KSP Residual norm 1.262198633799e-06 
   18 KSP Residual norm 8.163919591739e-07 
   19 KSP Residual norm 4.167961991732e-07 
KSP Object: () 48 MPI processes
  type: cg
  maximum iterations=10000, initial guess is zero
  tolerances:  relative=1e-08, absolute=1e-50, divergence=10000.
  left preconditioning
  using PRECONDITIONED norm type for convergence test
PC Object: () 48 MPI processes
  type: python
    Python: ssc.SSC
  Subspace correction PC
  Combining (composite) PC:
    PC Object: (ssc_) 48 MPI processes
      type: composite
      Composite PC type - ADDITIVE
      PCs on composite preconditioner follow
      ---------------------------------
        PC Object: (ssc_sub_0_) 48 MPI processes
          type: patch
            Vertex-patch Additive Schwarz with 3533 patches
            Saving patch operators (rebuilt every PCSetUp)
            KSP on patches (all same):
              KSP Object: (ssc_sub_0_sub_) 1 MPI processes
                type: preonly
                maximum iterations=10000, initial guess is zero
                tolerances:  relative=1e-05, absolute=1e-50, divergence=10000.
                left preconditioning
                using NONE norm type for convergence test
              PC Object: (ssc_sub_0_sub_) 1 MPI processes
                type: lu
                  out-of-place factorization
                  tolerance for zero pivot 2.22045e-14
                  matrix ordering: nd
                  factor fill ratio given 5., needed 1.77158
                    Factored matrix follows:
                      Mat Object: 1 MPI processes
                        type: seqaij
                        rows=369, cols=369
                        package used to perform factorization: petsc
                        total: nonzeros=38353, allocated nonzeros=38353
                        total number of mallocs used during MatSetValues calls =0
                          using I-node routines: found 122 nodes, limit used is 5
                linear system matrix = precond matrix:
                Mat Object: 1 MPI processes
                  type: seqaij
                  rows=369, cols=369
                  total: nonzeros=21649, allocated nonzeros=24060
                  total number of mallocs used during MatSetValues calls =1481
                    using I-node routines: found 147 nodes, limit used is 5
          linear system matrix = precond matrix:
          Mat Object: 48 MPI processes
            type: python
            rows=5545233, cols=5545233
                Python: firedrake.matrix_free.operators.ImplicitMatrixContext
              Firedrake matrix-free operator ImplicitMatrixContext
        PC Object: (ssc_sub_1_) 48 MPI processes
          type: python
            Python: ssc.lo.P1PC
          Low-order PC
            PC Object: (ssc_sub_1_lo_) 48 MPI processes
              type: telescope
                Telescope: parent comm size reduction factor = 6
                Telescope: comm_size = 48 , subcomm_size = 8
                Telescope: subcomm type: interlaced
                  Telescope: using default setup
                KSP Object: (ssc_sub_1_lo_telescope_) 8 MPI processes
                  type: richardson
                    Richardson: damping factor=1.
                  maximum iterations=4, initial guess is zero
                  tolerances:  relative=1e-05, absolute=1e-50, divergence=10000.
                  left preconditioning
                  using PRECONDITIONED norm type for convergence test
                PC Object: (ssc_sub_1_lo_telescope_) 8 MPI processes
                  type: gamg
                    MG: type is MULTIPLICATIVE, levels=4 cycles=v
                      Cycles per PCApply=1
                      Using externally compute Galerkin coarse grid matrices
                      GAMG specific options
                        Threshold for dropping small values in graph on each level =                   0.                   0.                  
                        Threshold scaling factor for each level not specified = 1.
                        AGG specific options
                          Symmetric graph false
                          Number of levels to square graph 1
                          Number smoothing steps 1
                  Coarse grid solver -- level -------------------------------
                    KSP Object: (ssc_sub_1_lo_telescope_mg_coarse_) 8 MPI processes
                      type: preonly
                      maximum iterations=10000, initial guess is zero
                      tolerances:  relative=1e-05, absolute=1e-50, divergence=10000.
                      left preconditioning
                      using NONE norm type for convergence test
                    PC Object: (ssc_sub_1_lo_telescope_mg_coarse_) 8 MPI processes
                      type: bjacobi
                        block Jacobi: number of blocks = 8
                        Local solve is same for all blocks, in the following KSP and PC objects:
                      linear system matrix = precond matrix:
                      Mat Object: 8 MPI processes
                        type: mpiaij
                        rows=12, cols=12
                        total: nonzeros=144, allocated nonzeros=144
                        total number of mallocs used during MatSetValues calls =0
                          using I-node (on process 0) routines: found 3 nodes, limit used is 5
                  Down solver (pre-smoother) on level 1 -------------------------------
                    KSP Object: (ssc_sub_1_lo_telescope_mg_levels_1_) 8 MPI processes
                      type: chebyshev
                        Chebyshev: eigenvalue estimates used:  min = 0.132459, max = 1.45705
                        Chebyshev: eigenvalues estimate via gmres min 0.502101, max 1.32459
                        Chebyshev: eigenvalues estimated using gmres with translations  [0. 0.1; 0. 1.1]
                        KSP Object: (ssc_sub_1_lo_telescope_mg_levels_1_esteig_) 8 MPI processes
                          type: gmres
                            GMRES: restart=30, using Classical (unmodified) Gram-Schmidt Orthogonalization with no iterative refinement
                            GMRES: happy breakdown tolerance 1e-30
                          maximum iterations=10, initial guess is zero
                          tolerances:  relative=1e-12, absolute=1e-50, divergence=10000.
                          left preconditioning
                          using PRECONDITIONED norm type for convergence test
                        Chebyshev: estimating eigenvalues using noisy right hand side
                      maximum iterations=2
                      tolerances:  relative=0., absolute=1e-50, divergence=10000.
                      left preconditioning
                      using nonzero initial guess
                      using NONE norm type for convergence test
                    PC Object: (ssc_sub_1_lo_telescope_mg_levels_1_) 8 MPI processes
                      type: sor
                        SOR: type = local_symmetric, iterations = 1, local iterations = 1, omega = 1.
                      linear system matrix = precond matrix:
                      Mat Object: 8 MPI processes
                        type: mpiaij
                        rows=235, cols=235
                        total: nonzeros=16863, allocated nonzeros=16863
                        total number of mallocs used during MatSetValues calls =0
                          not using I-node (on process 0) routines
                  Up solver (post-smoother) same as down solver (pre-smoother)
                  Down solver (pre-smoother) on level 2 -------------------------------
                    KSP Object: (ssc_sub_1_lo_telescope_mg_levels_2_) 8 MPI processes
                      type: chebyshev
                        Chebyshev: eigenvalue estimates used:  min = 0.142263, max = 1.56489
                        Chebyshev: eigenvalues estimate via gmres min 0.0787427, max 1.42263
                        Chebyshev: eigenvalues estimated using gmres with translations  [0. 0.1; 0. 1.1]
                        KSP Object: (ssc_sub_1_lo_telescope_mg_levels_2_esteig_) 8 MPI processes
                          type: gmres
                            GMRES: restart=30, using Classical (unmodified) Gram-Schmidt Orthogonalization with no iterative refinement
                            GMRES: happy breakdown tolerance 1e-30
                          maximum iterations=10, initial guess is zero
                          tolerances:  relative=1e-12, absolute=1e-50, divergence=10000.
                          left preconditioning
                          using PRECONDITIONED norm type for convergence test
                        Chebyshev: estimating eigenvalues using noisy right hand side
                      maximum iterations=2
                      tolerances:  relative=0., absolute=1e-50, divergence=10000.
                      left preconditioning
                      using nonzero initial guess
                      using NONE norm type for convergence test
                    PC Object: (ssc_sub_1_lo_telescope_mg_levels_2_) 8 MPI processes
                      type: sor
                        SOR: type = local_symmetric, iterations = 1, local iterations = 1, omega = 1.
                      linear system matrix = precond matrix:
                      Mat Object: 8 MPI processes
                        type: mpiaij
                        rows=3535, cols=3535
                        total: nonzeros=147411, allocated nonzeros=147411
                        total number of mallocs used during MatSetValues calls =0
                          not using I-node (on process 0) routines
                  Up solver (post-smoother) same as down solver (pre-smoother)
                  Down solver (pre-smoother) on level 3 -------------------------------
                    KSP Object: (ssc_sub_1_lo_telescope_mg_levels_3_) 8 MPI processes
                      type: chebyshev
                        Chebyshev: eigenvalue estimates used:  min = 0.157829, max = 1.73612
                        Chebyshev: eigenvalues estimate via gmres min 0.0348902, max 1.57829
                        Chebyshev: eigenvalues estimated using gmres with translations  [0. 0.1; 0. 1.1]
                        KSP Object: (ssc_sub_1_lo_telescope_mg_levels_3_esteig_) 8 MPI processes
                          type: gmres
                            GMRES: restart=30, using Classical (unmodified) Gram-Schmidt Orthogonalization with no iterative refinement
                            GMRES: happy breakdown tolerance 1e-30
                          maximum iterations=10, initial guess is zero
                          tolerances:  relative=1e-12, absolute=1e-50, divergence=10000.
                          left preconditioning
                          using PRECONDITIONED norm type for convergence test
                        Chebyshev: estimating eigenvalues using noisy right hand side
                      maximum iterations=2
                      tolerances:  relative=0., absolute=1e-50, divergence=10000.
                      left preconditioning
                      using nonzero initial guess
                      using NONE norm type for convergence test
                    PC Object: (ssc_sub_1_lo_telescope_mg_levels_3_) 8 MPI processes
                      type: sor
                        SOR: type = local_symmetric, iterations = 1, local iterations = 1, omega = 1.
                      linear system matrix = precond matrix:
                      Mat Object: 8 MPI processes
                        type: mpiaij
                        rows=91125, cols=91125
                        total: nonzeros=1318813, allocated nonzeros=1318813
                        total number of mallocs used during MatSetValues calls =0
                          not using I-node (on process 0) routines
                  Up solver (post-smoother) same as down solver (pre-smoother)
                  linear system matrix = precond matrix:
                  Mat Object: 8 MPI processes
                    type: mpiaij
                    rows=91125, cols=91125
                    total: nonzeros=1318813, allocated nonzeros=1318813
                    total number of mallocs used during MatSetValues calls =0
                      not using I-node (on process 0) routines
                                    KSP Object:               (ssc_sub_1_lo_telescope_mg_coarse_sub_)               1 MPI processes
                                      type: preonly
                                      maximum iterations=1, initial guess is zero
                                      tolerances:  relative=1e-05, absolute=1e-50, divergence=10000.
                                      left preconditioning
                                      using NONE norm type for convergence test
                                    PC Object:               (ssc_sub_1_lo_telescope_mg_coarse_sub_)               1 MPI processes
                                      type: lu
                                        out-of-place factorization
                                        tolerance for zero pivot 2.22045e-14
                                        using diagonal shift on blocks to prevent zero pivot [INBLOCKS]
                                        matrix ordering: nd
                                        factor fill ratio given 5., needed 1.
                                          Factored matrix follows:
                                            Mat Object:               1 MPI processes
                                              type: seqaij
                                              rows=12, cols=12
                                              package used to perform factorization: petsc
                                              total: nonzeros=144, allocated nonzeros=144
                                              total number of mallocs used during MatSetValues calls =0
                                                using I-node routines: found 3 nodes, limit used is 5
                                      linear system matrix = precond matrix:
                                      Mat Object:               1 MPI processes
                                        type: seqaij
                                        rows=12, cols=12
                                        total: nonzeros=144, allocated nonzeros=144
                                        total number of mallocs used during MatSetValues calls =0
                                          using I-node routines: found 3 nodes, limit used is 5
              linear system matrix = precond matrix:
              Mat Object: 48 MPI processes
                type: mpiaij
                rows=91125, cols=91125
                total: nonzeros=1318813, allocated nonzeros=1318813
                total number of mallocs used during MatSetValues calls =0
                  not using I-node (on process 0) routines
          linear system matrix = precond matrix:
          Mat Object: 48 MPI processes
            type: python
            rows=5545233, cols=5545233
                Python: firedrake.matrix_free.operators.ImplicitMatrixContext
              Firedrake matrix-free operator ImplicitMatrixContext
      ---------------------------------
      linear system matrix = precond matrix:
      Mat Object: 48 MPI processes
        type: python
        rows=5545233, cols=5545233
            Python: firedrake.matrix_free.operators.ImplicitMatrixContext
          Firedrake matrix-free operator ImplicitMatrixContext
  linear system matrix = precond matrix:
  Mat Object: 48 MPI processes
    type: python
    rows=5545233, cols=5545233
        Python: firedrake.matrix_free.operators.ImplicitMatrixContext
      Firedrake matrix-free operator ImplicitMatrixContext
Solving with parameter set schwarz_rich, 22, 4...done
Application 25331077 resources: utime ~4191s, stime ~174s, Rss ~2543396, inblocks ~2508168, outblocks ~39037
