Int has 8 bytes
Solving with parameter set hypre, 108, 4...
Warmup solve
    Residual norms for  solve.
    0 KSP Residual norm 9.970753839983e+01 
    1 KSP Residual norm 1.291331149962e+01 
    2 KSP Residual norm 6.894723963592e+00 
    3 KSP Residual norm 4.746133453653e+00 
    4 KSP Residual norm 2.163846237031e+00 
    5 KSP Residual norm 9.105467336153e-01 
    6 KSP Residual norm 5.118454076173e-01 
    7 KSP Residual norm 2.619845976663e-01 
    8 KSP Residual norm 1.147657077396e-01 
    9 KSP Residual norm 5.930989138566e-02 
   10 KSP Residual norm 2.873979864451e-02 
   11 KSP Residual norm 1.406046457833e-02 
   12 KSP Residual norm 7.227177898202e-03 
   13 KSP Residual norm 3.689264626199e-03 
   14 KSP Residual norm 1.822808395119e-03 
   15 KSP Residual norm 9.120083546960e-04 
   16 KSP Residual norm 4.592036848238e-04 
   17 KSP Residual norm 2.340591616760e-04 
   18 KSP Residual norm 1.208862387814e-04 
   19 KSP Residual norm 6.370714259231e-05 
   20 KSP Residual norm 3.316795220715e-05 
   21 KSP Residual norm 1.688635205306e-05 
   22 KSP Residual norm 8.615265687372e-06 
   23 KSP Residual norm 4.424539305558e-06 
   24 KSP Residual norm 2.312828879303e-06 
   25 KSP Residual norm 1.215373135263e-06 
   26 KSP Residual norm 6.307390199465e-07 
KSP Object: () 6144 MPI processes
  type: cg
  maximum iterations=10000, initial guess is zero
  tolerances:  relative=1e-08, absolute=1e-50, divergence=10000.
  left preconditioning
  using PRECONDITIONED norm type for convergence test
PC Object: () 6144 MPI processes
  type: hypre
    HYPRE BoomerAMG preconditioning
    HYPRE BoomerAMG: Cycle type V
    HYPRE BoomerAMG: Maximum number of levels 25
    HYPRE BoomerAMG: Maximum number of iterations PER hypre call 1
    HYPRE BoomerAMG: Convergence tolerance PER hypre call 0.
    HYPRE BoomerAMG: Threshold for strong coupling 0.25
    HYPRE BoomerAMG: Interpolation truncation factor 0.
    HYPRE BoomerAMG: Interpolation: max elements per row 4
    HYPRE BoomerAMG: Number of levels of aggressive coarsening 1
    HYPRE BoomerAMG: Number of paths for aggressive coarsening 2
    HYPRE BoomerAMG: Maximum row sums 0.9
    HYPRE BoomerAMG: Sweeps down         1
    HYPRE BoomerAMG: Sweeps up           1
    HYPRE BoomerAMG: Sweeps on coarse    1
    HYPRE BoomerAMG: Relax down          symmetric-SOR/Jacobi
    HYPRE BoomerAMG: Relax up            symmetric-SOR/Jacobi
    HYPRE BoomerAMG: Relax on coarse     Gaussian-elimination
    HYPRE BoomerAMG: Relax weight  (all)      1.
    HYPRE BoomerAMG: Outer relax weight (all) 1.
    HYPRE BoomerAMG: Not using CF-relaxation
    HYPRE BoomerAMG: Not using more complex smoothers.
    HYPRE BoomerAMG: Measure type        local
    HYPRE BoomerAMG: Coarsen type        HMIS
    HYPRE BoomerAMG: Interpolation type  ext+i
  linear system matrix = precond matrix:
  Mat Object: 6144 MPI processes
    type: mpiaij
    rows=647214625, cols=647214625
    total: nonzeros=48667449025, allocated nonzeros=48667449025
    total number of mallocs used during MatSetValues calls =0
      using I-node (on process 0) routines: found 41449 nodes, limit used is 5
Timed solve
    Residual norms for  solve.
    0 KSP Residual norm 9.970753839983e+01 
    1 KSP Residual norm 1.291331149962e+01 
    2 KSP Residual norm 6.894723963592e+00 
    3 KSP Residual norm 4.746133453653e+00 
    4 KSP Residual norm 2.163846237031e+00 
    5 KSP Residual norm 9.105467336153e-01 
    6 KSP Residual norm 5.118454076173e-01 
    7 KSP Residual norm 2.619845976663e-01 
    8 KSP Residual norm 1.147657077396e-01 
    9 KSP Residual norm 5.930989138566e-02 
   10 KSP Residual norm 2.873979864451e-02 
   11 KSP Residual norm 1.406046457833e-02 
   12 KSP Residual norm 7.227177898202e-03 
   13 KSP Residual norm 3.689264626199e-03 
   14 KSP Residual norm 1.822808395119e-03 
   15 KSP Residual norm 9.120083546960e-04 
   16 KSP Residual norm 4.592036848238e-04 
   17 KSP Residual norm 2.340591616760e-04 
   18 KSP Residual norm 1.208862387814e-04 
   19 KSP Residual norm 6.370714259231e-05 
   20 KSP Residual norm 3.316795220715e-05 
   21 KSP Residual norm 1.688635205306e-05 
   22 KSP Residual norm 8.615265687372e-06 
   23 KSP Residual norm 4.424539305558e-06 
   24 KSP Residual norm 2.312828879303e-06 
   25 KSP Residual norm 1.215373135263e-06 
   26 KSP Residual norm 6.307390199465e-07 
KSP Object: () 6144 MPI processes
  type: cg
  maximum iterations=10000, initial guess is zero
  tolerances:  relative=1e-08, absolute=1e-50, divergence=10000.
  left preconditioning
  using PRECONDITIONED norm type for convergence test
PC Object: () 6144 MPI processes
  type: hypre
    HYPRE BoomerAMG preconditioning
    HYPRE BoomerAMG: Cycle type V
    HYPRE BoomerAMG: Maximum number of levels 25
    HYPRE BoomerAMG: Maximum number of iterations PER hypre call 1
    HYPRE BoomerAMG: Convergence tolerance PER hypre call 0.
    HYPRE BoomerAMG: Threshold for strong coupling 0.25
    HYPRE BoomerAMG: Interpolation truncation factor 0.
    HYPRE BoomerAMG: Interpolation: max elements per row 4
    HYPRE BoomerAMG: Number of levels of aggressive coarsening 1
    HYPRE BoomerAMG: Number of paths for aggressive coarsening 2
    HYPRE BoomerAMG: Maximum row sums 0.9
    HYPRE BoomerAMG: Sweeps down         1
    HYPRE BoomerAMG: Sweeps up           1
    HYPRE BoomerAMG: Sweeps on coarse    1
    HYPRE BoomerAMG: Relax down          symmetric-SOR/Jacobi
    HYPRE BoomerAMG: Relax up            symmetric-SOR/Jacobi
    HYPRE BoomerAMG: Relax on coarse     Gaussian-elimination
    HYPRE BoomerAMG: Relax weight  (all)      1.
    HYPRE BoomerAMG: Outer relax weight (all) 1.
    HYPRE BoomerAMG: Not using CF-relaxation
    HYPRE BoomerAMG: Not using more complex smoothers.
    HYPRE BoomerAMG: Measure type        local
    HYPRE BoomerAMG: Coarsen type        HMIS
    HYPRE BoomerAMG: Interpolation type  ext+i
  linear system matrix = precond matrix:
  Mat Object: 6144 MPI processes
    type: mpiaij
    rows=647214625, cols=647214625
    total: nonzeros=48667449025, allocated nonzeros=48667449025
    total number of mallocs used during MatSetValues calls =0
      using I-node (on process 0) routines: found 41449 nodes, limit used is 5
Solving with parameter set hypre, 108, 4...done
Application 25336356 resources: utime ~2985249s, stime ~22002s, Rss ~8468272, inblocks ~314245199, outblocks ~5580444
