************************************************************************************************************************
***             WIDEN YOUR WINDOW TO 120 CHARACTERS.  Use 'enscript -r -fCourier9' to print this document            ***
************************************************************************************************************************

---------------------------------------------- PETSc Performance Summary: ----------------------------------------------

poisson-new-weak.py on a petsc-gnu51-ivybridge-int64 named nid00185 with 12288 processors, by lmn02 Sun Feb 19 00:20:59 2017
Using Petsc Development GIT revision: v3.7.5-3014-g413f72f  GIT Date: 2017-02-05 17:50:57 -0600

                         Max       Max/Min        Avg      Total 
Time (sec):           1.221e+03      1.00002   1.221e+03
Objects:              3.736e+04     89.38995   4.510e+02
Flops:                2.286e+10      1.48371   1.995e+10  2.452e+14
Flops/sec:            1.871e+07      1.48372   1.634e+07  2.007e+11
MPI Messages:         5.145e+05      3.47743   1.497e+05  1.839e+09
MPI Message Lengths:  1.846e+09     69.41430   2.937e+02  5.401e+11
MPI Reductions:       2.710e+02      1.00000

Flop counting convention: 1 flop = 1 real number operation of type (multiply/divide/add/subtract)
                            e.g., VecAXPY() for real vectors of length N --> 2N flops
                            and VecAXPY() for complex vectors of length N --> 8N flops

Summary of Stages:   ----- Time ------  ----- Flops -----  --- Messages ---  -- Message Lengths --  -- Reductions --
                        Avg     %Total     Avg     %Total   counts   %Total     Avg         %Total   counts   %Total 
 0:      Main Stage: 1.1941e+03  97.8%  0.0000e+00   0.0%  1.828e+09  99.4%  1.729e+02       58.9%  8.600e+01  31.7% 
 1:          Warmup: 1.4565e+01   1.2%  1.2258e+14  50.0%  5.800e+06   0.3%  6.226e+01       21.2%  9.200e+01  33.9% 
 2: P(4, 68) Warm solve hypre: 1.2605e+01   1.0%  1.2258e+14  50.0%  5.491e+06   0.3%  5.846e+01       19.9%  9.200e+01  33.9% 

------------------------------------------------------------------------------------------------------------------------
See the 'Profiling' chapter of the users' manual for details on interpreting output.
Phase summary info:
   Count: number of times phase was executed
   Time and Flops: Max - maximum over all processors
                   Ratio - ratio of maximum to minimum over all processors
   Mess: number of messages sent
   Avg. len: average message length (bytes)
   Reduct: number of global reductions
   Global: entire computation
   Stage: stages of a computation. Set stages with PetscLogStagePush() and PetscLogStagePop().
      %T - percent time in this phase         %F - percent flops in this phase
      %M - percent messages in this phase     %L - percent message lengths in this phase
      %R - percent reductions in this phase
   Total Mflop/s: 10e-6 * (sum of flops over all processors)/(max time over all processors)
------------------------------------------------------------------------------------------------------------------------
Event                Count      Time (sec)     Flops                             --- Global ---  --- Stage ---   Total
                   Max Ratio  Max     Ratio   Max  Ratio  Mess   Avg len Reduct  %T %F %M %L %R  %T %F %M %L %R Mflop/s
------------------------------------------------------------------------------------------------------------------------

--- Event Stage 0: Main Stage

PetscBarrier           2 1.0 1.2789e+00 5.9 0.00e+00 0.0 8.2e+05 2.4e+01 1.0e+01  0  0  0  0  4   0  0  0  0 12     0
BuildTwoSided         42 1.0 1.7075e+02 7.4 0.00e+00 0.0 3.0e+08 8.0e+00 0.0e+00 14  0 17  0  0  14  0 17  1  0     0
VecSet                 6 1.0 7.5835e-02 2.9 0.00e+00 0.0 0.0e+00 0.0e+00 0.0e+00  0  0  0  0  0   0  0  0  0  0     0
MatAssemblyBegin       1 1.0 6.1080e-03883.4 0.00e+00 0.0 0.0e+00 0.0e+00 0.0e+00  0  0  0  0  0   0  0  0  0  0     0
MatAssemblyEnd         1 1.0 4.2475e-01 2.2 0.00e+00 0.0 3.8e+05 9.5e+03 8.0e+00  0  0  0  1  3   0  0  0  1  9     0
Mesh Partition         2 1.0 2.2158e+02 1.0 0.00e+00 0.0 1.8e+09 2.3e+01 1.1e+01 18  0 99  8  4  19  0 99 13 13     0
Mesh Migration         2 1.0 2.3715e+01 1.0 0.00e+00 0.0 1.0e+07 2.4e+04 2.4e+01  2  0  1 44  9   2  0  1 75 28     0
DMPlexInterp           1 1.0 1.2628e+01 1.0 0.00e+00 0.0 0.0e+00 0.0e+00 2.0e+00  1  0  0  0  1   1  0  0  0  2     0
DMPlexDistribute       1 1.0 2.3119e+02 1.0 0.00e+00 0.0 9.1e+08 1.2e+01 9.0e+00 19  0 49  2  3  19  0 50  3 10     0
DMPlexDistCones        2 1.0 5.9205e+00 1.1 0.00e+00 0.0 1.8e+06 4.8e+04 0.0e+00  0  0  0 16  0   0  0  0 28  0     0
DMPlexDistLabels       2 1.0 1.1416e+01 1.0 0.00e+00 0.0 4.9e+06 2.4e+04 2.0e+00  1  0  0 22  1   1  0  0 38  2     0
DMPlexDistribOL        1 1.0 1.5468e+01 1.0 0.00e+00 0.0 9.2e+08 3.1e+02 2.6e+01  1  0 50 53 10   1  0 50 89 30     0
DMPlexDistField        3 1.0 4.6080e+00 1.0 0.00e+00 0.0 2.4e+06 4.9e+03 2.0e+00  0  0  0  2  1   0  0  0  4  2     0
DMPlexDistData         2 1.0 1.8176e+02 6.1 0.00e+00 0.0 1.8e+09 1.3e+01 0.0e+00 15  0 99  5  0  15  0 99  8  0     0
DMPlexStratify         7 1.0 1.4329e+01 4.7 0.00e+00 0.0 0.0e+00 0.0e+00 7.0e+00  1  0  0  0  3   1  0  0  0  8     0
SFSetGraph            49 1.0 1.0608e-01 2.3 0.00e+00 0.0 0.0e+00 0.0e+00 0.0e+00  0  0  0  0  0   0  0  0  0  0     0
SFBcastBegin          93 1.0 1.7721e+02 4.1 0.00e+00 0.0 1.8e+09 1.7e+02 0.0e+00 14  0 99 58  0  14  0100 98  0     0
SFBcastEnd            93 1.0 3.6828e+01 3.7 0.00e+00 0.0 0.0e+00 0.0e+00 0.0e+00  3  0  0  0  0   3  0  0  0  0     0
SFReduceBegin          4 1.0 1.0408e+00246.9 0.00e+00 0.0 7.0e+05 2.4e+03 0.0e+00  0  0  0  0  0   0  0  0  1  0     0
SFReduceEnd            4 1.0 1.2088e+00 5.9 0.00e+00 0.0 0.0e+00 0.0e+00 0.0e+00  0  0  0  0  0   0  0  0  0  0     0
SFFetchOpBegin         1 1.0 1.0300e-0427.0 0.00e+00 0.0 9.1e+04 2.8e+03 0.0e+00  0  0  0  0  0   0  0  0  0  0     0
SFFetchOpEnd           1 1.0 7.0851e-03154.0 0.00e+00 0.0 9.1e+04 2.8e+03 0.0e+00  0  0  0  0  0   0  0  0  0  0     0
CreateMesh             5 1.0 2.5159e+02 1.0 0.00e+00 0.0 1.8e+09 1.6e+02 3.9e+01 21  0 99 55 14  21  0100 93 45     0
CreateFunctionSpace       1 1.0 2.1429e+01 1.0 0.00e+00 0.0 9.2e+08 3.3e+02 4.0e+01  2  0 50 56 15   2  0 50 95 47     0
Mesh: reorder          1 1.0 7.4128e-01 3.5 0.00e+00 0.0 0.0e+00 0.0e+00 2.0e+00  0  0  0  0  1   0  0  0  0  2     0
Mesh: numbering        1 1.0 7.9257e-01 1.6 0.00e+00 0.0 0.0e+00 0.0e+00 2.0e+00  0  0  0  0  1   0  0  0  0  2     0
CreateSparsity         1 1.0 9.3875e-01 1.5 0.00e+00 0.0 0.0e+00 0.0e+00 0.0e+00  0  0  0  0  0   0  0  0  0  0     0
MatZeroInitial         1 1.0 9.2355e-01 1.1 0.00e+00 0.0 3.8e+05 9.5e+03 8.0e+00  0  0  0  1  3   0  0  0  1  9     0
ParLoopExecute         3 1.0 4.2136e+0160.2 0.00e+00 0.0 0.0e+00 0.0e+00 0.0e+00  2  0  0  0  0   2  0  0  0  0     0
ParLoopset_5           2 1.0 1.4512e-0227.6 0.00e+00 0.0 0.0e+00 0.0e+00 0.0e+00  0  0  0  0  0   0  0  0  0  0     0
ParLoopHaloEnd         3 1.0 3.6955e-05 9.7 0.00e+00 0.0 0.0e+00 0.0e+00 0.0e+00  0  0  0  0  0   0  0  0  0  0     0
ParLoopRednBegin       3 1.0 5.2214e-05 4.3 0.00e+00 0.0 0.0e+00 0.0e+00 0.0e+00  0  0  0  0  0   0  0  0  0  0     0
ParLoopRednEnd         3 1.0 3.9101e-05 4.2 0.00e+00 0.0 0.0e+00 0.0e+00 0.0e+00  0  0  0  0  0   0  0  0  0  0     0
ParLoopset_4           4 1.0 2.8278e-01221.6 0.00e+00 0.0 0.0e+00 0.0e+00 0.0e+00  0  0  0  0  0   0  0  0  0  0     0

--- Event Stage 1: Warmup

BuildTwoSided          1 1.0 3.3009e-011802.7 0.00e+00 0.0 1.0e+05 8.0e+00 0.0e+00  0  0  0  0  0   1  0  2  0  0     0
VecTDot               56 1.0 4.4808e-01 1.5 1.32e+07 1.3 0.0e+00 0.0e+00 5.6e+01  0  0  0  0 21   2  0  0  0 61 322810
VecNorm               29 1.0 6.1001e-01 5.3 6.83e+06 1.3 0.0e+00 0.0e+00 2.9e+01  0  0  0  0 11   2  0  0  0 32 122793
VecCopy                6 1.0 5.8238e-02 3.0 0.00e+00 0.0 0.0e+00 0.0e+00 0.0e+00  0  0  0  0  0   0  0  0  0  0     0
VecSet                30 1.0 3.3478e-02 1.6 0.00e+00 0.0 0.0e+00 0.0e+00 0.0e+00  0  0  0  0  0   0  0  0  0  0     0
VecAXPY               57 1.0 2.4399e-02 2.0 1.34e+07 1.3 0.0e+00 0.0e+00 0.0e+00  0  0  0  0  0   0  0  0  0  0 6034145
VecAYPX               27 1.0 2.2676e-02 2.2 6.36e+06 1.3 0.0e+00 0.0e+00 0.0e+00  0  0  0  0  0   0  0  0  0  0 3075532
VecScatterBegin       28 1.0 2.8681e-0213.0 0.00e+00 0.0 5.3e+06 1.9e+04 0.0e+00  0  0  0 19  0   0  0 91 88  0     0
VecScatterEnd         28 1.0 1.8082e-0134.1 0.00e+00 0.0 0.0e+00 0.0e+00 0.0e+00  0  0  0  0  0   0  0  0  0  0     0
MatMult               28 1.0 8.5653e-01 1.2 5.08e+08 1.3 5.3e+06 1.9e+04 0.0e+00  0  2  0 19  0   5  4 91 88  0 6310143
MatConvert             1 1.0 9.8826e-01 1.7 0.00e+00 0.0 0.0e+00 0.0e+00 4.0e+00  0  0  0  0  1   6  0  0  0  4     0
MatAssemblyBegin       4 1.0 1.9073e-05 0.0 0.00e+00 0.0 0.0e+00 0.0e+00 0.0e+00  0  0  0  0  0   0  0  0  0  0     0
MatAssemblyEnd         4 1.0 3.7013e-01 1.2 0.00e+00 0.0 0.0e+00 0.0e+00 4.0e+00  0  0  0  0  1   2  0  0  0  4     0
MatGetRowIJ            2 1.0 2.8495e-02 2.5 0.00e+00 0.0 0.0e+00 0.0e+00 0.0e+00  0  0  0  0  0   0  0  0  0  0     0
MatZeroEntries         1 1.0 1.4906e-02 1.5 0.00e+00 0.0 0.0e+00 0.0e+00 0.0e+00  0  0  0  0  0   0  0  0  0  0     0
MatView                1 1.0 6.4454e-02 2.3 0.00e+00 0.0 0.0e+00 0.0e+00 1.0e+00  0  0  0  0  0   0  0  0  0  1     0
PCSetUp                1 1.0 2.9861e+00 1.2 0.00e+00 0.0 0.0e+00 0.0e+00 4.0e+00  0  0  0  0  1  19  0  0  0  4     0
PCApply               29 1.0 6.5010e+00 1.1 0.00e+00 0.0 0.0e+00 0.0e+00 0.0e+00  1  0  0  0  0  43  0  0  0  0     0
KSPSetUp               1 1.0 2.0409e-03 7.3 0.00e+00 0.0 0.0e+00 0.0e+00 0.0e+00  0  0  0  0  0   0  0  0  0  0     0
KSPSolve               1 1.0 1.0910e+01 1.0 5.48e+08 1.3 5.3e+06 1.9e+04 8.9e+01  1  2  0 19 33  74  5 91 88 97 535160
SNESSolve              1 1.0 1.3312e+01 1.0 1.14e+10 1.5 5.8e+06 2.0e+04 9.0e+01  1 50  0 21 33  91100100100 98 9208441
SNESFunctionEval       1 1.0 1.3669e+00 1.4 6.90e+08 1.5 5.2e+05 2.7e+04 0.0e+00  0  3  0  3  0   8  6  9 12  0 5388979
SNESJacobianEval       1 1.0 1.6202e+00 1.7 1.03e+10 1.5 0.0e+00 0.0e+00 0.0e+00  0 45  0  0  0   9 89  0  0  0 67502885
SFBcastBegin           1 1.0 4.2502e-0140.8 0.00e+00 0.0 5.2e+05 2.7e+04 0.0e+00  0  0  0  3  0   2  0  9 12  0     0
SFBcastEnd             1 1.0 4.4203e-04 4.0 0.00e+00 0.0 0.0e+00 0.0e+00 0.0e+00  0  0  0  0  0   0  0  0  0  0     0
ParLoopExecute         5 1.0 3.3386e+00 1.5 1.09e+10 1.5 5.2e+05 2.7e+04 0.0e+00  0 48  0  3  0  19 95  9 12  0 34965934
ParLoopHaloEnd         5 1.0 2.8248e-0315.3 0.00e+00 0.0 0.0e+00 0.0e+00 0.0e+00  0  0  0  0  0   0  0  0  0  0     0
ParLoopRednBegin       5 1.0 6.4850e-05 2.7 0.00e+00 0.0 0.0e+00 0.0e+00 0.0e+00  0  0  0  0  0   0  0  0  0  0     0
ParLoopRednEnd         5 1.0 5.8174e-05 3.0 0.00e+00 0.0 0.0e+00 0.0e+00 0.0e+00  0  0  0  0  0   0  0  0  0  0     0
ParLoopset_4           6 1.0 1.8456e-03 4.6 0.00e+00 0.0 0.0e+00 0.0e+00 0.0e+00  0  0  0  0  0   0  0  0  0  0     0
ApplyBC                1 1.0 1.0133e+00 2.5 0.00e+00 0.0 0.0e+00 0.0e+00 0.0e+00  0  0  0  0  0   5  0  0  0  0     0
ParLoopCells           6 1.0 1.0430e+00 1.5 1.09e+10 1.5 0.0e+00 0.0e+00 0.0e+00  0 48  0  0  0   6 95  0  0  0 111919411

--- Event Stage 2: P(4, 68) Warm solve hypre

VecTDot               56 1.0 4.7824e-01 1.5 1.32e+07 1.3 0.0e+00 0.0e+00 5.6e+01  0  0  0  0 21   3  0  0  0 61 302447
VecNorm               29 1.0 5.8850e-01 5.9 6.83e+06 1.3 0.0e+00 0.0e+00 2.9e+01  0  0  0  0 11   3  0  0  0 32 127282
VecCopy                6 1.0 9.5429e-03 7.8 0.00e+00 0.0 0.0e+00 0.0e+00 0.0e+00  0  0  0  0  0   0  0  0  0  0     0
VecSet                30 1.0 1.2567e-02 4.9 0.00e+00 0.0 0.0e+00 0.0e+00 0.0e+00  0  0  0  0  0   0  0  0  0  0     0
VecAXPY               57 1.0 3.1112e-02 2.5 1.34e+07 1.3 0.0e+00 0.0e+00 0.0e+00  0  0  0  0  0   0  0  0  0  0 4732143
VecAYPX               27 1.0 9.6004e-03 2.1 6.36e+06 1.3 0.0e+00 0.0e+00 0.0e+00  0  0  0  0  0   0  0  0  0  0 7264204
VecScatterBegin       28 1.0 1.7295e-0212.7 0.00e+00 0.0 5.3e+06 1.9e+04 0.0e+00  0  0  0 19  0   0  0 96 94  0     0
VecScatterEnd         28 1.0 1.7194e-0161.7 0.00e+00 0.0 0.0e+00 0.0e+00 0.0e+00  0  0  0  0  0   0  0  0  0  0     0
MatMult               28 1.0 8.4037e-01 1.2 5.08e+08 1.3 5.3e+06 1.9e+04 0.0e+00  0  2  0 19  0   6  4 96 94  0 6431463
MatConvert             1 1.0 3.6430e-01 1.2 0.00e+00 0.0 0.0e+00 0.0e+00 0.0e+00  0  0  0  0  0   3  0  0  0  0     0
MatAssemblyBegin       4 1.0 1.9073e-05 0.0 0.00e+00 0.0 0.0e+00 0.0e+00 0.0e+00  0  0  0  0  0   0  0  0  0  0     0
MatAssemblyEnd         4 1.0 1.1169e+00 5.4 0.00e+00 0.0 0.0e+00 0.0e+00 6.0e+00  0  0  0  0  2   3  0  0  0  7     0
MatGetRowIJ            2 1.0 2.3215e-02 0.0 0.00e+00 0.0 0.0e+00 0.0e+00 0.0e+00  0  0  0  0  0   0  0  0  0  0     0
MatZeroEntries         1 1.0 1.8127e-02 1.7 0.00e+00 0.0 0.0e+00 0.0e+00 0.0e+00  0  0  0  0  0   0  0  0  0  0     0
MatView                1 1.0 3.0482e-0215.5 0.00e+00 0.0 0.0e+00 0.0e+00 1.0e+00  0  0  0  0  0   0  0  0  0  1     0
PCSetUp                1 1.0 2.4788e+00 1.0 0.00e+00 0.0 0.0e+00 0.0e+00 0.0e+00  0  0  0  0  0  20  0  0  0  0     0
PCApply               29 1.0 6.4091e+00 1.1 0.00e+00 0.0 0.0e+00 0.0e+00 0.0e+00  1  0  0  0  0  49  0  0  0  0     0
KSPSetUp               1 1.0 2.6226e-05 0.0 0.00e+00 0.0 0.0e+00 0.0e+00 0.0e+00  0  0  0  0  0   0  0  0  0  0     0
KSPSolve               1 1.0 1.0185e+01 1.0 5.48e+08 1.3 5.3e+06 1.9e+04 8.5e+01  1  2  0 19 31  81  5 96 94 92 573241
SNESSolve              1 1.0 1.2033e+01 1.1 1.14e+10 1.5 5.5e+06 2.0e+04 9.2e+01  1 50  0 20 34  92100100100100 10186498
SNESFunctionEval       1 1.0 8.0496e-0121.3 6.90e+08 1.5 2.1e+05 3.4e+04 0.0e+00  0  3  0  1  0   2  6  4  6  0 9151094
SNESJacobianEval       1 1.0 1.7515e+00 1.8 1.03e+10 1.5 0.0e+00 0.0e+00 6.0e+00  0 45  0  0  2   8 89  0  0  7 62443999
SFBcastBegin           1 1.0 1.3035e-0262.7 0.00e+00 0.0 2.1e+05 3.4e+04 0.0e+00  0  0  0  1  0   0  0  4  6  0     0
SFBcastEnd             1 1.0 7.4750e-014248.3 0.00e+00 0.0 0.0e+00 0.0e+00 0.0e+00  0  0  0  0  0   2  0  0  0  0     0
ParLoopExecute         5 1.0 1.6675e+00 2.4 1.09e+10 1.5 2.1e+05 3.4e+04 0.0e+00  0 48  0  1  0   9 95  4  6  0 70009026
ParLoopHaloEnd         5 1.0 7.4805e-012946.0 0.00e+00 0.0 0.0e+00 0.0e+00 0.0e+00  0  0  0  0  0   2  0  0  0  0     0
ParLoopRednBegin       5 1.0 8.1553e-03760.1 0.00e+00 0.0 0.0e+00 0.0e+00 0.0e+00  0  0  0  0  0   0  0  0  0  0     0
ParLoopRednEnd         5 1.0 1.7309e-04 9.1 0.00e+00 0.0 0.0e+00 0.0e+00 0.0e+00  0  0  0  0  0   0  0  0  0  0     0
ParLoopset_4           6 1.0 2.0020e-0236.3 0.00e+00 0.0 0.0e+00 0.0e+00 0.0e+00  0  0  0  0  0   0  0  0  0  0     0
ApplyBC                1 1.0 1.2779e-0221.3 0.00e+00 0.0 0.0e+00 0.0e+00 0.0e+00  0  0  0  0  0   0  0  0  0  0     0
ParLoopCells           6 1.0 1.0952e+00 1.6 1.09e+10 1.5 0.0e+00 0.0e+00 0.0e+00  0 48  0  0  0   7 95  0  0  0 106593053
------------------------------------------------------------------------------------------------------------------------

Memory usage is given in bytes:

Object Type          Creations   Destructions     Memory  Descendants' Mem.
Reports information only for process 0.

--- Event Stage 0: Main Stage

           Container     6              6         3696     0.
              Viewer     2              0            0     0.
           Index Set 37124          37124     31301584     0.
   IS L to G Mapping     5              5     18625992     0.
             Section    79             79        60040     0.
              Vector    11             17     19837056     0.
      Vector Scatter     1              1         1208     0.
              Matrix     8              9    115981568     0.
      Preconditioner     1              1         1584     0.
       Krylov Solver     1              1         1360     0.
     DMKSP interface     0              1          696     0.
                SNES     1              1         1480     0.
      SNESLineSearch     1              1         1032     0.
              DMSNES     1              1          712     0.
    Distributed Mesh    16             16        78456     0.
    GraphPartitioner     7              7         4592     0.
Star Forest Bipartite Graph    75             75        66664     0.
     Discrete System    16             16        14848     0.

--- Event Stage 1: Warmup

              Vector     8              2         3568     0.
              Matrix     1              0            0     0.
     DMKSP interface     1              0            0     0.

--- Event Stage 2: P(4, 68) Warm solve hypre

========================================================================================================================
Average time to get PetscTime(): 9.53674e-08
Average time for MPI_Barrier(): 0.000394011
Average time for zero size MPI_Send(): 2.50334e-06
#PETSc Option Table entries:
--degree 4
--dimension 3
--parameters hypre
--results-file results64/poisson-weak-3d-64bit-hypre.csv
-degree 4
-dimension 3
-log_view ascii:results64/poisson-P4-hypre-weak-3d-64bit-12288.log::append
-parameters hypre
-results-file results64/poisson-weak-3d-64bit-hypre.csv
#End of PETSc Option Table entries
Compiled without FORTRAN kernels
Compiled with full precision matrices (default)
sizeof(short) 2 sizeof(int) 4 sizeof(long) 8 sizeof(void*) 8 sizeof(PetscScalar) 8 sizeof(PetscInt) 8
Configure options: --COPTFLAGS="-march=ivybridge -O3" --CXXOPTFLAGS="-march=ivybridge -O3" --FOPTFLAGS="-march=ivybridge -O3" --PETSC_ARCH=petsc-gnu51-ivybridge-int64 --download-exodusii --download-hypre --download-metis --download-netcdf --download-parmetis --download-sowing=1 --known-bits-per-byte=8 --known-has-attribute-aligned=1 --known-level1-dcache-assoc=8 --known-level1-dcache-linesize=64 --known-level1-dcache-size=32768 --known-memcmp-ok=1 --known-mpi-c-double-complex=1 --known-mpi-int64_t=1 --known-mpi-long-double=1 --known-mpi-shared-libraries=1 --known-sdot-returns-double=0 --known-sizeof-MPI_Comm=4 --known-sizeof-MPI_Fint=4 --known-sizeof-char=1 --known-sizeof-double=8 --known-sizeof-float=4 --known-sizeof-int=4 --known-sizeof-long-long=8 --known-sizeof-long=8 --known-sizeof-short=2 --known-sizeof-size_t=8 --known-sizeof-void-p=8 --known-snrm2-returns-double=0 --prefix=/work/n02/n02/lmn02/petsc-gnu51-ivybridge-int64 --with-64-bit-indices=1 --with-batch=1 --with-blas-lapack-lib="-L/opt/cray/libsci/16.03.1/GNU/5.1/x86_64/lib -lsci_gnu_mp" --with-cc=cc --with-clib-autodetect=0 --with-cxx=CC --with-cxxlib-autodetect=0 --with-debugging=0 --with-fc=ftn --with-fortranlib-autodetect=0 --with-hdf5-dir=/opt/cray/hdf5-parallel/1.8.14/GNU/5.1 --with-hdf5=1 --with-make-np=4 --with-pic=1 --with-shared-libraries=1 --with-x=0 --download-eigen
-----------------------------------------
Libraries compiled on Tue Feb 14 12:07:09 2017 on eslogin003 
Machine characteristics: Linux-3.0.101-0.47.86.1.11753.0.PTF-default-x86_64-with-SuSE-11-x86_64
Using PETSc directory: /home2/n02/n02/lmn02/src/petsc
Using PETSc arch: petsc-gnu51-ivybridge-int64
-----------------------------------------

Using C compiler: cc  -fPIC  -march=ivybridge -O3  ${COPTFLAGS} ${CFLAGS}
Using Fortran compiler: ftn  -fPIC -march=ivybridge -O3   ${FOPTFLAGS} ${FFLAGS} 
-----------------------------------------

Using include paths: -I/home2/n02/n02/lmn02/src/petsc/petsc-gnu51-ivybridge-int64/include -I/home2/n02/n02/lmn02/src/petsc/include -I/home2/n02/n02/lmn02/src/petsc/include -I/home2/n02/n02/lmn02/src/petsc/petsc-gnu51-ivybridge-int64/include -I/work/n02/n02/lmn02/petsc-gnu51-ivybridge-int64/include -I/work/n02/n02/lmn02/petsc-gnu51-ivybridge-int64/include/eigen3 -I/opt/cray/hdf5-parallel/1.8.14/GNU/5.1/include
-----------------------------------------

Using C linker: cc
Using Fortran linker: ftn
Using libraries: -Wl,-rpath,/home2/n02/n02/lmn02/src/petsc/petsc-gnu51-ivybridge-int64/lib -L/home2/n02/n02/lmn02/src/petsc/petsc-gnu51-ivybridge-int64/lib -lpetsc -Wl,-rpath,/work/n02/n02/lmn02/petsc-gnu51-ivybridge-int64/lib -L/work/n02/n02/lmn02/petsc-gnu51-ivybridge-int64/lib -lHYPRE -lparmetis -lmetis -lexoIIv2for -lexodus -lnetcdf -Wl,-rpath,/opt/cray/hdf5-parallel/1.8.14/GNU/5.1/lib -L/opt/cray/hdf5-parallel/1.8.14/GNU/5.1/lib -lhdf5hl_fortran -lhdf5_fortran -lhdf5_hl -lhdf5 -lssl -lcrypto -ldl 
-----------------------------------------

