Int has 8 bytes
Solving with parameter set hypre, 88, 4...
Warmup solve
    Residual norms for  solve.
    0 KSP Residual norm 7.857080517880e+01 
    1 KSP Residual norm 9.817107391744e+00 
    2 KSP Residual norm 5.035561996236e+00 
    3 KSP Residual norm 3.466875476254e+00 
    4 KSP Residual norm 1.547866533852e+00 
    5 KSP Residual norm 6.030664177681e-01 
    6 KSP Residual norm 3.178337685954e-01 
    7 KSP Residual norm 1.573347648908e-01 
    8 KSP Residual norm 6.485108580997e-02 
    9 KSP Residual norm 3.229335327968e-02 
   10 KSP Residual norm 1.535389823897e-02 
   11 KSP Residual norm 7.067802174326e-03 
   12 KSP Residual norm 3.382961826997e-03 
   13 KSP Residual norm 1.636980922276e-03 
   14 KSP Residual norm 7.731431066511e-04 
   15 KSP Residual norm 3.679738913964e-04 
   16 KSP Residual norm 1.769293567157e-04 
   17 KSP Residual norm 8.374237371001e-05 
   18 KSP Residual norm 3.930384865933e-05 
   19 KSP Residual norm 1.860619479927e-05 
   20 KSP Residual norm 8.788210003585e-06 
   21 KSP Residual norm 4.147327824960e-06 
   22 KSP Residual norm 1.984180703002e-06 
   23 KSP Residual norm 9.656095998824e-07 
   24 KSP Residual norm 4.779861017751e-07 
KSP Object: () 3072 MPI processes
  type: cg
  maximum iterations=10000, initial guess is zero
  tolerances:  relative=1e-08, absolute=1e-50, divergence=10000.
  left preconditioning
  using PRECONDITIONED norm type for convergence test
PC Object: () 3072 MPI processes
  type: hypre
    HYPRE BoomerAMG preconditioning
    HYPRE BoomerAMG: Cycle type V
    HYPRE BoomerAMG: Maximum number of levels 25
    HYPRE BoomerAMG: Maximum number of iterations PER hypre call 1
    HYPRE BoomerAMG: Convergence tolerance PER hypre call 0.
    HYPRE BoomerAMG: Threshold for strong coupling 0.25
    HYPRE BoomerAMG: Interpolation truncation factor 0.
    HYPRE BoomerAMG: Interpolation: max elements per row 4
    HYPRE BoomerAMG: Number of levels of aggressive coarsening 1
    HYPRE BoomerAMG: Number of paths for aggressive coarsening 2
    HYPRE BoomerAMG: Maximum row sums 0.9
    HYPRE BoomerAMG: Sweeps down         1
    HYPRE BoomerAMG: Sweeps up           1
    HYPRE BoomerAMG: Sweeps on coarse    1
    HYPRE BoomerAMG: Relax down          symmetric-SOR/Jacobi
    HYPRE BoomerAMG: Relax up            symmetric-SOR/Jacobi
    HYPRE BoomerAMG: Relax on coarse     Gaussian-elimination
    HYPRE BoomerAMG: Relax weight  (all)      1.
    HYPRE BoomerAMG: Outer relax weight (all) 1.
    HYPRE BoomerAMG: Not using CF-relaxation
    HYPRE BoomerAMG: Not using more complex smoothers.
    HYPRE BoomerAMG: Measure type        local
    HYPRE BoomerAMG: Coarsen type        HMIS
    HYPRE BoomerAMG: Interpolation type  ext+i
  linear system matrix = precond matrix:
  Mat Object: 3072 MPI processes
    type: mpiaij
    rows=350402625, cols=350402625
    total: nonzeros=26334321025, allocated nonzeros=26334321025
    total number of mallocs used during MatSetValues calls =0
      using I-node (on process 0) routines: found 44405 nodes, limit used is 5
Timed solve
    Residual norms for  solve.
    0 KSP Residual norm 7.857080517880e+01 
    1 KSP Residual norm 9.817107391744e+00 
    2 KSP Residual norm 5.035561996236e+00 
    3 KSP Residual norm 3.466875476254e+00 
    4 KSP Residual norm 1.547866533852e+00 
    5 KSP Residual norm 6.030664177681e-01 
    6 KSP Residual norm 3.178337685954e-01 
    7 KSP Residual norm 1.573347648908e-01 
    8 KSP Residual norm 6.485108580997e-02 
    9 KSP Residual norm 3.229335327968e-02 
   10 KSP Residual norm 1.535389823897e-02 
   11 KSP Residual norm 7.067802174326e-03 
   12 KSP Residual norm 3.382961826997e-03 
   13 KSP Residual norm 1.636980922276e-03 
   14 KSP Residual norm 7.731431066511e-04 
   15 KSP Residual norm 3.679738913964e-04 
   16 KSP Residual norm 1.769293567157e-04 
   17 KSP Residual norm 8.374237371001e-05 
   18 KSP Residual norm 3.930384865933e-05 
   19 KSP Residual norm 1.860619479927e-05 
   20 KSP Residual norm 8.788210003585e-06 
   21 KSP Residual norm 4.147327824960e-06 
   22 KSP Residual norm 1.984180703002e-06 
   23 KSP Residual norm 9.656095998824e-07 
   24 KSP Residual norm 4.779861017751e-07 
KSP Object: () 3072 MPI processes
  type: cg
  maximum iterations=10000, initial guess is zero
  tolerances:  relative=1e-08, absolute=1e-50, divergence=10000.
  left preconditioning
  using PRECONDITIONED norm type for convergence test
PC Object: () 3072 MPI processes
  type: hypre
    HYPRE BoomerAMG preconditioning
    HYPRE BoomerAMG: Cycle type V
    HYPRE BoomerAMG: Maximum number of levels 25
    HYPRE BoomerAMG: Maximum number of iterations PER hypre call 1
    HYPRE BoomerAMG: Convergence tolerance PER hypre call 0.
    HYPRE BoomerAMG: Threshold for strong coupling 0.25
    HYPRE BoomerAMG: Interpolation truncation factor 0.
    HYPRE BoomerAMG: Interpolation: max elements per row 4
    HYPRE BoomerAMG: Number of levels of aggressive coarsening 1
    HYPRE BoomerAMG: Number of paths for aggressive coarsening 2
    HYPRE BoomerAMG: Maximum row sums 0.9
    HYPRE BoomerAMG: Sweeps down         1
    HYPRE BoomerAMG: Sweeps up           1
    HYPRE BoomerAMG: Sweeps on coarse    1
    HYPRE BoomerAMG: Relax down          symmetric-SOR/Jacobi
    HYPRE BoomerAMG: Relax up            symmetric-SOR/Jacobi
    HYPRE BoomerAMG: Relax on coarse     Gaussian-elimination
    HYPRE BoomerAMG: Relax weight  (all)      1.
    HYPRE BoomerAMG: Outer relax weight (all) 1.
    HYPRE BoomerAMG: Not using CF-relaxation
    HYPRE BoomerAMG: Not using more complex smoothers.
    HYPRE BoomerAMG: Measure type        local
    HYPRE BoomerAMG: Coarsen type        HMIS
    HYPRE BoomerAMG: Interpolation type  ext+i
  linear system matrix = precond matrix:
  Mat Object: 3072 MPI processes
    type: mpiaij
    rows=350402625, cols=350402625
    total: nonzeros=26334321025, allocated nonzeros=26334321025
    total number of mallocs used during MatSetValues calls =0
      using I-node (on process 0) routines: found 44405 nodes, limit used is 5
Solving with parameter set hypre, 88, 4...done
Application 25331008 resources: utime ~577059s, stime ~13433s, Rss ~4636764, inblocks ~157796949, outblocks ~2782837
