Int has 8 bytes
Solving with parameter set schwarz_rich, 108, 4...
Warmup solve
    Residual norms for  solve.
    0 KSP Residual norm 5.366090657292e+02 
    1 KSP Residual norm 1.833826944678e+01 
    2 KSP Residual norm 8.498771542001e+00 
    3 KSP Residual norm 1.505954554224e+00 
    4 KSP Residual norm 6.421388630653e-01 
    5 KSP Residual norm 3.231135941986e-01 
    6 KSP Residual norm 1.229345819494e-01 
    7 KSP Residual norm 4.154153370552e-02 
    8 KSP Residual norm 1.484436887634e-02 
    9 KSP Residual norm 5.606512736260e-03 
   10 KSP Residual norm 2.456209071940e-03 
   11 KSP Residual norm 1.130996726043e-03 
   12 KSP Residual norm 6.590662330724e-04 
   13 KSP Residual norm 4.149446868360e-04 
   14 KSP Residual norm 2.254782592006e-04 
   15 KSP Residual norm 9.444000129900e-05 
   16 KSP Residual norm 3.395075081402e-05 
   17 KSP Residual norm 1.314944708735e-05 
   18 KSP Residual norm 6.297794526295e-06 
   19 KSP Residual norm 3.574288300282e-06 
KSP Object: () 6144 MPI processes
  type: cg
  maximum iterations=10000, initial guess is zero
  tolerances:  relative=1e-08, absolute=1e-50, divergence=10000.
  left preconditioning
  using PRECONDITIONED norm type for convergence test
PC Object: () 6144 MPI processes
  type: python
    Python: ssc.SSC
  Subspace correction PC
  Combining (composite) PC:
    PC Object: (ssc_) 6144 MPI processes
      type: composite
      Composite PC type - ADDITIVE
      PCs on composite preconditioner follow
      ---------------------------------
        PC Object: (ssc_sub_0_) 6144 MPI processes
          type: patch
            Vertex-patch Additive Schwarz with 3254 patches
            Saving patch operators (rebuilt every PCSetUp)
            KSP on patches (all same):
              KSP Object: (ssc_sub_0_sub_) 1 MPI processes
                type: preonly
                maximum iterations=10000, initial guess is zero
                tolerances:  relative=1e-05, absolute=1e-50, divergence=10000.
                left preconditioning
                using NONE norm type for convergence test
              PC Object: (ssc_sub_0_sub_) 1 MPI processes
                type: lu
                  out-of-place factorization
                  tolerance for zero pivot 2.22045e-14
                  matrix ordering: nd
                  factor fill ratio given 5., needed 1.77897
                    Factored matrix follows:
                      Mat Object: 1 MPI processes
                        type: seqaij
                        rows=369, cols=369
                        package used to perform factorization: petsc
                        total: nonzeros=38513, allocated nonzeros=38513
                        total number of mallocs used during MatSetValues calls =0
                          using I-node routines: found 122 nodes, limit used is 5
                linear system matrix = precond matrix:
                Mat Object: 1 MPI processes
                  type: seqaij
                  rows=369, cols=369
                  total: nonzeros=21649, allocated nonzeros=24060
                  total number of mallocs used during MatSetValues calls =1481
                    using I-node routines: found 147 nodes, limit used is 5
          linear system matrix = precond matrix:
          Mat Object: 6144 MPI processes
            type: python
            rows=647214625, cols=647214625
                Python: firedrake.matrix_free.operators.ImplicitMatrixContext
              Firedrake matrix-free operator ImplicitMatrixContext
        PC Object: (ssc_sub_1_) 6144 MPI processes
          type: python
            Python: ssc.lo.P1PC
          Low-order PC
            PC Object: (ssc_sub_1_lo_) 6144 MPI processes
              type: telescope
                Telescope: parent comm size reduction factor = 6
                Telescope: comm_size = 6144 , subcomm_size = 1024
                Telescope: subcomm type: interlaced
                  Telescope: using default setup
                KSP Object: (ssc_sub_1_lo_telescope_) 1024 MPI processes
                  type: richardson
                    Richardson: damping factor=1.
                  maximum iterations=4, initial guess is zero
                  tolerances:  relative=1e-05, absolute=1e-50, divergence=10000.
                  left preconditioning
                  using PRECONDITIONED norm type for convergence test
                PC Object: (ssc_sub_1_lo_telescope_) 1024 MPI processes
                  type: gamg
                    MG: type is MULTIPLICATIVE, levels=5 cycles=v
                      Cycles per PCApply=1
                      Using externally compute Galerkin coarse grid matrices
                      GAMG specific options
                        Threshold for dropping small values in graph on each level =                   0.                   0.                   0.                  
                        Threshold scaling factor for each level not specified = 1.
                        AGG specific options
                          Symmetric graph false
                          Number of levels to square graph 1
                          Number smoothing steps 1
                  Coarse grid solver -- level -------------------------------
                    KSP Object: (ssc_sub_1_lo_telescope_mg_coarse_) 1024 MPI processes
                      type: preonly
                      maximum iterations=10000, initial guess is zero
                      tolerances:  relative=1e-05, absolute=1e-50, divergence=10000.
                      left preconditioning
                      using NONE norm type for convergence test
                    PC Object: (ssc_sub_1_lo_telescope_mg_coarse_) 1024 MPI processes
                      type: bjacobi
                        block Jacobi: number of blocks = 1024
                        Local solve is same for all blocks, in the following KSP and PC objects:
                      linear system matrix = precond matrix:
                      Mat Object: 1024 MPI processes
                        type: mpiaij
                        rows=19, cols=19
                        total: nonzeros=355, allocated nonzeros=355
                        total number of mallocs used during MatSetValues calls =0
                          using I-node (on process 0) routines: found 7 nodes, limit used is 5
                  Down solver (pre-smoother) on level 1 -------------------------------
                    KSP Object: (ssc_sub_1_lo_telescope_mg_levels_1_) 1024 MPI processes
                      type: chebyshev
                        Chebyshev: eigenvalue estimates used:  min = 0.150409, max = 1.6545
                        Chebyshev: eigenvalues estimate via gmres min 0.342445, max 1.50409
                        Chebyshev: eigenvalues estimated using gmres with translations  [0. 0.1; 0. 1.1]
                        KSP Object: (ssc_sub_1_lo_telescope_mg_levels_1_esteig_) 1024 MPI processes
                          type: gmres
                            GMRES: restart=30, using Classical (unmodified) Gram-Schmidt Orthogonalization with no iterative refinement
                            GMRES: happy breakdown tolerance 1e-30
                          maximum iterations=10, initial guess is zero
                          tolerances:  relative=1e-12, absolute=1e-50, divergence=10000.
                          left preconditioning
                          using PRECONDITIONED norm type for convergence test
                        Chebyshev: estimating eigenvalues using noisy right hand side
                      maximum iterations=2
                      tolerances:  relative=0., absolute=1e-50, divergence=10000.
                      left preconditioning
                      using nonzero initial guess
                      using NONE norm type for convergence test
                    PC Object: (ssc_sub_1_lo_telescope_mg_levels_1_) 1024 MPI processes
                      type: sor
                        SOR: type = local_symmetric, iterations = 1, local iterations = 1, omega = 1.
                      linear system matrix = precond matrix:
                      Mat Object: 1024 MPI processes
                        type: mpiaij
                        rows=668, cols=668
                        total: nonzeros=94650, allocated nonzeros=94650
                        total number of mallocs used during MatSetValues calls =0
                          not using I-node (on process 0) routines
                  Up solver (post-smoother) same as down solver (pre-smoother)
                  Down solver (pre-smoother) on level 2 -------------------------------
                    KSP Object: (ssc_sub_1_lo_telescope_mg_levels_2_) 1024 MPI processes
                      type: chebyshev
                        Chebyshev: eigenvalue estimates used:  min = 0.147869, max = 1.62656
                        Chebyshev: eigenvalues estimate via gmres min 0.0708089, max 1.47869
                        Chebyshev: eigenvalues estimated using gmres with translations  [0. 0.1; 0. 1.1]
                        KSP Object: (ssc_sub_1_lo_telescope_mg_levels_2_esteig_) 1024 MPI processes
                          type: gmres
                            GMRES: restart=30, using Classical (unmodified) Gram-Schmidt Orthogonalization with no iterative refinement
                            GMRES: happy breakdown tolerance 1e-30
                          maximum iterations=10, initial guess is zero
                          tolerances:  relative=1e-12, absolute=1e-50, divergence=10000.
                          left preconditioning
                          using PRECONDITIONED norm type for convergence test
                        Chebyshev: estimating eigenvalues using noisy right hand side
                      maximum iterations=2
                      tolerances:  relative=0., absolute=1e-50, divergence=10000.
                      left preconditioning
                      using nonzero initial guess
                      using NONE norm type for convergence test
                    PC Object: (ssc_sub_1_lo_telescope_mg_levels_2_) 1024 MPI processes
                      type: sor
                        SOR: type = local_symmetric, iterations = 1, local iterations = 1, omega = 1.
                      linear system matrix = precond matrix:
                      Mat Object: 1024 MPI processes
                        type: mpiaij
                        rows=24652, cols=24652
                        total: nonzeros=3667842, allocated nonzeros=3667842
                        total number of mallocs used during MatSetValues calls =0
                          not using I-node (on process 0) routines
                  Up solver (post-smoother) same as down solver (pre-smoother)
                  Down solver (pre-smoother) on level 3 -------------------------------
                    KSP Object: (ssc_sub_1_lo_telescope_mg_levels_3_) 1024 MPI processes
                      type: chebyshev
                        Chebyshev: eigenvalue estimates used:  min = 0.150754, max = 1.6583
                        Chebyshev: eigenvalues estimate via gmres min 0.0359237, max 1.50754
                        Chebyshev: eigenvalues estimated using gmres with translations  [0. 0.1; 0. 1.1]
                        KSP Object: (ssc_sub_1_lo_telescope_mg_levels_3_esteig_) 1024 MPI processes
                          type: gmres
                            GMRES: restart=30, using Classical (unmodified) Gram-Schmidt Orthogonalization with no iterative refinement
                            GMRES: happy breakdown tolerance 1e-30
                          maximum iterations=10, initial guess is zero
                          tolerances:  relative=1e-12, absolute=1e-50, divergence=10000.
                          left preconditioning
                          using PRECONDITIONED norm type for convergence test
                        Chebyshev: estimating eigenvalues using noisy right hand side
                      maximum iterations=2
                      tolerances:  relative=0., absolute=1e-50, divergence=10000.
                      left preconditioning
                      using nonzero initial guess
                      using NONE norm type for convergence test
                    PC Object: (ssc_sub_1_lo_telescope_mg_levels_3_) 1024 MPI processes
                      type: sor
                        SOR: type = local_symmetric, iterations = 1, local iterations = 1, omega = 1.
                      linear system matrix = precond matrix:
                      Mat Object: 1024 MPI processes
                        type: mpiaij
                        rows=422146, cols=422146
                        total: nonzeros=21082012, allocated nonzeros=21082012
                        total number of mallocs used during MatSetValues calls =0
                          not using I-node (on process 0) routines
                  Up solver (post-smoother) same as down solver (pre-smoother)
                  Down solver (pre-smoother) on level 4 -------------------------------
                    KSP Object: (ssc_sub_1_lo_telescope_mg_levels_4_) 1024 MPI processes
                      type: chebyshev
                        Chebyshev: eigenvalue estimates used:  min = 0.160063, max = 1.7607
                        Chebyshev: eigenvalues estimate via gmres min 0.0347074, max 1.60063
                        Chebyshev: eigenvalues estimated using gmres with translations  [0. 0.1; 0. 1.1]
                        KSP Object: (ssc_sub_1_lo_telescope_mg_levels_4_esteig_) 1024 MPI processes
                          type: gmres
                            GMRES: restart=30, using Classical (unmodified) Gram-Schmidt Orthogonalization with no iterative refinement
                            GMRES: happy breakdown tolerance 1e-30
                          maximum iterations=10, initial guess is zero
                          tolerances:  relative=1e-12, absolute=1e-50, divergence=10000.
                          left preconditioning
                          using PRECONDITIONED norm type for convergence test
                        Chebyshev: estimating eigenvalues using noisy right hand side
                      maximum iterations=2
                      tolerances:  relative=0., absolute=1e-50, divergence=10000.
                      left preconditioning
                      using nonzero initial guess
                      using NONE norm type for convergence test
                    PC Object: (ssc_sub_1_lo_telescope_mg_levels_4_) 1024 MPI processes
                      type: sor
                        SOR: type = local_symmetric, iterations = 1, local iterations = 1, omega = 1.
                      linear system matrix = precond matrix:
                      Mat Object: 1024 MPI processes
                        type: mpiaij
                        rows=10218313, cols=10218313
                        total: nonzeros=152147161, allocated nonzeros=152147161
                        total number of mallocs used during MatSetValues calls =0
                          not using I-node (on process 0) routines
                  Up solver (post-smoother) same as down solver (pre-smoother)
                  linear system matrix = precond matrix:
                  Mat Object: 1024 MPI processes
                    type: mpiaij
                    rows=10218313, cols=10218313
                    total: nonzeros=152147161, allocated nonzeros=152147161
                    total number of mallocs used during MatSetValues calls =0
                      not using I-node (on process 0) routines
                                    KSP Object:               (ssc_sub_1_lo_telescope_mg_coarse_sub_)               1 MPI processes
                                      type: preonly
                                      maximum iterations=1, initial guess is zero
                                      tolerances:  relative=1e-05, absolute=1e-50, divergence=10000.
                                      left preconditioning
                                      using NONE norm type for convergence test
                                    PC Object:               (ssc_sub_1_lo_telescope_mg_coarse_sub_)               1 MPI processes
                                      type: lu
                                        out-of-place factorization
                                        tolerance for zero pivot 2.22045e-14
                                        using diagonal shift on blocks to prevent zero pivot [INBLOCKS]
                                        matrix ordering: nd
                                        factor fill ratio given 5., needed 1.
                                          Factored matrix follows:
                                            Mat Object:               1 MPI processes
                                              type: seqaij
                                              rows=19, cols=19
                                              package used to perform factorization: petsc
                                              total: nonzeros=355, allocated nonzeros=355
                                              total number of mallocs used during MatSetValues calls =0
                                                using I-node routines: found 5 nodes, limit used is 5
                                      linear system matrix = precond matrix:
                                      Mat Object:               1 MPI processes
                                        type: seqaij
                                        rows=19, cols=19
                                        total: nonzeros=355, allocated nonzeros=355
                                        total number of mallocs used during MatSetValues calls =0
                                          using I-node routines: found 7 nodes, limit used is 5
              linear system matrix = precond matrix:
              Mat Object: 6144 MPI processes
                type: mpiaij
                rows=10218313, cols=10218313
                total: nonzeros=152147161, allocated nonzeros=152147161
                total number of mallocs used during MatSetValues calls =0
                  not using I-node (on process 0) routines
          linear system matrix = precond matrix:
          Mat Object: 6144 MPI processes
            type: python
            rows=647214625, cols=647214625
                Python: firedrake.matrix_free.operators.ImplicitMatrixContext
              Firedrake matrix-free operator ImplicitMatrixContext
      ---------------------------------
      linear system matrix = precond matrix:
      Mat Object: 6144 MPI processes
        type: python
        rows=647214625, cols=647214625
            Python: firedrake.matrix_free.operators.ImplicitMatrixContext
          Firedrake matrix-free operator ImplicitMatrixContext
  linear system matrix = precond matrix:
  Mat Object: 6144 MPI processes
    type: python
    rows=647214625, cols=647214625
        Python: firedrake.matrix_free.operators.ImplicitMatrixContext
      Firedrake matrix-free operator ImplicitMatrixContext
Timed solve
    Residual norms for  solve.
    0 KSP Residual norm 5.366090657292e+02 
    1 KSP Residual norm 1.833826944678e+01 
    2 KSP Residual norm 8.498771542001e+00 
    3 KSP Residual norm 1.505954554224e+00 
    4 KSP Residual norm 6.421388630653e-01 
    5 KSP Residual norm 3.231135941986e-01 
    6 KSP Residual norm 1.229345819494e-01 
    7 KSP Residual norm 4.154153370552e-02 
    8 KSP Residual norm 1.484436887634e-02 
    9 KSP Residual norm 5.606512736260e-03 
   10 KSP Residual norm 2.456209071940e-03 
   11 KSP Residual norm 1.130996726043e-03 
   12 KSP Residual norm 6.590662330724e-04 
   13 KSP Residual norm 4.149446868360e-04 
   14 KSP Residual norm 2.254782592006e-04 
   15 KSP Residual norm 9.444000129900e-05 
   16 KSP Residual norm 3.395075081402e-05 
   17 KSP Residual norm 1.314944708735e-05 
   18 KSP Residual norm 6.297794526295e-06 
   19 KSP Residual norm 3.574288300282e-06 
KSP Object: () 6144 MPI processes
  type: cg
  maximum iterations=10000, initial guess is zero
  tolerances:  relative=1e-08, absolute=1e-50, divergence=10000.
  left preconditioning
  using PRECONDITIONED norm type for convergence test
PC Object: () 6144 MPI processes
  type: python
    Python: ssc.SSC
  Subspace correction PC
  Combining (composite) PC:
    PC Object: (ssc_) 6144 MPI processes
      type: composite
      Composite PC type - ADDITIVE
      PCs on composite preconditioner follow
      ---------------------------------
        PC Object: (ssc_sub_0_) 6144 MPI processes
          type: patch
            Vertex-patch Additive Schwarz with 3254 patches
            Saving patch operators (rebuilt every PCSetUp)
            KSP on patches (all same):
              KSP Object: (ssc_sub_0_sub_) 1 MPI processes
                type: preonly
                maximum iterations=10000, initial guess is zero
                tolerances:  relative=1e-05, absolute=1e-50, divergence=10000.
                left preconditioning
                using NONE norm type for convergence test
              PC Object: (ssc_sub_0_sub_) 1 MPI processes
                type: lu
                  out-of-place factorization
                  tolerance for zero pivot 2.22045e-14
                  matrix ordering: nd
                  factor fill ratio given 5., needed 1.77897
                    Factored matrix follows:
                      Mat Object: 1 MPI processes
                        type: seqaij
                        rows=369, cols=369
                        package used to perform factorization: petsc
                        total: nonzeros=38513, allocated nonzeros=38513
                        total number of mallocs used during MatSetValues calls =0
                          using I-node routines: found 122 nodes, limit used is 5
                linear system matrix = precond matrix:
                Mat Object: 1 MPI processes
                  type: seqaij
                  rows=369, cols=369
                  total: nonzeros=21649, allocated nonzeros=24060
                  total number of mallocs used during MatSetValues calls =1481
                    using I-node routines: found 147 nodes, limit used is 5
          linear system matrix = precond matrix:
          Mat Object: 6144 MPI processes
            type: python
            rows=647214625, cols=647214625
                Python: firedrake.matrix_free.operators.ImplicitMatrixContext
              Firedrake matrix-free operator ImplicitMatrixContext
        PC Object: (ssc_sub_1_) 6144 MPI processes
          type: python
            Python: ssc.lo.P1PC
          Low-order PC
            PC Object: (ssc_sub_1_lo_) 6144 MPI processes
              type: telescope
                Telescope: parent comm size reduction factor = 6
                Telescope: comm_size = 6144 , subcomm_size = 1024
                Telescope: subcomm type: interlaced
                  Telescope: using default setup
                KSP Object: (ssc_sub_1_lo_telescope_) 1024 MPI processes
                  type: richardson
                    Richardson: damping factor=1.
                  maximum iterations=4, initial guess is zero
                  tolerances:  relative=1e-05, absolute=1e-50, divergence=10000.
                  left preconditioning
                  using PRECONDITIONED norm type for convergence test
                PC Object: (ssc_sub_1_lo_telescope_) 1024 MPI processes
                  type: gamg
                    MG: type is MULTIPLICATIVE, levels=5 cycles=v
                      Cycles per PCApply=1
                      Using externally compute Galerkin coarse grid matrices
                      GAMG specific options
                        Threshold for dropping small values in graph on each level =                   0.                   0.                   0.                  
                        Threshold scaling factor for each level not specified = 1.
                        AGG specific options
                          Symmetric graph false
                          Number of levels to square graph 1
                          Number smoothing steps 1
                  Coarse grid solver -- level -------------------------------
                    KSP Object: (ssc_sub_1_lo_telescope_mg_coarse_) 1024 MPI processes
                      type: preonly
                      maximum iterations=10000, initial guess is zero
                      tolerances:  relative=1e-05, absolute=1e-50, divergence=10000.
                      left preconditioning
                      using NONE norm type for convergence test
                    PC Object: (ssc_sub_1_lo_telescope_mg_coarse_) 1024 MPI processes
                      type: bjacobi
                        block Jacobi: number of blocks = 1024
                        Local solve is same for all blocks, in the following KSP and PC objects:
                      linear system matrix = precond matrix:
                      Mat Object: 1024 MPI processes
                        type: mpiaij
                        rows=19, cols=19
                        total: nonzeros=355, allocated nonzeros=355
                        total number of mallocs used during MatSetValues calls =0
                          using I-node (on process 0) routines: found 7 nodes, limit used is 5
                  Down solver (pre-smoother) on level 1 -------------------------------
                    KSP Object: (ssc_sub_1_lo_telescope_mg_levels_1_) 1024 MPI processes
                      type: chebyshev
                        Chebyshev: eigenvalue estimates used:  min = 0.150409, max = 1.6545
                        Chebyshev: eigenvalues estimate via gmres min 0.342445, max 1.50409
                        Chebyshev: eigenvalues estimated using gmres with translations  [0. 0.1; 0. 1.1]
                        KSP Object: (ssc_sub_1_lo_telescope_mg_levels_1_esteig_) 1024 MPI processes
                          type: gmres
                            GMRES: restart=30, using Classical (unmodified) Gram-Schmidt Orthogonalization with no iterative refinement
                            GMRES: happy breakdown tolerance 1e-30
                          maximum iterations=10, initial guess is zero
                          tolerances:  relative=1e-12, absolute=1e-50, divergence=10000.
                          left preconditioning
                          using PRECONDITIONED norm type for convergence test
                        Chebyshev: estimating eigenvalues using noisy right hand side
                      maximum iterations=2
                      tolerances:  relative=0., absolute=1e-50, divergence=10000.
                      left preconditioning
                      using nonzero initial guess
                      using NONE norm type for convergence test
                    PC Object: (ssc_sub_1_lo_telescope_mg_levels_1_) 1024 MPI processes
                      type: sor
                        SOR: type = local_symmetric, iterations = 1, local iterations = 1, omega = 1.
                      linear system matrix = precond matrix:
                      Mat Object: 1024 MPI processes
                        type: mpiaij
                        rows=668, cols=668
                        total: nonzeros=94650, allocated nonzeros=94650
                        total number of mallocs used during MatSetValues calls =0
                          not using I-node (on process 0) routines
                  Up solver (post-smoother) same as down solver (pre-smoother)
                  Down solver (pre-smoother) on level 2 -------------------------------
                    KSP Object: (ssc_sub_1_lo_telescope_mg_levels_2_) 1024 MPI processes
                      type: chebyshev
                        Chebyshev: eigenvalue estimates used:  min = 0.147869, max = 1.62656
                        Chebyshev: eigenvalues estimate via gmres min 0.0708089, max 1.47869
                        Chebyshev: eigenvalues estimated using gmres with translations  [0. 0.1; 0. 1.1]
                        KSP Object: (ssc_sub_1_lo_telescope_mg_levels_2_esteig_) 1024 MPI processes
                          type: gmres
                            GMRES: restart=30, using Classical (unmodified) Gram-Schmidt Orthogonalization with no iterative refinement
                            GMRES: happy breakdown tolerance 1e-30
                          maximum iterations=10, initial guess is zero
                          tolerances:  relative=1e-12, absolute=1e-50, divergence=10000.
                          left preconditioning
                          using PRECONDITIONED norm type for convergence test
                        Chebyshev: estimating eigenvalues using noisy right hand side
                      maximum iterations=2
                      tolerances:  relative=0., absolute=1e-50, divergence=10000.
                      left preconditioning
                      using nonzero initial guess
                      using NONE norm type for convergence test
                    PC Object: (ssc_sub_1_lo_telescope_mg_levels_2_) 1024 MPI processes
                      type: sor
                        SOR: type = local_symmetric, iterations = 1, local iterations = 1, omega = 1.
                      linear system matrix = precond matrix:
                      Mat Object: 1024 MPI processes
                        type: mpiaij
                        rows=24652, cols=24652
                        total: nonzeros=3667842, allocated nonzeros=3667842
                        total number of mallocs used during MatSetValues calls =0
                          not using I-node (on process 0) routines
                  Up solver (post-smoother) same as down solver (pre-smoother)
                  Down solver (pre-smoother) on level 3 -------------------------------
                    KSP Object: (ssc_sub_1_lo_telescope_mg_levels_3_) 1024 MPI processes
                      type: chebyshev
                        Chebyshev: eigenvalue estimates used:  min = 0.150754, max = 1.6583
                        Chebyshev: eigenvalues estimate via gmres min 0.0359237, max 1.50754
                        Chebyshev: eigenvalues estimated using gmres with translations  [0. 0.1; 0. 1.1]
                        KSP Object: (ssc_sub_1_lo_telescope_mg_levels_3_esteig_) 1024 MPI processes
                          type: gmres
                            GMRES: restart=30, using Classical (unmodified) Gram-Schmidt Orthogonalization with no iterative refinement
                            GMRES: happy breakdown tolerance 1e-30
                          maximum iterations=10, initial guess is zero
                          tolerances:  relative=1e-12, absolute=1e-50, divergence=10000.
                          left preconditioning
                          using PRECONDITIONED norm type for convergence test
                        Chebyshev: estimating eigenvalues using noisy right hand side
                      maximum iterations=2
                      tolerances:  relative=0., absolute=1e-50, divergence=10000.
                      left preconditioning
                      using nonzero initial guess
                      using NONE norm type for convergence test
                    PC Object: (ssc_sub_1_lo_telescope_mg_levels_3_) 1024 MPI processes
                      type: sor
                        SOR: type = local_symmetric, iterations = 1, local iterations = 1, omega = 1.
                      linear system matrix = precond matrix:
                      Mat Object: 1024 MPI processes
                        type: mpiaij
                        rows=422146, cols=422146
                        total: nonzeros=21082012, allocated nonzeros=21082012
                        total number of mallocs used during MatSetValues calls =0
                          not using I-node (on process 0) routines
                  Up solver (post-smoother) same as down solver (pre-smoother)
                  Down solver (pre-smoother) on level 4 -------------------------------
                    KSP Object: (ssc_sub_1_lo_telescope_mg_levels_4_) 1024 MPI processes
                      type: chebyshev
                        Chebyshev: eigenvalue estimates used:  min = 0.160063, max = 1.7607
                        Chebyshev: eigenvalues estimate via gmres min 0.0347074, max 1.60063
                        Chebyshev: eigenvalues estimated using gmres with translations  [0. 0.1; 0. 1.1]
                        KSP Object: (ssc_sub_1_lo_telescope_mg_levels_4_esteig_) 1024 MPI processes
                          type: gmres
                            GMRES: restart=30, using Classical (unmodified) Gram-Schmidt Orthogonalization with no iterative refinement
                            GMRES: happy breakdown tolerance 1e-30
                          maximum iterations=10, initial guess is zero
                          tolerances:  relative=1e-12, absolute=1e-50, divergence=10000.
                          left preconditioning
                          using PRECONDITIONED norm type for convergence test
                        Chebyshev: estimating eigenvalues using noisy right hand side
                      maximum iterations=2
                      tolerances:  relative=0., absolute=1e-50, divergence=10000.
                      left preconditioning
                      using nonzero initial guess
                      using NONE norm type for convergence test
                    PC Object: (ssc_sub_1_lo_telescope_mg_levels_4_) 1024 MPI processes
                      type: sor
                        SOR: type = local_symmetric, iterations = 1, local iterations = 1, omega = 1.
                      linear system matrix = precond matrix:
                      Mat Object: 1024 MPI processes
                        type: mpiaij
                        rows=10218313, cols=10218313
                        total: nonzeros=152147161, allocated nonzeros=152147161
                        total number of mallocs used during MatSetValues calls =0
                          not using I-node (on process 0) routines
                  Up solver (post-smoother) same as down solver (pre-smoother)
                  linear system matrix = precond matrix:
                  Mat Object: 1024 MPI processes
                    type: mpiaij
                    rows=10218313, cols=10218313
                    total: nonzeros=152147161, allocated nonzeros=152147161
                    total number of mallocs used during MatSetValues calls =0
                      not using I-node (on process 0) routines
                                    KSP Object:               (ssc_sub_1_lo_telescope_mg_coarse_sub_)               1 MPI processes
                                      type: preonly
                                      maximum iterations=1, initial guess is zero
                                      tolerances:  relative=1e-05, absolute=1e-50, divergence=10000.
                                      left preconditioning
                                      using NONE norm type for convergence test
                                    PC Object:               (ssc_sub_1_lo_telescope_mg_coarse_sub_)               1 MPI processes
                                      type: lu
                                        out-of-place factorization
                                        tolerance for zero pivot 2.22045e-14
                                        using diagonal shift on blocks to prevent zero pivot [INBLOCKS]
                                        matrix ordering: nd
                                        factor fill ratio given 5., needed 1.
                                          Factored matrix follows:
                                            Mat Object:               1 MPI processes
                                              type: seqaij
                                              rows=19, cols=19
                                              package used to perform factorization: petsc
                                              total: nonzeros=355, allocated nonzeros=355
                                              total number of mallocs used during MatSetValues calls =0
                                                using I-node routines: found 5 nodes, limit used is 5
                                      linear system matrix = precond matrix:
                                      Mat Object:               1 MPI processes
                                        type: seqaij
                                        rows=19, cols=19
                                        total: nonzeros=355, allocated nonzeros=355
                                        total number of mallocs used during MatSetValues calls =0
                                          using I-node routines: found 7 nodes, limit used is 5
              linear system matrix = precond matrix:
              Mat Object: 6144 MPI processes
                type: mpiaij
                rows=10218313, cols=10218313
                total: nonzeros=152147161, allocated nonzeros=152147161
                total number of mallocs used during MatSetValues calls =0
                  not using I-node (on process 0) routines
          linear system matrix = precond matrix:
          Mat Object: 6144 MPI processes
            type: python
            rows=647214625, cols=647214625
                Python: firedrake.matrix_free.operators.ImplicitMatrixContext
              Firedrake matrix-free operator ImplicitMatrixContext
      ---------------------------------
      linear system matrix = precond matrix:
      Mat Object: 6144 MPI processes
        type: python
        rows=647214625, cols=647214625
            Python: firedrake.matrix_free.operators.ImplicitMatrixContext
          Firedrake matrix-free operator ImplicitMatrixContext
  linear system matrix = precond matrix:
  Mat Object: 6144 MPI processes
    type: python
    rows=647214625, cols=647214625
        Python: firedrake.matrix_free.operators.ImplicitMatrixContext
      Firedrake matrix-free operator ImplicitMatrixContext
Solving with parameter set schwarz_rich, 108, 4...done
Application 25339617 resources: utime ~3459270s, stime ~28591s, Rss ~8468288, inblocks ~315760051, outblocks ~5152492
