Int has 8 bytes
Solving with parameter set schwarz_rich, 17, 4...
Warmup solve
    Residual norms for  solve.
    0 KSP Residual norm 3.874626809483e+01 
    1 KSP Residual norm 4.796415490151e-01 
    2 KSP Residual norm 2.351651074191e-01 
    3 KSP Residual norm 1.093350268714e-01 
    4 KSP Residual norm 4.507496786679e-02 
    5 KSP Residual norm 1.225469915900e-02 
    6 KSP Residual norm 5.951102436493e-03 
    7 KSP Residual norm 3.589714574813e-03 
    8 KSP Residual norm 1.870691053326e-03 
    9 KSP Residual norm 7.342034864860e-04 
   10 KSP Residual norm 2.694002610277e-04 
   11 KSP Residual norm 1.068033607580e-04 
   12 KSP Residual norm 6.260479725689e-05 
   13 KSP Residual norm 2.642166722357e-05 
   14 KSP Residual norm 1.049429986185e-05 
   15 KSP Residual norm 4.555090227405e-06 
   16 KSP Residual norm 2.015264601215e-06 
   17 KSP Residual norm 9.859847123641e-07 
   18 KSP Residual norm 5.603962236958e-07 
   19 KSP Residual norm 2.724393323673e-07 
KSP Object: () 24 MPI processes
  type: cg
  maximum iterations=10000, initial guess is zero
  tolerances:  relative=1e-08, absolute=1e-50, divergence=10000.
  left preconditioning
  using PRECONDITIONED norm type for convergence test
PC Object: () 24 MPI processes
  type: python
    Python: ssc.SSC
  Subspace correction PC
  Combining (composite) PC:
    PC Object: (ssc_) 24 MPI processes
      type: composite
      Composite PC type - ADDITIVE
      PCs on composite preconditioner follow
      ---------------------------------
        PC Object: (ssc_sub_0_) 24 MPI processes
          type: patch
            Vertex-patch Additive Schwarz with 3168 patches
            Saving patch operators (rebuilt every PCSetUp)
            KSP on patches (all same):
              KSP Object: (ssc_sub_0_sub_) 1 MPI processes
                type: preonly
                maximum iterations=10000, initial guess is zero
                tolerances:  relative=1e-05, absolute=1e-50, divergence=10000.
                left preconditioning
                using NONE norm type for convergence test
              PC Object: (ssc_sub_0_sub_) 1 MPI processes
                type: lu
                  out-of-place factorization
                  tolerance for zero pivot 2.22045e-14
                  matrix ordering: nd
                  factor fill ratio given 5., needed 1.70507
                    Factored matrix follows:
                      Mat Object: 1 MPI processes
                        type: seqaij
                        rows=369, cols=369
                        package used to perform factorization: petsc
                        total: nonzeros=36913, allocated nonzeros=36913
                        total number of mallocs used during MatSetValues calls =0
                          using I-node routines: found 125 nodes, limit used is 5
                linear system matrix = precond matrix:
                Mat Object: 1 MPI processes
                  type: seqaij
                  rows=369, cols=369
                  total: nonzeros=21649, allocated nonzeros=24060
                  total number of mallocs used during MatSetValues calls =1481
                    using I-node routines: found 148 nodes, limit used is 5
          linear system matrix = precond matrix:
          Mat Object: 24 MPI processes
            type: python
            rows=2571353, cols=2571353
                Python: firedrake.matrix_free.operators.ImplicitMatrixContext
              Firedrake matrix-free operator ImplicitMatrixContext
        PC Object: (ssc_sub_1_) 24 MPI processes
          type: python
            Python: ssc.lo.P1PC
          Low-order PC
            PC Object: (ssc_sub_1_lo_) 24 MPI processes
              type: telescope
                Telescope: parent comm size reduction factor = 6
                Telescope: comm_size = 24 , subcomm_size = 4
                Telescope: subcomm type: interlaced
                  Telescope: using default setup
                KSP Object: (ssc_sub_1_lo_telescope_) 4 MPI processes
                  type: richardson
                    Richardson: damping factor=1.
                  maximum iterations=4, initial guess is zero
                  tolerances:  relative=1e-05, absolute=1e-50, divergence=10000.
                  left preconditioning
                  using PRECONDITIONED norm type for convergence test
                PC Object: (ssc_sub_1_lo_telescope_) 4 MPI processes
                  type: gamg
                    MG: type is MULTIPLICATIVE, levels=4 cycles=v
                      Cycles per PCApply=1
                      Using externally compute Galerkin coarse grid matrices
                      GAMG specific options
                        Threshold for dropping small values in graph on each level =                   0.                   0.                  
                        Threshold scaling factor for each level not specified = 1.
                        AGG specific options
                          Symmetric graph false
                          Number of levels to square graph 1
                          Number smoothing steps 1
                  Coarse grid solver -- level -------------------------------
                    KSP Object: (ssc_sub_1_lo_telescope_mg_coarse_) 4 MPI processes
                      type: preonly
                      maximum iterations=10000, initial guess is zero
                      tolerances:  relative=1e-05, absolute=1e-50, divergence=10000.
                      left preconditioning
                      using NONE norm type for convergence test
                    PC Object: (ssc_sub_1_lo_telescope_mg_coarse_) 4 MPI processes
                      type: bjacobi
                        block Jacobi: number of blocks = 4
                        Local solve is same for all blocks, in the following KSP and PC objects:
                      linear system matrix = precond matrix:
                      Mat Object: 4 MPI processes
                        type: mpiaij
                        rows=6, cols=6
                        total: nonzeros=36, allocated nonzeros=36
                        total number of mallocs used during MatSetValues calls =0
                          using I-node (on process 0) routines: found 2 nodes, limit used is 5
                  Down solver (pre-smoother) on level 1 -------------------------------
                    KSP Object: (ssc_sub_1_lo_telescope_mg_levels_1_) 4 MPI processes
                      type: chebyshev
                        Chebyshev: eigenvalue estimates used:  min = 0.127648, max = 1.40412
                        Chebyshev: eigenvalues estimate via gmres min 0.70118, max 1.27648
                        Chebyshev: eigenvalues estimated using gmres with translations  [0. 0.1; 0. 1.1]
                        KSP Object: (ssc_sub_1_lo_telescope_mg_levels_1_esteig_) 4 MPI processes
                          type: gmres
                            GMRES: restart=30, using Classical (unmodified) Gram-Schmidt Orthogonalization with no iterative refinement
                            GMRES: happy breakdown tolerance 1e-30
                          maximum iterations=10, initial guess is zero
                          tolerances:  relative=1e-12, absolute=1e-50, divergence=10000.
                          left preconditioning
                          using PRECONDITIONED norm type for convergence test
                        Chebyshev: estimating eigenvalues using noisy right hand side
                      maximum iterations=2
                      tolerances:  relative=0., absolute=1e-50, divergence=10000.
                      left preconditioning
                      using nonzero initial guess
                      using NONE norm type for convergence test
                    PC Object: (ssc_sub_1_lo_telescope_mg_levels_1_) 4 MPI processes
                      type: sor
                        SOR: type = local_symmetric, iterations = 1, local iterations = 1, omega = 1.
                      linear system matrix = precond matrix:
                      Mat Object: 4 MPI processes
                        type: mpiaij
                        rows=117, cols=117
                        total: nonzeros=6557, allocated nonzeros=6557
                        total number of mallocs used during MatSetValues calls =0
                          not using I-node (on process 0) routines
                  Up solver (post-smoother) same as down solver (pre-smoother)
                  Down solver (pre-smoother) on level 2 -------------------------------
                    KSP Object: (ssc_sub_1_lo_telescope_mg_levels_2_) 4 MPI processes
                      type: chebyshev
                        Chebyshev: eigenvalue estimates used:  min = 0.146316, max = 1.60948
                        Chebyshev: eigenvalues estimate via gmres min 0.120384, max 1.46316
                        Chebyshev: eigenvalues estimated using gmres with translations  [0. 0.1; 0. 1.1]
                        KSP Object: (ssc_sub_1_lo_telescope_mg_levels_2_esteig_) 4 MPI processes
                          type: gmres
                            GMRES: restart=30, using Classical (unmodified) Gram-Schmidt Orthogonalization with no iterative refinement
                            GMRES: happy breakdown tolerance 1e-30
                          maximum iterations=10, initial guess is zero
                          tolerances:  relative=1e-12, absolute=1e-50, divergence=10000.
                          left preconditioning
                          using PRECONDITIONED norm type for convergence test
                        Chebyshev: estimating eigenvalues using noisy right hand side
                      maximum iterations=2
                      tolerances:  relative=0., absolute=1e-50, divergence=10000.
                      left preconditioning
                      using nonzero initial guess
                      using NONE norm type for convergence test
                    PC Object: (ssc_sub_1_lo_telescope_mg_levels_2_) 4 MPI processes
                      type: sor
                        SOR: type = local_symmetric, iterations = 1, local iterations = 1, omega = 1.
                      linear system matrix = precond matrix:
                      Mat Object: 4 MPI processes
                        type: mpiaij
                        rows=1642, cols=1642
                        total: nonzeros=64780, allocated nonzeros=64780
                        total number of mallocs used during MatSetValues calls =0
                          not using I-node (on process 0) routines
                  Up solver (post-smoother) same as down solver (pre-smoother)
                  Down solver (pre-smoother) on level 3 -------------------------------
                    KSP Object: (ssc_sub_1_lo_telescope_mg_levels_3_) 4 MPI processes
                      type: chebyshev
                        Chebyshev: eigenvalue estimates used:  min = 0.155096, max = 1.70605
                        Chebyshev: eigenvalues estimate via gmres min 0.0455689, max 1.55096
                        Chebyshev: eigenvalues estimated using gmres with translations  [0. 0.1; 0. 1.1]
                        KSP Object: (ssc_sub_1_lo_telescope_mg_levels_3_esteig_) 4 MPI processes
                          type: gmres
                            GMRES: restart=30, using Classical (unmodified) Gram-Schmidt Orthogonalization with no iterative refinement
                            GMRES: happy breakdown tolerance 1e-30
                          maximum iterations=10, initial guess is zero
                          tolerances:  relative=1e-12, absolute=1e-50, divergence=10000.
                          left preconditioning
                          using PRECONDITIONED norm type for convergence test
                        Chebyshev: estimating eigenvalues using noisy right hand side
                      maximum iterations=2
                      tolerances:  relative=0., absolute=1e-50, divergence=10000.
                      left preconditioning
                      using nonzero initial guess
                      using NONE norm type for convergence test
                    PC Object: (ssc_sub_1_lo_telescope_mg_levels_3_) 4 MPI processes
                      type: sor
                        SOR: type = local_symmetric, iterations = 1, local iterations = 1, omega = 1.
                      linear system matrix = precond matrix:
                      Mat Object: 4 MPI processes
                        type: mpiaij
                        rows=42875, cols=42875
                        total: nonzeros=614143, allocated nonzeros=614143
                        total number of mallocs used during MatSetValues calls =0
                          not using I-node (on process 0) routines
                  Up solver (post-smoother) same as down solver (pre-smoother)
                  linear system matrix = precond matrix:
                  Mat Object: 4 MPI processes
                    type: mpiaij
                    rows=42875, cols=42875
                    total: nonzeros=614143, allocated nonzeros=614143
                    total number of mallocs used during MatSetValues calls =0
                      not using I-node (on process 0) routines
                                    KSP Object:               (ssc_sub_1_lo_telescope_mg_coarse_sub_)               1 MPI processes
                                      type: preonly
                                      maximum iterations=1, initial guess is zero
                                      tolerances:  relative=1e-05, absolute=1e-50, divergence=10000.
                                      left preconditioning
                                      using NONE norm type for convergence test
                                    PC Object:               (ssc_sub_1_lo_telescope_mg_coarse_sub_)               1 MPI processes
                                      type: lu
                                        out-of-place factorization
                                        tolerance for zero pivot 2.22045e-14
                                        using diagonal shift on blocks to prevent zero pivot [INBLOCKS]
                                        matrix ordering: nd
                                        factor fill ratio given 5., needed 1.
                                          Factored matrix follows:
                                            Mat Object:               1 MPI processes
                                              type: seqaij
                                              rows=6, cols=6
                                              package used to perform factorization: petsc
                                              total: nonzeros=36, allocated nonzeros=36
                                              total number of mallocs used during MatSetValues calls =0
                                                using I-node routines: found 2 nodes, limit used is 5
                                      linear system matrix = precond matrix:
                                      Mat Object:               1 MPI processes
                                        type: seqaij
                                        rows=6, cols=6
                                        total: nonzeros=36, allocated nonzeros=36
                                        total number of mallocs used during MatSetValues calls =0
                                          using I-node routines: found 2 nodes, limit used is 5
              linear system matrix = precond matrix:
              Mat Object: 24 MPI processes
                type: mpiaij
                rows=42875, cols=42875
                total: nonzeros=614143, allocated nonzeros=614143
                total number of mallocs used during MatSetValues calls =0
                  not using I-node (on process 0) routines
          linear system matrix = precond matrix:
          Mat Object: 24 MPI processes
            type: python
            rows=2571353, cols=2571353
                Python: firedrake.matrix_free.operators.ImplicitMatrixContext
              Firedrake matrix-free operator ImplicitMatrixContext
      ---------------------------------
      linear system matrix = precond matrix:
      Mat Object: 24 MPI processes
        type: python
        rows=2571353, cols=2571353
            Python: firedrake.matrix_free.operators.ImplicitMatrixContext
          Firedrake matrix-free operator ImplicitMatrixContext
  linear system matrix = precond matrix:
  Mat Object: 24 MPI processes
    type: python
    rows=2571353, cols=2571353
        Python: firedrake.matrix_free.operators.ImplicitMatrixContext
      Firedrake matrix-free operator ImplicitMatrixContext
Timed solve
    Residual norms for  solve.
    0 KSP Residual norm 3.874626809483e+01 
    1 KSP Residual norm 4.796415490151e-01 
    2 KSP Residual norm 2.351651074191e-01 
    3 KSP Residual norm 1.093350268714e-01 
    4 KSP Residual norm 4.507496786679e-02 
    5 KSP Residual norm 1.225469915900e-02 
    6 KSP Residual norm 5.951102436493e-03 
    7 KSP Residual norm 3.589714574813e-03 
    8 KSP Residual norm 1.870691053326e-03 
    9 KSP Residual norm 7.342034864860e-04 
   10 KSP Residual norm 2.694002610277e-04 
   11 KSP Residual norm 1.068033607580e-04 
   12 KSP Residual norm 6.260479725690e-05 
   13 KSP Residual norm 2.642166722357e-05 
   14 KSP Residual norm 1.049429986185e-05 
   15 KSP Residual norm 4.555090227405e-06 
   16 KSP Residual norm 2.015264601215e-06 
   17 KSP Residual norm 9.859847123640e-07 
   18 KSP Residual norm 5.603962236957e-07 
   19 KSP Residual norm 2.724393323673e-07 
KSP Object: () 24 MPI processes
  type: cg
  maximum iterations=10000, initial guess is zero
  tolerances:  relative=1e-08, absolute=1e-50, divergence=10000.
  left preconditioning
  using PRECONDITIONED norm type for convergence test
PC Object: () 24 MPI processes
  type: python
    Python: ssc.SSC
  Subspace correction PC
  Combining (composite) PC:
    PC Object: (ssc_) 24 MPI processes
      type: composite
      Composite PC type - ADDITIVE
      PCs on composite preconditioner follow
      ---------------------------------
        PC Object: (ssc_sub_0_) 24 MPI processes
          type: patch
            Vertex-patch Additive Schwarz with 3168 patches
            Saving patch operators (rebuilt every PCSetUp)
            KSP on patches (all same):
              KSP Object: (ssc_sub_0_sub_) 1 MPI processes
                type: preonly
                maximum iterations=10000, initial guess is zero
                tolerances:  relative=1e-05, absolute=1e-50, divergence=10000.
                left preconditioning
                using NONE norm type for convergence test
              PC Object: (ssc_sub_0_sub_) 1 MPI processes
                type: lu
                  out-of-place factorization
                  tolerance for zero pivot 2.22045e-14
                  matrix ordering: nd
                  factor fill ratio given 5., needed 1.70507
                    Factored matrix follows:
                      Mat Object: 1 MPI processes
                        type: seqaij
                        rows=369, cols=369
                        package used to perform factorization: petsc
                        total: nonzeros=36913, allocated nonzeros=36913
                        total number of mallocs used during MatSetValues calls =0
                          using I-node routines: found 125 nodes, limit used is 5
                linear system matrix = precond matrix:
                Mat Object: 1 MPI processes
                  type: seqaij
                  rows=369, cols=369
                  total: nonzeros=21649, allocated nonzeros=24060
                  total number of mallocs used during MatSetValues calls =1481
                    using I-node routines: found 148 nodes, limit used is 5
          linear system matrix = precond matrix:
          Mat Object: 24 MPI processes
            type: python
            rows=2571353, cols=2571353
                Python: firedrake.matrix_free.operators.ImplicitMatrixContext
              Firedrake matrix-free operator ImplicitMatrixContext
        PC Object: (ssc_sub_1_) 24 MPI processes
          type: python
            Python: ssc.lo.P1PC
          Low-order PC
            PC Object: (ssc_sub_1_lo_) 24 MPI processes
              type: telescope
                Telescope: parent comm size reduction factor = 6
                Telescope: comm_size = 24 , subcomm_size = 4
                Telescope: subcomm type: interlaced
                  Telescope: using default setup
                KSP Object: (ssc_sub_1_lo_telescope_) 4 MPI processes
                  type: richardson
                    Richardson: damping factor=1.
                  maximum iterations=4, initial guess is zero
                  tolerances:  relative=1e-05, absolute=1e-50, divergence=10000.
                  left preconditioning
                  using PRECONDITIONED norm type for convergence test
                PC Object: (ssc_sub_1_lo_telescope_) 4 MPI processes
                  type: gamg
                    MG: type is MULTIPLICATIVE, levels=4 cycles=v
                      Cycles per PCApply=1
                      Using externally compute Galerkin coarse grid matrices
                      GAMG specific options
                        Threshold for dropping small values in graph on each level =                   0.                   0.                  
                        Threshold scaling factor for each level not specified = 1.
                        AGG specific options
                          Symmetric graph false
                          Number of levels to square graph 1
                          Number smoothing steps 1
                  Coarse grid solver -- level -------------------------------
                    KSP Object: (ssc_sub_1_lo_telescope_mg_coarse_) 4 MPI processes
                      type: preonly
                      maximum iterations=10000, initial guess is zero
                      tolerances:  relative=1e-05, absolute=1e-50, divergence=10000.
                      left preconditioning
                      using NONE norm type for convergence test
                    PC Object: (ssc_sub_1_lo_telescope_mg_coarse_) 4 MPI processes
                      type: bjacobi
                        block Jacobi: number of blocks = 4
                        Local solve is same for all blocks, in the following KSP and PC objects:
                      linear system matrix = precond matrix:
                      Mat Object: 4 MPI processes
                        type: mpiaij
                        rows=6, cols=6
                        total: nonzeros=36, allocated nonzeros=36
                        total number of mallocs used during MatSetValues calls =0
                          using I-node (on process 0) routines: found 2 nodes, limit used is 5
                  Down solver (pre-smoother) on level 1 -------------------------------
                    KSP Object: (ssc_sub_1_lo_telescope_mg_levels_1_) 4 MPI processes
                      type: chebyshev
                        Chebyshev: eigenvalue estimates used:  min = 0.127648, max = 1.40412
                        Chebyshev: eigenvalues estimate via gmres min 0.70118, max 1.27648
                        Chebyshev: eigenvalues estimated using gmres with translations  [0. 0.1; 0. 1.1]
                        KSP Object: (ssc_sub_1_lo_telescope_mg_levels_1_esteig_) 4 MPI processes
                          type: gmres
                            GMRES: restart=30, using Classical (unmodified) Gram-Schmidt Orthogonalization with no iterative refinement
                            GMRES: happy breakdown tolerance 1e-30
                          maximum iterations=10, initial guess is zero
                          tolerances:  relative=1e-12, absolute=1e-50, divergence=10000.
                          left preconditioning
                          using PRECONDITIONED norm type for convergence test
                        Chebyshev: estimating eigenvalues using noisy right hand side
                      maximum iterations=2
                      tolerances:  relative=0., absolute=1e-50, divergence=10000.
                      left preconditioning
                      using nonzero initial guess
                      using NONE norm type for convergence test
                    PC Object: (ssc_sub_1_lo_telescope_mg_levels_1_) 4 MPI processes
                      type: sor
                        SOR: type = local_symmetric, iterations = 1, local iterations = 1, omega = 1.
                      linear system matrix = precond matrix:
                      Mat Object: 4 MPI processes
                        type: mpiaij
                        rows=117, cols=117
                        total: nonzeros=6557, allocated nonzeros=6557
                        total number of mallocs used during MatSetValues calls =0
                          not using I-node (on process 0) routines
                  Up solver (post-smoother) same as down solver (pre-smoother)
                  Down solver (pre-smoother) on level 2 -------------------------------
                    KSP Object: (ssc_sub_1_lo_telescope_mg_levels_2_) 4 MPI processes
                      type: chebyshev
                        Chebyshev: eigenvalue estimates used:  min = 0.146316, max = 1.60948
                        Chebyshev: eigenvalues estimate via gmres min 0.120384, max 1.46316
                        Chebyshev: eigenvalues estimated using gmres with translations  [0. 0.1; 0. 1.1]
                        KSP Object: (ssc_sub_1_lo_telescope_mg_levels_2_esteig_) 4 MPI processes
                          type: gmres
                            GMRES: restart=30, using Classical (unmodified) Gram-Schmidt Orthogonalization with no iterative refinement
                            GMRES: happy breakdown tolerance 1e-30
                          maximum iterations=10, initial guess is zero
                          tolerances:  relative=1e-12, absolute=1e-50, divergence=10000.
                          left preconditioning
                          using PRECONDITIONED norm type for convergence test
                        Chebyshev: estimating eigenvalues using noisy right hand side
                      maximum iterations=2
                      tolerances:  relative=0., absolute=1e-50, divergence=10000.
                      left preconditioning
                      using nonzero initial guess
                      using NONE norm type for convergence test
                    PC Object: (ssc_sub_1_lo_telescope_mg_levels_2_) 4 MPI processes
                      type: sor
                        SOR: type = local_symmetric, iterations = 1, local iterations = 1, omega = 1.
                      linear system matrix = precond matrix:
                      Mat Object: 4 MPI processes
                        type: mpiaij
                        rows=1642, cols=1642
                        total: nonzeros=64780, allocated nonzeros=64780
                        total number of mallocs used during MatSetValues calls =0
                          not using I-node (on process 0) routines
                  Up solver (post-smoother) same as down solver (pre-smoother)
                  Down solver (pre-smoother) on level 3 -------------------------------
                    KSP Object: (ssc_sub_1_lo_telescope_mg_levels_3_) 4 MPI processes
                      type: chebyshev
                        Chebyshev: eigenvalue estimates used:  min = 0.155096, max = 1.70605
                        Chebyshev: eigenvalues estimate via gmres min 0.0455689, max 1.55096
                        Chebyshev: eigenvalues estimated using gmres with translations  [0. 0.1; 0. 1.1]
                        KSP Object: (ssc_sub_1_lo_telescope_mg_levels_3_esteig_) 4 MPI processes
                          type: gmres
                            GMRES: restart=30, using Classical (unmodified) Gram-Schmidt Orthogonalization with no iterative refinement
                            GMRES: happy breakdown tolerance 1e-30
                          maximum iterations=10, initial guess is zero
                          tolerances:  relative=1e-12, absolute=1e-50, divergence=10000.
                          left preconditioning
                          using PRECONDITIONED norm type for convergence test
                        Chebyshev: estimating eigenvalues using noisy right hand side
                      maximum iterations=2
                      tolerances:  relative=0., absolute=1e-50, divergence=10000.
                      left preconditioning
                      using nonzero initial guess
                      using NONE norm type for convergence test
                    PC Object: (ssc_sub_1_lo_telescope_mg_levels_3_) 4 MPI processes
                      type: sor
                        SOR: type = local_symmetric, iterations = 1, local iterations = 1, omega = 1.
                      linear system matrix = precond matrix:
                      Mat Object: 4 MPI processes
                        type: mpiaij
                        rows=42875, cols=42875
                        total: nonzeros=614143, allocated nonzeros=614143
                        total number of mallocs used during MatSetValues calls =0
                          not using I-node (on process 0) routines
                  Up solver (post-smoother) same as down solver (pre-smoother)
                  linear system matrix = precond matrix:
                  Mat Object: 4 MPI processes
                    type: mpiaij
                    rows=42875, cols=42875
                    total: nonzeros=614143, allocated nonzeros=614143
                    total number of mallocs used during MatSetValues calls =0
                      not using I-node (on process 0) routines
                                    KSP Object:               (ssc_sub_1_lo_telescope_mg_coarse_sub_)               1 MPI processes
                                      type: preonly
                                      maximum iterations=1, initial guess is zero
                                      tolerances:  relative=1e-05, absolute=1e-50, divergence=10000.
                                      left preconditioning
                                      using NONE norm type for convergence test
                                    PC Object:               (ssc_sub_1_lo_telescope_mg_coarse_sub_)               1 MPI processes
                                      type: lu
                                        out-of-place factorization
                                        tolerance for zero pivot 2.22045e-14
                                        using diagonal shift on blocks to prevent zero pivot [INBLOCKS]
                                        matrix ordering: nd
                                        factor fill ratio given 5., needed 1.
                                          Factored matrix follows:
                                            Mat Object:               1 MPI processes
                                              type: seqaij
                                              rows=6, cols=6
                                              package used to perform factorization: petsc
                                              total: nonzeros=36, allocated nonzeros=36
                                              total number of mallocs used during MatSetValues calls =0
                                                using I-node routines: found 2 nodes, limit used is 5
                                      linear system matrix = precond matrix:
                                      Mat Object:               1 MPI processes
                                        type: seqaij
                                        rows=6, cols=6
                                        total: nonzeros=36, allocated nonzeros=36
                                        total number of mallocs used during MatSetValues calls =0
                                          using I-node routines: found 2 nodes, limit used is 5
              linear system matrix = precond matrix:
              Mat Object: 24 MPI processes
                type: mpiaij
                rows=42875, cols=42875
                total: nonzeros=614143, allocated nonzeros=614143
                total number of mallocs used during MatSetValues calls =0
                  not using I-node (on process 0) routines
          linear system matrix = precond matrix:
          Mat Object: 24 MPI processes
            type: python
            rows=2571353, cols=2571353
                Python: firedrake.matrix_free.operators.ImplicitMatrixContext
              Firedrake matrix-free operator ImplicitMatrixContext
      ---------------------------------
      linear system matrix = precond matrix:
      Mat Object: 24 MPI processes
        type: python
        rows=2571353, cols=2571353
            Python: firedrake.matrix_free.operators.ImplicitMatrixContext
          Firedrake matrix-free operator ImplicitMatrixContext
  linear system matrix = precond matrix:
  Mat Object: 24 MPI processes
    type: python
    rows=2571353, cols=2571353
        Python: firedrake.matrix_free.operators.ImplicitMatrixContext
      Firedrake matrix-free operator ImplicitMatrixContext
Solving with parameter set schwarz_rich, 17, 4...done
Application 25331102 resources: utime ~1890s, stime ~76s, Rss ~2341476, inblocks ~1101280, outblocks ~19182
