************************************************************************************************************************
***             WIDEN YOUR WINDOW TO 120 CHARACTERS.  Use 'enscript -r -fCourier9' to print this document            ***
************************************************************************************************************************

---------------------------------------------- PETSc Performance Summary: ----------------------------------------------

poisson-new-weak.py on a petsc-gnu51-ivybridge-int64 named nid00184 with 192 processors, by lmn02 Wed Feb 15 16:34:08 2017
Using Petsc Development GIT revision: v3.7.5-3014-g413f72f  GIT Date: 2017-02-05 17:50:57 -0600

                         Max       Max/Min        Avg      Total 
Time (sec):           9.282e+01      1.00001   9.282e+01
Objects:              1.014e+03      2.71850   3.966e+02
Flops:                2.276e+10      1.40450   2.036e+10  3.910e+12
Flops/sec:            2.452e+08      1.40450   2.194e+08  4.212e+10
MPI Messages:         9.446e+03      3.28499   3.741e+03  7.182e+05
MPI Message Lengths:  2.533e+08      9.86089   1.077e+04  7.734e+09
MPI Reductions:       2.240e+02      1.00000

Flop counting convention: 1 flop = 1 real number operation of type (multiply/divide/add/subtract)
                            e.g., VecAXPY() for real vectors of length N --> 2N flops
                            and VecAXPY() for complex vectors of length N --> 8N flops

Summary of Stages:   ----- Time ------  ----- Flops -----  --- Messages ---  -- Message Lengths --  -- Reductions --
                        Avg     %Total     Avg     %Total   counts   %Total     Avg         %Total   counts   %Total 
 0:      Main Stage: 7.5568e+01  81.4%  0.0000e+00   0.0%  6.214e+05  86.5%  7.245e+03       67.3%  8.100e+01  36.2% 
 1:          Warmup: 8.8340e+00   9.5%  1.9549e+12  50.0%  5.002e+04   7.0%  1.832e+03       17.0%  7.100e+01  31.7% 
 2: P(4, 35) Warm solve hypre: 8.4199e+00   9.1%  1.9549e+12  50.0%  4.675e+04   6.5%  1.691e+03       15.7%  7.100e+01  31.7% 

------------------------------------------------------------------------------------------------------------------------
See the 'Profiling' chapter of the users' manual for details on interpreting output.
Phase summary info:
   Count: number of times phase was executed
   Time and Flops: Max - maximum over all processors
                   Ratio - ratio of maximum to minimum over all processors
   Mess: number of messages sent
   Avg. len: average message length (bytes)
   Reduct: number of global reductions
   Global: entire computation
   Stage: stages of a computation. Set stages with PetscLogStagePush() and PetscLogStagePop().
      %T - percent time in this phase         %F - percent flops in this phase
      %M - percent messages in this phase     %L - percent message lengths in this phase
      %R - percent reductions in this phase
   Total Mflop/s: 10e-6 * (sum of flops over all processors)/(max time over all processors)
------------------------------------------------------------------------------------------------------------------------
Event                Count      Time (sec)     Flops                             --- Global ---  --- Stage ---   Total
                   Max Ratio  Max     Ratio   Max  Ratio  Mess   Avg len Reduct  %T %F %M %L %R  %T %F %M %L %R Mflop/s
------------------------------------------------------------------------------------------------------------------------

--- Event Stage 0: Main Stage

PetscBarrier           1 1.0 6.2218e-02 1.0 0.00e+00 0.0 4.8e+03 2.4e+01 5.0e+00  0  0  1  0  2   0  0  1  0  6     0
BuildTwoSided         41 1.0 1.0521e+0019.1 0.00e+00 0.0 9.5e+04 8.0e+00 0.0e+00  1  0 13  0  0   1  0 15  0  0     0
VecSet                 5 1.0 1.8135e-02 1.0 0.00e+00 0.0 0.0e+00 0.0e+00 0.0e+00  0  0  0  0  0   0  0  0  0  0     0
MatAssemblyBegin       1 1.0 1.9052e-022421.5 0.00e+00 0.0 0.0e+00 0.0e+00 0.0e+00  0  0  0  0  0   0  0  0  0  0     0
MatAssemblyEnd         1 1.0 2.5044e-01 1.9 0.00e+00 0.0 4.2e+03 1.2e+04 8.0e+00  0  0  1  1  4   0  0  1  1 10     0
Mesh Partition         2 1.0 1.8775e+00 1.0 0.00e+00 0.0 4.7e+05 1.0e+03 1.1e+01  2  0 66  6  5   2  0 76  9 14     0
Mesh Migration         2 1.0 6.4558e-01 1.0 0.00e+00 0.0 1.2e+05 3.4e+04 2.4e+01  1  0 17 53 11   1  0 19 79 30     0
DMPlexInterp           1 1.0 4.5834e+00 1.0 0.00e+00 0.0 0.0e+00 0.0e+00 2.0e+00  5  0  0  0  1   6  0  0  0  2     0
DMPlexDistribute       1 1.0 2.0680e+00 1.0 0.00e+00 0.0 2.3e+05 1.8e+03 9.0e+00  2  0 32  6  4   3  0 37  8 11     0
DMPlexDistCones        2 1.0 1.8470e-01 1.1 0.00e+00 0.0 2.1e+04 7.4e+04 0.0e+00  0  0  3 20  0   0  0  3 29  0     0
DMPlexDistLabels       2 1.0 2.8009e-01 1.0 0.00e+00 0.0 6.2e+04 3.4e+04 2.0e+00  0  0  9 27  1   0  0 10 40  2     0
DMPlexDistribOL        1 1.0 4.6675e-01 1.0 0.00e+00 0.0 3.6e+05 1.2e+04 2.6e+01  1  0 51 57 12   1  0 59 85 32     0
DMPlexDistField        3 1.0 3.3960e-02 1.1 0.00e+00 0.0 2.8e+04 7.3e+03 2.0e+00  0  0  4  3  1   0  0  4  4  2     0
DMPlexDistData         2 1.0 1.2015e+00 8.3 0.00e+00 0.0 4.5e+05 3.9e+02 0.0e+00  1  0 62  2  0   2  0 72  3  0     0
DMPlexStratify         6 1.0 3.5781e+00 2.8 0.00e+00 0.0 0.0e+00 0.0e+00 6.0e+00  4  0  0  0  3   5  0  0  0  7     0
SFSetGraph            47 1.0 9.5024e-02 1.4 0.00e+00 0.0 0.0e+00 0.0e+00 0.0e+00  0  0  0  0  0   0  0  0  0  0     0
SFBcastBegin          90 1.0 1.2901e+00 2.9 0.00e+00 0.0 6.1e+05 8.4e+03 0.0e+00  1  0 85 66  0   2  0 98 98  0     0
SFBcastEnd            90 1.0 4.6289e-01 2.7 0.00e+00 0.0 0.0e+00 0.0e+00 0.0e+00  0  0  0  0  0   0  0  0  0  0     0
SFReduceBegin          4 1.0 8.0199e-0310.9 0.00e+00 0.0 8.1e+03 5.3e+03 0.0e+00  0  0  1  1  0   0  0  1  1  0     0
SFReduceEnd            4 1.0 2.1424e-02 3.1 0.00e+00 0.0 0.0e+00 0.0e+00 0.0e+00  0  0  0  0  0   0  0  0  0  0     0
SFFetchOpBegin         1 1.0 9.1791e-0518.3 0.00e+00 0.0 1.1e+03 3.6e+03 0.0e+00  0  0  0  0  0   0  0  0  0  0     0
SFFetchOpEnd           1 1.0 7.0000e-04 9.7 0.00e+00 0.0 1.1e+03 3.6e+03 0.0e+00  0  0  0  0  0   0  0  0  0  0     0
CreateMesh             5 1.0 4.5393e+00 1.1 0.00e+00 0.0 6.0e+05 8.2e+03 3.9e+01  5  0 83 63 17   6  0 96 93 48     0
CreateFunctionSpace       1 1.0 4.1203e+00 1.0 0.00e+00 0.0 3.8e+05 1.2e+04 4.0e+01  4  0 53 61 18   5  0 61 91 49     0
Mesh: reorder          1 1.0 6.4277e-02 1.3 0.00e+00 0.0 0.0e+00 0.0e+00 2.0e+00  0  0  0  0  1   0  0  0  0  2     0
Mesh: numbering        1 1.0 6.1860e-01 1.0 0.00e+00 0.0 0.0e+00 0.0e+00 2.0e+00  1  0  0  0  1   1  0  0  0  2     0
CreateSparsity         1 1.0 8.2999e-01 1.4 0.00e+00 0.0 0.0e+00 0.0e+00 0.0e+00  1  0  0  0  0   1  0  0  0  0     0
MatZeroInitial         1 1.0 8.3575e-01 1.0 0.00e+00 0.0 4.2e+03 1.2e+04 8.0e+00  1  0  1  1  4   1  0  1  1 10     0
ParLoopExecute         3 1.0 1.1529e-01 1.3 0.00e+00 0.0 0.0e+00 0.0e+00 0.0e+00  0  0  0  0  0   0  0  0  0  0     0
ParLoopset_5           2 1.0 1.5430e-03 2.4 0.00e+00 0.0 0.0e+00 0.0e+00 0.0e+00  0  0  0  0  0   0  0  0  0  0     0
ParLoopHaloEnd         3 1.0 2.0027e-05 4.9 0.00e+00 0.0 0.0e+00 0.0e+00 0.0e+00  0  0  0  0  0   0  0  0  0  0     0
ParLoopRednBegin       3 1.0 3.1948e-05 2.5 0.00e+00 0.0 0.0e+00 0.0e+00 0.0e+00  0  0  0  0  0   0  0  0  0  0     0
ParLoopRednEnd         3 1.0 1.9073e-05 1.9 0.00e+00 0.0 0.0e+00 0.0e+00 0.0e+00  0  0  0  0  0   0  0  0  0  0     0
ParLoopset_4           4 1.0 1.8909e-0234.3 0.00e+00 0.0 0.0e+00 0.0e+00 0.0e+00  0  0  0  0  0   0  0  0  0  0     0

--- Event Stage 1: Warmup

BuildTwoSided          1 1.0 2.1610e-0312.6 0.00e+00 0.0 1.1e+03 8.0e+00 0.0e+00  0  0  0  0  0   0  0  2  0  0     0
VecTDot               42 1.0 8.4841e-02 5.9 1.07e+07 1.2 0.0e+00 0.0e+00 4.2e+01  0  0  0  0 19   0  0  0  0 59 21968
VecNorm               22 1.0 2.5581e-01113.3 5.60e+06 1.2 0.0e+00 0.0e+00 2.2e+01  0  0  0  0 10   1  0  0  0 31  3816
VecCopy                6 1.0 1.7518e-02 1.1 0.00e+00 0.0 0.0e+00 0.0e+00 0.0e+00  0  0  0  0  0   0  0  0  0  0     0
VecSet                23 1.0 4.9226e-03 2.1 0.00e+00 0.0 0.0e+00 0.0e+00 0.0e+00  0  0  0  0  0   0  0  0  0  0     0
VecAXPY               43 1.0 1.9930e-02 1.8 1.09e+07 1.2 0.0e+00 0.0e+00 0.0e+00  0  0  0  0  0   0  0  0  0  0 95745
VecAYPX               20 1.0 5.9583e-03 1.3 5.09e+06 1.2 0.0e+00 0.0e+00 0.0e+00  0  0  0  0  0   0  0  0  0  0 148955
VecScatterBegin       21 1.0 1.4936e-0210.7 0.00e+00 0.0 4.5e+04 2.5e+04 0.0e+00  0  0  6 14  0   0  0 89 85  0     0
VecScatterEnd         21 1.0 1.0333e-0153.7 0.00e+00 0.0 0.0e+00 0.0e+00 0.0e+00  0  0  0  0  0   0  0  0  0  0     0
MatMult               21 1.0 6.6416e-01 1.1 4.04e+08 1.3 4.5e+04 2.5e+04 0.0e+00  1  2  6 14  0   7  4 89 85  0 104284
MatConvert             1 1.0 6.6292e-01 1.7 0.00e+00 0.0 0.0e+00 0.0e+00 4.0e+00  1  0  0  0  2   6  0  0  0  6     0
MatAssemblyBegin       4 1.0 1.0014e-05 0.0 0.00e+00 0.0 0.0e+00 0.0e+00 0.0e+00  0  0  0  0  0   0  0  0  0  0     0
MatAssemblyEnd         4 1.0 1.9933e-01 1.1 0.00e+00 0.0 0.0e+00 0.0e+00 4.0e+00  0  0  0  0  2   2  0  0  0  6     0
MatGetRowIJ            2 1.0 2.9438e-02 1.0 0.00e+00 0.0 0.0e+00 0.0e+00 0.0e+00  0  0  0  0  0   0  0  0  0  0     0
MatZeroEntries         1 1.0 3.2187e-02 1.3 0.00e+00 0.0 0.0e+00 0.0e+00 0.0e+00  0  0  0  0  0   0  0  0  0  0     0
MatView                1 1.0 4.1130e-03 1.5 0.00e+00 0.0 0.0e+00 0.0e+00 1.0e+00  0  0  0  0  0   0  0  0  0  1     0
PCSetUp                1 1.0 2.3063e+00 1.1 0.00e+00 0.0 0.0e+00 0.0e+00 4.0e+00  2  0  0  0  2  25  0  0  0  6     0
PCApply               22 1.0 4.7060e+00 1.1 0.00e+00 0.0 0.0e+00 0.0e+00 0.0e+00  5  0  0  0  0  52  0  0  0  0     0
KSPSetUp               1 1.0 1.0540e-03 3.2 0.00e+00 0.0 0.0e+00 0.0e+00 0.0e+00  0  0  0  0  0   0  0  0  0  0     0
KSPSolve               1 1.0 7.7361e+00 1.0 4.36e+08 1.3 4.5e+04 2.5e+04 6.8e+01  8  2  6 14 30  86  4 89 85 96  9676
SNESSolve              1 1.0 8.7772e+00 1.0 1.14e+10 1.4 5.0e+04 2.6e+04 6.9e+01  9 50  7 17 31  99100100100 97 222730
SNESFunctionEval       1 1.0 2.2567e-01 1.0 6.92e+08 1.4 5.5e+03 3.7e+04 0.0e+00  0  3  1  3  0   2  6 11 15  0 525689
SNESJacobianEval       1 1.0 1.0590e+00 1.4 1.03e+10 1.4 0.0e+00 0.0e+00 0.0e+00  1 45  0  0  0  10 90  0  0  0 1663237
SFBcastBegin           1 1.0 1.7411e-02 7.4 0.00e+00 0.0 5.5e+03 3.7e+04 0.0e+00  0  0  1  3  0   0  0 11 15  0     0
SFBcastEnd             1 1.0 5.0306e-04 4.0 0.00e+00 0.0 0.0e+00 0.0e+00 0.0e+00  0  0  0  0  0   0  0  0  0  0     0
ParLoopExecute         5 1.0 1.2473e+00 1.3 1.10e+10 1.4 5.5e+03 3.7e+04 0.0e+00  1 48  1  3  0  12 96 11 15  0 1507306
ParLoopHaloEnd         5 1.0 1.0278e-03 5.0 0.00e+00 0.0 0.0e+00 0.0e+00 0.0e+00  0  0  0  0  0   0  0  0  0  0     0
ParLoopRednBegin       5 1.0 1.9360e-04 6.5 0.00e+00 0.0 0.0e+00 0.0e+00 0.0e+00  0  0  0  0  0   0  0  0  0  0     0
ParLoopRednEnd         5 1.0 4.6968e-05 1.9 0.00e+00 0.0 0.0e+00 0.0e+00 0.0e+00  0  0  0  0  0   0  0  0  0  0     0
ParLoopset_4           6 1.0 7.5459e-04 1.5 0.00e+00 0.0 0.0e+00 0.0e+00 0.0e+00  0  0  0  0  0   0  0  0  0  0     0
ApplyBC                1 1.0 4.4615e-02 1.2 0.00e+00 0.0 0.0e+00 0.0e+00 0.0e+00  0  0  0  0  0   0  0  0  0  0     0
ParLoopCells           6 1.0 1.0368e+00 1.4 1.10e+10 1.4 0.0e+00 0.0e+00 0.0e+00  1 48  0  0  0  10 96  0  0  0 1813402

--- Event Stage 2: P(4, 35) Warm solve hypre

VecTDot               42 1.0 1.1240e-01 4.6 1.07e+07 1.2 0.0e+00 0.0e+00 4.2e+01  0  0  0  0 19   1  0  0  0 59 16582
VecNorm               22 1.0 2.5786e-01105.6 5.60e+06 1.2 0.0e+00 0.0e+00 2.2e+01  0  0  0  0 10   1  0  0  0 31  3786
VecCopy                6 1.0 2.8279e-03 1.6 0.00e+00 0.0 0.0e+00 0.0e+00 0.0e+00  0  0  0  0  0   0  0  0  0  0     0
VecSet                23 1.0 5.3685e-03 2.0 0.00e+00 0.0 0.0e+00 0.0e+00 0.0e+00  0  0  0  0  0   0  0  0  0  0     0
VecAXPY               43 1.0 1.9850e-02 1.8 1.09e+07 1.2 0.0e+00 0.0e+00 0.0e+00  0  0  0  0  0   0  0  0  0  0 96129
VecAYPX               20 1.0 5.4932e-03 1.3 5.09e+06 1.2 0.0e+00 0.0e+00 0.0e+00  0  0  0  0  0   0  0  0  0  0 161568
VecScatterBegin       21 1.0 8.1465e-03 8.8 0.00e+00 0.0 4.5e+04 2.5e+04 0.0e+00  0  0  6 14  0   0  0 95 92  0     0
VecScatterEnd         21 1.0 1.2189e-0168.1 0.00e+00 0.0 0.0e+00 0.0e+00 0.0e+00  0  0  0  0  0   0  0  0  0  0     0
MatMult               21 1.0 6.6762e-01 1.1 4.04e+08 1.3 4.5e+04 2.5e+04 0.0e+00  1  2  6 14  0   7  4 95 92  0 103743
MatConvert             1 1.0 2.8096e-01 1.3 0.00e+00 0.0 0.0e+00 0.0e+00 0.0e+00  0  0  0  0  0   3  0  0  0  0     0
MatAssemblyBegin       4 1.0 6.1989e-06 0.0 0.00e+00 0.0 0.0e+00 0.0e+00 0.0e+00  0  0  0  0  0   0  0  0  0  0     0
MatAssemblyEnd         4 1.0 4.9359e-01 2.8 0.00e+00 0.0 0.0e+00 0.0e+00 6.0e+00  0  0  0  0  3   4  0  0  0  8     0
MatGetRowIJ            2 1.0 1.0822e-03 0.0 0.00e+00 0.0 0.0e+00 0.0e+00 0.0e+00  0  0  0  0  0   0  0  0  0  0     0
MatZeroEntries         1 1.0 1.7405e-02 1.3 0.00e+00 0.0 0.0e+00 0.0e+00 0.0e+00  0  0  0  0  0   0  0  0  0  0     0
MatView                1 1.0 1.9732e-03 3.2 0.00e+00 0.0 0.0e+00 0.0e+00 1.0e+00  0  0  0  0  0   0  0  0  0  1     0
PCSetUp                1 1.0 1.7696e+00 1.0 0.00e+00 0.0 0.0e+00 0.0e+00 0.0e+00  2  0  0  0  0  21  0  0  0  0     0
PCApply               22 1.0 4.7128e+00 1.1 0.00e+00 0.0 0.0e+00 0.0e+00 0.0e+00  5  0  0  0  0  55  0  0  0  0     0
KSPSetUp               1 1.0 1.1921e-06 0.0 0.00e+00 0.0 0.0e+00 0.0e+00 0.0e+00  0  0  0  0  0   0  0  0  0  0     0
KSPSolve               1 1.0 7.2016e+00 1.0 4.36e+08 1.3 4.5e+04 2.5e+04 6.4e+01  8  2  6 14 29  86  4 95 92 90 10394
SNESSolve              1 1.0 8.3613e+00 1.0 1.14e+10 1.4 4.7e+04 2.6e+04 7.1e+01  9 50  7 16 32  99100100100100 233807
SNESFunctionEval       1 1.0 1.5236e-01 4.5 6.92e+08 1.4 2.2e+03 4.6e+04 0.0e+00  0  3  0  1  0   1  6  5  8  0 778657
SNESJacobianEval       1 1.0 1.1236e+00 1.1 1.03e+10 1.4 0.0e+00 0.0e+00 6.0e+00  1 45  0  0  3  13 90  0  0  8 1567673
SFBcastBegin           1 1.0 5.4860e-0321.2 0.00e+00 0.0 2.2e+03 4.6e+04 0.0e+00  0  0  0  1  0   0  0  5  8  0     0
SFBcastEnd             1 1.0 1.0591e-01557.4 0.00e+00 0.0 0.0e+00 0.0e+00 0.0e+00  0  0  0  0  0   0  0  0  0  0     0
ParLoopExecute         5 1.0 1.0890e+00 1.5 1.10e+10 1.4 2.2e+03 4.6e+04 0.0e+00  1 48  0  1  0  11 96  5  8  0 1726329
ParLoopHaloEnd         5 1.0 1.0600e-01410.5 0.00e+00 0.0 0.0e+00 0.0e+00 0.0e+00  0  0  0  0  0   0  0  0  0  0     0
ParLoopRednBegin       5 1.0 6.9380e-05 6.3 0.00e+00 0.0 0.0e+00 0.0e+00 0.0e+00  0  0  0  0  0   0  0  0  0  0     0
ParLoopRednEnd         5 1.0 1.6189e-04 8.2 0.00e+00 0.0 0.0e+00 0.0e+00 0.0e+00  0  0  0  0  0   0  0  0  0  0     0
ParLoopset_4           6 1.0 2.7440e-0310.5 0.00e+00 0.0 0.0e+00 0.0e+00 0.0e+00  0  0  0  0  0   0  0  0  0  0     0
ApplyBC                1 1.0 1.5850e-03 4.9 0.00e+00 0.0 0.0e+00 0.0e+00 0.0e+00  0  0  0  0  0   0  0  0  0  0     0
ParLoopCells           6 1.0 9.9788e-01 1.4 1.10e+10 1.4 0.0e+00 0.0e+00 0.0e+00  1 48  0  0  0  10 96  0  0  0 1884038
------------------------------------------------------------------------------------------------------------------------

Memory usage is given in bytes:

Object Type          Creations   Destructions     Memory  Descendants' Mem.
Reports information only for process 0.

--- Event Stage 0: Main Stage

           Container     5              5         3080     0.
              Viewer     2              0            0     0.
           Index Set   792            792       785256     0.
   IS L to G Mapping     5              5     13842496     0.
             Section    73             73        55480     0.
              Vector    10             16      6845840     0.
      Vector Scatter     1              1         1208     0.
              Matrix     7              8    132072864     0.
      Preconditioner     1              1         1584     0.
       Krylov Solver     1              1         1360     0.
     DMKSP interface     0              1          696     0.
                SNES     1              1         1480     0.
      SNESLineSearch     1              1         1032     0.
              DMSNES     1              1          712     0.
    Distributed Mesh    14             14        68592     0.
    GraphPartitioner     6              6         3936     0.
Star Forest Bipartite Graph    70             70        62328     0.
     Discrete System    14             14        12992     0.

--- Event Stage 1: Warmup

              Vector     8              2         3568     0.
              Matrix     1              0            0     0.
     DMKSP interface     1              0            0     0.

--- Event Stage 2: P(4, 35) Warm solve hypre

========================================================================================================================
Average time to get PetscTime(): 9.53674e-08
Average time for MPI_Barrier(): 9.82285e-06
Average time for zero size MPI_Send(): 2.27119e-06
#PETSc Option Table entries:
--dimension 3
--parameters hypre
--results-file results64/poisson-weak-3d-64bit.csv
-dimension 3
-log_view ascii:results64/poisson-P4-hypre-weak-3d-64bit-192.log::append
-parameters hypre
-results-file results64/poisson-weak-3d-64bit.csv
#End of PETSc Option Table entries
Compiled without FORTRAN kernels
Compiled with full precision matrices (default)
sizeof(short) 2 sizeof(int) 4 sizeof(long) 8 sizeof(void*) 8 sizeof(PetscScalar) 8 sizeof(PetscInt) 8
Configure options: --COPTFLAGS="-march=ivybridge -O3" --CXXOPTFLAGS="-march=ivybridge -O3" --FOPTFLAGS="-march=ivybridge -O3" --PETSC_ARCH=petsc-gnu51-ivybridge-int64 --download-exodusii --download-hypre --download-metis --download-netcdf --download-parmetis --download-sowing=1 --known-bits-per-byte=8 --known-has-attribute-aligned=1 --known-level1-dcache-assoc=8 --known-level1-dcache-linesize=64 --known-level1-dcache-size=32768 --known-memcmp-ok=1 --known-mpi-c-double-complex=1 --known-mpi-int64_t=1 --known-mpi-long-double=1 --known-mpi-shared-libraries=1 --known-sdot-returns-double=0 --known-sizeof-MPI_Comm=4 --known-sizeof-MPI_Fint=4 --known-sizeof-char=1 --known-sizeof-double=8 --known-sizeof-float=4 --known-sizeof-int=4 --known-sizeof-long-long=8 --known-sizeof-long=8 --known-sizeof-short=2 --known-sizeof-size_t=8 --known-sizeof-void-p=8 --known-snrm2-returns-double=0 --prefix=/work/n02/n02/lmn02/petsc-gnu51-ivybridge-int64 --with-64-bit-indices=1 --with-batch=1 --with-blas-lapack-lib="-L/opt/cray/libsci/16.03.1/GNU/5.1/x86_64/lib -lsci_gnu_mp" --with-cc=cc --with-clib-autodetect=0 --with-cxx=CC --with-cxxlib-autodetect=0 --with-debugging=0 --with-fc=ftn --with-fortranlib-autodetect=0 --with-hdf5-dir=/opt/cray/hdf5-parallel/1.8.14/GNU/5.1 --with-hdf5=1 --with-make-np=4 --with-pic=1 --with-shared-libraries=1 --with-x=0 --download-eigen
-----------------------------------------
Libraries compiled on Tue Feb 14 12:07:09 2017 on eslogin003 
Machine characteristics: Linux-3.0.101-0.47.86.1.11753.0.PTF-default-x86_64-with-SuSE-11-x86_64
Using PETSc directory: /home2/n02/n02/lmn02/src/petsc
Using PETSc arch: petsc-gnu51-ivybridge-int64
-----------------------------------------

Using C compiler: cc  -fPIC  -march=ivybridge -O3  ${COPTFLAGS} ${CFLAGS}
Using Fortran compiler: ftn  -fPIC -march=ivybridge -O3   ${FOPTFLAGS} ${FFLAGS} 
-----------------------------------------

Using include paths: -I/home2/n02/n02/lmn02/src/petsc/petsc-gnu51-ivybridge-int64/include -I/home2/n02/n02/lmn02/src/petsc/include -I/home2/n02/n02/lmn02/src/petsc/include -I/home2/n02/n02/lmn02/src/petsc/petsc-gnu51-ivybridge-int64/include -I/work/n02/n02/lmn02/petsc-gnu51-ivybridge-int64/include -I/work/n02/n02/lmn02/petsc-gnu51-ivybridge-int64/include/eigen3 -I/opt/cray/hdf5-parallel/1.8.14/GNU/5.1/include
-----------------------------------------

Using C linker: cc
Using Fortran linker: ftn
Using libraries: -Wl,-rpath,/home2/n02/n02/lmn02/src/petsc/petsc-gnu51-ivybridge-int64/lib -L/home2/n02/n02/lmn02/src/petsc/petsc-gnu51-ivybridge-int64/lib -lpetsc -Wl,-rpath,/work/n02/n02/lmn02/petsc-gnu51-ivybridge-int64/lib -L/work/n02/n02/lmn02/petsc-gnu51-ivybridge-int64/lib -lHYPRE -lparmetis -lmetis -lexoIIv2for -lexodus -lnetcdf -Wl,-rpath,/opt/cray/hdf5-parallel/1.8.14/GNU/5.1/lib -L/opt/cray/hdf5-parallel/1.8.14/GNU/5.1/lib -lhdf5hl_fortran -lhdf5_fortran -lhdf5_hl -lhdf5 -lssl -lcrypto -ldl 
-----------------------------------------

