************************************************************************************************************************
***             WIDEN YOUR WINDOW TO 120 CHARACTERS.  Use 'enscript -r -fCourier9' to print this document            ***
************************************************************************************************************************

---------------------------------------------- PETSc Performance Summary: ----------------------------------------------

poisson-new-weak.py on a petsc-gnu51-ivybridge-int64 named nid00128 with 24576 processors, by lmn02 Mon Feb 20 16:14:01 2017
Using Petsc Development GIT revision: v3.7.5-3014-g413f72f  GIT Date: 2017-02-05 17:50:57 -0600

                         Max       Max/Min        Avg      Total 
Time (sec):           2.923e+03      1.00004   2.923e+03
Objects:              7.421e+04    178.39183   4.507e+02
Flops:                2.486e+10      1.47207   2.152e+10  5.288e+14
Flops/sec:            8.504e+06      1.47207   7.361e+06  1.809e+11
MPI Messages:         1.020e+06      3.45222   2.972e+05  7.303e+09
MPI Message Lengths:  3.915e+09    133.86820   1.640e+02  1.198e+12
MPI Reductions:       2.770e+02      1.00000

Flop counting convention: 1 flop = 1 real number operation of type (multiply/divide/add/subtract)
                            e.g., VecAXPY() for real vectors of length N --> 2N flops
                            and VecAXPY() for complex vectors of length N --> 8N flops

Summary of Stages:   ----- Time ------  ----- Flops -----  --- Messages ---  -- Message Lengths --  -- Reductions --
                        Avg     %Total     Avg     %Total   counts   %Total     Avg         %Total   counts   %Total 
 0:      Main Stage: 2.8745e+03  98.3%  0.0000e+00   0.0%  7.280e+09  99.7%  9.718e+01       59.3%  8.600e+01  31.0% 
 1:          Warmup: 3.1272e+01   1.1%  2.6438e+14  50.0%  1.213e+07   0.2%  3.442e+01       21.0%  9.500e+01  34.3% 
 2: P(4, 88) Warm solve hypre: 1.7120e+01   0.6%  2.6438e+14  50.0%  1.151e+07   0.2%  3.239e+01       19.8%  9.500e+01  34.3% 

------------------------------------------------------------------------------------------------------------------------
See the 'Profiling' chapter of the users' manual for details on interpreting output.
Phase summary info:
   Count: number of times phase was executed
   Time and Flops: Max - maximum over all processors
                   Ratio - ratio of maximum to minimum over all processors
   Mess: number of messages sent
   Avg. len: average message length (bytes)
   Reduct: number of global reductions
   Global: entire computation
   Stage: stages of a computation. Set stages with PetscLogStagePush() and PetscLogStagePop().
      %T - percent time in this phase         %F - percent flops in this phase
      %M - percent messages in this phase     %L - percent message lengths in this phase
      %R - percent reductions in this phase
   Total Mflop/s: 10e-6 * (sum of flops over all processors)/(max time over all processors)
------------------------------------------------------------------------------------------------------------------------
Event                Count      Time (sec)     Flops                             --- Global ---  --- Stage ---   Total
                   Max Ratio  Max     Ratio   Max  Ratio  Mess   Avg len Reduct  %T %F %M %L %R  %T %F %M %L %R Mflop/s
------------------------------------------------------------------------------------------------------------------------

--- Event Stage 0: Main Stage

PetscBarrier           2 1.0 1.2690e+00 2.0 0.00e+00 0.0 1.7e+06 2.4e+01 1.0e+01  0  0  0  0  4   0  0  0  0 12     0
BuildTwoSided         42 1.0 8.2485e+02 6.2 0.00e+00 0.0 1.2e+09 8.0e+00 0.0e+00 28  0 17  1  0  28  0 17  1  0     0
VecSet                 6 1.0 2.4034e-01 4.2 0.00e+00 0.0 0.0e+00 0.0e+00 0.0e+00  0  0  0  0  0   0  0  0  0  0     0
MatAssemblyBegin       1 1.0 2.7131e-024551.8 0.00e+00 0.0 0.0e+00 0.0e+00 0.0e+00  0  0  0  0  0   0  0  0  0  0     0
MatAssemblyEnd         1 1.0 7.4082e-01 1.8 0.00e+00 0.0 7.7e+05 1.0e+04 8.0e+00  0  0  0  1  3   0  0  0  1  9     0
Mesh Partition         2 1.0 1.0217e+03 1.0 0.00e+00 0.0 7.3e+09 1.6e+01 1.1e+01 35  0 99 10  4  36  0100 17 13     0
Mesh Migration         2 1.0 7.6630e+01 1.0 0.00e+00 0.0 2.0e+07 2.5e+04 2.4e+01  3  0  0 43  9   3  0  0 72 28     0
DMPlexInterp           1 1.0 2.9301e+01 1.0 0.00e+00 0.0 0.0e+00 0.0e+00 2.0e+00  1  0  0  0  1   1  0  0  0  2     0
DMPlexDistribute       1 1.0 1.0013e+03 1.0 0.00e+00 0.0 3.6e+09 1.0e+01 9.0e+00 34  0 50  3  3  35  0 50  5 10     0
DMPlexDistCones        2 1.0 1.2614e+01 1.1 0.00e+00 0.0 3.7e+06 5.1e+04 0.0e+00  0  0  0 16  0   0  0  0 27  0     0
DMPlexDistLabels       2 1.0 4.7364e+01 1.0 0.00e+00 0.0 9.9e+06 2.6e+04 2.0e+00  2  0  0 22  1   2  0  0 36  2     0
DMPlexDistribOL        1 1.0 1.0319e+02 1.0 0.00e+00 0.0 3.6e+09 1.7e+02 2.6e+01  4  0 50 52  9   4  0 50 88 30     0
DMPlexDistField        3 1.0 1.1506e+01 1.0 0.00e+00 0.0 4.9e+06 5.2e+03 2.0e+00  0  0  0  2  1   0  0  0  4  2     0
DMPlexDistData         2 1.0 8.9697e+02 4.7 0.00e+00 0.0 7.2e+09 1.1e+01 0.0e+00 31  0 99  7  0  31  0100 11  0     0
DMPlexStratify         7 1.0 3.0851e+01 5.4 0.00e+00 0.0 0.0e+00 0.0e+00 7.0e+00  1  0  0  0  3   1  0  0  0  8     0
SFSetGraph            49 1.0 1.5945e-01 2.1 0.00e+00 0.0 0.0e+00 0.0e+00 0.0e+00  0  0  0  0  0   0  0  0  0  0     0
SFBcastBegin          93 1.0 8.7351e+02 4.0 0.00e+00 0.0 7.3e+09 9.6e+01 0.0e+00 29  0100 58  0  29  0100 98  0     0
SFBcastEnd            93 1.0 1.5789e+02 3.1 0.00e+00 0.0 0.0e+00 0.0e+00 0.0e+00  5  0  0  0  0   5  0  0  0  0     0
SFReduceBegin          4 1.0 9.5415e-0129.0 0.00e+00 0.0 1.4e+06 2.5e+03 0.0e+00  0  0  0  0  0   0  0  0  1  0     0
SFReduceEnd            4 1.0 5.5223e+00 9.5 0.00e+00 0.0 0.0e+00 0.0e+00 0.0e+00  0  0  0  0  0   0  0  0  0  0     0
SFFetchOpBegin         1 1.0 1.9510e-03327.3 0.00e+00 0.0 1.9e+05 2.9e+03 0.0e+00  0  0  0  0  0   0  0  0  0  0     0
SFFetchOpEnd           1 1.0 4.7274e-021027.4 0.00e+00 0.0 1.9e+05 2.9e+03 0.0e+00  0  0  0  0  0   0  0  0  0  0     0
CreateMesh             5 1.0 1.1151e+03 1.0 0.00e+00 0.0 7.3e+09 9.1e+01 3.9e+01 38  0100 55 14  39  0100 93 45     0
CreateFunctionSpace       1 1.0 1.1407e+02 1.0 0.00e+00 0.0 3.7e+09 1.8e+02 4.0e+01  4  0 50 56 14   4  0 50 94 47     0
Mesh: reorder          1 1.0 1.5378e+00 3.7 0.00e+00 0.0 0.0e+00 0.0e+00 2.0e+00  0  0  0  0  1   0  0  0  0  2     0
Mesh: numbering        1 1.0 1.4212e+00 1.6 0.00e+00 0.0 0.0e+00 0.0e+00 2.0e+00  0  0  0  0  1   0  0  0  0  2     0
CreateSparsity         1 1.0 1.1621e+00 1.9 0.00e+00 0.0 0.0e+00 0.0e+00 0.0e+00  0  0  0  0  0   0  0  0  0  0     0
MatZeroInitial         1 1.0 1.3420e+00 1.1 0.00e+00 0.0 7.7e+05 1.0e+04 8.0e+00  0  0  0  1  3   0  0  0  1  9     0
ParLoopExecute         3 1.0 8.9972e+0161.4 0.00e+00 0.0 0.0e+00 0.0e+00 0.0e+00  2  0  0  0  0   2  0  0  0  0     0
ParLoopset_5           2 1.0 4.0946e-0277.7 0.00e+00 0.0 0.0e+00 0.0e+00 0.0e+00  0  0  0  0  0   0  0  0  0  0     0
ParLoopHaloEnd         3 1.0 9.7036e-04239.4 0.00e+00 0.0 0.0e+00 0.0e+00 0.0e+00  0  0  0  0  0   0  0  0  0  0     0
ParLoopRednBegin       3 1.0 4.6730e-05 3.6 0.00e+00 0.0 0.0e+00 0.0e+00 0.0e+00  0  0  0  0  0   0  0  0  0  0     0
ParLoopRednEnd         3 1.0 5.7220e-05 6.0 0.00e+00 0.0 0.0e+00 0.0e+00 0.0e+00  0  0  0  0  0   0  0  0  0  0     0
ParLoopset_4           4 1.0 5.8021e-01 3.4 0.00e+00 0.0 0.0e+00 0.0e+00 0.0e+00  0  0  0  0  0   0  0  0  0  0     0

--- Event Stage 1: Warmup

BuildTwoSided          1 1.0 2.5745e+0013331.3 0.00e+00 0.0 2.1e+05 8.0e+00 0.0e+00  0  0  0  0  0   5  0  2  0  0     0
VecTDot               58 1.0 7.0795e-01 1.8 1.48e+07 1.3 0.0e+00 0.0e+00 5.8e+01  0  0  0  0 21   2  0  0  0 61 458336
VecNorm               30 1.0 8.3706e-01 4.1 7.63e+06 1.3 0.0e+00 0.0e+00 3.0e+01  0  0  0  0 11   2  0  0  0 32 200506
VecCopy                6 1.0 1.2861e-0134.9 0.00e+00 0.0 0.0e+00 0.0e+00 0.0e+00  0  0  0  0  0   0  0  0  0  0     0
VecSet                31 1.0 5.6496e-0220.8 0.00e+00 0.0 0.0e+00 0.0e+00 0.0e+00  0  0  0  0  0   0  0  0  0  0     0
VecAXPY               59 1.0 5.3659e-02 3.8 1.50e+07 1.3 0.0e+00 0.0e+00 0.0e+00  0  0  0  0  0   0  0  0  0  0 6151382
VecAYPX               28 1.0 3.9735e-02 7.4 7.13e+06 1.3 0.0e+00 0.0e+00 0.0e+00  0  0  0  0  0   0  0  0  0  0 3942322
VecScatterBegin       29 1.0 5.2688e-0220.9 0.00e+00 0.0 1.1e+07 2.0e+04 0.0e+00  0  0  0 19  0   0  0 91 88  0     0
VecScatterEnd         29 1.0 3.4247e-0176.8 0.00e+00 0.0 0.0e+00 0.0e+00 0.0e+00  0  0  0  0  0   0  0  0  0  0     0
MatMult               29 1.0 1.0893e+00 1.3 5.70e+08 1.4 1.1e+07 2.0e+04 0.0e+00  0  2  0 19  0   3  5 91 88  0 11135634
MatConvert             1 1.0 3.9739e+00 4.0 0.00e+00 0.0 0.0e+00 0.0e+00 4.0e+00  0  0  0  0  1   9  0  0  0  4     0
MatAssemblyBegin       4 1.0 2.0266e-05 0.0 0.00e+00 0.0 0.0e+00 0.0e+00 0.0e+00  0  0  0  0  0   0  0  0  0  0     0
MatAssemblyEnd         4 1.0 4.8705e-01 1.3 0.00e+00 0.0 0.0e+00 0.0e+00 4.0e+00  0  0  0  0  1   1  0  0  0  4     0
MatGetRowIJ            2 1.0 6.6263e-02 1.7 0.00e+00 0.0 0.0e+00 0.0e+00 0.0e+00  0  0  0  0  0   0  0  0  0  0     0
MatZeroEntries         1 1.0 2.7891e-02 2.6 0.00e+00 0.0 0.0e+00 0.0e+00 0.0e+00  0  0  0  0  0   0  0  0  0  0     0
MatView                1 1.0 1.0961e-01 1.8 0.00e+00 0.0 0.0e+00 0.0e+00 1.0e+00  0  0  0  0  0   0  0  0  0  1     0
PCSetUp                1 1.0 6.6813e+00 1.8 0.00e+00 0.0 0.0e+00 0.0e+00 4.0e+00  0  0  0  0  1  17  0  0  0  4     0
PCApply               30 1.0 7.9149e+00 1.1 0.00e+00 0.0 0.0e+00 0.0e+00 0.0e+00  0  0  0  0  0  24  0  0  0  0     0
KSPSetUp               1 1.0 4.7766e-02165.8 0.00e+00 0.0 0.0e+00 0.0e+00 0.0e+00  0  0  0  0  0   0  0  0  0  0     0
KSPSolve               1 1.0 1.6471e+01 1.2 6.14e+08 1.3 1.1e+07 2.0e+04 9.2e+01  1  2  0 19 33  49  5 91 88 97 795559
SNESSolve              1 1.0 2.5807e+01 1.0 1.24e+10 1.5 1.2e+07 2.1e+04 9.3e+01  1 50  0 21 34  82100100100 98 10244603
SNESFunctionEval       1 1.0 8.2393e+00 1.4 7.50e+08 1.5 1.0e+06 2.9e+04 0.0e+00  0  3  0  2  0  22  6  9 12  0 1924406
SNESJacobianEval       1 1.0 6.2620e+00 7.4 1.11e+10 1.5 0.0e+00 0.0e+00 0.0e+00  0 45  0  0  0  11 89  0  0  0 37594998
SFBcastBegin           1 1.0 2.7516e+00118.8 0.00e+00 0.0 1.0e+06 2.9e+04 0.0e+00  0  0  0  2  0   5  0  9 12  0     0
SFBcastEnd             1 1.0 2.4177e-02213.9 0.00e+00 0.0 0.0e+00 0.0e+00 0.0e+00  0  0  0  0  0   0  0  0  0  0     0
ParLoopExecute         5 1.0 1.6517e+01 1.8 1.19e+10 1.5 1.0e+06 2.9e+04 0.0e+00  0 48  0  2  0  40 95  9 12  0 15213508
ParLoopHaloEnd         5 1.0 2.8899e-02152.8 0.00e+00 0.0 0.0e+00 0.0e+00 0.0e+00  0  0  0  0  0   0  0  0  0  0     0
ParLoopRednBegin       5 1.0 3.0806e-03124.2 0.00e+00 0.0 0.0e+00 0.0e+00 0.0e+00  0  0  0  0  0   0  0  0  0  0     0
ParLoopRednEnd         5 1.0 1.0231e-0352.3 0.00e+00 0.0 0.0e+00 0.0e+00 0.0e+00  0  0  0  0  0   0  0  0  0  0     0
ParLoopset_4           6 1.0 1.1173e-01267.8 0.00e+00 0.0 0.0e+00 0.0e+00 0.0e+00  0  0  0  0  0   0  0  0  0  0     0
ApplyBC                1 1.0 5.2784e+0052.6 0.00e+00 0.0 0.0e+00 0.0e+00 0.0e+00  0  0  0  0  0   9  0  0  0  0     0
ParLoopCells           6 1.0 1.0637e+00 1.7 1.19e+10 1.5 0.0e+00 0.0e+00 0.0e+00  0 48  0  0  0   3 95  0  0  0 236220757

--- Event Stage 2: P(4, 88) Warm solve hypre

VecTDot               58 1.0 8.7132e-01 1.3 1.48e+07 1.3 0.0e+00 0.0e+00 5.8e+01  0  0  0  0 21   4  0  0  0 61 372403
VecNorm               30 1.0 8.9646e-01 3.7 7.63e+06 1.3 0.0e+00 0.0e+00 3.0e+01  0  0  0  0 11   3  0  0  0 32 187221
VecCopy                6 1.0 2.1081e-0212.5 0.00e+00 0.0 0.0e+00 0.0e+00 0.0e+00  0  0  0  0  0   0  0  0  0  0     0
VecSet                31 1.0 1.4451e-02 4.4 0.00e+00 0.0 0.0e+00 0.0e+00 0.0e+00  0  0  0  0  0   0  0  0  0  0     0
VecAXPY               59 1.0 5.2496e-02 3.5 1.50e+07 1.3 0.0e+00 0.0e+00 0.0e+00  0  0  0  0  0   0  0  0  0  0 6287690
VecAYPX               28 1.0 1.5731e-02 2.8 7.13e+06 1.3 0.0e+00 0.0e+00 0.0e+00  0  0  0  0  0   0  0  0  0  0 9957617
VecScatterBegin       29 1.0 1.8283e-02 9.3 0.00e+00 0.0 1.1e+07 2.0e+04 0.0e+00  0  0  0 19  0   0  0 96 94  0     0
VecScatterEnd         29 1.0 2.5415e-0185.2 0.00e+00 0.0 0.0e+00 0.0e+00 0.0e+00  0  0  0  0  0   0  0  0  0  0     0
MatMult               29 1.0 9.9530e-01 1.3 5.70e+08 1.4 1.1e+07 2.0e+04 0.0e+00  0  2  0 19  0   5  5 96 94  0 12187228
MatConvert             1 1.0 6.4052e-01 1.4 0.00e+00 0.0 0.0e+00 0.0e+00 0.0e+00  0  0  0  0  0   3  0  0  0  0     0
MatAssemblyBegin       4 1.0 1.5020e-05 0.0 0.00e+00 0.0 0.0e+00 0.0e+00 0.0e+00  0  0  0  0  0   0  0  0  0  0     0
MatAssemblyEnd         4 1.0 1.3439e+00 4.1 0.00e+00 0.0 0.0e+00 0.0e+00 6.0e+00  0  0  0  0  2   3  0  0  0  6     0
MatGetRowIJ            2 1.0 5.5868e-02 2.1 0.00e+00 0.0 0.0e+00 0.0e+00 0.0e+00  0  0  0  0  0   0  0  0  0  0     0
MatZeroEntries         1 1.0 1.9887e-02 1.7 0.00e+00 0.0 0.0e+00 0.0e+00 0.0e+00  0  0  0  0  0   0  0  0  0  0     0
MatView                1 1.0 4.1900e-02 3.3 0.00e+00 0.0 0.0e+00 0.0e+00 1.0e+00  0  0  0  0  0   0  0  0  0  1     0
PCSetUp                1 1.0 2.9724e+00 1.0 0.00e+00 0.0 0.0e+00 0.0e+00 0.0e+00  0  0  0  0  0  17  0  0  0  0     0
PCApply               30 1.0 8.1508e+00 1.1 0.00e+00 0.0 0.0e+00 0.0e+00 0.0e+00  0  0  0  0  0  46  0  0  0  0     0
KSPSetUp               1 1.0 1.5020e-05 0.0 0.00e+00 0.0 0.0e+00 0.0e+00 0.0e+00  0  0  0  0  0   0  0  0  0  0     0
KSPSolve               1 1.0 1.3063e+01 1.0 6.14e+08 1.3 1.1e+07 2.0e+04 8.8e+01  0  2  0 19 32  76  5 96 94 93 1003087
SNESSolve              1 1.0 1.5360e+01 1.1 1.24e+10 1.5 1.2e+07 2.1e+04 9.5e+01  1 50  0 20 34  86100100100100 17212949
SNESFunctionEval       1 1.0 9.4501e-0114.1 7.50e+08 1.5 4.2e+05 3.6e+04 0.0e+00  0  3  0  1  0   2  6  4  6  0 16778415
SNESJacobianEval       1 1.0 2.0770e+00 1.7 1.11e+10 1.5 0.0e+00 0.0e+00 6.0e+00  0 45  0  0  2   7 89  0  0  6 113348237
SFBcastBegin           1 1.0 6.5273e-02187.0 0.00e+00 0.0 4.2e+05 3.6e+04 0.0e+00  0  0  0  1  0   0  0  4  6  0     0
SFBcastEnd             1 1.0 8.5275e-013537.8 0.00e+00 0.0 0.0e+00 0.0e+00 0.0e+00  0  0  0  0  0   1  0  0  0  0     0
ParLoopExecute         5 1.0 1.8222e+00 2.3 1.19e+10 1.5 4.2e+05 3.6e+04 0.0e+00  0 48  0  1  0   7 95  4  6  0 137896847
ParLoopHaloEnd         5 1.0 8.5330e-012121.5 0.00e+00 0.0 0.0e+00 0.0e+00 0.0e+00  0  0  0  0  0   1  0  0  0  0     0
ParLoopRednBegin       5 1.0 8.1301e-05 7.3 0.00e+00 0.0 0.0e+00 0.0e+00 0.0e+00  0  0  0  0  0   0  0  0  0  0     0
ParLoopRednEnd         5 1.0 1.6665e-04 8.5 0.00e+00 0.0 0.0e+00 0.0e+00 0.0e+00  0  0  0  0  0   0  0  0  0  0     0
ParLoopset_4           6 1.0 2.1690e-0218.1 0.00e+00 0.0 0.0e+00 0.0e+00 0.0e+00  0  0  0  0  0   0  0  0  0  0     0
ApplyBC                1 1.0 3.0026e-0224.9 0.00e+00 0.0 0.0e+00 0.0e+00 0.0e+00  0  0  0  0  0   0  0  0  0  0     0
ParLoopCells           6 1.0 1.1013e+00 1.5 1.19e+10 1.5 0.0e+00 0.0e+00 0.0e+00  0 48  0  0  0   5 95  0  0  0 228166861
------------------------------------------------------------------------------------------------------------------------

Memory usage is given in bytes:

Object Type          Creations   Destructions     Memory  Descendants' Mem.
Reports information only for process 0.

--- Event Stage 0: Main Stage

           Container     6              6         3696     0.
              Viewer     2              0            0     0.
           Index Set 73970          73970     62225656     0.
   IS L to G Mapping     5              5     36140056     0.
             Section    79             79        60040     0.
              Vector    11             17     38410264     0.
      Vector Scatter     1              1         1208     0.
              Matrix     8              9    131742984     0.
      Preconditioner     1              1         1584     0.
       Krylov Solver     1              1         1360     0.
     DMKSP interface     0              1          696     0.
                SNES     1              1         1480     0.
      SNESLineSearch     1              1         1032     0.
              DMSNES     1              1          712     0.
    Distributed Mesh    16             16        78456     0.
    GraphPartitioner     7              7         4592     0.
Star Forest Bipartite Graph    75             75        66664     0.
     Discrete System    16             16        14848     0.

--- Event Stage 1: Warmup

              Vector     8              2         3568     0.
              Matrix     1              0            0     0.
     DMKSP interface     1              0            0     0.

--- Event Stage 2: P(4, 88) Warm solve hypre

========================================================================================================================
Average time to get PetscTime(): 9.53674e-08
Average time for MPI_Barrier(): 0.000819397
Average time for zero size MPI_Send(): 2.74479e-06
#PETSc Option Table entries:
--degree 4
--dimension 3
--parameters hypre
--results-file results64/poisson-weak-3d-64bit-hypre-big.csv
-degree 4
-dimension 3
-log_view ascii:results64/poisson-P4-hypre-weak-3d-64bit-24576-big.log::append
-parameters hypre
-results-file results64/poisson-weak-3d-64bit-hypre-big.csv
#End of PETSc Option Table entries
Compiled without FORTRAN kernels
Compiled with full precision matrices (default)
sizeof(short) 2 sizeof(int) 4 sizeof(long) 8 sizeof(void*) 8 sizeof(PetscScalar) 8 sizeof(PetscInt) 8
Configure options: --COPTFLAGS="-march=ivybridge -O3" --CXXOPTFLAGS="-march=ivybridge -O3" --FOPTFLAGS="-march=ivybridge -O3" --PETSC_ARCH=petsc-gnu51-ivybridge-int64 --download-exodusii --download-hypre --download-metis --download-netcdf --download-parmetis --download-sowing=1 --known-bits-per-byte=8 --known-has-attribute-aligned=1 --known-level1-dcache-assoc=8 --known-level1-dcache-linesize=64 --known-level1-dcache-size=32768 --known-memcmp-ok=1 --known-mpi-c-double-complex=1 --known-mpi-int64_t=1 --known-mpi-long-double=1 --known-mpi-shared-libraries=1 --known-sdot-returns-double=0 --known-sizeof-MPI_Comm=4 --known-sizeof-MPI_Fint=4 --known-sizeof-char=1 --known-sizeof-double=8 --known-sizeof-float=4 --known-sizeof-int=4 --known-sizeof-long-long=8 --known-sizeof-long=8 --known-sizeof-short=2 --known-sizeof-size_t=8 --known-sizeof-void-p=8 --known-snrm2-returns-double=0 --prefix=/work/n02/n02/lmn02/petsc-gnu51-ivybridge-int64 --with-64-bit-indices=1 --with-batch=1 --with-blas-lapack-lib="-L/opt/cray/libsci/16.03.1/GNU/5.1/x86_64/lib -lsci_gnu_mp" --with-cc=cc --with-clib-autodetect=0 --with-cxx=CC --with-cxxlib-autodetect=0 --with-debugging=0 --with-fc=ftn --with-fortranlib-autodetect=0 --with-hdf5-dir=/opt/cray/hdf5-parallel/1.8.14/GNU/5.1 --with-hdf5=1 --with-make-np=4 --with-pic=1 --with-shared-libraries=1 --with-x=0 --download-eigen
-----------------------------------------
Libraries compiled on Tue Feb 14 12:07:09 2017 on eslogin003 
Machine characteristics: Linux-3.0.101-0.47.86.1.11753.0.PTF-default-x86_64-with-SuSE-11-x86_64
Using PETSc directory: /home2/n02/n02/lmn02/src/petsc
Using PETSc arch: petsc-gnu51-ivybridge-int64
-----------------------------------------

Using C compiler: cc  -fPIC  -march=ivybridge -O3  ${COPTFLAGS} ${CFLAGS}
Using Fortran compiler: ftn  -fPIC -march=ivybridge -O3   ${FOPTFLAGS} ${FFLAGS} 
-----------------------------------------

Using include paths: -I/home2/n02/n02/lmn02/src/petsc/petsc-gnu51-ivybridge-int64/include -I/home2/n02/n02/lmn02/src/petsc/include -I/home2/n02/n02/lmn02/src/petsc/include -I/home2/n02/n02/lmn02/src/petsc/petsc-gnu51-ivybridge-int64/include -I/work/n02/n02/lmn02/petsc-gnu51-ivybridge-int64/include -I/work/n02/n02/lmn02/petsc-gnu51-ivybridge-int64/include/eigen3 -I/opt/cray/hdf5-parallel/1.8.14/GNU/5.1/include
-----------------------------------------

Using C linker: cc
Using Fortran linker: ftn
Using libraries: -Wl,-rpath,/home2/n02/n02/lmn02/src/petsc/petsc-gnu51-ivybridge-int64/lib -L/home2/n02/n02/lmn02/src/petsc/petsc-gnu51-ivybridge-int64/lib -lpetsc -Wl,-rpath,/work/n02/n02/lmn02/petsc-gnu51-ivybridge-int64/lib -L/work/n02/n02/lmn02/petsc-gnu51-ivybridge-int64/lib -lHYPRE -lparmetis -lmetis -lexoIIv2for -lexodus -lnetcdf -Wl,-rpath,/opt/cray/hdf5-parallel/1.8.14/GNU/5.1/lib -L/opt/cray/hdf5-parallel/1.8.14/GNU/5.1/lib -lhdf5hl_fortran -lhdf5_fortran -lhdf5_hl -lhdf5 -lssl -lcrypto -ldl 
-----------------------------------------

