************************************************************************************************************************
***             WIDEN YOUR WINDOW TO 120 CHARACTERS.  Use 'enscript -r -fCourier9' to print this document            ***
************************************************************************************************************************

---------------------------------------------- PETSc Performance Summary: ----------------------------------------------

poisson-new-weak.py on a petsc-gnu51-ivybridge-int64 named nid00094 with 1536 processors, by lmn02 Wed Feb 15 22:44:49 2017
Using Petsc Development GIT revision: v3.7.5-3014-g413f72f  GIT Date: 2017-02-05 17:50:57 -0600

                         Max       Max/Min        Avg      Total 
Time (sec):           1.521e+02      1.00003   1.521e+02
Objects:              5.099e+03     12.14048   4.487e+02
Flops:                2.408e+10      1.42967   2.103e+10  3.230e+13
Flops/sec:            1.583e+08      1.42966   1.383e+08  2.124e+11
MPI Messages:         6.399e+04      3.36210   2.035e+04  3.126e+07
MPI Message Lengths:  2.749e+08     10.61092   2.067e+03  6.462e+10
MPI Reductions:       2.470e+02      1.00000

Flop counting convention: 1 flop = 1 real number operation of type (multiply/divide/add/subtract)
                            e.g., VecAXPY() for real vectors of length N --> 2N flops
                            and VecAXPY() for complex vectors of length N --> 8N flops

Summary of Stages:   ----- Time ------  ----- Flops -----  --- Messages ---  -- Message Lengths --  -- Reductions --
                        Avg     %Total     Avg     %Total   counts   %Total     Avg         %Total   counts   %Total 
 0:      Main Stage: 1.3017e+02  85.6%  0.0000e+00   0.0%  3.014e+07  96.4%  1.285e+03       62.2%  8.600e+01  34.8% 
 1:          Warmup: 1.1664e+01   7.7%  1.6148e+13  50.0%  5.739e+05   1.8%  4.053e+02       19.6%  8.000e+01  32.4% 
 2: P(4, 35) Warm solve hypre: 1.0234e+01   6.7%  1.6148e+13  50.0%  5.389e+05   1.7%  3.772e+02       18.2%  8.000e+01  32.4% 

------------------------------------------------------------------------------------------------------------------------
See the 'Profiling' chapter of the users' manual for details on interpreting output.
Phase summary info:
   Count: number of times phase was executed
   Time and Flops: Max - maximum over all processors
                   Ratio - ratio of maximum to minimum over all processors
   Mess: number of messages sent
   Avg. len: average message length (bytes)
   Reduct: number of global reductions
   Global: entire computation
   Stage: stages of a computation. Set stages with PetscLogStagePush() and PetscLogStagePop().
      %T - percent time in this phase         %F - percent flops in this phase
      %M - percent messages in this phase     %L - percent message lengths in this phase
      %R - percent reductions in this phase
   Total Mflop/s: 10e-6 * (sum of flops over all processors)/(max time over all processors)
------------------------------------------------------------------------------------------------------------------------
Event                Count      Time (sec)     Flops                             --- Global ---  --- Stage ---   Total
                   Max Ratio  Max     Ratio   Max  Ratio  Mess   Avg len Reduct  %T %F %M %L %R  %T %F %M %L %R Mflop/s
------------------------------------------------------------------------------------------------------------------------

--- Event Stage 0: Main Stage

PetscBarrier           2 1.0 1.9162e-01 2.7 0.00e+00 0.0 9.4e+04 2.4e+01 1.0e+01  0  0  0  0  4   0  0  0  0 12     0
BuildTwoSided         42 1.0 5.5584e+00 2.3 0.00e+00 0.0 4.9e+06 8.0e+00 0.0e+00  4  0 16  0  0   4  0 16  0  0     0
VecSet                 6 1.0 8.4732e-03 2.6 0.00e+00 0.0 0.0e+00 0.0e+00 0.0e+00  0  0  0  0  0   0  0  0  0  0     0
MatAssemblyBegin       1 1.0 2.9209e-03408.4 0.00e+00 0.0 0.0e+00 0.0e+00 0.0e+00  0  0  0  0  0   0  0  0  0  0     0
MatAssemblyEnd         1 1.0 2.7186e-01 3.3 0.00e+00 0.0 4.3e+04 1.1e+04 8.0e+00  0  0  0  1  3   0  0  0  1  9     0
Mesh Partition         2 1.0 8.1764e+00 1.0 0.00e+00 0.0 2.9e+07 1.3e+02 1.1e+01  5  0 92  6  4   6  0 95 10 13     0
Mesh Migration         2 1.0 9.6152e-01 1.0 0.00e+00 0.0 1.2e+06 2.7e+04 2.4e+01  1  0  4 49 10   1  0  4 78 28     0
DMPlexInterp           1 1.0 1.7353e+00 1.0 0.00e+00 0.0 0.0e+00 0.0e+00 2.0e+00  1  0  0  0  1   1  0  0  0  2     0
DMPlexDistribute       1 1.0 8.5327e+00 1.0 0.00e+00 0.0 1.4e+07 4.1e+01 9.0e+00  6  0 46  1  4   7  0 47  1 10     0
DMPlexDistCones        2 1.0 3.1437e-01 1.2 0.00e+00 0.0 2.1e+05 5.5e+04 0.0e+00  0  0  1 18  0   0  0  1 29  0     0
DMPlexDistLabels       2 1.0 4.5295e-01 1.0 0.00e+00 0.0 5.9e+05 2.7e+04 2.0e+00  0  0  2 25  1   0  0  2 40  2     0
DMPlexDistribOL        1 1.0 6.6469e-01 1.0 0.00e+00 0.0 1.6e+07 2.3e+03 2.6e+01  0  0 50 57 11   1  0 52 91 30     0
DMPlexDistField        3 1.0 7.4788e-02 1.1 0.00e+00 0.0 2.8e+05 5.6e+03 2.0e+00  0  0  1  2  1   0  0  1  4  2     0
DMPlexDistData         2 1.0 5.6856e+00 2.3 0.00e+00 0.0 2.8e+07 5.2e+01 0.0e+00  4  0 91  2  0   4  0 94  4  0     0
DMPlexStratify         7 1.0 2.0874e+00 3.7 0.00e+00 0.0 0.0e+00 0.0e+00 7.0e+00  1  0  0  0  3   2  0  0  0  8     0
SFSetGraph            49 1.0 4.7719e-02 1.9 0.00e+00 0.0 0.0e+00 0.0e+00 0.0e+00  0  0  0  0  0   0  0  0  0  0     0
SFBcastBegin          93 1.0 5.8063e+00 2.0 0.00e+00 0.0 3.0e+07 1.3e+03 0.0e+00  4  0 96 61  0   4  0100 98  0     0
SFBcastEnd            93 1.0 8.6550e-01 2.6 0.00e+00 0.0 0.0e+00 0.0e+00 0.0e+00  0  0  0  0  0   1  0  0  0  0     0
SFReduceBegin          4 1.0 1.5904e-0211.3 0.00e+00 0.0 8.0e+04 2.7e+03 0.0e+00  0  0  0  0  0   0  0  0  1  0     0
SFReduceEnd            4 1.0 4.2646e-02 2.5 0.00e+00 0.0 0.0e+00 0.0e+00 0.0e+00  0  0  0  0  0   0  0  0  0  0     0
SFFetchOpBegin         1 1.0 1.2088e-0424.1 0.00e+00 0.0 1.0e+04 3.1e+03 0.0e+00  0  0  0  0  0   0  0  0  0  0     0
SFFetchOpEnd           1 1.0 6.8309e-03110.2 0.00e+00 0.0 1.0e+04 3.1e+03 0.0e+00  0  0  0  0  0   0  0  0  0  0     0
CreateMesh             5 1.0 1.0312e+01 1.0 0.00e+00 0.0 3.0e+07 1.2e+03 3.9e+01  7  0 95 58 16   8  0 99 93 45     0
CreateFunctionSpace       1 1.0 5.4893e+00 1.0 0.00e+00 0.0 1.6e+07 2.5e+03 4.0e+01  4  0 50 61 16   4  0 52 97 47     0
Mesh: reorder          1 1.0 8.3983e-02 1.1 0.00e+00 0.0 0.0e+00 0.0e+00 2.0e+00  0  0  0  0  1   0  0  0  0  2     0
Mesh: numbering        1 1.0 4.7156e-01 1.0 0.00e+00 0.0 0.0e+00 0.0e+00 2.0e+00  0  0  0  0  1   0  0  0  0  2     0
CreateSparsity         1 1.0 8.0620e-01 1.4 0.00e+00 0.0 0.0e+00 0.0e+00 0.0e+00  0  0  0  0  0   1  0  0  0  0     0
MatZeroInitial         1 1.0 7.8869e-01 1.0 0.00e+00 0.0 4.3e+04 1.1e+04 8.0e+00  1  0  0  1  3   1  0  0  1  9     0
ParLoopExecute         3 1.0 1.6874e-01 2.3 0.00e+00 0.0 0.0e+00 0.0e+00 0.0e+00  0  0  0  0  0   0  0  0  0  0     0
ParLoopset_5           2 1.0 1.6360e-03 3.1 0.00e+00 0.0 0.0e+00 0.0e+00 0.0e+00  0  0  0  0  0   0  0  0  0  0     0
ParLoopHaloEnd         3 1.0 2.8849e-05 7.6 0.00e+00 0.0 0.0e+00 0.0e+00 0.0e+00  0  0  0  0  0   0  0  0  0  0     0
ParLoopRednBegin       3 1.0 4.0293e-05 3.1 0.00e+00 0.0 0.0e+00 0.0e+00 0.0e+00  0  0  0  0  0   0  0  0  0  0     0
ParLoopRednEnd         3 1.0 4.3869e-05 4.7 0.00e+00 0.0 0.0e+00 0.0e+00 0.0e+00  0  0  0  0  0   0  0  0  0  0     0
ParLoopset_4           4 1.0 3.2400e-02 1.9 0.00e+00 0.0 0.0e+00 0.0e+00 0.0e+00  0  0  0  0  0   0  0  0  0  0     0

--- Event Stage 1: Warmup

BuildTwoSided          1 1.0 3.9265e-02408.7 0.00e+00 0.0 1.2e+04 8.0e+00 0.0e+00  0  0  0  0  0   0  0  2  0  0     0
VecTDot               48 1.0 2.9277e-01 3.6 1.22e+07 1.2 0.0e+00 0.0e+00 4.8e+01  0  0  0  0 19   2  0  0  0 60 57895
VecNorm               25 1.0 4.2599e-0129.4 6.34e+06 1.2 0.0e+00 0.0e+00 2.5e+01  0  0  0  0 10   2  0  0  0 31 20723
VecCopy                6 1.0 5.6460e-03 2.7 0.00e+00 0.0 0.0e+00 0.0e+00 0.0e+00  0  0  0  0  0   0  0  0  0  0     0
VecSet                26 1.0 6.8345e-03 2.7 0.00e+00 0.0 0.0e+00 0.0e+00 0.0e+00  0  0  0  0  0   0  0  0  0  0     0
VecAXPY               49 1.0 2.3772e-02 2.0 1.24e+07 1.2 0.0e+00 0.0e+00 0.0e+00  0  0  0  0  0   0  0  0  0  0 727876
VecAYPX               23 1.0 8.4817e-03 1.8 5.84e+06 1.2 0.0e+00 0.0e+00 0.0e+00  0  0  0  0  0   0  0  0  0  0 957550
VecScatterBegin       24 1.0 1.8538e-0210.3 0.00e+00 0.0 5.2e+05 2.1e+04 0.0e+00  0  0  2 17  0   0  0 90 86  0     0
VecScatterEnd         24 1.0 1.5367e-01109.3 0.00e+00 0.0 0.0e+00 0.0e+00 0.0e+00  0  0  0  0  0   0  0  0  0  0     0
MatMult               24 1.0 8.2688e-01 1.2 4.68e+08 1.3 5.2e+05 2.1e+04 0.0e+00  1  2  2 17  0   7  4 90 86  0 764568
MatConvert             1 1.0 1.3881e+00 1.3 0.00e+00 0.0 0.0e+00 0.0e+00 4.0e+00  1  0  0  0  2  11  0  0  0  5     0
MatAssemblyBegin       4 1.0 1.0967e-05 0.0 0.00e+00 0.0 0.0e+00 0.0e+00 0.0e+00  0  0  0  0  0   0  0  0  0  0     0
MatAssemblyEnd         4 1.0 4.9058e-01 1.0 0.00e+00 0.0 0.0e+00 0.0e+00 4.0e+00  0  0  0  0  2   4  0  0  0  5     0
MatGetRowIJ            2 1.0 2.6362e-02 1.1 0.00e+00 0.0 0.0e+00 0.0e+00 0.0e+00  0  0  0  0  0   0  0  0  0  0     0
MatZeroEntries         1 1.0 1.6862e-02 1.4 0.00e+00 0.0 0.0e+00 0.0e+00 0.0e+00  0  0  0  0  0   0  0  0  0  0     0
MatView                1 1.0 9.2645e-02 1.1 0.00e+00 0.0 0.0e+00 0.0e+00 1.0e+00  0  0  0  0  0   1  0  0  0  1     0
PCSetUp                1 1.0 3.3565e+00 1.1 0.00e+00 0.0 0.0e+00 0.0e+00 4.0e+00  2  0  0  0  2  28  0  0  0  5     0
PCApply               25 1.0 5.7066e+00 1.1 0.00e+00 0.0 0.0e+00 0.0e+00 0.0e+00  4  0  0  0  0  47  0  0  0  0     0
KSPSetUp               1 1.0 1.3041e-03 4.2 0.00e+00 0.0 0.0e+00 0.0e+00 0.0e+00  0  0  0  0  0   0  0  0  0  0     0
KSPSolve               1 1.0 1.0129e+01 1.0 5.04e+08 1.3 5.2e+05 2.1e+04 7.7e+01  7  2  2 17 31  86  4 90 86 96 67434
SNESSolve              1 1.0 1.1488e+01 1.0 1.20e+10 1.4 5.7e+05 2.2e+04 7.8e+01  8 50  2 20 32  98100100100 98 1405658
SNESFunctionEval       1 1.0 4.1275e-01 1.2 7.32e+08 1.5 5.8e+04 3.0e+04 0.0e+00  0  3  0  3  0   3  6 10 14  0 2364234
SNESJacobianEval       1 1.0 1.1625e+00 1.5 1.09e+10 1.5 0.0e+00 0.0e+00 0.0e+00  1 45  0  0  0   8 90  0  0  0 12462867
SFBcastBegin           1 1.0 4.8637e-02 8.9 0.00e+00 0.0 5.8e+04 3.0e+04 0.0e+00  0  0  0  3  0   0  0 10 14  0     0
SFBcastEnd             1 1.0 3.0010e-02234.4 0.00e+00 0.0 0.0e+00 0.0e+00 0.0e+00  0  0  0  0  0   0  0  0  0  0     0
ParLoopExecute         5 1.0 1.4449e+00 1.4 1.16e+10 1.5 5.8e+04 3.0e+04 0.0e+00  1 48  0  3  0  11 96 10 14  0 10702689
ParLoopHaloEnd         5 1.0 3.0080e-02164.9 0.00e+00 0.0 0.0e+00 0.0e+00 0.0e+00  0  0  0  0  0   0  0  0  0  0     0
ParLoopRednBegin       5 1.0 1.1182e-04 4.2 0.00e+00 0.0 0.0e+00 0.0e+00 0.0e+00  0  0  0  0  0   0  0  0  0  0     0
ParLoopRednEnd         5 1.0 3.8862e-0417.5 0.00e+00 0.0 0.0e+00 0.0e+00 0.0e+00  0  0  0  0  0   0  0  0  0  0     0
ParLoopset_4           6 1.0 6.9857e-04 1.6 0.00e+00 0.0 0.0e+00 0.0e+00 0.0e+00  0  0  0  0  0   0  0  0  0  0     0
ApplyBC                1 1.0 1.1138e-01 3.8 0.00e+00 0.0 0.0e+00 0.0e+00 0.0e+00  0  0  0  0  0   1  0  0  0  0     0
ParLoopCells           6 1.0 1.0437e+00 1.4 1.16e+10 1.5 0.0e+00 0.0e+00 0.0e+00  1 48  0  0  0   8 96  0  0  0 14816384

--- Event Stage 2: P(4, 35) Warm solve hypre

VecTDot               48 1.0 1.9904e-01 2.6 1.22e+07 1.2 0.0e+00 0.0e+00 4.8e+01  0  0  0  0 19   1  0  0  0 60 85155
VecNorm               25 1.0 5.3416e-01 4.7 6.34e+06 1.2 0.0e+00 0.0e+00 2.5e+01  0  0  0  0 10   3  0  0  0 31 16527
VecCopy                6 1.0 3.2749e-03 2.0 0.00e+00 0.0 0.0e+00 0.0e+00 0.0e+00  0  0  0  0  0   0  0  0  0  0     0
VecSet                26 1.0 7.0755e-03 2.6 0.00e+00 0.0 0.0e+00 0.0e+00 0.0e+00  0  0  0  0  0   0  0  0  0  0     0
VecAXPY               49 1.0 2.6128e-02 2.1 1.24e+07 1.2 0.0e+00 0.0e+00 0.0e+00  0  0  0  0  0   0  0  0  0  0 662228
VecAYPX               23 1.0 6.8638e-03 1.5 5.84e+06 1.2 0.0e+00 0.0e+00 0.0e+00  0  0  0  0  0   0  0  0  0  0 1183259
VecScatterBegin       24 1.0 1.0474e-02 8.9 0.00e+00 0.0 5.2e+05 2.1e+04 0.0e+00  0  0  2 17  0   0  0 96 93  0     0
VecScatterEnd         24 1.0 1.5732e-01151.4 0.00e+00 0.0 0.0e+00 0.0e+00 0.0e+00  0  0  0  0  0   0  0  0  0  0     0
MatMult               24 1.0 7.6689e-01 1.2 4.68e+08 1.3 5.2e+05 2.1e+04 0.0e+00  0  2  2 17  0   7  4 96 93  0 824368
MatConvert             1 1.0 3.0366e-01 1.3 0.00e+00 0.0 0.0e+00 0.0e+00 0.0e+00  0  0  0  0  0   3  0  0  0  0     0
MatAssemblyBegin       4 1.0 1.0967e-05 0.0 0.00e+00 0.0 0.0e+00 0.0e+00 0.0e+00  0  0  0  0  0   0  0  0  0  0     0
MatAssemblyEnd         4 1.0 4.8209e-01 2.4 0.00e+00 0.0 0.0e+00 0.0e+00 6.0e+00  0  0  0  0  2   3  0  0  0  8     0
MatGetRowIJ            2 1.0 2.0490e-03 0.0 0.00e+00 0.0 0.0e+00 0.0e+00 0.0e+00  0  0  0  0  0   0  0  0  0  0     0
MatZeroEntries         1 1.0 1.9416e-02 1.6 0.00e+00 0.0 0.0e+00 0.0e+00 0.0e+00  0  0  0  0  0   0  0  0  0  0     0
MatView                1 1.0 1.7370e-0214.5 0.00e+00 0.0 0.0e+00 0.0e+00 1.0e+00  0  0  0  0  0   0  0  0  0  1     0
PCSetUp                1 1.0 2.1569e+00 1.0 0.00e+00 0.0 0.0e+00 0.0e+00 0.0e+00  1  0  0  0  0  21  0  0  0  0     0
PCApply               25 1.0 5.8012e+00 1.1 0.00e+00 0.0 0.0e+00 0.0e+00 0.0e+00  4  0  0  0  0  54  0  0  0  0     0
KSPSetUp               1 1.0 1.0014e-05 0.0 0.00e+00 0.0 0.0e+00 0.0e+00 0.0e+00  0  0  0  0  0   0  0  0  0  0     0
KSPSolve               1 1.0 8.9603e+00 1.0 5.04e+08 1.3 5.2e+05 2.1e+04 7.3e+01  6  2  2 17 30  87  4 96 93 91 76231
SNESSolve              1 1.0 1.0130e+01 1.0 1.20e+10 1.4 5.4e+05 2.2e+04 8.0e+01  7 50  2 18 32  99100100100100 1594081
SNESFunctionEval       1 1.0 9.2695e-02 2.2 7.32e+08 1.5 2.3e+04 3.8e+04 0.0e+00  0  3  0  1  0   1  6  4  7  0 10527380
SNESJacobianEval       1 1.0 1.1196e+00 1.0 1.09e+10 1.5 0.0e+00 0.0e+00 6.0e+00  1 45  0  0  2  11 90  0  0  8 12940643
SFBcastBegin           1 1.0 9.9351e-0336.9 0.00e+00 0.0 2.3e+04 3.8e+04 0.0e+00  0  0  0  1  0   0  0  4  7  0     0
SFBcastEnd             1 1.0 3.9242e-02197.4 0.00e+00 0.0 0.0e+00 0.0e+00 0.0e+00  0  0  0  0  0   0  0  0  0  0     0
ParLoopExecute         5 1.0 1.0706e+00 1.4 1.16e+10 1.5 2.3e+04 3.8e+04 0.0e+00  1 48  0  1  0   9 96  4  7  0 14444800
ParLoopHaloEnd         5 1.0 4.0457e-02120.8 0.00e+00 0.0 0.0e+00 0.0e+00 0.0e+00  0  0  0  0  0   0  0  0  0  0     0
ParLoopRednBegin       5 1.0 3.3140e-05 2.8 0.00e+00 0.0 0.0e+00 0.0e+00 0.0e+00  0  0  0  0  0   0  0  0  0  0     0
ParLoopRednEnd         5 1.0 6.0873e-03307.6 0.00e+00 0.0 0.0e+00 0.0e+00 0.0e+00  0  0  0  0  0   0  0  0  0  0     0
ParLoopset_4           6 1.0 2.9962e-03 4.0 0.00e+00 0.0 0.0e+00 0.0e+00 0.0e+00  0  0  0  0  0   0  0  0  0  0     0
ApplyBC                1 1.0 2.0800e-03 3.7 0.00e+00 0.0 0.0e+00 0.0e+00 0.0e+00  0  0  0  0  0   0  0  0  0  0     0
ParLoopCells           6 1.0 1.0360e+00 1.4 1.16e+10 1.5 0.0e+00 0.0e+00 0.0e+00  1 48  0  0  0   9 96  0  0  0 14927511
------------------------------------------------------------------------------------------------------------------------

Memory usage is given in bytes:

Object Type          Creations   Destructions     Memory  Descendants' Mem.
Reports information only for process 0.

--- Event Stage 0: Main Stage

           Container     6              6         3696     0.
              Viewer     2              0            0     0.
           Index Set  4858           4858      4179384     0.
   IS L to G Mapping     5              5     12833664     0.
             Section    79             79        60040     0.
              Vector    11             17      6881328     0.
      Vector Scatter     1              1         1208     0.
              Matrix     8              9    134018248     0.
      Preconditioner     1              1         1584     0.
       Krylov Solver     1              1         1360     0.
     DMKSP interface     0              1          696     0.
                SNES     1              1         1480     0.
      SNESLineSearch     1              1         1032     0.
              DMSNES     1              1          712     0.
    Distributed Mesh    16             16        78456     0.
    GraphPartitioner     7              7         4592     0.
Star Forest Bipartite Graph    75             75        66664     0.
     Discrete System    16             16        14848     0.

--- Event Stage 1: Warmup

              Vector     8              2         3568     0.
              Matrix     1              0            0     0.
     DMKSP interface     1              0            0     0.

--- Event Stage 2: P(4, 35) Warm solve hypre

========================================================================================================================
Average time to get PetscTime(): 0.
Average time for MPI_Barrier(): 5.70297e-05
Average time for zero size MPI_Send(): 2.73824e-06
#PETSc Option Table entries:
--dimension 3
--parameters hypre
--results-file results64/poisson-weak-3d-64bit.csv
-dimension 3
-log_view ascii:results64/poisson-P4-hypre-weak-3d-64bit-1536.log::append
-parameters hypre
-results-file results64/poisson-weak-3d-64bit.csv
#End of PETSc Option Table entries
Compiled without FORTRAN kernels
Compiled with full precision matrices (default)
sizeof(short) 2 sizeof(int) 4 sizeof(long) 8 sizeof(void*) 8 sizeof(PetscScalar) 8 sizeof(PetscInt) 8
Configure options: --COPTFLAGS="-march=ivybridge -O3" --CXXOPTFLAGS="-march=ivybridge -O3" --FOPTFLAGS="-march=ivybridge -O3" --PETSC_ARCH=petsc-gnu51-ivybridge-int64 --download-exodusii --download-hypre --download-metis --download-netcdf --download-parmetis --download-sowing=1 --known-bits-per-byte=8 --known-has-attribute-aligned=1 --known-level1-dcache-assoc=8 --known-level1-dcache-linesize=64 --known-level1-dcache-size=32768 --known-memcmp-ok=1 --known-mpi-c-double-complex=1 --known-mpi-int64_t=1 --known-mpi-long-double=1 --known-mpi-shared-libraries=1 --known-sdot-returns-double=0 --known-sizeof-MPI_Comm=4 --known-sizeof-MPI_Fint=4 --known-sizeof-char=1 --known-sizeof-double=8 --known-sizeof-float=4 --known-sizeof-int=4 --known-sizeof-long-long=8 --known-sizeof-long=8 --known-sizeof-short=2 --known-sizeof-size_t=8 --known-sizeof-void-p=8 --known-snrm2-returns-double=0 --prefix=/work/n02/n02/lmn02/petsc-gnu51-ivybridge-int64 --with-64-bit-indices=1 --with-batch=1 --with-blas-lapack-lib="-L/opt/cray/libsci/16.03.1/GNU/5.1/x86_64/lib -lsci_gnu_mp" --with-cc=cc --with-clib-autodetect=0 --with-cxx=CC --with-cxxlib-autodetect=0 --with-debugging=0 --with-fc=ftn --with-fortranlib-autodetect=0 --with-hdf5-dir=/opt/cray/hdf5-parallel/1.8.14/GNU/5.1 --with-hdf5=1 --with-make-np=4 --with-pic=1 --with-shared-libraries=1 --with-x=0 --download-eigen
-----------------------------------------
Libraries compiled on Tue Feb 14 12:07:09 2017 on eslogin003 
Machine characteristics: Linux-3.0.101-0.47.86.1.11753.0.PTF-default-x86_64-with-SuSE-11-x86_64
Using PETSc directory: /home2/n02/n02/lmn02/src/petsc
Using PETSc arch: petsc-gnu51-ivybridge-int64
-----------------------------------------

Using C compiler: cc  -fPIC  -march=ivybridge -O3  ${COPTFLAGS} ${CFLAGS}
Using Fortran compiler: ftn  -fPIC -march=ivybridge -O3   ${FOPTFLAGS} ${FFLAGS} 
-----------------------------------------

Using include paths: -I/home2/n02/n02/lmn02/src/petsc/petsc-gnu51-ivybridge-int64/include -I/home2/n02/n02/lmn02/src/petsc/include -I/home2/n02/n02/lmn02/src/petsc/include -I/home2/n02/n02/lmn02/src/petsc/petsc-gnu51-ivybridge-int64/include -I/work/n02/n02/lmn02/petsc-gnu51-ivybridge-int64/include -I/work/n02/n02/lmn02/petsc-gnu51-ivybridge-int64/include/eigen3 -I/opt/cray/hdf5-parallel/1.8.14/GNU/5.1/include
-----------------------------------------

Using C linker: cc
Using Fortran linker: ftn
Using libraries: -Wl,-rpath,/home2/n02/n02/lmn02/src/petsc/petsc-gnu51-ivybridge-int64/lib -L/home2/n02/n02/lmn02/src/petsc/petsc-gnu51-ivybridge-int64/lib -lpetsc -Wl,-rpath,/work/n02/n02/lmn02/petsc-gnu51-ivybridge-int64/lib -L/work/n02/n02/lmn02/petsc-gnu51-ivybridge-int64/lib -lHYPRE -lparmetis -lmetis -lexoIIv2for -lexodus -lnetcdf -Wl,-rpath,/opt/cray/hdf5-parallel/1.8.14/GNU/5.1/lib -L/opt/cray/hdf5-parallel/1.8.14/GNU/5.1/lib -lhdf5hl_fortran -lhdf5_fortran -lhdf5_hl -lhdf5 -lssl -lcrypto -ldl 
-----------------------------------------

