************************************************************************************************************************
***             WIDEN YOUR WINDOW TO 120 CHARACTERS.  Use 'enscript -r -fCourier9' to print this document            ***
************************************************************************************************************************

---------------------------------------------- PETSc Performance Summary: ----------------------------------------------

poisson-new-weak.py on a petsc-gnu51-ivybridge-int64 named nid01894 with 24 processors, by lmn02 Wed Feb 15 16:02:59 2017
Using Petsc Development GIT revision: v3.7.5-3014-g413f72f  GIT Date: 2017-02-05 17:50:57 -0600

                         Max       Max/Min        Avg      Total 
Time (sec):           1.137e+02      1.00000   1.137e+02
Objects:              4.720e+02      1.48896   3.366e+02
Flops:                2.126e+10      1.29233   1.861e+10  4.466e+11
Flops/sec:            1.870e+08      1.29233   1.636e+08  3.927e+09
MPI Messages:         2.506e+03      3.61949   1.165e+03  2.795e+04
MPI Message Lengths:  2.423e+08      7.59905   4.051e+04  1.132e+09
MPI Reductions:       1.890e+02      1.00000

Flop counting convention: 1 flop = 1 real number operation of type (multiply/divide/add/subtract)
                            e.g., VecAXPY() for real vectors of length N --> 2N flops
                            and VecAXPY() for complex vectors of length N --> 8N flops

Summary of Stages:   ----- Time ------  ----- Flops -----  --- Messages ---  -- Message Lengths --  -- Reductions --
                        Avg     %Total     Avg     %Total   counts   %Total     Avg         %Total   counts   %Total 
 0:      Main Stage: 9.6462e+01  84.8%  0.0000e+00   0.0%  2.199e+04  78.7%  3.360e+04       82.9%  7.600e+01  40.2% 
 1:          Warmup: 9.3219e+00   8.2%  2.2329e+11  50.0%  3.110e+03  11.1%  3.626e+03        9.0%  5.600e+01  29.6% 
 2: P(4, 35) Warm solve hypre: 7.9213e+00   7.0%  2.2329e+11  50.0%  2.857e+03  10.2%  3.282e+03        8.1%  5.600e+01  29.6% 

------------------------------------------------------------------------------------------------------------------------
See the 'Profiling' chapter of the users' manual for details on interpreting output.
Phase summary info:
   Count: number of times phase was executed
   Time and Flops: Max - maximum over all processors
                   Ratio - ratio of maximum to minimum over all processors
   Mess: number of messages sent
   Avg. len: average message length (bytes)
   Reduct: number of global reductions
   Global: entire computation
   Stage: stages of a computation. Set stages with PetscLogStagePush() and PetscLogStagePop().
      %T - percent time in this phase         %F - percent flops in this phase
      %M - percent messages in this phase     %L - percent message lengths in this phase
      %R - percent reductions in this phase
   Total Mflop/s: 10e-6 * (sum of flops over all processors)/(max time over all processors)
------------------------------------------------------------------------------------------------------------------------
Event                Count      Time (sec)     Flops                             --- Global ---  --- Stage ---   Total
                   Max Ratio  Max     Ratio   Max  Ratio  Mess   Avg len Reduct  %T %F %M %L %R  %T %F %M %L %R Mflop/s
------------------------------------------------------------------------------------------------------------------------

--- Event Stage 0: Main Stage

BuildTwoSided         40 1.0 8.4790e-0179.7 0.00e+00 0.0 3.0e+03 8.0e+00 0.0e+00  1  0 11  0  0   1  0 14  0  0     0
VecSet                 4 1.0 6.9723e-03 1.0 0.00e+00 0.0 0.0e+00 0.0e+00 0.0e+00  0  0  0  0  0   0  0  0  0  0     0
MatAssemblyBegin       1 1.0 3.4330e-03436.3 0.00e+00 0.0 0.0e+00 0.0e+00 0.0e+00  0  0  0  0  0   0  0  0  0  0     0
MatAssemblyEnd         1 1.0 4.3138e-01 1.1 0.00e+00 0.0 3.4e+02 1.5e+04 8.0e+00  0  0  1  0  4   0  0  2  1 11     0
Mesh Partition         2 1.0 1.4705e+00 1.0 0.00e+00 0.0 9.4e+03 9.8e+03 1.1e+01  1  0 34  8  6   2  0 43 10 14     0
Mesh Migration         2 1.0 5.8355e-01 1.0 0.00e+00 0.0 1.1e+04 7.0e+04 2.4e+01  1  0 38 66 13   1  0 49 80 32     0
DMPlexInterp           1 1.0 4.1036e+00 1.0 0.00e+00 0.0 0.0e+00 0.0e+00 2.0e+00  4  0  0  0  1   4  0  0  0  3     0
DMPlexDistribute       1 1.0 1.6175e+00 1.0 0.00e+00 0.0 4.8e+03 8.4e+04 9.0e+00  1  0 17 35  5   2  0 22 43 12     0
DMPlexDistCones        2 1.0 1.1533e-01 1.1 0.00e+00 0.0 1.7e+03 1.6e+05 0.0e+00  0  0  6 25  0   0  0  8 30  0     0
DMPlexDistLabels       2 1.0 2.7320e-01 1.0 0.00e+00 0.0 5.8e+03 6.5e+04 2.0e+00  0  0 21 34  1   0  0 27 41  3     0
DMPlexDistribOL        1 1.0 5.8701e-01 1.0 0.00e+00 0.0 1.6e+04 3.2e+04 2.6e+01  1  0 56 45 14   1  0 71 54 34     0
DMPlexDistField        3 1.0 7.0493e-02 1.0 0.00e+00 0.0 2.3e+03 1.5e+04 2.0e+00  0  0  8  3  1   0  0 11  4  3     0
DMPlexDistData         2 1.0 7.8948e-01 8.9 0.00e+00 0.0 7.4e+03 5.6e+03 0.0e+00  1  0 26  4  0   1  0 34  4  0     0
DMPlexStratify         5 1.0 2.6110e+00 5.6 0.00e+00 0.0 0.0e+00 0.0e+00 5.0e+00  2  0  0  0  3   3  0  0  0  7     0
SFSetGraph            45 1.0 4.7116e-02 1.4 0.00e+00 0.0 0.0e+00 0.0e+00 0.0e+00  0  0  0  0  0   0  0  0  0  0     0
SFBcastBegin          87 1.0 8.4865e-01 2.2 0.00e+00 0.0 2.1e+04 4.4e+04 0.0e+00  1  0 75 81  0   1  0 95 97  0     0
SFBcastEnd            87 1.0 3.8320e-01 6.9 0.00e+00 0.0 0.0e+00 0.0e+00 0.0e+00  0  0  0  0  0   0  0  0  0  0     0
SFReduceBegin          4 1.0 1.5063e-01236.1 0.00e+00 0.0 6.5e+02 3.2e+04 0.0e+00  0  0  2  2  0   0  0  3  2  0     0
SFReduceEnd            4 1.0 1.4363e-02 2.3 0.00e+00 0.0 0.0e+00 0.0e+00 0.0e+00  0  0  0  0  0   0  0  0  0  0     0
SFFetchOpBegin         1 1.0 3.8147e-05 8.0 0.00e+00 0.0 8.4e+01 4.5e+03 0.0e+00  0  0  0  0  0   0  0  0  0  0     0
SFFetchOpEnd           1 1.0 4.0007e-04 5.6 0.00e+00 0.0 8.4e+01 4.5e+03 0.0e+00  0  0  0  0  0   0  0  0  0  0     0
CreateMesh             5 1.0 3.0742e+00 1.0 0.00e+00 0.0 2.0e+04 4.4e+04 3.9e+01  3  0 73 80 21   3  0 93 97 51     0
CreateFunctionSpace       1 1.0 4.3810e+00 1.0 0.00e+00 0.0 1.7e+04 3.2e+04 4.0e+01  4  0 60 47 21   5  0 77 57 53     0
Mesh: reorder          1 1.0 8.9798e-02 1.0 0.00e+00 0.0 0.0e+00 0.0e+00 2.0e+00  0  0  0  0  1   0  0  0  0  3     0
Mesh: numbering        1 1.0 3.0730e-01 1.0 0.00e+00 0.0 0.0e+00 0.0e+00 2.0e+00  0  0  0  0  1   0  0  0  0  3     0
CreateSparsity         1 1.0 7.1236e-01 1.2 0.00e+00 0.0 0.0e+00 0.0e+00 0.0e+00  1  0  0  0  0   1  0  0  0  0     0
MatZeroInitial         1 1.0 1.0585e+00 1.0 0.00e+00 0.0 3.4e+02 1.5e+04 8.0e+00  1  0  1  0  4   1  0  2  1 11     0
ParLoopExecute         3 1.0 1.6898e-01 1.0 0.00e+00 0.0 0.0e+00 0.0e+00 0.0e+00  0  0  0  0  0   0  0  0  0  0     0
ParLoopset_5           2 1.0 1.5621e-03 1.3 0.00e+00 0.0 0.0e+00 0.0e+00 0.0e+00  0  0  0  0  0   0  0  0  0  0     0
ParLoopHaloEnd         3 1.0 1.1206e-05 2.4 0.00e+00 0.0 0.0e+00 0.0e+00 0.0e+00  0  0  0  0  0   0  0  0  0  0     0
ParLoopRednBegin       3 1.0 1.8120e-05 1.3 0.00e+00 0.0 0.0e+00 0.0e+00 0.0e+00  0  0  0  0  0   0  0  0  0  0     0
ParLoopRednEnd         3 1.0 1.6451e-05 1.5 0.00e+00 0.0 0.0e+00 0.0e+00 0.0e+00  0  0  0  0  0   0  0  0  0  0     0
ParLoopset_4           4 1.0 1.8717e-02 1.0 0.00e+00 0.0 0.0e+00 0.0e+00 0.0e+00  0  0  0  0  0   0  0  0  0  0     0

--- Event Stage 1: Warmup

BuildTwoSided          1 1.0 1.8001e-04 4.7 0.00e+00 0.0 8.4e+01 8.0e+00 0.0e+00  0  0  0  0  0   0  0  3  0  0     0
VecTDot               32 1.0 8.3732e-02 1.6 7.88e+06 1.1 0.0e+00 0.0e+00 3.2e+01  0  0  0  0 17   1  0  0  0 57  2143
VecNorm               17 1.0 9.6429e-0244.3 4.19e+06 1.1 0.0e+00 0.0e+00 1.7e+01  0  0  0  0  9   0  0  0  0 30   988
VecCopy                6 1.0 5.4092e-03 1.2 0.00e+00 0.0 0.0e+00 0.0e+00 0.0e+00  0  0  0  0  0   0  0  0  0  0     0
VecSet                18 1.0 3.8188e-03 1.6 0.00e+00 0.0 0.0e+00 0.0e+00 0.0e+00  0  0  0  0  0   0  0  0  0  0     0
VecAXPY               33 1.0 1.4758e-02 1.4 8.13e+06 1.1 0.0e+00 0.0e+00 0.0e+00  0  0  0  0  0   0  0  0  0  0 12536
VecAYPX               15 1.0 7.5612e-03 1.1 3.70e+06 1.1 0.0e+00 0.0e+00 0.0e+00  0  0  0  0  0   0  0  0  0  0 11122
VecScatterBegin       16 1.0 3.2088e-02 1.1 0.00e+00 0.0 2.7e+03 3.1e+04 0.0e+00  0  0 10  7  0   0  0 86 81  0     0
VecScatterEnd         16 1.0 3.8925e-02 5.0 0.00e+00 0.0 0.0e+00 0.0e+00 0.0e+00  0  0  0  0  0   0  0  0  0  0     0
MatMult               16 1.0 5.3542e-01 1.1 2.93e+08 1.1 2.7e+03 3.1e+04 0.0e+00  0  1 10  7  0   6  3 86 81  0 12360
MatConvert             1 1.0 4.4384e-01 1.1 0.00e+00 0.0 0.0e+00 0.0e+00 4.0e+00  0  0  0  0  2   5  0  0  0  7     0
MatAssemblyBegin       4 1.0 1.0014e-05 0.0 0.00e+00 0.0 0.0e+00 0.0e+00 0.0e+00  0  0  0  0  0   0  0  0  0  0     0
MatAssemblyEnd         4 1.0 1.8532e-01 1.0 0.00e+00 0.0 0.0e+00 0.0e+00 4.0e+00  0  0  0  0  2   2  0  0  0  7     0
MatGetRowIJ            2 1.0 2.5081e-02 1.0 0.00e+00 0.0 0.0e+00 0.0e+00 0.0e+00  0  0  0  0  0   0  0  0  0  0     0
MatZeroEntries         1 1.0 1.9825e-02 1.1 0.00e+00 0.0 0.0e+00 0.0e+00 0.0e+00  0  0  0  0  0   0  0  0  0  0     0
MatView                1 1.0 9.4665e-02 1.0 0.00e+00 0.0 0.0e+00 0.0e+00 1.0e+00  0  0  0  0  1   1  0  0  0  2     0
PCSetUp                1 1.0 2.4650e+00 1.0 0.00e+00 0.0 0.0e+00 0.0e+00 4.0e+00  2  0  0  0  2  26  0  0  0  7     0
PCApply               17 1.0 4.1901e+00 1.0 0.00e+00 0.0 0.0e+00 0.0e+00 0.0e+00  4  0  0  0  0  44  0  0  0  0     0
KSPSetUp               1 1.0 2.3457e-0275.9 0.00e+00 0.0 0.0e+00 0.0e+00 0.0e+00  0  0  0  0  0   0  0  0  0  0     0
KSPSolve               1 1.0 7.3327e+00 1.0 3.16e+08 1.1 2.7e+03 3.1e+04 5.3e+01  6  2 10  7 28  78  3 86 81 95   976
SNESSolve              1 1.0 9.1199e+00 1.0 1.06e+10 1.3 3.1e+03 3.3e+04 5.4e+01  8 50 11  9 29  98100100100 96 24484
SNESFunctionEval       1 1.0 2.2228e-01 1.0 6.52e+08 1.3 4.2e+02 4.6e+04 0.0e+00  0  3  2  2  0   2  6 14 19  0 61357
SNESJacobianEval       1 1.0 1.4003e+00 1.1 9.68e+09 1.3 0.0e+00 0.0e+00 0.0e+00  1 45  0  0  0  14 91  0  0  0 144603
SFBcastBegin           1 1.0 1.4749e-03 2.2 0.00e+00 0.0 4.2e+02 4.6e+04 0.0e+00  0  0  2  2  0   0  0 14 19  0     0
SFBcastEnd             1 1.0 3.4094e-04 2.6 0.00e+00 0.0 0.0e+00 0.0e+00 0.0e+00  0  0  0  0  0   0  0  0  0  0     0
ParLoopExecute         5 1.0 1.5561e+00 1.1 1.03e+10 1.3 4.2e+02 4.6e+04 0.0e+00  1 48  2  2  0  16 97 14 19  0 138895
ParLoopHaloEnd         5 1.0 4.0007e-04 2.1 0.00e+00 0.0 0.0e+00 0.0e+00 0.0e+00  0  0  0  0  0   0  0  0  0  0     0
ParLoopRednBegin       5 1.0 3.4571e-05 1.2 0.00e+00 0.0 0.0e+00 0.0e+00 0.0e+00  0  0  0  0  0   0  0  0  0  0     0
ParLoopRednEnd         5 1.0 3.0756e-05 1.2 0.00e+00 0.0 0.0e+00 0.0e+00 0.0e+00  0  0  0  0  0   0  0  0  0  0     0
ParLoopset_4           6 1.0 6.4707e-04 1.2 0.00e+00 0.0 0.0e+00 0.0e+00 0.0e+00  0  0  0  0  0   0  0  0  0  0     0
ApplyBC                1 1.0 2.3828e-02 1.0 0.00e+00 0.0 0.0e+00 0.0e+00 0.0e+00  0  0  0  0  0   0  0  0  0  0     0
ParLoopCells           6 1.0 1.0769e+00 1.2 1.03e+10 1.3 0.0e+00 0.0e+00 0.0e+00  1 48  0  0  0  11 97  0  0  0 200693

--- Event Stage 2: P(4, 35) Warm solve hypre

VecTDot               32 1.0 4.1780e-02 4.8 7.88e+06 1.1 0.0e+00 0.0e+00 3.2e+01  0  0  0  0 17   0  0  0  0 57  4294
VecNorm               17 1.0 1.0628e-0191.9 4.19e+06 1.1 0.0e+00 0.0e+00 1.7e+01  0  0  0  0  9   1  0  0  0 30   897
VecCopy                6 1.0 2.2099e-03 1.2 0.00e+00 0.0 0.0e+00 0.0e+00 0.0e+00  0  0  0  0  0   0  0  0  0  0     0
VecSet                18 1.0 3.7296e-03 1.7 0.00e+00 0.0 0.0e+00 0.0e+00 0.0e+00  0  0  0  0  0   0  0  0  0  0     0
VecAXPY               33 1.0 1.4840e-02 1.4 8.13e+06 1.1 0.0e+00 0.0e+00 0.0e+00  0  0  0  0  0   0  0  0  0  0 12467
VecAYPX               15 1.0 4.1616e-03 1.3 3.70e+06 1.1 0.0e+00 0.0e+00 0.0e+00  0  0  0  0  0   0  0  0  0  0 20208
VecScatterBegin       16 1.0 4.4265e-03 6.6 0.00e+00 0.0 2.7e+03 3.1e+04 0.0e+00  0  0 10  7  0   0  0 94 90  0     0
VecScatterEnd         16 1.0 3.4798e-0214.3 0.00e+00 0.0 0.0e+00 0.0e+00 0.0e+00  0  0  0  0  0   0  0  0  0  0     0
MatMult               16 1.0 4.7471e-01 1.1 2.93e+08 1.1 2.7e+03 3.1e+04 0.0e+00  0  1 10  7  0   6  3 94 90  0 13941
MatConvert             1 1.0 2.7152e-01 1.2 0.00e+00 0.0 0.0e+00 0.0e+00 0.0e+00  0  0  0  0  0   3  0  0  0  0     0
MatAssemblyBegin       4 1.0 6.9141e-06 0.0 0.00e+00 0.0 0.0e+00 0.0e+00 0.0e+00  0  0  0  0  0   0  0  0  0  0     0
MatAssemblyEnd         4 1.0 3.2020e-01 1.9 0.00e+00 0.0 0.0e+00 0.0e+00 6.0e+00  0  0  0  0  3   3  0  0  0 11     0
MatGetRowIJ            2 1.0 1.0710e-03 1.3 0.00e+00 0.0 0.0e+00 0.0e+00 0.0e+00  0  0  0  0  0   0  0  0  0  0     0
MatZeroEntries         1 1.0 1.6982e-02 1.1 0.00e+00 0.0 0.0e+00 0.0e+00 0.0e+00  0  0  0  0  0   0  0  0  0  0     0
MatView                1 1.0 2.9993e-04 4.0 0.00e+00 0.0 0.0e+00 0.0e+00 1.0e+00  0  0  0  0  1   0  0  0  0  2     0
PCSetUp                1 1.0 2.1836e+00 1.0 0.00e+00 0.0 0.0e+00 0.0e+00 0.0e+00  2  0  0  0  0  28  0  0  0  0     0
PCApply               17 1.0 4.1730e+00 1.0 0.00e+00 0.0 0.0e+00 0.0e+00 0.0e+00  4  0  0  0  0  52  0  0  0  0     0
KSPSetUp               1 1.0 1.1921e-06 0.0 0.00e+00 0.0 0.0e+00 0.0e+00 0.0e+00  0  0  0  0  0   0  0  0  0  0     0
KSPSolve               1 1.0 6.8575e+00 1.0 3.16e+08 1.1 2.7e+03 3.1e+04 4.9e+01  6  2 10  7 26  87  3 94 90 88  1044
SNESSolve              1 1.0 7.8896e+00 1.0 1.06e+10 1.3 2.9e+03 3.2e+04 5.6e+01  7 50 10  8 30 100100100100100 28302
SNESFunctionEval       1 1.0 7.5018e-02 1.2 6.52e+08 1.3 1.7e+02 5.7e+04 0.0e+00  0  3  1  1  0   1  6  6 10  0 181799
SNESJacobianEval       1 1.0 9.6700e-01 1.0 9.68e+09 1.3 0.0e+00 0.0e+00 6.0e+00  1 45  0  0  3  12 91  0  0 11 209403
SFBcastBegin           1 1.0 2.1517e-02 1.0 0.00e+00 0.0 1.7e+02 5.7e+04 0.0e+00  0  0  1  1  0   0  0  6 10  0     0
SFBcastEnd             1 1.0 3.8180e-0319.1 0.00e+00 0.0 0.0e+00 0.0e+00 0.0e+00  0  0  0  0  0   0  0  0  0  0     0
ParLoopExecute         5 1.0 9.6612e-01 1.2 1.03e+10 1.3 1.7e+02 5.7e+04 0.0e+00  1 48  1  1  0  11 97  6 10  0 223710
ParLoopHaloEnd         5 1.0 5.2545e-0315.5 0.00e+00 0.0 0.0e+00 0.0e+00 0.0e+00  0  0  0  0  0   0  0  0  0  0     0
ParLoopRednBegin       5 1.0 1.9073e-05 1.6 0.00e+00 0.0 0.0e+00 0.0e+00 0.0e+00  0  0  0  0  0   0  0  0  0  0     0
ParLoopRednEnd         5 1.0 3.0041e-05 1.4 0.00e+00 0.0 0.0e+00 0.0e+00 0.0e+00  0  0  0  0  0   0  0  0  0  0     0
ParLoopset_4           6 1.0 2.2311e-03 2.1 0.00e+00 0.0 0.0e+00 0.0e+00 0.0e+00  0  0  0  0  0   0  0  0  0  0     0
ApplyBC                1 1.0 1.6420e-03 1.1 0.00e+00 0.0 0.0e+00 0.0e+00 0.0e+00  0  0  0  0  0   0  0  0  0  0     0
ParLoopCells           6 1.0 9.3509e-01 1.3 1.03e+10 1.3 0.0e+00 0.0e+00 0.0e+00  1 48  0  0  0  11 97  0  0  0 231133
------------------------------------------------------------------------------------------------------------------------

Memory usage is given in bytes:

Object Type          Creations   Destructions     Memory  Descendants' Mem.
Reports information only for process 0.

--- Event Stage 0: Main Stage

           Container     4              4         2464     0.
              Viewer     2              0            0     0.
           Index Set   269            269       324576     0.
   IS L to G Mapping     5              5      6878632     0.
             Section    67             67        50920     0.
              Vector     9             15      7083392     0.
      Vector Scatter     1              1         1208     0.
              Matrix     6              7    140288584     0.
      Preconditioner     1              1         1584     0.
       Krylov Solver     1              1         1360     0.
     DMKSP interface     0              1          696     0.
                SNES     1              1         1480     0.
      SNESLineSearch     1              1         1032     0.
              DMSNES     1              1          712     0.
    Distributed Mesh    12             12        58728     0.
    GraphPartitioner     5              5         3280     0.
Star Forest Bipartite Graph    65             65        57936     0.
     Discrete System    12             12        11136     0.

--- Event Stage 1: Warmup

              Vector     8              2         3568     0.
              Matrix     1              0            0     0.
     DMKSP interface     1              0            0     0.

--- Event Stage 2: P(4, 35) Warm solve hypre

========================================================================================================================
Average time to get PetscTime(): 9.53674e-08
Average time for MPI_Barrier(): 1.38283e-06
Average time for zero size MPI_Send(): 1.99676e-06
#PETSc Option Table entries:
--dimension 3
--parameters hypre
--results-file results64/poisson-weak-3d-64bit.csv
-dimension 3
-log_view ascii:results64/poisson-P4-hypre-weak-3d-64bit-24.log::append
-parameters hypre
-results-file results64/poisson-weak-3d-64bit.csv
#End of PETSc Option Table entries
Compiled without FORTRAN kernels
Compiled with full precision matrices (default)
sizeof(short) 2 sizeof(int) 4 sizeof(long) 8 sizeof(void*) 8 sizeof(PetscScalar) 8 sizeof(PetscInt) 8
Configure options: --COPTFLAGS="-march=ivybridge -O3" --CXXOPTFLAGS="-march=ivybridge -O3" --FOPTFLAGS="-march=ivybridge -O3" --PETSC_ARCH=petsc-gnu51-ivybridge-int64 --download-exodusii --download-hypre --download-metis --download-netcdf --download-parmetis --download-sowing=1 --known-bits-per-byte=8 --known-has-attribute-aligned=1 --known-level1-dcache-assoc=8 --known-level1-dcache-linesize=64 --known-level1-dcache-size=32768 --known-memcmp-ok=1 --known-mpi-c-double-complex=1 --known-mpi-int64_t=1 --known-mpi-long-double=1 --known-mpi-shared-libraries=1 --known-sdot-returns-double=0 --known-sizeof-MPI_Comm=4 --known-sizeof-MPI_Fint=4 --known-sizeof-char=1 --known-sizeof-double=8 --known-sizeof-float=4 --known-sizeof-int=4 --known-sizeof-long-long=8 --known-sizeof-long=8 --known-sizeof-short=2 --known-sizeof-size_t=8 --known-sizeof-void-p=8 --known-snrm2-returns-double=0 --prefix=/work/n02/n02/lmn02/petsc-gnu51-ivybridge-int64 --with-64-bit-indices=1 --with-batch=1 --with-blas-lapack-lib="-L/opt/cray/libsci/16.03.1/GNU/5.1/x86_64/lib -lsci_gnu_mp" --with-cc=cc --with-clib-autodetect=0 --with-cxx=CC --with-cxxlib-autodetect=0 --with-debugging=0 --with-fc=ftn --with-fortranlib-autodetect=0 --with-hdf5-dir=/opt/cray/hdf5-parallel/1.8.14/GNU/5.1 --with-hdf5=1 --with-make-np=4 --with-pic=1 --with-shared-libraries=1 --with-x=0 --download-eigen
-----------------------------------------
Libraries compiled on Tue Feb 14 12:07:09 2017 on eslogin003 
Machine characteristics: Linux-3.0.101-0.47.86.1.11753.0.PTF-default-x86_64-with-SuSE-11-x86_64
Using PETSc directory: /home2/n02/n02/lmn02/src/petsc
Using PETSc arch: petsc-gnu51-ivybridge-int64
-----------------------------------------

Using C compiler: cc  -fPIC  -march=ivybridge -O3  ${COPTFLAGS} ${CFLAGS}
Using Fortran compiler: ftn  -fPIC -march=ivybridge -O3   ${FOPTFLAGS} ${FFLAGS} 
-----------------------------------------

Using include paths: -I/home2/n02/n02/lmn02/src/petsc/petsc-gnu51-ivybridge-int64/include -I/home2/n02/n02/lmn02/src/petsc/include -I/home2/n02/n02/lmn02/src/petsc/include -I/home2/n02/n02/lmn02/src/petsc/petsc-gnu51-ivybridge-int64/include -I/work/n02/n02/lmn02/petsc-gnu51-ivybridge-int64/include -I/work/n02/n02/lmn02/petsc-gnu51-ivybridge-int64/include/eigen3 -I/opt/cray/hdf5-parallel/1.8.14/GNU/5.1/include
-----------------------------------------

Using C linker: cc
Using Fortran linker: ftn
Using libraries: -Wl,-rpath,/home2/n02/n02/lmn02/src/petsc/petsc-gnu51-ivybridge-int64/lib -L/home2/n02/n02/lmn02/src/petsc/petsc-gnu51-ivybridge-int64/lib -lpetsc -Wl,-rpath,/work/n02/n02/lmn02/petsc-gnu51-ivybridge-int64/lib -L/work/n02/n02/lmn02/petsc-gnu51-ivybridge-int64/lib -lHYPRE -lparmetis -lmetis -lexoIIv2for -lexodus -lnetcdf -Wl,-rpath,/opt/cray/hdf5-parallel/1.8.14/GNU/5.1/lib -L/opt/cray/hdf5-parallel/1.8.14/GNU/5.1/lib -lhdf5hl_fortran -lhdf5_fortran -lhdf5_hl -lhdf5 -lssl -lcrypto -ldl 
-----------------------------------------

