Int has 8 bytes
Solving with parameter set schwarz_rich, 34, 4...
Warmup solve
    Residual norms for  solve.
    0 KSP Residual norm 1.050331375335e+02 
    1 KSP Residual norm 1.987069808369e+00 
    2 KSP Residual norm 1.293879834460e+00 
    3 KSP Residual norm 4.730364938084e-01 
    4 KSP Residual norm 1.313319830706e-01 
    5 KSP Residual norm 2.642978856107e-02 
    6 KSP Residual norm 9.150024603697e-03 
    7 KSP Residual norm 3.837465135234e-03 
    8 KSP Residual norm 2.230413983169e-03 
    9 KSP Residual norm 1.134740492922e-03 
   10 KSP Residual norm 5.950212874599e-04 
   11 KSP Residual norm 2.704711902880e-04 
   12 KSP Residual norm 1.118813345088e-04 
   13 KSP Residual norm 3.100487013632e-05 
   14 KSP Residual norm 2.011191127031e-05 
   15 KSP Residual norm 1.403732680097e-05 
   16 KSP Residual norm 6.479752872284e-06 
   17 KSP Residual norm 2.276764527552e-06 
   18 KSP Residual norm 9.045715534624e-07 
KSP Object: () 192 MPI processes
  type: cg
  maximum iterations=10000, initial guess is zero
  tolerances:  relative=1e-08, absolute=1e-50, divergence=10000.
  left preconditioning
  using PRECONDITIONED norm type for convergence test
PC Object: () 192 MPI processes
  type: python
    Python: ssc.SSC
  Subspace correction PC
  Combining (composite) PC:
    PC Object: (ssc_) 192 MPI processes
      type: composite
      Composite PC type - ADDITIVE
      PCs on composite preconditioner follow
      ---------------------------------
        PC Object: (ssc_sub_0_) 192 MPI processes
          type: patch
            Vertex-patch Additive Schwarz with 3299 patches
            Saving patch operators (rebuilt every PCSetUp)
            KSP on patches (all same):
              KSP Object: (ssc_sub_0_sub_) 1 MPI processes
                type: preonly
                maximum iterations=10000, initial guess is zero
                tolerances:  relative=1e-05, absolute=1e-50, divergence=10000.
                left preconditioning
                using NONE norm type for convergence test
              PC Object: (ssc_sub_0_sub_) 1 MPI processes
                type: lu
                  out-of-place factorization
                  tolerance for zero pivot 2.22045e-14
                  matrix ordering: nd
                  factor fill ratio given 5., needed 1.28639
                    Factored matrix follows:
                      Mat Object: 1 MPI processes
                        type: seqaij
                        rows=215, cols=215
                        package used to perform factorization: petsc
                        total: nonzeros=14697, allocated nonzeros=14697
                        total number of mallocs used during MatSetValues calls =0
                          using I-node routines: found 60 nodes, limit used is 5
                linear system matrix = precond matrix:
                Mat Object: 1 MPI processes
                  type: seqaij
                  rows=215, cols=215
                  total: nonzeros=11425, allocated nonzeros=12565
                  total number of mallocs used during MatSetValues calls =766
                    using I-node routines: found 82 nodes, limit used is 5
          linear system matrix = precond matrix:
          Mat Object: 192 MPI processes
            type: python
            rows=20346417, cols=20346417
                Python: firedrake.matrix_free.operators.ImplicitMatrixContext
              Firedrake matrix-free operator ImplicitMatrixContext
        PC Object: (ssc_sub_1_) 192 MPI processes
          type: python
            Python: ssc.lo.P1PC
          Low-order PC
            PC Object: (ssc_sub_1_lo_) 192 MPI processes
              type: telescope
                Telescope: parent comm size reduction factor = 6
                Telescope: comm_size = 192 , subcomm_size = 32
                Telescope: subcomm type: interlaced
                  Telescope: using default setup
                KSP Object: (ssc_sub_1_lo_telescope_) 32 MPI processes
                  type: richardson
                    Richardson: damping factor=1.
                  maximum iterations=4, initial guess is zero
                  tolerances:  relative=1e-05, absolute=1e-50, divergence=10000.
                  left preconditioning
                  using PRECONDITIONED norm type for convergence test
                PC Object: (ssc_sub_1_lo_telescope_) 32 MPI processes
                  type: gamg
                    MG: type is MULTIPLICATIVE, levels=4 cycles=v
                      Cycles per PCApply=1
                      Using externally compute Galerkin coarse grid matrices
                      GAMG specific options
                        Threshold for dropping small values in graph on each level =                   0.                   0.                  
                        Threshold scaling factor for each level not specified = 1.
                        AGG specific options
                          Symmetric graph false
                          Number of levels to square graph 1
                          Number smoothing steps 1
                  Coarse grid solver -- level -------------------------------
                    KSP Object: (ssc_sub_1_lo_telescope_mg_coarse_) 32 MPI processes
                      type: preonly
                      maximum iterations=10000, initial guess is zero
                      tolerances:  relative=1e-05, absolute=1e-50, divergence=10000.
                      left preconditioning
                      using NONE norm type for convergence test
                    PC Object: (ssc_sub_1_lo_telescope_mg_coarse_) 32 MPI processes
                      type: bjacobi
                        block Jacobi: number of blocks = 32
                        Local solve is same for all blocks, in the following KSP and PC objects:
                      linear system matrix = precond matrix:
                      Mat Object: 32 MPI processes
                        type: mpiaij
                        rows=32, cols=32
                        total: nonzeros=972, allocated nonzeros=972
                        total number of mallocs used during MatSetValues calls =0
                          using I-node (on process 0) routines: found 22 nodes, limit used is 5
                  Down solver (pre-smoother) on level 1 -------------------------------
                    KSP Object: (ssc_sub_1_lo_telescope_mg_levels_1_) 32 MPI processes
                      type: chebyshev
                        Chebyshev: eigenvalue estimates used:  min = 0.14948, max = 1.64428
                        Chebyshev: eigenvalues estimate via gmres min 0.24872, max 1.4948
                        Chebyshev: eigenvalues estimated using gmres with translations  [0. 0.1; 0. 1.1]
                        KSP Object: (ssc_sub_1_lo_telescope_mg_levels_1_esteig_) 32 MPI processes
                          type: gmres
                            GMRES: restart=30, using Classical (unmodified) Gram-Schmidt Orthogonalization with no iterative refinement
                            GMRES: happy breakdown tolerance 1e-30
                          maximum iterations=10, initial guess is zero
                          tolerances:  relative=1e-12, absolute=1e-50, divergence=10000.
                          left preconditioning
                          using PRECONDITIONED norm type for convergence test
                        Chebyshev: estimating eigenvalues using noisy right hand side
                      maximum iterations=2
                      tolerances:  relative=0., absolute=1e-50, divergence=10000.
                      left preconditioning
                      using nonzero initial guess
                      using NONE norm type for convergence test
                    PC Object: (ssc_sub_1_lo_telescope_mg_levels_1_) 32 MPI processes
                      type: sor
                        SOR: type = local_symmetric, iterations = 1, local iterations = 1, omega = 1.
                      linear system matrix = precond matrix:
                      Mat Object: 32 MPI processes
                        type: mpiaij
                        rows=835, cols=835
                        total: nonzeros=86097, allocated nonzeros=86097
                        total number of mallocs used during MatSetValues calls =0
                          not using I-node (on process 0) routines
                  Up solver (post-smoother) same as down solver (pre-smoother)
                  Down solver (pre-smoother) on level 2 -------------------------------
                    KSP Object: (ssc_sub_1_lo_telescope_mg_levels_2_) 32 MPI processes
                      type: chebyshev
                        Chebyshev: eigenvalue estimates used:  min = 0.149665, max = 1.64631
                        Chebyshev: eigenvalues estimate via gmres min 0.0621441, max 1.49665
                        Chebyshev: eigenvalues estimated using gmres with translations  [0. 0.1; 0. 1.1]
                        KSP Object: (ssc_sub_1_lo_telescope_mg_levels_2_esteig_) 32 MPI processes
                          type: gmres
                            GMRES: restart=30, using Classical (unmodified) Gram-Schmidt Orthogonalization with no iterative refinement
                            GMRES: happy breakdown tolerance 1e-30
                          maximum iterations=10, initial guess is zero
                          tolerances:  relative=1e-12, absolute=1e-50, divergence=10000.
                          left preconditioning
                          using PRECONDITIONED norm type for convergence test
                        Chebyshev: estimating eigenvalues using noisy right hand side
                      maximum iterations=2
                      tolerances:  relative=0., absolute=1e-50, divergence=10000.
                      left preconditioning
                      using nonzero initial guess
                      using NONE norm type for convergence test
                    PC Object: (ssc_sub_1_lo_telescope_mg_levels_2_) 32 MPI processes
                      type: sor
                        SOR: type = local_symmetric, iterations = 1, local iterations = 1, omega = 1.
                      linear system matrix = precond matrix:
                      Mat Object: 32 MPI processes
                        type: mpiaij
                        rows=13142, cols=13142
                        total: nonzeros=598426, allocated nonzeros=598426
                        total number of mallocs used during MatSetValues calls =0
                          not using I-node (on process 0) routines
                  Up solver (post-smoother) same as down solver (pre-smoother)
                  Down solver (pre-smoother) on level 3 -------------------------------
                    KSP Object: (ssc_sub_1_lo_telescope_mg_levels_3_) 32 MPI processes
                      type: chebyshev
                        Chebyshev: eigenvalue estimates used:  min = 0.158215, max = 1.74036
                        Chebyshev: eigenvalues estimate via gmres min 0.041475, max 1.58215
                        Chebyshev: eigenvalues estimated using gmres with translations  [0. 0.1; 0. 1.1]
                        KSP Object: (ssc_sub_1_lo_telescope_mg_levels_3_esteig_) 32 MPI processes
                          type: gmres
                            GMRES: restart=30, using Classical (unmodified) Gram-Schmidt Orthogonalization with no iterative refinement
                            GMRES: happy breakdown tolerance 1e-30
                          maximum iterations=10, initial guess is zero
                          tolerances:  relative=1e-12, absolute=1e-50, divergence=10000.
                          left preconditioning
                          using PRECONDITIONED norm type for convergence test
                        Chebyshev: estimating eigenvalues using noisy right hand side
                      maximum iterations=2
                      tolerances:  relative=0., absolute=1e-50, divergence=10000.
                      left preconditioning
                      using nonzero initial guess
                      using NONE norm type for convergence test
                    PC Object: (ssc_sub_1_lo_telescope_mg_levels_3_) 32 MPI processes
                      type: sor
                        SOR: type = local_symmetric, iterations = 1, local iterations = 1, omega = 1.
                      linear system matrix = precond matrix:
                      Mat Object: 32 MPI processes
                        type: mpiaij
                        rows=328509, cols=328509
                        total: nonzeros=4814197, allocated nonzeros=4814197
                        total number of mallocs used during MatSetValues calls =0
                          not using I-node (on process 0) routines
                  Up solver (post-smoother) same as down solver (pre-smoother)
                  linear system matrix = precond matrix:
                  Mat Object: 32 MPI processes
                    type: mpiaij
                    rows=328509, cols=328509
                    total: nonzeros=4814197, allocated nonzeros=4814197
                    total number of mallocs used during MatSetValues calls =0
                      not using I-node (on process 0) routines
                                    KSP Object:               (ssc_sub_1_lo_telescope_mg_coarse_sub_)               1 MPI processes
                                      type: preonly
                                      maximum iterations=1, initial guess is zero
                                      tolerances:  relative=1e-05, absolute=1e-50, divergence=10000.
                                      left preconditioning
                                      using NONE norm type for convergence test
                                    PC Object:               (ssc_sub_1_lo_telescope_mg_coarse_sub_)               1 MPI processes
                                      type: lu
                                        out-of-place factorization
                                        tolerance for zero pivot 2.22045e-14
                                        using diagonal shift on blocks to prevent zero pivot [INBLOCKS]
                                        matrix ordering: nd
                                        factor fill ratio given 5., needed 1.02675
                                          Factored matrix follows:
                                            Mat Object:               1 MPI processes
                                              type: seqaij
                                              rows=32, cols=32
                                              package used to perform factorization: petsc
                                              total: nonzeros=998, allocated nonzeros=998
                                              total number of mallocs used during MatSetValues calls =0
                                                using I-node routines: found 12 nodes, limit used is 5
                                      linear system matrix = precond matrix:
                                      Mat Object:               1 MPI processes
                                        type: seqaij
                                        rows=32, cols=32
                                        total: nonzeros=972, allocated nonzeros=972
                                        total number of mallocs used during MatSetValues calls =0
                                          using I-node routines: found 22 nodes, limit used is 5
              linear system matrix = precond matrix:
              Mat Object: 192 MPI processes
                type: mpiaij
                rows=328509, cols=328509
                total: nonzeros=4814197, allocated nonzeros=4814197
                total number of mallocs used during MatSetValues calls =0
                  not using I-node (on process 0) routines
          linear system matrix = precond matrix:
          Mat Object: 192 MPI processes
            type: python
            rows=20346417, cols=20346417
                Python: firedrake.matrix_free.operators.ImplicitMatrixContext
              Firedrake matrix-free operator ImplicitMatrixContext
      ---------------------------------
      linear system matrix = precond matrix:
      Mat Object: 192 MPI processes
        type: python
        rows=20346417, cols=20346417
            Python: firedrake.matrix_free.operators.ImplicitMatrixContext
          Firedrake matrix-free operator ImplicitMatrixContext
  linear system matrix = precond matrix:
  Mat Object: 192 MPI processes
    type: python
    rows=20346417, cols=20346417
        Python: firedrake.matrix_free.operators.ImplicitMatrixContext
      Firedrake matrix-free operator ImplicitMatrixContext
Timed solve
    Residual norms for  solve.
    0 KSP Residual norm 1.050331375335e+02 
    1 KSP Residual norm 1.987069808369e+00 
    2 KSP Residual norm 1.293879834460e+00 
    3 KSP Residual norm 4.730364938084e-01 
    4 KSP Residual norm 1.313319830706e-01 
    5 KSP Residual norm 2.642978856107e-02 
    6 KSP Residual norm 9.150024603697e-03 
    7 KSP Residual norm 3.837465135234e-03 
    8 KSP Residual norm 2.230413983169e-03 
    9 KSP Residual norm 1.134740492922e-03 
   10 KSP Residual norm 5.950212874599e-04 
   11 KSP Residual norm 2.704711902880e-04 
   12 KSP Residual norm 1.118813345088e-04 
   13 KSP Residual norm 3.100487013632e-05 
   14 KSP Residual norm 2.011191127031e-05 
   15 KSP Residual norm 1.403732680097e-05 
   16 KSP Residual norm 6.479752872284e-06 
   17 KSP Residual norm 2.276764527552e-06 
   18 KSP Residual norm 9.045715534624e-07 
KSP Object: () 192 MPI processes
  type: cg
  maximum iterations=10000, initial guess is zero
  tolerances:  relative=1e-08, absolute=1e-50, divergence=10000.
  left preconditioning
  using PRECONDITIONED norm type for convergence test
PC Object: () 192 MPI processes
  type: python
    Python: ssc.SSC
  Subspace correction PC
  Combining (composite) PC:
    PC Object: (ssc_) 192 MPI processes
      type: composite
      Composite PC type - ADDITIVE
      PCs on composite preconditioner follow
      ---------------------------------
        PC Object: (ssc_sub_0_) 192 MPI processes
          type: patch
            Vertex-patch Additive Schwarz with 3299 patches
            Saving patch operators (rebuilt every PCSetUp)
            KSP on patches (all same):
              KSP Object: (ssc_sub_0_sub_) 1 MPI processes
                type: preonly
                maximum iterations=10000, initial guess is zero
                tolerances:  relative=1e-05, absolute=1e-50, divergence=10000.
                left preconditioning
                using NONE norm type for convergence test
              PC Object: (ssc_sub_0_sub_) 1 MPI processes
                type: lu
                  out-of-place factorization
                  tolerance for zero pivot 2.22045e-14
                  matrix ordering: nd
                  factor fill ratio given 5., needed 1.28639
                    Factored matrix follows:
                      Mat Object: 1 MPI processes
                        type: seqaij
                        rows=215, cols=215
                        package used to perform factorization: petsc
                        total: nonzeros=14697, allocated nonzeros=14697
                        total number of mallocs used during MatSetValues calls =0
                          using I-node routines: found 60 nodes, limit used is 5
                linear system matrix = precond matrix:
                Mat Object: 1 MPI processes
                  type: seqaij
                  rows=215, cols=215
                  total: nonzeros=11425, allocated nonzeros=12565
                  total number of mallocs used during MatSetValues calls =766
                    using I-node routines: found 82 nodes, limit used is 5
          linear system matrix = precond matrix:
          Mat Object: 192 MPI processes
            type: python
            rows=20346417, cols=20346417
                Python: firedrake.matrix_free.operators.ImplicitMatrixContext
              Firedrake matrix-free operator ImplicitMatrixContext
        PC Object: (ssc_sub_1_) 192 MPI processes
          type: python
            Python: ssc.lo.P1PC
          Low-order PC
            PC Object: (ssc_sub_1_lo_) 192 MPI processes
              type: telescope
                Telescope: parent comm size reduction factor = 6
                Telescope: comm_size = 192 , subcomm_size = 32
                Telescope: subcomm type: interlaced
                  Telescope: using default setup
                KSP Object: (ssc_sub_1_lo_telescope_) 32 MPI processes
                  type: richardson
                    Richardson: damping factor=1.
                  maximum iterations=4, initial guess is zero
                  tolerances:  relative=1e-05, absolute=1e-50, divergence=10000.
                  left preconditioning
                  using PRECONDITIONED norm type for convergence test
                PC Object: (ssc_sub_1_lo_telescope_) 32 MPI processes
                  type: gamg
                    MG: type is MULTIPLICATIVE, levels=4 cycles=v
                      Cycles per PCApply=1
                      Using externally compute Galerkin coarse grid matrices
                      GAMG specific options
                        Threshold for dropping small values in graph on each level =                   0.                   0.                  
                        Threshold scaling factor for each level not specified = 1.
                        AGG specific options
                          Symmetric graph false
                          Number of levels to square graph 1
                          Number smoothing steps 1
                  Coarse grid solver -- level -------------------------------
                    KSP Object: (ssc_sub_1_lo_telescope_mg_coarse_) 32 MPI processes
                      type: preonly
                      maximum iterations=10000, initial guess is zero
                      tolerances:  relative=1e-05, absolute=1e-50, divergence=10000.
                      left preconditioning
                      using NONE norm type for convergence test
                    PC Object: (ssc_sub_1_lo_telescope_mg_coarse_) 32 MPI processes
                      type: bjacobi
                        block Jacobi: number of blocks = 32
                        Local solve is same for all blocks, in the following KSP and PC objects:
                      linear system matrix = precond matrix:
                      Mat Object: 32 MPI processes
                        type: mpiaij
                        rows=32, cols=32
                        total: nonzeros=972, allocated nonzeros=972
                        total number of mallocs used during MatSetValues calls =0
                          using I-node (on process 0) routines: found 22 nodes, limit used is 5
                  Down solver (pre-smoother) on level 1 -------------------------------
                    KSP Object: (ssc_sub_1_lo_telescope_mg_levels_1_) 32 MPI processes
                      type: chebyshev
                        Chebyshev: eigenvalue estimates used:  min = 0.14948, max = 1.64428
                        Chebyshev: eigenvalues estimate via gmres min 0.24872, max 1.4948
                        Chebyshev: eigenvalues estimated using gmres with translations  [0. 0.1; 0. 1.1]
                        KSP Object: (ssc_sub_1_lo_telescope_mg_levels_1_esteig_) 32 MPI processes
                          type: gmres
                            GMRES: restart=30, using Classical (unmodified) Gram-Schmidt Orthogonalization with no iterative refinement
                            GMRES: happy breakdown tolerance 1e-30
                          maximum iterations=10, initial guess is zero
                          tolerances:  relative=1e-12, absolute=1e-50, divergence=10000.
                          left preconditioning
                          using PRECONDITIONED norm type for convergence test
                        Chebyshev: estimating eigenvalues using noisy right hand side
                      maximum iterations=2
                      tolerances:  relative=0., absolute=1e-50, divergence=10000.
                      left preconditioning
                      using nonzero initial guess
                      using NONE norm type for convergence test
                    PC Object: (ssc_sub_1_lo_telescope_mg_levels_1_) 32 MPI processes
                      type: sor
                        SOR: type = local_symmetric, iterations = 1, local iterations = 1, omega = 1.
                      linear system matrix = precond matrix:
                      Mat Object: 32 MPI processes
                        type: mpiaij
                        rows=835, cols=835
                        total: nonzeros=86097, allocated nonzeros=86097
                        total number of mallocs used during MatSetValues calls =0
                          not using I-node (on process 0) routines
                  Up solver (post-smoother) same as down solver (pre-smoother)
                  Down solver (pre-smoother) on level 2 -------------------------------
                    KSP Object: (ssc_sub_1_lo_telescope_mg_levels_2_) 32 MPI processes
                      type: chebyshev
                        Chebyshev: eigenvalue estimates used:  min = 0.149665, max = 1.64631
                        Chebyshev: eigenvalues estimate via gmres min 0.0621441, max 1.49665
                        Chebyshev: eigenvalues estimated using gmres with translations  [0. 0.1; 0. 1.1]
                        KSP Object: (ssc_sub_1_lo_telescope_mg_levels_2_esteig_) 32 MPI processes
                          type: gmres
                            GMRES: restart=30, using Classical (unmodified) Gram-Schmidt Orthogonalization with no iterative refinement
                            GMRES: happy breakdown tolerance 1e-30
                          maximum iterations=10, initial guess is zero
                          tolerances:  relative=1e-12, absolute=1e-50, divergence=10000.
                          left preconditioning
                          using PRECONDITIONED norm type for convergence test
                        Chebyshev: estimating eigenvalues using noisy right hand side
                      maximum iterations=2
                      tolerances:  relative=0., absolute=1e-50, divergence=10000.
                      left preconditioning
                      using nonzero initial guess
                      using NONE norm type for convergence test
                    PC Object: (ssc_sub_1_lo_telescope_mg_levels_2_) 32 MPI processes
                      type: sor
                        SOR: type = local_symmetric, iterations = 1, local iterations = 1, omega = 1.
                      linear system matrix = precond matrix:
                      Mat Object: 32 MPI processes
                        type: mpiaij
                        rows=13142, cols=13142
                        total: nonzeros=598426, allocated nonzeros=598426
                        total number of mallocs used during MatSetValues calls =0
                          not using I-node (on process 0) routines
                  Up solver (post-smoother) same as down solver (pre-smoother)
                  Down solver (pre-smoother) on level 3 -------------------------------
                    KSP Object: (ssc_sub_1_lo_telescope_mg_levels_3_) 32 MPI processes
                      type: chebyshev
                        Chebyshev: eigenvalue estimates used:  min = 0.158215, max = 1.74036
                        Chebyshev: eigenvalues estimate via gmres min 0.041475, max 1.58215
                        Chebyshev: eigenvalues estimated using gmres with translations  [0. 0.1; 0. 1.1]
                        KSP Object: (ssc_sub_1_lo_telescope_mg_levels_3_esteig_) 32 MPI processes
                          type: gmres
                            GMRES: restart=30, using Classical (unmodified) Gram-Schmidt Orthogonalization with no iterative refinement
                            GMRES: happy breakdown tolerance 1e-30
                          maximum iterations=10, initial guess is zero
                          tolerances:  relative=1e-12, absolute=1e-50, divergence=10000.
                          left preconditioning
                          using PRECONDITIONED norm type for convergence test
                        Chebyshev: estimating eigenvalues using noisy right hand side
                      maximum iterations=2
                      tolerances:  relative=0., absolute=1e-50, divergence=10000.
                      left preconditioning
                      using nonzero initial guess
                      using NONE norm type for convergence test
                    PC Object: (ssc_sub_1_lo_telescope_mg_levels_3_) 32 MPI processes
                      type: sor
                        SOR: type = local_symmetric, iterations = 1, local iterations = 1, omega = 1.
                      linear system matrix = precond matrix:
                      Mat Object: 32 MPI processes
                        type: mpiaij
                        rows=328509, cols=328509
                        total: nonzeros=4814197, allocated nonzeros=4814197
                        total number of mallocs used during MatSetValues calls =0
                          not using I-node (on process 0) routines
                  Up solver (post-smoother) same as down solver (pre-smoother)
                  linear system matrix = precond matrix:
                  Mat Object: 32 MPI processes
                    type: mpiaij
                    rows=328509, cols=328509
                    total: nonzeros=4814197, allocated nonzeros=4814197
                    total number of mallocs used during MatSetValues calls =0
                      not using I-node (on process 0) routines
                                    KSP Object:               (ssc_sub_1_lo_telescope_mg_coarse_sub_)               1 MPI processes
                                      type: preonly
                                      maximum iterations=1, initial guess is zero
                                      tolerances:  relative=1e-05, absolute=1e-50, divergence=10000.
                                      left preconditioning
                                      using NONE norm type for convergence test
                                    PC Object:               (ssc_sub_1_lo_telescope_mg_coarse_sub_)               1 MPI processes
                                      type: lu
                                        out-of-place factorization
                                        tolerance for zero pivot 2.22045e-14
                                        using diagonal shift on blocks to prevent zero pivot [INBLOCKS]
                                        matrix ordering: nd
                                        factor fill ratio given 5., needed 1.02675
                                          Factored matrix follows:
                                            Mat Object:               1 MPI processes
                                              type: seqaij
                                              rows=32, cols=32
                                              package used to perform factorization: petsc
                                              total: nonzeros=998, allocated nonzeros=998
                                              total number of mallocs used during MatSetValues calls =0
                                                using I-node routines: found 12 nodes, limit used is 5
                                      linear system matrix = precond matrix:
                                      Mat Object:               1 MPI processes
                                        type: seqaij
                                        rows=32, cols=32
                                        total: nonzeros=972, allocated nonzeros=972
                                        total number of mallocs used during MatSetValues calls =0
                                          using I-node routines: found 22 nodes, limit used is 5
              linear system matrix = precond matrix:
              Mat Object: 192 MPI processes
                type: mpiaij
                rows=328509, cols=328509
                total: nonzeros=4814197, allocated nonzeros=4814197
                total number of mallocs used during MatSetValues calls =0
                  not using I-node (on process 0) routines
          linear system matrix = precond matrix:
          Mat Object: 192 MPI processes
            type: python
            rows=20346417, cols=20346417
                Python: firedrake.matrix_free.operators.ImplicitMatrixContext
              Firedrake matrix-free operator ImplicitMatrixContext
      ---------------------------------
      linear system matrix = precond matrix:
      Mat Object: 192 MPI processes
        type: python
        rows=20346417, cols=20346417
            Python: firedrake.matrix_free.operators.ImplicitMatrixContext
          Firedrake matrix-free operator ImplicitMatrixContext
  linear system matrix = precond matrix:
  Mat Object: 192 MPI processes
    type: python
    rows=20346417, cols=20346417
        Python: firedrake.matrix_free.operators.ImplicitMatrixContext
      Firedrake matrix-free operator ImplicitMatrixContext
Solving with parameter set schwarz_rich, 34, 4...done
Application 25331166 resources: utime ~18277s, stime ~816s, Rss ~2575964, inblocks ~10426224, outblocks ~157267
