Int Type has 8 bytes, Scalar Type has 8 bytes
Running degree 1, size 150, ref 3
Running degree 2, size 200, ref 2
Running degree 3, size 250, ref 1
Running degree 4, size 200, ref 1
************************************************************************************************************************
***             WIDEN YOUR WINDOW TO 120 CHARACTERS.  Use 'enscript -r -fCourier9' to print this document            ***
************************************************************************************************************************

---------------------------------------------- PETSc Performance Summary: ----------------------------------------------

profile-matvec.py on a petsc-gnu51-ivybridge-int64 named nid00027 with 48 processors, by lmn01 Mon Oct  2 17:20:19 2017
Using Petsc Development GIT revision: v3.7.5-3014-g413f72f  GIT Date: 2017-02-05 17:50:57 -0600

                         Max       Max/Min        Avg      Total 
Time (sec):           1.264e+02      1.00001   1.264e+02
Objects:              3.669e+03      1.24923   2.976e+03
Flops:                1.988e+11      1.06164   1.936e+11  9.290e+12
Flops/sec:            1.573e+09      1.06164   1.531e+09  7.351e+10
MPI Messages:         2.313e+04      2.77314   1.489e+04  7.149e+05
MPI Message Lengths:  3.434e+08      2.26033   1.213e+04  8.673e+09
MPI Reductions:       2.968e+03      1.00000

Flop counting convention: 1 flop = 1 real number operation of type (multiply/divide/add/subtract)
                            e.g., VecAXPY() for real vectors of length N --> 2N flops
                            and VecAXPY() for complex vectors of length N --> 8N flops

Summary of Stages:   ----- Time ------  ----- Flops -----  --- Messages ---  -- Message Lengths --  -- Reductions --
                        Avg     %Total     Avg     %Total   counts   %Total     Avg         %Total   counts   %Total 
 0:      Main Stage: 8.8001e+01  69.6%  2.0930e+12  22.5%  2.313e+05  32.4%  8.208e+03       67.7%  1.047e+03  35.3% 
 1: P(1) aij matrix: 2.3419e+00   1.9%  1.0381e+11   1.1%  9.360e+03   1.3%  1.123e+02        0.9%  0.000e+00   0.0% 
 2: P(1) matfree matrix: 1.6250e+00   1.3%  5.3499e+11   5.8%  2.808e+04   3.9%  1.828e+02        1.5%  0.000e+00   0.0% 
 3: P(1) nest matrix: 2.0962e+00   1.7%  9.3789e+10   1.0%  8.424e+04  11.8%  3.158e+02        2.6%  4.800e+02  16.2% 
 4: P(2) aij matrix: 3.7217e+00   2.9%  2.0925e+11   2.3%  9.360e+03   1.3%  1.673e+02        1.4%  0.000e+00   0.0% 
 5: P(2) matfree matrix: 2.1304e+00   1.7%  9.6185e+11  10.4%  2.808e+04   3.9%  2.890e+02        2.4%  0.000e+00   0.0% 
 6: P(2) nest matrix: 3.4278e+00   2.7%  1.9425e+11   2.1%  8.424e+04  11.8%  4.740e+02        3.9%  4.800e+02  16.2% 
 7: P(3) aij matrix: 3.8396e+00   3.0%  3.0221e+11   3.3%  9.120e+03   1.3%  1.882e+02        1.6%  0.000e+00   0.0% 
 8: P(3) matfree matrix: 2.0137e+00   1.6%  1.1111e+12  12.0%  2.736e+04   3.8%  3.369e+02        2.8%  0.000e+00   0.0% 
 9: P(3) nest matrix: 3.6168e+00   2.9%  2.8766e+11   3.1%  8.208e+04  11.5%  5.351e+02        4.4%  4.800e+02  16.2% 
10: P(4) aij matrix: 5.2409e+00   4.1%  6.7633e+11   7.3%  9.360e+03   1.3%  2.328e+02        1.9%  0.000e+00   0.0% 
11: P(4) matfree matrix: 3.2120e+00   2.5%  2.0652e+12  22.2%  2.808e+04   3.9%  4.263e+02        3.5%  0.000e+00   0.0% 
12: P(4) nest matrix: 5.1225e+00   4.1%  6.5701e+11   7.1%  8.424e+04  11.8%  6.636e+02        5.5%  4.800e+02  16.2% 

------------------------------------------------------------------------------------------------------------------------
See the 'Profiling' chapter of the users' manual for details on interpreting output.
Phase summary info:
   Count: number of times phase was executed
   Time and Flops: Max - maximum over all processors
                   Ratio - ratio of maximum to minimum over all processors
   Mess: number of messages sent
   Avg. len: average message length (bytes)
   Reduct: number of global reductions
   Global: entire computation
   Stage: stages of a computation. Set stages with PetscLogStagePush() and PetscLogStagePop().
      %T - percent time in this phase         %F - percent flops in this phase
      %M - percent messages in this phase     %L - percent message lengths in this phase
      %R - percent reductions in this phase
   Total Mflop/s: 10e-6 * (sum of flops over all processors)/(max time over all processors)
------------------------------------------------------------------------------------------------------------------------
Event                Count      Time (sec)     Flops                             --- Global ---  --- Stage ---   Total
                   Max Ratio  Max     Ratio   Max  Ratio  Mess   Avg len Reduct  %T %F %M %L %R  %T %F %M %L %R Mflop/s
------------------------------------------------------------------------------------------------------------------------

--- Event Stage 0: Main Stage

PetscBarrier           7 1.0 1.3826e-01 1.1 0.00e+00 0.0 3.7e+03 1.9e+01 3.5e+01  0  0  1  0  1   0  0  2  0  3     0
BuildTwoSided        175 1.0 5.4720e-01 4.3 0.00e+00 0.0 3.0e+04 8.0e+00 0.0e+00  0  0  4  0  0   1  0 13  0  0     0
VecCopy               12 1.0 1.9240e-02 1.1 0.00e+00 0.0 0.0e+00 0.0e+00 0.0e+00  0  0  0  0  0   0  0  0  0  0     0
VecSet                71 1.0 4.7927e-03 1.2 0.00e+00 0.0 0.0e+00 0.0e+00 0.0e+00  0  0  0  0  0   0  0  0  0  0     0
VecScatterBegin      100 1.0 7.3758e-02 1.4 0.00e+00 0.0 9.3e+03 5.2e+03 0.0e+00  0  0  1  1  0   0  0  4  1  0     0
VecScatterEnd        100 1.0 3.1349e-02 7.0 0.00e+00 0.0 0.0e+00 0.0e+00 0.0e+00  0  0  0  0  0   0  0  0  0  0     0
VecSetRandom          12 1.0 2.2321e-01 1.1 0.00e+00 0.0 0.0e+00 0.0e+00 0.0e+00  0  0  0  0  0   0  0  0  0  0     0
MatMult               12 1.0 1.6416e+00 1.0 2.80e+09 1.1 1.6e+04 6.2e+04 1.5e+02  1  1  2 11  5   2  6  7 17 14 79729
MatMultAdd            36 1.0 3.0281e-01 1.1 1.35e+08 1.1 8.4e+03 4.2e+03 0.0e+00  0  0  1  0  0   0  0  4  1  0 20776
MatAssemblyBegin     196 1.0 1.0505e-03 8.3 0.00e+00 0.0 0.0e+00 0.0e+00 0.0e+00  0  0  0  0  0   0  0  0  0  0     0
MatAssemblyEnd       196 1.0 1.7056e+00 1.8 0.00e+00 0.0 1.9e+04 2.5e+03 3.1e+02  1  0  3  1 11   1  0  8  1 30     0
Mesh Partition         8 1.0 9.4513e-01 1.0 0.00e+00 0.0 1.2e+05 2.5e+03 4.4e+01  1  0 17  4  1   1  0 54  5  4     0
Mesh Migration         8 1.0 8.8618e-01 1.0 0.00e+00 0.0 5.8e+04 7.2e+04 8.0e+01  1  0  8 48  3   1  0 25 72  8     0
DMPlexInterp           4 1.0 4.6803e-01 1.0 0.00e+00 0.0 0.0e+00 0.0e+00 4.0e+00  0  0  0  0  0   1  0  0  0  0     0
DMPlexDistribute       4 1.0 1.0734e+00 1.0 0.00e+00 0.0 6.5e+04 5.1e+03 3.6e+01  1  0  9  4  1   1  0 28  6  3     0
DMPlexDistCones        8 1.0 2.5220e-01 1.1 0.00e+00 0.0 1.1e+04 1.3e+05 0.0e+00  0  0  1 15  0   0  0  5 22  0     0
DMPlexDistLabels       8 1.0 4.5479e-01 1.0 0.00e+00 0.0 3.0e+04 7.5e+04 8.0e+00  0  0  4 26  0   1  0 13 38  1     0
DMPlexDistribOL        4 1.0 7.9248e-01 1.0 0.00e+00 0.0 1.2e+05 3.7e+04 8.8e+01  1  0 17 51  3   1  0 52 76  8     0
DMPlexDistField       12 1.0 4.6658e-02 1.0 0.00e+00 0.0 1.4e+04 2.3e+04 8.0e+00  0  0  2  4  0   0  0  6  5  1     0
DMPlexDistData         8 1.0 4.7667e-01 5.2 0.00e+00 0.0 1.1e+05 3.5e+02 0.0e+00  0  0 16  0  0   1  0 49  1  0     0
DMPlexStratify        23 1.0 6.8574e-01 2.5 0.00e+00 0.0 0.0e+00 0.0e+00 2.3e+01  1  0  0  0  1   1  0  0  0  2     0
SFSetGraph           200 1.0 1.1483e-01 1.1 0.00e+00 0.0 0.0e+00 0.0e+00 0.0e+00  0  0  0  0  0   0  0  0  0  0     0
SFBcastBegin         379 1.0 7.5618e-01 1.6 0.00e+00 0.0 2.0e+05 2.5e+04 0.0e+00  1  0 28 56  0   1  0 85 83  0     0
SFBcastEnd           379 1.0 4.3528e-01 3.7 0.00e+00 0.0 0.0e+00 0.0e+00 0.0e+00  0  0  0  0  0   0  0  0  0  0     0
SFReduceBegin         16 1.0 7.9634e-03 5.1 0.00e+00 0.0 3.7e+03 5.4e+03 0.0e+00  0  0  1  0  0   0  0  2  0  0     0
SFReduceEnd           16 1.0 1.1715e-02 2.5 0.00e+00 0.0 0.0e+00 0.0e+00 0.0e+00  0  0  0  0  0   0  0  0  0  0     0
SFFetchOpBegin         4 1.0 9.5844e-05 3.3 0.00e+00 0.0 4.6e+02 1.3e+03 0.0e+00  0  0  0  0  0   0  0  0  0  0     0
SFFetchOpEnd           4 1.0 1.1649e-03 8.3 0.00e+00 0.0 4.6e+02 1.3e+03 0.0e+00  0  0  0  0  0   0  0  0  0  0     0
CreateMesh            20 1.0 2.4054e+00 1.0 0.00e+00 0.0 1.8e+05 2.6e+04 1.4e+02  2  0 26 55  5   3  0 80 82 13     0
Mesh: reorder          4 1.0 4.3111e-02 1.2 0.00e+00 0.0 0.0e+00 0.0e+00 8.0e+00  0  0  0  0  0   0  0  0  0  1     0
Mesh: numbering        4 1.0 2.5191e-01 1.0 0.00e+00 0.0 0.0e+00 0.0e+00 8.0e+00  0  0  0  0  0   0  0  0  0  1     0
CreateFunctionSpace     112 1.0 2.4033e+00 1.0 0.00e+00 0.0 8.4e+03 4.2e+03 4.4e+01  2  0  1  0  1   3  0  4  1  4     0
CreateSparsity        20 1.0 6.3364e+00 1.0 0.00e+00 0.0 0.0e+00 0.0e+00 0.0e+00  5  0  0  0  0   7  0  0  0  0     0
MatZeroInitial        40 1.0 7.2095e+00 1.1 0.00e+00 0.0 1.7e+04 2.0e+03 2.8e+02  6  0  2  0  9   8  0  7  1 27     0
ParLoopExecute       104 1.0 1.1365e+01 1.0 4.46e+10 1.1 5.6e+03 5.9e+03 0.0e+00  9 22  1  0  0  13 99  2  1  0 182933
ParLoopset_5           2 1.0 1.9585e-02 1.0 0.00e+00 0.0 0.0e+00 0.0e+00 0.0e+00  0  0  0  0  0   0  0  0  0  0     0
ParLoopHaloEnd       104 1.0 1.3151e-03 1.2 0.00e+00 0.0 0.0e+00 0.0e+00 0.0e+00  0  0  0  0  0   0  0  0  0  0     0
ParLoopRednBegin     104 1.0 7.7128e-04 1.2 0.00e+00 0.0 0.0e+00 0.0e+00 0.0e+00  0  0  0  0  0   0  0  0  0  0     0
ParLoopRednEnd       104 1.0 6.3825e-04 1.3 0.00e+00 0.0 0.0e+00 0.0e+00 0.0e+00  0  0  0  0  0   0  0  0  0  0     0
ParLoopset_6           2 1.0 3.8314e-04 1.0 0.00e+00 0.0 0.0e+00 0.0e+00 0.0e+00  0  0  0  0  0   0  0  0  0  0     0
ParLoopCells         180 1.0 6.5203e+00 1.1 4.46e+10 1.1 0.0e+00 0.0e+00 0.0e+00  5 22  0  0  0   7 99  0  0  0 318840
ParLoopset_4           6 1.0 1.3080e-03 1.4 0.00e+00 0.0 0.0e+00 0.0e+00 0.0e+00  0  0  0  0  0   0  0  0  0  0     0
ParLoopset_0          12 1.0 9.1219e-04 1.2 0.00e+00 0.0 0.0e+00 0.0e+00 0.0e+00  0  0  0  0  0   0  0  0  0  0     0
ParLoopset_13          2 1.0 3.8481e-04 1.0 0.00e+00 0.0 0.0e+00 0.0e+00 0.0e+00  0  0  0  0  0   0  0  0  0  0     0
ParLoopset_14          2 1.0 4.0770e-05 1.3 0.00e+00 0.0 0.0e+00 0.0e+00 0.0e+00  0  0  0  0  0   0  0  0  0  0     0
ParLoopset_11          6 1.0 7.8535e-04 1.2 0.00e+00 0.0 0.0e+00 0.0e+00 0.0e+00  0  0  0  0  0   0  0  0  0  0     0
ParLoopset_12         12 1.0 3.9840e-04 1.1 0.00e+00 0.0 0.0e+00 0.0e+00 0.0e+00  0  0  0  0  0   0  0  0  0  0     0
ParLoopset_21          2 1.0 5.8413e-04 1.6 0.00e+00 0.0 0.0e+00 0.0e+00 0.0e+00  0  0  0  0  0   0  0  0  0  0     0
ParLoopset_22          2 1.0 5.6982e-05 2.0 0.00e+00 0.0 0.0e+00 0.0e+00 0.0e+00  0  0  0  0  0   0  0  0  0  0     0
ParLoopset_19          6 1.0 6.0296e-04 1.3 0.00e+00 0.0 0.0e+00 0.0e+00 0.0e+00  0  0  0  0  0   0  0  0  0  0     0
ParLoopset_20         12 1.0 3.6454e-04 1.1 0.00e+00 0.0 0.0e+00 0.0e+00 0.0e+00  0  0  0  0  0   0  0  0  0  0     0
ParLoopset_29          2 1.0 3.8910e-04 1.1 0.00e+00 0.0 0.0e+00 0.0e+00 0.0e+00  0  0  0  0  0   0  0  0  0  0     0
ParLoopset_30          2 1.0 4.2915e-05 1.3 0.00e+00 0.0 0.0e+00 0.0e+00 0.0e+00  0  0  0  0  0   0  0  0  0  0     0
ParLoopset_27          6 1.0 5.6696e-04 1.2 0.00e+00 0.0 0.0e+00 0.0e+00 0.0e+00  0  0  0  0  0   0  0  0  0  0     0
ParLoopset_28         12 1.0 3.9196e-04 1.2 0.00e+00 0.0 0.0e+00 0.0e+00 0.0e+00  0  0  0  0  0   0  0  0  0  0     0

--- Event Stage 1: P(1) aij matrix

VecSet                80 1.0 6.8985e-02 1.8 0.00e+00 0.0 0.0e+00 0.0e+00 0.0e+00  0  0  0  0  0   2  0  0  0  0     0
VecScatterBegin       40 1.0 8.1961e-03 3.1 0.00e+00 0.0 9.4e+03 8.6e+03 0.0e+00  0  0  1  1  0   0  0100100  0     0
VecScatterEnd         40 1.0 2.9145e-01124.0 0.00e+00 0.0 0.0e+00 0.0e+00 0.0e+00  0  0  0  0  0   4  0  0  0  0     0
MatMult               40 1.0 1.7742e+00 1.1 9.03e+08 1.1 9.4e+03 8.6e+03 0.0e+00  1  0  1  1  0  72 40100100  0 23319
MatAssemblyBegin      20 1.0 9.2983e-06 9.8 0.00e+00 0.0 0.0e+00 0.0e+00 0.0e+00  0  0  0  0  0   0  0  0  0  0     0
MatAssemblyEnd        20 1.0 3.1187e-02 2.4 0.00e+00 0.0 0.0e+00 0.0e+00 0.0e+00  0  0  0  0  0   1  0  0  0  0     0
MatZeroEntries         1 1.0 2.3078e-02 1.1 0.00e+00 0.0 0.0e+00 0.0e+00 0.0e+00  0  0  0  0  0   1  0  0  0  0     0
AssembleMat            1 1.0 5.7832e-01 1.1 1.36e+09 1.1 0.0e+00 0.0e+00 0.0e+00  0  1  0  0  0  23 60  0  0  0 107971
ParLoopExecute         6 1.0 5.2726e-01 1.1 1.36e+09 1.1 0.0e+00 0.0e+00 0.0e+00  0  1  0  0  0  21 60  0  0  0 118427
ParLoopHaloEnd         6 1.0 1.0204e-04 1.5 0.00e+00 0.0 0.0e+00 0.0e+00 0.0e+00  0  0  0  0  0   0  0  0  0  0     0
ParLoopRednBegin       6 1.0 8.1778e-05 1.9 0.00e+00 0.0 0.0e+00 0.0e+00 0.0e+00  0  0  0  0  0   0  0  0  0  0     0
ParLoopRednEnd         6 1.0 7.0095e-05 2.0 0.00e+00 0.0 0.0e+00 0.0e+00 0.0e+00  0  0  0  0  0   0  0  0  0  0     0
ParLoopCells          18 1.0 5.2559e-01 1.1 1.36e+09 1.1 0.0e+00 0.0e+00 0.0e+00  0  1  0  0  0  21 60  0  0  0 118803

--- Event Stage 2: P(1) matfree matrix

VecCopy              120 1.0 1.5815e-01 1.8 0.00e+00 0.0 0.0e+00 0.0e+00 0.0e+00  0  0  0  0  0   8  0  0  0  0     0
VecSet                80 1.0 8.7865e-02 4.0 0.00e+00 0.0 0.0e+00 0.0e+00 0.0e+00  0  0  0  0  0   3  0  0  0  0     0
VecScatterBegin      600 1.0 2.4481e-01 1.8 0.00e+00 0.0 0.0e+00 0.0e+00 0.0e+00  0  0  0  0  0  12  0  0  0  0     0
VecScatterEnd        600 1.0 3.7432e-04 2.1 0.00e+00 0.0 0.0e+00 0.0e+00 0.0e+00  0  0  0  0  0   0  0  0  0  0     0
MatMult               40 1.0 1.5949e+00 1.0 1.16e+10 1.1 2.8e+04 4.7e+03 0.0e+00  1  6  4  2  0  96100100100  0 335438
MatAssemblyBegin       2 1.0 1.4782e-05 2.5 0.00e+00 0.0 0.0e+00 0.0e+00 0.0e+00  0  0  0  0  0   0  0  0  0  0     0
MatAssemblyEnd         2 1.0 6.9141e-06 1.4 0.00e+00 0.0 0.0e+00 0.0e+00 0.0e+00  0  0  0  0  0   0  0  0  0  0     0
SFBcastBegin         120 1.0 8.3399e-03 3.0 0.00e+00 0.0 2.8e+04 4.7e+03 0.0e+00  0  0  4  2  0   0  0100100  0     0
SFBcastEnd           120 1.0 2.9305e-01102.3 0.00e+00 0.0 0.0e+00 0.0e+00 0.0e+00  0  0  0  0  0   8  0  0  0  0     0
AssembleMat            1 1.0 1.5903e-04 1.2 0.00e+00 0.0 0.0e+00 0.0e+00 0.0e+00  0  0  0  0  0   0  0  0  0  0     0
ParLoopExecute       480 1.0 1.2968e+00 1.2 1.16e+10 1.1 2.8e+04 4.7e+03 0.0e+00  1  6  4  2  0  72100100100  0 412550
ParLoopHaloEnd       480 1.0 2.9997e-0137.7 0.00e+00 0.0 0.0e+00 0.0e+00 0.0e+00  0  0  0  0  0   8  0  0  0  0     0
ParLoopRednBegin     480 1.0 1.1818e-03 1.2 0.00e+00 0.0 0.0e+00 0.0e+00 0.0e+00  0  0  0  0  0   0  0  0  0  0     0
ParLoopRednEnd       480 1.0 1.9636e-03 1.4 0.00e+00 0.0 0.0e+00 0.0e+00 0.0e+00  0  0  0  0  0   0  0  0  0  0     0
ParLoopCells         360 1.0 1.0207e+00 1.1 1.16e+10 1.1 0.0e+00 0.0e+00 0.0e+00  1  6  0  0  0  60100  0  0  0 524149
ParLoopset_4         240 1.0 3.2776e-02 2.7 0.00e+00 0.0 0.0e+00 0.0e+00 0.0e+00  0  0  0  0  0   1  0  0  0  0     0
ParLoopset_0         480 1.0 9.7003e-03 1.5 0.00e+00 0.0 0.0e+00 0.0e+00 0.0e+00  0  0  0  0  0   0  0  0  0  0     0

--- Event Stage 3: P(1) nest matrix

VecSet               200 1.0 1.0244e-01 1.3 0.00e+00 0.0 0.0e+00 0.0e+00 0.0e+00  0  0  0  0  0   5  0  0  0  0     0
VecScatterBegin      360 1.0 2.0573e-02 3.8 0.00e+00 0.0 8.4e+04 2.7e+03 0.0e+00  0  0 12  3  0   1  0100100  0     0
VecScatterEnd        360 1.0 1.3521e-0113.8 0.00e+00 0.0 0.0e+00 0.0e+00 0.0e+00  0  0  0  0  0   2  0  0  0  0     0
MatMult               40 1.0 1.7041e+00 1.0 6.85e+08 1.1 8.4e+04 2.7e+03 4.8e+02  1  0 12  3 16  79 33100100100 18396
MatMultAdd           360 1.0 1.5936e+00 1.1 6.85e+08 1.1 8.4e+04 2.7e+03 0.0e+00  1  0 12  3  0  74 33100100  0 19671
MatAssemblyBegin       8 1.0 9.0599e-06 9.5 0.00e+00 0.0 0.0e+00 0.0e+00 0.0e+00  0  0  0  0  0   0  0  0  0  0     0
MatAssemblyEnd         8 1.0 3.4375e-02 2.5 0.00e+00 0.0 0.0e+00 0.0e+00 0.0e+00  0  0  0  0  0   1  0  0  0  0     0
MatZeroEntries         1 1.0 4.3282e-02 1.2 0.00e+00 0.0 0.0e+00 0.0e+00 0.0e+00  0  0  0  0  0   2  0  0  0  0     0
AssembleMat            1 1.0 3.9038e-01 1.1 1.36e+09 1.1 0.0e+00 0.0e+00 0.0e+00  0  1  0  0  0  18 67  0  0  0 159953
ParLoopExecute         6 1.0 3.2719e-01 1.1 1.36e+09 1.1 0.0e+00 0.0e+00 0.0e+00  0  1  0  0  0  15 67  0  0  0 190843
ParLoopHaloEnd         6 1.0 1.1516e-04 1.7 0.00e+00 0.0 0.0e+00 0.0e+00 0.0e+00  0  0  0  0  0   0  0  0  0  0     0
ParLoopRednBegin       6 1.0 5.7220e-05 1.4 0.00e+00 0.0 0.0e+00 0.0e+00 0.0e+00  0  0  0  0  0   0  0  0  0  0     0
ParLoopRednEnd         6 1.0 5.4121e-05 1.6 0.00e+00 0.0 0.0e+00 0.0e+00 0.0e+00  0  0  0  0  0   0  0  0  0  0     0
ParLoopCells          18 1.0 3.2563e-01 1.1 1.36e+09 1.1 0.0e+00 0.0e+00 0.0e+00  0  1  0  0  0  15 67  0  0  0 191757

--- Event Stage 4: P(2) aij matrix

VecSet                80 1.0 7.0383e-02 1.5 0.00e+00 0.0 0.0e+00 0.0e+00 0.0e+00  0  0  0  0  0   2  0  0  0  0     0
VecScatterBegin       40 1.0 8.5385e-03 3.1 0.00e+00 0.0 9.4e+03 1.3e+04 0.0e+00  0  0  1  1  0   0  0100100  0     0
VecScatterEnd         40 1.0 3.7815e-01150.1 0.00e+00 0.0 0.0e+00 0.0e+00 0.0e+00  0  0  0  0  0   5  0  0  0  0     0
MatMult               40 1.0 2.8260e+00 1.1 1.62e+09 1.1 9.4e+03 1.3e+04 0.0e+00  2  1  1  1  0  74 36100100  0 26514
MatAssemblyBegin      20 1.0 9.5367e-06 5.0 0.00e+00 0.0 0.0e+00 0.0e+00 0.0e+00  0  0  0  0  0   0  0  0  0  0     0
MatAssemblyEnd        20 1.0 4.8022e-02 2.3 0.00e+00 0.0 0.0e+00 0.0e+00 0.0e+00  0  0  0  0  0   1  0  0  0  0     0
MatZeroEntries         1 1.0 4.1779e-02 1.1 0.00e+00 0.0 0.0e+00 0.0e+00 0.0e+00  0  0  0  0  0   1  0  0  0  0     0
AssembleMat            1 1.0 9.1856e-01 1.1 2.92e+09 1.1 0.0e+00 0.0e+00 0.0e+00  1  1  0  0  0  23 64  0  0  0 146231
ParLoopExecute         6 1.0 8.5025e-01 1.2 2.92e+09 1.1 0.0e+00 0.0e+00 0.0e+00  1  1  0  0  0  21 64  0  0  0 157979
ParLoopHaloEnd         6 1.0 9.4175e-05 1.5 0.00e+00 0.0 0.0e+00 0.0e+00 0.0e+00  0  0  0  0  0   0  0  0  0  0     0
ParLoopRednBegin       6 1.0 1.0419e-04 1.9 0.00e+00 0.0 0.0e+00 0.0e+00 0.0e+00  0  0  0  0  0   0  0  0  0  0     0
ParLoopRednEnd         6 1.0 6.8903e-05 1.9 0.00e+00 0.0 0.0e+00 0.0e+00 0.0e+00  0  0  0  0  0   0  0  0  0  0     0
ParLoopCells          18 1.0 8.4887e-01 1.2 2.92e+09 1.1 0.0e+00 0.0e+00 0.0e+00  1  1  0  0  0  21 64  0  0  0 158237

--- Event Stage 5: P(2) matfree matrix

VecCopy              120 1.0 1.9643e-01 2.0 0.00e+00 0.0 0.0e+00 0.0e+00 0.0e+00  0  0  0  0  0   7  0  0  0  0     0
VecSet                80 1.0 9.9473e-02 3.5 0.00e+00 0.0 0.0e+00 0.0e+00 0.0e+00  0  0  0  0  0   3  0  0  0  0     0
VecScatterBegin      600 1.0 2.8348e-01 1.9 0.00e+00 0.0 0.0e+00 0.0e+00 0.0e+00  0  0  0  0  0  10  0  0  0  0     0
VecScatterEnd        600 1.0 3.9887e-04 2.1 0.00e+00 0.0 0.0e+00 0.0e+00 0.0e+00  0  0  0  0  0   0  0  0  0  0     0
MatMult               40 1.0 2.0852e+00 1.0 2.09e+10 1.1 2.8e+04 7.4e+03 0.0e+00  2 10  4  2  0  97100100100  0 461268
MatAssemblyBegin       2 1.0 8.1062e-06 1.7 0.00e+00 0.0 0.0e+00 0.0e+00 0.0e+00  0  0  0  0  0   0  0  0  0  0     0
MatAssemblyEnd         2 1.0 9.2983e-06 1.9 0.00e+00 0.0 0.0e+00 0.0e+00 0.0e+00  0  0  0  0  0   0  0  0  0  0     0
SFBcastBegin         120 1.0 1.2619e-02 4.9 0.00e+00 0.0 2.8e+04 7.4e+03 0.0e+00  0  0  4  2  0   0  0100100  0     0
SFBcastEnd           120 1.0 3.5110e-0184.6 0.00e+00 0.0 0.0e+00 0.0e+00 0.0e+00  0  0  0  0  0   9  0  0  0  0     0
AssembleMat            1 1.0 1.6403e-04 1.2 0.00e+00 0.0 0.0e+00 0.0e+00 0.0e+00  0  0  0  0  0   0  0  0  0  0     0
ParLoopExecute       480 1.0 1.7475e+00 1.2 2.09e+10 1.1 2.8e+04 7.4e+03 0.0e+00  1 10  4  2  0  76100100100  0 550415
ParLoopHaloEnd       480 1.0 3.5691e-0138.2 0.00e+00 0.0 0.0e+00 0.0e+00 0.0e+00  0  0  0  0  0   9  0  0  0  0     0
ParLoopRednBegin     480 1.0 1.2105e-03 1.2 0.00e+00 0.0 0.0e+00 0.0e+00 0.0e+00  0  0  0  0  0   0  0  0  0  0     0
ParLoopRednEnd       480 1.0 2.0187e-03 1.5 0.00e+00 0.0 0.0e+00 0.0e+00 0.0e+00  0  0  0  0  0   0  0  0  0  0     0
ParLoopCells         360 1.0 1.4179e+00 1.1 2.09e+10 1.1 0.0e+00 0.0e+00 0.0e+00  1 10  0  0  0  65100  0  0  0 678378
ParLoopset_11        240 1.0 2.8374e-02 2.3 0.00e+00 0.0 0.0e+00 0.0e+00 0.0e+00  0  0  0  0  0   1  0  0  0  0     0
ParLoopset_12        480 1.0 1.1863e-02 1.4 0.00e+00 0.0 0.0e+00 0.0e+00 0.0e+00  0  0  0  0  0   0  0  0  0  0     0

--- Event Stage 6: P(2) nest matrix

VecSet               200 1.0 1.2477e-01 1.8 0.00e+00 0.0 0.0e+00 0.0e+00 0.0e+00  0  0  0  0  0   3  0  0  0  0     0
VecScatterBegin      360 1.0 2.6219e-02 3.9 0.00e+00 0.0 8.4e+04 4.0e+03 0.0e+00  0  0 12  4  0   0  0100100  0     0
VecScatterEnd        360 1.0 1.7013e-0119.1 0.00e+00 0.0 0.0e+00 0.0e+00 0.0e+00  0  0  0  0  0   2  0  0  0  0     0
MatMult               40 1.0 2.8503e+00 1.0 1.30e+09 1.1 8.4e+04 4.0e+03 4.8e+02  2  1 12  4 16  82 31100100100 21023
MatMultAdd           360 1.0 2.7523e+00 1.1 1.30e+09 1.1 8.4e+04 4.0e+03 0.0e+00  2  1 12  4  0  78 31100100  0 21772
MatAssemblyBegin       8 1.0 6.6757e-06 7.0 0.00e+00 0.0 0.0e+00 0.0e+00 0.0e+00  0  0  0  0  0   0  0  0  0  0     0
MatAssemblyEnd         8 1.0 4.3081e-02 2.2 0.00e+00 0.0 0.0e+00 0.0e+00 0.0e+00  0  0  0  0  0   1  0  0  0  0     0
MatZeroEntries         1 1.0 4.1987e-02 1.1 0.00e+00 0.0 0.0e+00 0.0e+00 0.0e+00  0  0  0  0  0   1  0  0  0  0     0
AssembleMat            1 1.0 5.7037e-01 1.1 2.92e+09 1.1 0.0e+00 0.0e+00 0.0e+00  0  1  0  0  0  16 69  0  0  0 235498
ParLoopExecute         6 1.0 4.9368e-01 1.1 2.92e+09 1.1 0.0e+00 0.0e+00 0.0e+00  0  1  0  0  0  14 69  0  0  0 272081
ParLoopHaloEnd         6 1.0 9.9897e-05 1.5 0.00e+00 0.0 0.0e+00 0.0e+00 0.0e+00  0  0  0  0  0   0  0  0  0  0     0
ParLoopRednBegin       6 1.0 9.3699e-05 2.2 0.00e+00 0.0 0.0e+00 0.0e+00 0.0e+00  0  0  0  0  0   0  0  0  0  0     0
ParLoopRednEnd         6 1.0 6.5327e-05 2.0 0.00e+00 0.0 0.0e+00 0.0e+00 0.0e+00  0  0  0  0  0   0  0  0  0  0     0
ParLoopCells          18 1.0 4.9219e-01 1.1 2.92e+09 1.1 0.0e+00 0.0e+00 0.0e+00  0  1  0  0  0  14 69  0  0  0 272908

--- Event Stage 7: P(3) aij matrix

VecSet                80 1.0 5.0545e-02 2.3 0.00e+00 0.0 0.0e+00 0.0e+00 0.0e+00  0  0  0  0  0   1  0  0  0  0     0
VecScatterBegin       40 1.0 8.6625e-03 3.5 0.00e+00 0.0 9.1e+03 1.5e+04 0.0e+00  0  0  1  2  0   0  0100100  0     0
VecScatterEnd         40 1.0 4.2472e-01108.5 0.00e+00 0.0 0.0e+00 0.0e+00 0.0e+00  0  0  0  0  0   3  0  0  0  0     0
MatMult               40 1.0 2.9165e+00 1.1 1.74e+09 1.1 9.1e+03 1.5e+04 0.0e+00  2  1  1  2  0  73 27100100  0 27569
MatAssemblyBegin      20 1.0 9.2983e-06 9.8 0.00e+00 0.0 0.0e+00 0.0e+00 0.0e+00  0  0  0  0  0   0  0  0  0  0     0
MatAssemblyEnd        20 1.0 4.7215e-02 2.4 0.00e+00 0.0 0.0e+00 0.0e+00 0.0e+00  0  0  0  0  0   1  0  0  0  0     0
MatZeroEntries         1 1.0 4.4210e-02 1.1 0.00e+00 0.0 0.0e+00 0.0e+00 0.0e+00  0  0  0  0  0   1  0  0  0  0     0
AssembleMat            1 1.0 9.7707e-01 1.2 4.77e+09 1.1 0.0e+00 0.0e+00 0.0e+00  1  2  0  0  0  24 73  0  0  0 227009
ParLoopExecute         6 1.0 8.8442e-01 1.1 4.77e+09 1.1 0.0e+00 0.0e+00 0.0e+00  1  2  0  0  0  22 73  0  0  0 250789
ParLoopHaloEnd         6 1.0 8.9884e-05 1.3 0.00e+00 0.0 0.0e+00 0.0e+00 0.0e+00  0  0  0  0  0   0  0  0  0  0     0
ParLoopRednBegin       6 1.0 1.1945e-04 1.8 0.00e+00 0.0 0.0e+00 0.0e+00 0.0e+00  0  0  0  0  0   0  0  0  0  0     0
ParLoopRednEnd         6 1.0 7.0810e-05 1.9 0.00e+00 0.0 0.0e+00 0.0e+00 0.0e+00  0  0  0  0  0   0  0  0  0  0     0
ParLoopCells          18 1.0 8.8271e-01 1.1 4.77e+09 1.1 0.0e+00 0.0e+00 0.0e+00  1  2  0  0  0  22 73  0  0  0 251274

--- Event Stage 8: P(3) matfree matrix

VecCopy              120 1.0 1.2714e-01 2.0 0.00e+00 0.0 0.0e+00 0.0e+00 0.0e+00  0  0  0  0  0   5  0  0  0  0     0
VecSet                80 1.0 6.8024e-02 3.7 0.00e+00 0.0 0.0e+00 0.0e+00 0.0e+00  0  0  0  0  0   2  0  0  0  0     0
VecScatterBegin      600 1.0 1.9021e-01 2.1 0.00e+00 0.0 0.0e+00 0.0e+00 0.0e+00  0  0  0  0  0   7  0  0  0  0     0
VecScatterEnd        600 1.0 2.8563e-04 2.0 0.00e+00 0.0 0.0e+00 0.0e+00 0.0e+00  0  0  0  0  0   0  0  0  0  0     0
MatMult               40 1.0 1.9899e+00 1.0 2.39e+10 1.1 2.7e+04 8.8e+03 0.0e+00  2 12  4  3  0  98100100100  0 558370
MatAssemblyBegin       2 1.0 1.4067e-05 3.5 0.00e+00 0.0 0.0e+00 0.0e+00 0.0e+00  0  0  0  0  0   0  0  0  0  0     0
MatAssemblyEnd         2 1.0 1.0967e-05 2.2 0.00e+00 0.0 0.0e+00 0.0e+00 0.0e+00  0  0  0  0  0   0  0  0  0  0     0
SFBcastBegin         120 1.0 1.1157e-02 4.7 0.00e+00 0.0 2.7e+04 8.8e+03 0.0e+00  0  0  4  3  0   0  0100100  0     0
SFBcastEnd           120 1.0 3.4713e-0153.6 0.00e+00 0.0 0.0e+00 0.0e+00 0.0e+00  0  0  0  0  0   7  0  0  0  0     0
AssembleMat            1 1.0 1.5688e-04 1.1 0.00e+00 0.0 0.0e+00 0.0e+00 0.0e+00  0  0  0  0  0   0  0  0  0  0     0
ParLoopExecute       480 1.0 1.7731e+00 1.1 2.39e+10 1.1 2.7e+04 8.8e+03 0.0e+00  1 12  4  3  0  82100100100  0 626637
ParLoopHaloEnd       480 1.0 3.5317e-0129.4 0.00e+00 0.0 0.0e+00 0.0e+00 0.0e+00  0  0  0  0  0   7  0  0  0  0     0
ParLoopRednBegin     480 1.0 1.2407e-03 1.4 0.00e+00 0.0 0.0e+00 0.0e+00 0.0e+00  0  0  0  0  0   0  0  0  0  0     0
ParLoopRednEnd       480 1.0 1.8880e-03 1.6 0.00e+00 0.0 0.0e+00 0.0e+00 0.0e+00  0  0  0  0  0   0  0  0  0  0     0
ParLoopCells         360 1.0 1.5167e+00 1.1 2.39e+10 1.1 0.0e+00 0.0e+00 0.0e+00  1 12  0  0  0  72100  0  0  0 732582
ParLoopset_19        240 1.0 2.7068e-02 2.9 0.00e+00 0.0 0.0e+00 0.0e+00 0.0e+00  0  0  0  0  0   1  0  0  0  0     0
ParLoopset_20        480 1.0 9.8801e-03 1.3 0.00e+00 0.0 0.0e+00 0.0e+00 0.0e+00  0  0  0  0  0   0  0  0  0  0     0

--- Event Stage 9: P(3) nest matrix

VecSet               200 1.0 7.9447e-02 1.7 0.00e+00 0.0 0.0e+00 0.0e+00 0.0e+00  0  0  0  0  0   2  0  0  0  0     0
VecScatterBegin      360 1.0 2.2534e-02 3.4 0.00e+00 0.0 8.2e+04 4.7e+03 0.0e+00  0  0 11  4  0   0  0100100  0     0
VecScatterEnd        360 1.0 2.3838e-0117.8 0.00e+00 0.0 0.0e+00 0.0e+00 0.0e+00  0  0  0  0  0   2  0  0  0  0     0
MatMult               40 1.0 2.9770e+00 1.0 1.42e+09 1.1 8.2e+04 4.7e+03 4.8e+02  2  1 11  4 16  81 23100100100 22123
MatMultAdd           360 1.0 2.8615e+00 1.1 1.42e+09 1.1 8.2e+04 4.7e+03 0.0e+00  2  1 11  4  0  77 23100100  0 23016
MatAssemblyBegin       8 1.0 6.9141e-06 0.0 0.00e+00 0.0 0.0e+00 0.0e+00 0.0e+00  0  0  0  0  0   0  0  0  0  0     0
MatAssemblyEnd         8 1.0 3.4892e-02 2.0 0.00e+00 0.0 0.0e+00 0.0e+00 0.0e+00  0  0  0  0  0   1  0  0  0  0     0
MatZeroEntries         1 1.0 4.4334e-02 1.1 0.00e+00 0.0 0.0e+00 0.0e+00 0.0e+00  0  0  0  0  0   1  0  0  0  0     0
AssembleMat            1 1.0 6.7479e-01 1.1 4.77e+09 1.1 0.0e+00 0.0e+00 0.0e+00  1  2  0  0  0  18 77  0  0  0 328701
ParLoopExecute         6 1.0 6.0672e-01 1.1 4.77e+09 1.1 0.0e+00 0.0e+00 0.0e+00  0  2  0  0  0  16 77  0  0  0 365577
ParLoopHaloEnd         6 1.0 9.4652e-05 1.5 0.00e+00 0.0 0.0e+00 0.0e+00 0.0e+00  0  0  0  0  0   0  0  0  0  0     0
ParLoopRednBegin       6 1.0 9.0599e-05 2.0 0.00e+00 0.0 0.0e+00 0.0e+00 0.0e+00  0  0  0  0  0   0  0  0  0  0     0
ParLoopRednEnd         6 1.0 6.0081e-05 1.8 0.00e+00 0.0 0.0e+00 0.0e+00 0.0e+00  0  0  0  0  0   0  0  0  0  0     0
ParLoopCells          18 1.0 6.0514e-01 1.1 4.77e+09 1.1 0.0e+00 0.0e+00 0.0e+00  0  2  0  0  0  16 77  0  0  0 366531

--- Event Stage 10: P(4) aij matrix

VecSet                80 1.0 5.7437e-02 2.1 0.00e+00 0.0 0.0e+00 0.0e+00 0.0e+00  0  0  0  0  0   1  0  0  0  0     0
VecScatterBegin       40 1.0 1.1395e-02 4.4 0.00e+00 0.0 9.4e+03 1.8e+04 0.0e+00  0  0  1  2  0   0  0100100  0     0
VecScatterEnd         40 1.0 5.1846e-01306.6 0.00e+00 0.0 0.0e+00 0.0e+00 0.0e+00  0  0  0  0  0   4  0  0  0  0     0
MatMult               40 1.0 3.8449e+00 1.1 2.47e+09 1.1 9.4e+03 1.8e+04 0.0e+00  3  1  1  2  0  70 17100100  0 29607
MatAssemblyBegin      20 1.0 1.0014e-05 4.7 0.00e+00 0.0 0.0e+00 0.0e+00 0.0e+00  0  0  0  0  0   0  0  0  0  0     0
MatAssemblyEnd        20 1.0 5.8802e-02 2.2 0.00e+00 0.0 0.0e+00 0.0e+00 0.0e+00  0  0  0  0  0   1  0  0  0  0     0
MatZeroEntries         1 1.0 6.3906e-02 1.1 0.00e+00 0.0 0.0e+00 0.0e+00 0.0e+00  0  0  0  0  0   1  0  0  0  0     0
AssembleMat            1 1.0 1.5176e+00 1.1 1.23e+10 1.1 0.0e+00 0.0e+00 0.0e+00  1  6  0  0  0  27 83  0  0  0 370639
ParLoopExecute         6 1.0 1.4188e+00 1.1 1.23e+10 1.1 0.0e+00 0.0e+00 0.0e+00  1  6  0  0  0  25 83  0  0  0 396457
ParLoopHaloEnd         6 1.0 9.2030e-05 1.4 0.00e+00 0.0 0.0e+00 0.0e+00 0.0e+00  0  0  0  0  0   0  0  0  0  0     0
ParLoopRednBegin       6 1.0 1.0705e-04 1.6 0.00e+00 0.0 0.0e+00 0.0e+00 0.0e+00  0  0  0  0  0   0  0  0  0  0     0
ParLoopRednEnd         6 1.0 6.8426e-05 1.8 0.00e+00 0.0 0.0e+00 0.0e+00 0.0e+00  0  0  0  0  0   0  0  0  0  0     0
ParLoopCells          18 1.0 1.4172e+00 1.1 1.23e+10 1.1 0.0e+00 0.0e+00 0.0e+00  1  6  0  0  0  25 83  0  0  0 396900

--- Event Stage 11: P(4) matfree matrix

VecCopy              120 1.0 1.2717e-01 2.1 0.00e+00 0.0 0.0e+00 0.0e+00 0.0e+00  0  0  0  0  0   3  0  0  0  0     0
VecSet                80 1.0 6.4307e-02 3.5 0.00e+00 0.0 0.0e+00 0.0e+00 0.0e+00  0  0  0  0  0   1  0  0  0  0     0
VecScatterBegin      600 1.0 1.9714e-01 2.2 0.00e+00 0.0 0.0e+00 0.0e+00 0.0e+00  0  0  0  0  0   4  0  0  0  0     0
VecScatterEnd        600 1.0 2.6488e-04 1.7 0.00e+00 0.0 0.0e+00 0.0e+00 0.0e+00  0  0  0  0  0   0  0  0  0  0     0
MatMult               40 1.0 3.1863e+00 1.0 4.51e+10 1.1 2.8e+04 1.1e+04 0.0e+00  3 22  4  4  0  99100100100  0 648153
MatAssemblyBegin       2 1.0 1.0252e-05 2.1 0.00e+00 0.0 0.0e+00 0.0e+00 0.0e+00  0  0  0  0  0   0  0  0  0  0     0
MatAssemblyEnd         2 1.0 9.7752e-06 2.0 0.00e+00 0.0 0.0e+00 0.0e+00 0.0e+00  0  0  0  0  0   0  0  0  0  0     0
SFBcastBegin         120 1.0 1.1491e-02 4.4 0.00e+00 0.0 2.8e+04 1.1e+04 0.0e+00  0  0  4  4  0   0  0100100  0     0
SFBcastEnd           120 1.0 4.3292e-0129.0 0.00e+00 0.0 0.0e+00 0.0e+00 0.0e+00  0  0  0  0  0   7  0  0  0  0     0
AssembleMat            1 1.0 1.6499e-04 1.2 0.00e+00 0.0 0.0e+00 0.0e+00 0.0e+00  0  0  0  0  0   0  0  0  0  0     0
ParLoopExecute       480 1.0 2.9771e+00 1.1 4.51e+10 1.1 2.8e+04 1.1e+04 0.0e+00  2 22  4  4  0  90100100100  0 693694
ParLoopHaloEnd       480 1.0 4.3775e-0121.7 0.00e+00 0.0 0.0e+00 0.0e+00 0.0e+00  0  0  0  0  0   7  0  0  0  0     0
ParLoopRednBegin     480 1.0 1.2553e-03 1.4 0.00e+00 0.0 0.0e+00 0.0e+00 0.0e+00  0  0  0  0  0   0  0  0  0  0     0
ParLoopRednEnd       480 1.0 1.9796e-03 1.5 0.00e+00 0.0 0.0e+00 0.0e+00 0.0e+00  0  0  0  0  0   0  0  0  0  0     0
ParLoopCells         360 1.0 2.7522e+00 1.1 4.51e+10 1.1 0.0e+00 0.0e+00 0.0e+00  2 22  0  0  0  82100  0  0  0 750373
ParLoopset_27        240 1.0 2.0743e-02 2.3 0.00e+00 0.0 0.0e+00 0.0e+00 0.0e+00  0  0  0  0  0   0  0  0  0  0     0
ParLoopset_28        480 1.0 1.0441e-02 1.3 0.00e+00 0.0 0.0e+00 0.0e+00 0.0e+00  0  0  0  0  0   0  0  0  0  0     0

--- Event Stage 12: P(4) nest matrix

VecSet               200 1.0 8.0951e-02 2.6 0.00e+00 0.0 0.0e+00 0.0e+00 0.0e+00  0  0  0  0  0   1  0  0  0  0     0
VecScatterBegin      360 1.0 2.9606e-02 5.0 0.00e+00 0.0 8.4e+04 5.6e+03 0.0e+00  0  0 12  5  0   0  0100100  0     0
VecScatterEnd        360 1.0 2.6676e-0129.4 0.00e+00 0.0 0.0e+00 0.0e+00 0.0e+00  0  0  0  0  0   2  0  0  0  0     0
MatMult               40 1.0 4.0588e+00 1.0 2.05e+09 1.1 8.4e+04 5.6e+03 4.8e+02  3  1 12  5 16  78 14100100100 23286
MatMultAdd           360 1.0 3.9269e+00 1.1 2.05e+09 1.1 8.4e+04 5.6e+03 0.0e+00  3  1 12  5  0  75 14100100  0 24068
MatAssemblyBegin       8 1.0 6.1989e-06 6.5 0.00e+00 0.0 0.0e+00 0.0e+00 0.0e+00  0  0  0  0  0   0  0  0  0  0     0
MatAssemblyEnd         8 1.0 3.4699e-02 1.6 0.00e+00 0.0 0.0e+00 0.0e+00 0.0e+00  0  0  0  0  0   1  0  0  0  0     0
MatZeroEntries         1 1.0 6.3619e-02 1.1 0.00e+00 0.0 0.0e+00 0.0e+00 0.0e+00  0  0  0  0  0   1  0  0  0  0     0
AssembleMat            1 1.0 1.1218e+00 1.1 1.23e+10 1.1 0.0e+00 0.0e+00 0.0e+00  1  6  0  0  0  21 86  0  0  0 501400
ParLoopExecute         6 1.0 1.0336e+00 1.1 1.23e+10 1.1 0.0e+00 0.0e+00 0.0e+00  1  6  0  0  0  19 86  0  0  0 544231
ParLoopHaloEnd         6 1.0 8.3923e-05 1.3 0.00e+00 0.0 0.0e+00 0.0e+00 0.0e+00  0  0  0  0  0   0  0  0  0  0     0
ParLoopRednBegin       6 1.0 8.8215e-05 1.5 0.00e+00 0.0 0.0e+00 0.0e+00 0.0e+00  0  0  0  0  0   0  0  0  0  0     0
ParLoopRednEnd         6 1.0 5.6744e-05 1.6 0.00e+00 0.0 0.0e+00 0.0e+00 0.0e+00  0  0  0  0  0   0  0  0  0  0     0
ParLoopCells          18 1.0 1.0321e+00 1.1 1.23e+10 1.1 0.0e+00 0.0e+00 0.0e+00  1  6  0  0  0  19 86  0  0  0 545023
------------------------------------------------------------------------------------------------------------------------

Memory usage is given in bytes:

Object Type          Creations   Destructions     Memory  Descendants' Mem.
Reports information only for process 0.

--- Event Stage 0: Main Stage

           Container    22             21        12936     0.
              Viewer     1              0            0     0.
         PetscRandom    12             12         8232     0.
           Index Set  1400           1379      1654264     0.
   IS L to G Mapping    96             91     99304456     0.
             Section   303            288       218880     0.
              Vector   215            201    107129872     0.
      Vector Scatter    52             40     14586240     0.
              Matrix   183            154   2217170552     0.
    Distributed Mesh    57             54       263568     0.
    GraphPartitioner    23             22        14432     0.
Star Forest Bipartite Graph   288            281       250280     0.
     Discrete System    57             54        50112     0.

--- Event Stage 1: P(1) aij matrix


--- Event Stage 2: P(1) matfree matrix


--- Event Stage 3: P(1) nest matrix

              Vector   240            240       428160     0.

--- Event Stage 4: P(2) aij matrix


--- Event Stage 5: P(2) matfree matrix


--- Event Stage 6: P(2) nest matrix

              Vector   240            240       428160     0.

--- Event Stage 7: P(3) aij matrix


--- Event Stage 8: P(3) matfree matrix


--- Event Stage 9: P(3) nest matrix

              Vector   240            240       428160     0.

--- Event Stage 10: P(4) aij matrix


--- Event Stage 11: P(4) matfree matrix


--- Event Stage 12: P(4) nest matrix

              Vector   240            240       428160     0.
========================================================================================================================
Average time to get PetscTime(): 1.19209e-07
Average time for MPI_Barrier(): 1.13964e-05
Average time for zero size MPI_Send(): 1.37587e-06
#PETSc Option Table entries:
--dimension 2
--output-file rb-matvecs.csv
--problem rayleigh_benard
-log_view
#End of PETSc Option Table entries
Compiled without FORTRAN kernels
Compiled with full precision matrices (default)
sizeof(short) 2 sizeof(int) 4 sizeof(long) 8 sizeof(void*) 8 sizeof(PetscScalar) 8 sizeof(PetscInt) 8
Configure options: --COPTFLAGS="-march=ivybridge -O3" --CXXOPTFLAGS="-march=ivybridge -O3" --FOPTFLAGS="-march=ivybridge -O3" --PETSC_ARCH=petsc-gnu51-ivybridge-int64 --download-exodusii --download-hypre --download-metis --download-netcdf --download-parmetis --download-sowing=1 --known-bits-per-byte=8 --known-has-attribute-aligned=1 --known-level1-dcache-assoc=8 --known-level1-dcache-linesize=64 --known-level1-dcache-size=32768 --known-memcmp-ok=1 --known-mpi-c-double-complex=1 --known-mpi-int64_t=1 --known-mpi-long-double=1 --known-mpi-shared-libraries=1 --known-sdot-returns-double=0 --known-sizeof-MPI_Comm=4 --known-sizeof-MPI_Fint=4 --known-sizeof-char=1 --known-sizeof-double=8 --known-sizeof-float=4 --known-sizeof-int=4 --known-sizeof-long-long=8 --known-sizeof-long=8 --known-sizeof-short=2 --known-sizeof-size_t=8 --known-sizeof-void-p=8 --known-snrm2-returns-double=0 --prefix=/work/n01/n01/lmn01/petsc-gnu51-ivybridge-int64 --with-64-bit-indices=1 --with-batch=1 --with-blas-lapack-lib="-L/opt/cray/libsci/16.03.1/GNU/5.1/x86_64/lib -lsci_gnu_mp" --with-cc=cc --with-clib-autodetect=0 --with-cxx=CC --with-cxxlib-autodetect=0 --with-debugging=0 --with-fc=ftn --with-fortranlib-autodetect=0 --with-hdf5-dir=/opt/cray/hdf5-parallel/1.8.14/GNU/5.1 --with-hdf5=1 --with-make-np=4 --with-pic=1 --with-shared-libraries=1 --with-x=0 --download-eigen
-----------------------------------------
Libraries compiled on Tue Feb 14 12:07:09 2017 on eslogin003 
Machine characteristics: Linux-3.0.101-0.47.86.1.11753.0.PTF-default-x86_64-with-SuSE-11-x86_64
Using PETSc directory: /home2/n01/n01/lmn01/src/petsc
Using PETSc arch: petsc-gnu51-ivybridge-int64
-----------------------------------------

Using C compiler: cc  -fPIC  -march=ivybridge -O3  ${COPTFLAGS} ${CFLAGS}
Using Fortran compiler: ftn  -fPIC -march=ivybridge -O3   ${FOPTFLAGS} ${FFLAGS} 
-----------------------------------------

Using include paths: -I/home2/n01/n01/lmn01/src/petsc/petsc-gnu51-ivybridge-int64/include -I/home2/n01/n01/lmn01/src/petsc/include -I/home2/n01/n01/lmn01/src/petsc/include -I/home2/n01/n01/lmn01/src/petsc/petsc-gnu51-ivybridge-int64/include -I/work/n01/n01/lmn01/petsc-gnu51-ivybridge-int64/include -I/work/n01/n01/lmn01/petsc-gnu51-ivybridge-int64/include/eigen3 -I/opt/cray/hdf5-parallel/1.8.14/GNU/5.1/include
-----------------------------------------

Using C linker: cc
Using Fortran linker: ftn
Using libraries: -Wl,-rpath,/home2/n01/n01/lmn01/src/petsc/petsc-gnu51-ivybridge-int64/lib -L/home2/n01/n01/lmn01/src/petsc/petsc-gnu51-ivybridge-int64/lib -lpetsc -Wl,-rpath,/work/n01/n01/lmn01/petsc-gnu51-ivybridge-int64/lib -L/work/n01/n01/lmn01/petsc-gnu51-ivybridge-int64/lib -lHYPRE -lparmetis -lmetis -lexoIIv2for -lexodus -lnetcdf -Wl,-rpath,/opt/cray/hdf5-parallel/1.8.14/GNU/5.1/lib -L/opt/cray/hdf5-parallel/1.8.14/GNU/5.1/lib -lhdf5hl_fortran -lhdf5_fortran -lhdf5_hl -lhdf5 -lssl -lcrypto -ldl 
-----------------------------------------

Application 28645449 resources: utime ~3442s, stime ~179s, Rss ~2618700, inblocks ~2465124, outblocks ~40088
