************************************************************************************************************************
***             WIDEN YOUR WINDOW TO 120 CHARACTERS.  Use 'enscript -r -fCourier9' to print this document            ***
************************************************************************************************************************

---------------------------------------------- PETSc Performance Summary: ----------------------------------------------

rayleigh-benard-weak-scale.py on a petsc-gnu51-ivybridge-int64 named nid04583 with 48 processors, by lmn02 Mon Feb 27 19:14:42 2017
Using Petsc Development GIT revision: v3.7.5-3014-g413f72f  GIT Date: 2017-02-05 17:50:57 -0600

                         Max       Max/Min        Avg      Total 
Time (sec):           1.708e+02      1.00004   1.708e+02
Objects:              1.672e+03      1.16597   1.460e+03
Flops:                1.917e+11      1.37429   1.688e+11  8.101e+12
Flops/sec:            1.122e+09      1.37429   9.881e+08  4.743e+10
MPI Messages:         6.698e+04      3.58954   3.893e+04  1.868e+06
MPI Message Lengths:  3.808e+08      2.40455   7.127e+03  1.332e+10
MPI Reductions:       9.672e+03      1.00760

Flop counting convention: 1 flop = 1 real number operation of type (multiply/divide/add/subtract)
                            e.g., VecAXPY() for real vectors of length N --> 2N flops
                            and VecAXPY() for complex vectors of length N --> 8N flops

Summary of Stages:   ----- Time ------  ----- Flops -----  --- Messages ---  -- Message Lengths --  -- Reductions --
                        Avg     %Total     Avg     %Total   counts   %Total     Avg         %Total   counts   %Total 
 0:      Main Stage: 6.8858e+01  40.3%  8.9294e+06   0.0%  6.514e+04   3.5%  4.627e+02        6.5%  9.400e+01   1.0% 
 1:          Warmup: 6.5494e+01  38.3%  4.0511e+12  50.0%  9.028e+05  48.3%  3.357e+03       47.1%  4.875e+03  50.4% 
 2: P(1, 19) Warm solve pcd_mg: 3.6444e+01  21.3%  4.0500e+12  50.0%  9.005e+05  48.2%  3.307e+03       46.4%  4.641e+03  48.0% 

------------------------------------------------------------------------------------------------------------------------
See the 'Profiling' chapter of the users' manual for details on interpreting output.
Phase summary info:
   Count: number of times phase was executed
   Time and Flops: Max - maximum over all processors
                   Ratio - ratio of maximum to minimum over all processors
   Mess: number of messages sent
   Avg. len: average message length (bytes)
   Reduct: number of global reductions
   Global: entire computation
   Stage: stages of a computation. Set stages with PetscLogStagePush() and PetscLogStagePop().
      %T - percent time in this phase         %F - percent flops in this phase
      %M - percent messages in this phase     %L - percent message lengths in this phase
      %R - percent reductions in this phase
   Total Mflop/s: 10e-6 * (sum of flops over all processors)/(max time over all processors)
------------------------------------------------------------------------------------------------------------------------
Event                Count      Time (sec)     Flops                             --- Global ---  --- Stage ---   Total
                   Max Ratio  Max     Ratio   Max  Ratio  Mess   Avg len Reduct  %T %F %M %L %R  %T %F %M %L %R Mflop/s
------------------------------------------------------------------------------------------------------------------------

--- Event Stage 0: Main Stage

PetscBarrier           1 1.0 2.2707e-02 1.0 0.00e+00 0.0 9.6e+02 2.4e+01 5.0e+00  0  0  0  0  0   0  0  1  0  5     0
BuildTwoSided         41 1.0 1.8459e-01 3.7 0.00e+00 0.0 9.2e+03 8.0e+00 0.0e+00  0  0  0  0  0   0  0 14  0  0     0
VecSet                 4 1.0 2.2950e-03 1.3 0.00e+00 0.0 0.0e+00 0.0e+00 0.0e+00  0  0  0  0  0   0  0  0  0  0     0
VecScatterBegin        9 1.0 1.5485e-03 1.3 0.00e+00 0.0 0.0e+00 0.0e+00 0.0e+00  0  0  0  0  0   0  0  0  0  0     0
VecScatterEnd          9 1.0 1.4398e-03 1.2 0.00e+00 0.0 0.0e+00 0.0e+00 0.0e+00  0  0  0  0  0   0  0  0  0  0     0
MatAssemblyBegin       1 1.0 7.6056e-05 3.5 0.00e+00 0.0 0.0e+00 0.0e+00 0.0e+00  0  0  0  0  0   0  0  0  0  0     0
MatAssemblyEnd         1 1.0 2.0599e-04 2.7 0.00e+00 0.0 0.0e+00 0.0e+00 0.0e+00  0  0  0  0  0   0  0  0  0  0     0
Mesh Partition         2 1.0 4.2073e-01 1.0 0.00e+00 0.0 3.4e+04 2.3e+03 1.1e+01  0  0  2  1  0   1  0 52  9 12     0
Mesh Migration         2 1.0 2.2907e-01 1.1 0.00e+00 0.0 2.6e+04 2.6e+04 2.4e+01  0  0  1  5  0   0  0 39 78 26     0
DMPlexInterp           1 1.0 2.8498e-01 1.0 0.00e+00 0.0 0.0e+00 0.0e+00 2.0e+00  0  0  0  0  0   0  0  0  0  2     0
DMPlexDistribute       1 1.0 3.5750e-01 1.0 0.00e+00 0.0 1.6e+04 4.2e+03 9.0e+00  0  0  1  1  0   1  0 25  8 10     0
DMPlexDistCones        2 1.0 9.6491e-02 1.1 0.00e+00 0.0 4.3e+03 5.8e+04 0.0e+00  0  0  0  2  0   0  0  7 29  0     0
DMPlexDistLabels       2 1.0 7.6374e-02 1.0 0.00e+00 0.0 1.4e+04 2.5e+04 2.0e+00  0  0  1  3  0   0  0 21 39  2     0
DMPlexDistribOL        1 1.0 2.9147e-01 1.0 0.00e+00 0.0 4.4e+04 1.7e+04 2.6e+01  0  0  2  5  0   0  0 67 84 28     0
DMPlexDistField        3 1.0 7.8819e-03 1.1 0.00e+00 0.0 5.7e+03 5.8e+03 2.0e+00  0  0  0  0  0   0  0  9  4  2     0
DMPlexDistData         2 1.0 1.8808e-01 2.7 0.00e+00 0.0 2.9e+04 9.8e+02 0.0e+00  0  0  2  0  0   0  0 44  3  0     0
DMPlexStratify         6 1.0 3.4150e-01 2.1 0.00e+00 0.0 0.0e+00 0.0e+00 6.0e+00  0  0  0  0  0   0  0  0  0  6     0
SFSetGraph            47 1.0 2.2761e-02 1.8 0.00e+00 0.0 0.0e+00 0.0e+00 0.0e+00  0  0  0  0  0   0  0  0  0  0     0
SFBcastBegin          90 1.0 2.8970e-01 1.7 0.00e+00 0.0 6.2e+04 1.3e+04 0.0e+00  0  0  3  6  0   0  0 96 96  0     0
SFBcastEnd            90 1.0 1.7636e-01 2.6 0.00e+00 0.0 0.0e+00 0.0e+00 0.0e+00  0  0  0  0  0   0  0  0  0  0     0
SFReduceBegin          4 1.0 2.2881e-03 6.0 0.00e+00 0.0 1.7e+03 4.3e+03 0.0e+00  0  0  0  0  0   0  0  3  1  0     0
SFReduceEnd            4 1.0 1.9960e-03 3.8 0.00e+00 0.0 0.0e+00 0.0e+00 0.0e+00  0  0  0  0  0   0  0  0  0  0     0
SFFetchOpBegin         1 1.0 2.8133e-05 4.7 0.00e+00 0.0 2.1e+02 2.9e+03 0.0e+00  0  0  0  0  0   0  0  0  0  0     0
SFFetchOpEnd           1 1.0 4.7493e-04 4.7 0.00e+00 0.0 2.1e+02 2.9e+03 0.0e+00  0  0  0  0  0   0  0  0  0  0     0
CreateMesh             5 1.0 9.7867e-01 1.0 0.00e+00 0.0 6.0e+04 1.3e+04 3.9e+01  1  0  3  6  0   1  0 92 92 41     0
Mesh: reorder          1 1.0 1.1855e-02 1.6 0.00e+00 0.0 0.0e+00 0.0e+00 2.0e+00  0  0  0  0  0   0  0  0  0  2     0
Mesh: numbering        1 1.0 1.9221e-01 1.0 0.00e+00 0.0 0.0e+00 0.0e+00 2.0e+00  0  0  0  0  0   0  0  0  0  2     0
CreateFunctionSpace      31 1.0 6.2464e-01 1.0 0.00e+00 0.0 3.3e+03 1.4e+04 8.0e+00  0  0  0  0  0   1  0  5  5  9     0
ParLoopExecute        14 1.0 2.2433e-01 1.9 2.07e+05 1.3 0.0e+00 0.0e+00 0.0e+00  0  0  0  0  0   0100  0  0  0    40
ParLoopset_0          20 1.0 4.3693e-03 1.7 1.81e+04 1.7 0.0e+00 0.0e+00 0.0e+00  0  0  0  0  0   0  8  0  0  0   163
ParLoopHaloEnd        14 1.0 3.6478e-05 2.0 0.00e+00 0.0 0.0e+00 0.0e+00 0.0e+00  0  0  0  0  0   0  0  0  0  0     0
ParLoopRednBegin      14 1.0 2.3512e-02 5.3 0.00e+00 0.0 0.0e+00 0.0e+00 0.0e+00  0  0  0  0  0   0  0  0  0  0     0
ParLoopRednEnd        14 1.0 9.2506e-05 1.2 0.00e+00 0.0 0.0e+00 0.0e+00 0.0e+00  0  0  0  0  0   0  0  0  0  0     0
ParLoopset_4           8 1.0 3.0391e-03 1.6 1.89e+05 1.3 0.0e+00 0.0e+00 0.0e+00  0  0  0  0  0   0 92  0  0  0  2704

--- Event Stage 1: Warmup

BuildTwoSided          2 1.0 1.1335e-02 3.1 0.00e+00 0.0 4.4e+02 8.0e+00 0.0e+00  0  0  0  0  0   0  0  0  0  0     0
VecDot              3948 1.0 4.0102e-01 1.3 2.61e+08 1.3 0.0e+00 0.0e+00 3.9e+03  0  0  0  0 41   1  0  0  0 81 28150
VecMDot              110 1.0 1.2614e-02 3.1 1.31e+06 1.7 0.0e+00 0.0e+00 1.1e+02  0  0  0  0  1   0  0  0  0  2  4090
VecNorm              497 1.0 2.1141e-02 1.3 2.49e+07 1.3 0.0e+00 0.0e+00 5.0e+02  0  0  0  0  5   0  0  0  0 10 50955
VecScale            1223 1.0 7.9143e-03 1.3 1.34e+07 1.3 0.0e+00 0.0e+00 0.0e+00  0  0  0  0  0   0  0  0  0  0 72535
VecCopy             2887 1.0 6.5698e-02 1.3 0.00e+00 0.0 0.0e+00 0.0e+00 0.0e+00  0  0  0  0  0   0  0  0  0  0     0
VecSet              2822 1.5 3.6625e-02 1.8 0.00e+00 0.0 0.0e+00 0.0e+00 0.0e+00  0  0  0  0  0   0  0  0  0  0     0
VecAXPY             3983 1.0 8.6314e-02 1.4 2.62e+08 1.3 0.0e+00 0.0e+00 0.0e+00  0  0  0  0  0   0  0  0  0  0 131442
VecWAXPY               3 1.0 9.7609e-04 5.2 1.04e+05 1.3 0.0e+00 0.0e+00 0.0e+00  0  0  0  0  0   0  0  0  0  0  4574
VecMAXPY             145 1.0 2.3119e-02 1.4 2.51e+07 1.3 0.0e+00 0.0e+00 0.0e+00  0  0  0  0  0   0  0  0  0  0 46639
VecScatterBegin     6544 1.0 1.6192e-01 1.4 0.00e+00 0.0 2.0e+05 2.6e+03 0.0e+00  0  0 11  4  0   0  0 22  8  0     0
VecScatterEnd       6544 1.0 5.3232e+0032.1 0.00e+00 0.0 0.0e+00 0.0e+00 0.0e+00  2  0  0  0  0   6  0  0  0  0     0
VecReduceArith         9 1.0 8.3709e-04 4.8 6.21e+05 1.3 0.0e+00 0.0e+00 0.0e+00  0  0  0  0  0   0  0  0  0  0 32001
VecReduceComm          3 1.0 6.6700e-0326.3 0.00e+00 0.0 0.0e+00 0.0e+00 3.0e+00  0  0  0  0  0   0  0  0  0  0     0
VecNormalize         480 1.0 2.3270e-02 1.2 3.56e+07 1.3 0.0e+00 0.0e+00 4.8e+02  0  0  0  0  5   0  0  0  0 10 66177
MatMult             1188 1.0 1.0781e+01 1.5 8.80e+10 1.4 6.9e+05 8.1e+03 3.3e+01  5 46 37 42  0  14 92 76 89  1 344343
MatSOR               354 1.0 9.8984e-0111.3 3.72e+07 1.7 1.5e+05 5.6e+02 0.0e+00  0  0  8  1  0   1  0 17  1  0  1429
MatConvert             7 2.3 3.0168e-01 1.2 0.00e+00 0.0 0.0e+00 0.0e+00 5.3e+00  0  0  0  0  0   0  0  0  0  0     0
MatAssemblyBegin      68 1.1 1.9691e-0321.9 0.00e+00 0.0 0.0e+00 0.0e+00 1.3e+00  0  0  0  0  0   0  0  0  0  0     0
MatAssemblyEnd        68 1.1 6.2043e-01 2.7 0.00e+00 0.0 3.6e+03 1.4e+03 5.3e+01  0  0  0  0  1   1  0  0  0  1     0
MatGetRowIJ           14 2.3 3.4866e-03 1.7 0.00e+00 0.0 0.0e+00 0.0e+00 0.0e+00  0  0  0  0  0   0  0  0  0  0     0
MatGetSubMatrice       4 1.0 1.0106e-01 1.7 0.00e+00 0.0 1.0e+03 5.5e+04 8.0e+00  0  0  0  0  0   0  0  0  1  0     0
MatGetSubMatrix       21 1.0 1.3985e+01 1.0 0.00e+00 0.0 0.0e+00 0.0e+00 8.0e+01  8  0  0  0  1  21  0  0  0  2     0
MatZeroEntries         6 1.0 2.0386e-02 1.4 0.00e+00 0.0 0.0e+00 0.0e+00 0.0e+00  0  0  0  0  0   0  0  0  0  0     0
MatView               13 1.3 1.7168e-02 1.3 0.00e+00 0.0 8.5e+02 4.0e+00 5.5e+00  0  0  0  0  0   0  0  0  0  0     0
MatMPIConcateSeq       4 0.0 3.8161e-02 0.0 0.00e+00 0.0 2.0e+02 1.4e+03 6.3e+00  0  0  0  0  0   0  0  0  0  0     0
PCSetUp               27 1.2 2.4733e+01 1.0 6.72e+09 1.4 9.8e+03 1.4e+04 2.7e+02 14  4  1  1  3  37  7  1  2  6 11476
PCApply               16 1.0 5.0803e+01 1.0 9.16e+10 1.4 8.7e+05 7.0e+03 4.7e+03 30 48 47 46 49  78 96 97 97 97 76254
KSPSolve_FS_0         16 1.0 4.6142e+01 1.0 8.96e+10 1.4 8.0e+05 7.2e+03 4.4e+03 27 47 43 43 46  70 93 88 92 91 82045
KSPSolve_FS_1         16 1.0 4.5968e+00 1.0 1.87e+09 1.4 6.3e+04 3.2e+03 2.9e+02  3  1  3  2  3   7  2  7  3  6 17186
KSPSolve_FS_Schu     354 1.0 8.6480e+00 1.2 6.75e+09 1.4 3.4e+05 1.6e+03 5.1e+01  5  4 18  4  1  12  7 38  9  1 33010
KSPGMRESOrthog       464 1.0 4.8889e-01 1.2 5.24e+08 1.3 0.0e+00 0.0e+00 4.1e+03  0  0  0  0 42   1  1  0  0 83 46392
KSPSetUp              24 1.3 7.5336e-03 2.3 0.00e+00 0.0 0.0e+00 0.0e+00 4.3e+00  0  0  0  0  0   0  0  0  0  0     0
KSPSolve               3 1.0 5.8108e+01 1.0 9.52e+10 1.4 9.0e+05 7.0e+03 4.9e+03 34 50 48 47 50  89 99 99 99100 69232
SNESSolve              1 1.0 6.4754e+01 1.0 9.58e+10 1.4 9.0e+05 7.0e+03 4.9e+03 38 50 48 47 50  99100100100100 62562
SNESFunctionEval       4 1.0 6.5812e+00 1.0 6.68e+08 1.4 6.5e+03 5.3e+03 0.0e+00  4  0  0  0  0  10  1  1  1  0  4283
SNESJacobianEval       3 1.0 7.7879e-03 1.3 0.00e+00 0.0 0.0e+00 0.0e+00 0.0e+00  0  0  0  0  0   0  0  0  0  0     0
SNESLineSearch         3 1.0 7.1692e-02 1.0 5.01e+08 1.4 3.9e+03 6.1e+03 3.0e+00  0  0  0  0  0   0  1  0  0  0 295327
SFBcastBegin        1595 1.0 2.9650e-01 1.5 0.00e+00 0.0 7.0e+05 8.1e+03 0.0e+00  0  0 37 42  0   0  0 77 90  0     0
SFBcastEnd          1595 1.0 2.1453e+0015.9 0.00e+00 0.0 0.0e+00 0.0e+00 0.0e+00  1  0  0  0  0   2  0  0  0  0     0
CreateFunctionSpace      17 1.0 1.9170e-02 1.4 0.00e+00 0.0 0.0e+00 0.0e+00 0.0e+00  0  0  0  0  0   0  0  0  0  0     0
ParLoopExecute      4779 1.0 2.0006e+01 1.2 9.53e+10 1.4 7.0e+05 8.1e+03 0.0e+00 11 50 37 42  0  27 99 77 90  0 201157
ParLoopset_0        3516 1.0 4.0211e-02 1.1 0.00e+00 0.0 0.0e+00 0.0e+00 0.0e+00  0  0  0  0  0   0  0  0  0  0     0
ParLoopHaloEnd      4779 1.0 2.2207e+0011.3 0.00e+00 0.0 0.0e+00 0.0e+00 0.0e+00  1  0  0  0  0   2  0  0  0  0     0
ParLoopRednBegin    4779 1.0 1.1132e-02 1.2 0.00e+00 0.0 0.0e+00 0.0e+00 0.0e+00  0  0  0  0  0   0  0  0  0  0     0
ParLoopRednEnd      4779 1.0 1.6173e-02 1.2 0.00e+00 0.0 0.0e+00 0.0e+00 0.0e+00  0  0  0  0  0   0  0  0  0  0     0
ParLoopset_4        2882 1.0 1.3326e-01 1.2 0.00e+00 0.0 0.0e+00 0.0e+00 0.0e+00  0  0  0  0  0   0  0  0  0  0     0
ApplyBC                3 1.0 7.1033e-01 1.0 0.00e+00 0.0 0.0e+00 0.0e+00 0.0e+00  0  0  0  0  0   1  0  0  0  0     0
ParLoopset_5           2 1.0 5.0592e-04 1.4 0.00e+00 0.0 0.0e+00 0.0e+00 0.0e+00  0  0  0  0  0   0  0  0  0  0     0
ParLoopset_6           2 1.0 3.8481e-04 1.1 0.00e+00 0.0 0.0e+00 0.0e+00 0.0e+00  0  0  0  0  0   0  0  0  0  0     0
ParLoopCells        4734 1.0 8.2639e+00 1.4 9.53e+10 1.4 0.0e+00 0.0e+00 0.0e+00  4 50  0  0  0  11 99  0  0  0 486972
CreateSparsity         4 1.0 3.2496e-01 1.4 0.00e+00 0.0 0.0e+00 0.0e+00 0.0e+00  0  0  0  0  0   0  0  0  0  0     0
MatZeroInitial         4 1.0 3.4151e-01 1.0 0.00e+00 0.0 3.4e+03 1.4e+03 3.2e+01  0  0  0  0  0   1  0  0  0  1     0

--- Event Stage 2: P(1, 19) Warm solve pcd_mg

VecDot              3948 1.0 4.3074e-01 1.3 2.61e+08 1.3 0.0e+00 0.0e+00 3.9e+03  0  0  0  0 41   1  0  0  0 85 26208
VecMDot              110 1.0 1.6477e-02 4.5 1.31e+06 1.7 0.0e+00 0.0e+00 1.1e+02  0  0  0  0  1   0  0  0  0  2  3131
VecNorm              497 1.0 2.7127e-02 1.4 2.49e+07 1.3 0.0e+00 0.0e+00 5.0e+02  0  0  0  0  5   0  0  0  0 11 39710
VecScale            1223 1.0 7.9222e-03 1.3 1.34e+07 1.3 0.0e+00 0.0e+00 0.0e+00  0  0  0  0  0   0  0  0  0  0 72463
VecCopy             2887 1.0 6.1999e-02 1.3 0.00e+00 0.0 0.0e+00 0.0e+00 0.0e+00  0  0  0  0  0   0  0  0  0  0     0
VecSet              2816 1.5 3.3866e-02 2.1 0.00e+00 0.0 0.0e+00 0.0e+00 0.0e+00  0  0  0  0  0   0  0  0  0  0     0
VecAXPY             3983 1.0 8.6045e-02 1.4 2.62e+08 1.3 0.0e+00 0.0e+00 0.0e+00  0  0  0  0  0   0  0  0  0  0 131854
VecWAXPY               3 1.0 1.0312e-03 1.7 1.04e+05 1.3 0.0e+00 0.0e+00 0.0e+00  0  0  0  0  0   0  0  0  0  0  4330
VecMAXPY             145 1.0 2.2607e-02 1.3 2.51e+07 1.3 0.0e+00 0.0e+00 0.0e+00  0  0  0  0  0   0  0  0  0  0 47694
VecScatterBegin     6544 1.0 1.5888e-01 1.4 0.00e+00 0.0 2.0e+05 2.6e+03 0.0e+00  0  0 11  4  0   0  0 22  8  0     0
VecScatterEnd       6544 1.0 5.2101e+0029.0 0.00e+00 0.0 0.0e+00 0.0e+00 0.0e+00  2  0  0  0  0  11  0  0  0  0     0
VecReduceArith         9 1.0 1.1137e-03 5.5 6.21e+05 1.3 0.0e+00 0.0e+00 0.0e+00  0  0  0  0  0   0  0  0  0  0 24054
VecReduceComm          3 1.0 6.4919e-0313.3 0.00e+00 0.0 0.0e+00 0.0e+00 3.0e+00  0  0  0  0  0   0  0  0  0  0     0
VecNormalize         480 1.0 2.8833e-02 1.4 3.56e+07 1.3 0.0e+00 0.0e+00 4.8e+02  0  0  0  0  5   0  0  0  0 10 53409
MatMult             1188 1.0 1.0152e+01 1.5 8.80e+10 1.4 6.9e+05 8.1e+03 0.0e+00  5 46 37 42  0  23 92 76 90  0 365666
MatSOR               354 1.0 8.1231e-01 8.6 3.72e+07 1.7 1.5e+05 5.6e+02 0.0e+00  0  0  8  1  0   1  0 17  1  0  1741
MatConvert             6 2.0 2.7878e-01 1.3 0.00e+00 0.0 0.0e+00 0.0e+00 0.0e+00  0  0  0  0  0   1  0  0  0  0     0
MatAssemblyBegin      63 1.1 1.1074e-02131.6 0.00e+00 0.0 0.0e+00 0.0e+00 1.0e+00  0  0  0  0  0   0  0  0  0  0     0
MatAssemblyEnd        63 1.1 5.8139e-01 2.9 0.00e+00 0.0 0.0e+00 0.0e+00 1.9e+01  0  0  0  0  0   1  0  0  0  0     0
MatGetRowIJ           12 2.0 2.6791e-03 1.3 0.00e+00 0.0 0.0e+00 0.0e+00 0.0e+00  0  0  0  0  0   0  0  0  0  0     0
MatGetSubMatrice       3 1.0 1.9478e-02 2.9 0.00e+00 0.0 7.6e+02 5.5e+04 6.0e+00  0  0  0  0  0   0  0  0  1  0     0
MatGetSubMatrix       21 1.0 5.3144e-04 1.4 0.00e+00 0.0 0.0e+00 0.0e+00 0.0e+00  0  0  0  0  0   0  0  0  0  0     0
MatZeroEntries         6 1.0 1.6927e-02 1.3 0.00e+00 0.0 0.0e+00 0.0e+00 0.0e+00  0  0  0  0  0   0  0  0  0  0     0
MatView               13 1.3 1.4073e-02 1.3 0.00e+00 0.0 9.4e+02 4.0e+00 5.5e+00  0  0  0  0  0   0  0  0  0  0     0
MatMPIConcateSeq       3 0.0 1.7612e-02 0.0 0.00e+00 0.0 0.0e+00 0.0e+00 2.0e+00  0  0  0  0  0   0  0  0  0  0     0
PCSetUp               24 1.1 3.2221e+00 1.1 6.70e+09 1.4 5.3e+03 1.3e+04 7.8e+01  2  3  0  1  1   8  7  1  1  2 87749
PCApply               16 1.0 3.5870e+01 1.0 9.16e+10 1.4 8.7e+05 6.9e+03 4.6e+03 21 48 47 45 47  98 96 97 97 98 107968
KSPSolve_FS_0         16 1.0 3.4864e+01 1.0 8.95e+10 1.4 8.0e+05 7.2e+03 4.3e+03 20 47 43 43 44  96 93 88 92 92 108554
KSPSolve_FS_1         16 1.0 9.5997e-01 1.1 1.87e+09 1.4 6.3e+04 3.2e+03 2.7e+02  1  1  3  2  3   2  2  7  3  6 82294
KSPSolve_FS_Schu     354 1.0 5.7468e+00 1.3 6.73e+09 1.4 3.4e+05 1.6e+03 0.0e+00  3  4 18  4  0  14  7 38  9  0 49484
KSPGMRESOrthog       464 1.0 5.2262e-01 1.2 5.24e+08 1.3 0.0e+00 0.0e+00 4.1e+03  0  0  0  0 42   1  1  0  0 87 43398
KSPSetUp              18 1.2 1.1921e-0512.5 0.00e+00 0.0 0.0e+00 0.0e+00 0.0e+00  0  0  0  0  0   0  0  0  0  0     0
KSPSolve               3 1.0 3.6222e+01 1.0 9.51e+10 1.4 8.9e+05 6.9e+03 4.6e+03 21 50 48 46 48  99 99 99 99100 111031
SNESSolve              1 1.0 3.6333e+01 1.0 9.58e+10 1.4 9.0e+05 6.9e+03 4.6e+03 21 50 48 46 48 100100100100100 111470
SNESFunctionEval       4 1.0 7.6158e-02 1.2 6.68e+08 1.4 5.2e+03 6.1e+03 0.0e+00  0  0  0  0  0   0  1  1  1  0 370131
SNESJacobianEval       3 1.0 6.3391e-03 1.1 0.00e+00 0.0 0.0e+00 0.0e+00 0.0e+00  0  0  0  0  0   0  0  0  0  0     0
SNESLineSearch         3 1.0 7.5357e-02 1.0 5.01e+08 1.4 3.9e+03 6.1e+03 3.0e+00  0  0  0  0  0   0  1  0  0  0 280965
SFBcastBegin        1595 1.0 1.3508e-01 3.0 0.00e+00 0.0 6.9e+05 8.1e+03 0.0e+00  0  0 37 42  0   0  0 77 91  0     0
SFBcastEnd          1595 1.0 2.2047e+0020.2 0.00e+00 0.0 0.0e+00 0.0e+00 0.0e+00  1  0  0  0  0   3  0  0  0  0     0
ParLoopExecute      4775 1.0 1.0563e+01 1.5 9.53e+10 1.4 6.9e+05 8.1e+03 0.0e+00  5 50 37 42  0  24 99 77 91  0 380858
ParLoopset_0        3516 1.0 4.5591e-02 1.3 0.00e+00 0.0 0.0e+00 0.0e+00 0.0e+00  0  0  0  0  0   0  0  0  0  0     0
ParLoopHaloEnd      4775 1.0 2.2880e+0013.1 0.00e+00 0.0 0.0e+00 0.0e+00 0.0e+00  1  0  0  0  0   3  0  0  0  0     0
ParLoopRednBegin    4775 1.0 1.2418e-02 1.4 0.00e+00 0.0 0.0e+00 0.0e+00 0.0e+00  0  0  0  0  0   0  0  0  0  0     0
ParLoopRednEnd      4775 1.0 1.8272e-02 1.4 0.00e+00 0.0 0.0e+00 0.0e+00 0.0e+00  0  0  0  0  0   0  0  0  0  0     0
ParLoopset_4        2882 1.0 1.0818e-01 1.2 0.00e+00 0.0 0.0e+00 0.0e+00 0.0e+00  0  0  0  0  0   0  0  0  0  0     0
ApplyBC                3 1.0 1.9388e-03 1.1 0.00e+00 0.0 0.0e+00 0.0e+00 0.0e+00  0  0  0  0  0   0  0  0  0  0     0
ParLoopCells        4728 1.0 8.1600e+00 1.4 9.53e+10 1.4 0.0e+00 0.0e+00 0.0e+00  4 50  0  0  0  20 99  0  0  0 493034
------------------------------------------------------------------------------------------------------------------------

Memory usage is given in bytes:

Object Type          Creations   Destructions     Memory  Descendants' Mem.
Reports information only for process 0.

--- Event Stage 0: Main Stage

           Container     4              3         1848     0.
              Viewer     2              0            0     0.
           Index Set   350            335       282040     0.
   IS L to G Mapping     4              4      2938208     0.
             Section    73             60        45600     0.
              Vector    17            135     18848120     0.
      Vector Scatter     3             12       994320     0.
              Matrix     5             27     43400600     0.
   Matrix Null Space     2              1          656     0.
      Preconditioner     1             13        14584     0.
       Krylov Solver     1             11       102008     0.
                SNES     1              1         1488     0.
      SNESLineSearch     1              1         1040     0.
              DMSNES     1              0            0     0.
    Distributed Mesh    14             10        49312     0.
    GraphPartitioner     6              5         3280     0.
Star Forest Bipartite Graph    70             62        55312     0.
     Discrete System    14             10         9280     0.

--- Event Stage 1: Warmup

           Container     2              0            0     0.
              Viewer     2              2         1776     0.
           Index Set    67             60      1335064     0.
   IS L to G Mapping     2              0            0     0.
              Vector   546            393      4614376     0.
      Vector Scatter    16              0            0     0.
              Matrix    34              4      7709760     0.
      Preconditioner    17              5         4552     0.
       Krylov Solver    15              5         6696     0.
     DMKSP interface     1              0            0     0.
    Distributed Mesh     3              0            0     0.
Star Forest Bipartite Graph     6              2         1712     0.
     Discrete System     3              0            0     0.

--- Event Stage 2: P(1, 19) Warm solve pcd_mg

              Viewer     2              2         1776     0.
           Index Set    15             12        10176     0.
              Vector   366            357      3901296     0.
      Vector Scatter     3              0            0     0.
              Matrix     3              3      5782320     0.
========================================================================================================================
Average time to get PetscTime(): 0.
Average time for MPI_Barrier(): 1.05858e-05
Average time for zero size MPI_Send(): 3.29316e-06
#PETSc Option Table entries:
--dimension 3
--parameters pcd_mg
--results-file results64/rayleigh-benard-weak-3d-64bit-pcd_hypre-fixed-rapr.csv
-dimension 3
-log_view ascii:results64/rayleigh-benard-pcd_hypre-fixed-rapr-weak-3d-64bit-48.log
-parameters pcd_mg
-results-file results64/rayleigh-benard-weak-3d-64bit-pcd_hypre-fixed-rapr.csv
#End of PETSc Option Table entries
Compiled without FORTRAN kernels
Compiled with full precision matrices (default)
sizeof(short) 2 sizeof(int) 4 sizeof(long) 8 sizeof(void*) 8 sizeof(PetscScalar) 8 sizeof(PetscInt) 8
Configure options: --COPTFLAGS="-march=ivybridge -O3" --CXXOPTFLAGS="-march=ivybridge -O3" --FOPTFLAGS="-march=ivybridge -O3" --PETSC_ARCH=petsc-gnu51-ivybridge-int64 --download-exodusii --download-hypre --download-metis --download-netcdf --download-parmetis --download-sowing=1 --known-bits-per-byte=8 --known-has-attribute-aligned=1 --known-level1-dcache-assoc=8 --known-level1-dcache-linesize=64 --known-level1-dcache-size=32768 --known-memcmp-ok=1 --known-mpi-c-double-complex=1 --known-mpi-int64_t=1 --known-mpi-long-double=1 --known-mpi-shared-libraries=1 --known-sdot-returns-double=0 --known-sizeof-MPI_Comm=4 --known-sizeof-MPI_Fint=4 --known-sizeof-char=1 --known-sizeof-double=8 --known-sizeof-float=4 --known-sizeof-int=4 --known-sizeof-long-long=8 --known-sizeof-long=8 --known-sizeof-short=2 --known-sizeof-size_t=8 --known-sizeof-void-p=8 --known-snrm2-returns-double=0 --prefix=/work/n02/n02/lmn02/petsc-gnu51-ivybridge-int64 --with-64-bit-indices=1 --with-batch=1 --with-blas-lapack-lib="-L/opt/cray/libsci/16.03.1/GNU/5.1/x86_64/lib -lsci_gnu_mp" --with-cc=cc --with-clib-autodetect=0 --with-cxx=CC --with-cxxlib-autodetect=0 --with-debugging=0 --with-fc=ftn --with-fortranlib-autodetect=0 --with-hdf5-dir=/opt/cray/hdf5-parallel/1.8.14/GNU/5.1 --with-hdf5=1 --with-make-np=4 --with-pic=1 --with-shared-libraries=1 --with-x=0 --download-eigen
-----------------------------------------
Libraries compiled on Tue Feb 14 12:07:09 2017 on eslogin003 
Machine characteristics: Linux-3.0.101-0.47.86.1.11753.0.PTF-default-x86_64-with-SuSE-11-x86_64
Using PETSc directory: /home2/n02/n02/lmn02/src/petsc
Using PETSc arch: petsc-gnu51-ivybridge-int64
-----------------------------------------

Using C compiler: cc  -fPIC  -march=ivybridge -O3  ${COPTFLAGS} ${CFLAGS}
Using Fortran compiler: ftn  -fPIC -march=ivybridge -O3   ${FOPTFLAGS} ${FFLAGS} 
-----------------------------------------

Using include paths: -I/home2/n02/n02/lmn02/src/petsc/petsc-gnu51-ivybridge-int64/include -I/home2/n02/n02/lmn02/src/petsc/include -I/home2/n02/n02/lmn02/src/petsc/include -I/home2/n02/n02/lmn02/src/petsc/petsc-gnu51-ivybridge-int64/include -I/work/n02/n02/lmn02/petsc-gnu51-ivybridge-int64/include -I/work/n02/n02/lmn02/petsc-gnu51-ivybridge-int64/include/eigen3 -I/opt/cray/hdf5-parallel/1.8.14/GNU/5.1/include
-----------------------------------------

Using C linker: cc
Using Fortran linker: ftn
Using libraries: -Wl,-rpath,/home2/n02/n02/lmn02/src/petsc/petsc-gnu51-ivybridge-int64/lib -L/home2/n02/n02/lmn02/src/petsc/petsc-gnu51-ivybridge-int64/lib -lpetsc -Wl,-rpath,/work/n02/n02/lmn02/petsc-gnu51-ivybridge-int64/lib -L/work/n02/n02/lmn02/petsc-gnu51-ivybridge-int64/lib -lHYPRE -lparmetis -lmetis -lexoIIv2for -lexodus -lnetcdf -Wl,-rpath,/opt/cray/hdf5-parallel/1.8.14/GNU/5.1/lib -L/opt/cray/hdf5-parallel/1.8.14/GNU/5.1/lib -lhdf5hl_fortran -lhdf5_fortran -lhdf5_hl -lhdf5 -lssl -lcrypto -ldl 
-----------------------------------------

