************************************************************************************************************************
***             WIDEN YOUR WINDOW TO 120 CHARACTERS.  Use 'enscript -r -fCourier9' to print this document            ***
************************************************************************************************************************

---------------------------------------------- PETSc Performance Summary: ----------------------------------------------

rayleigh-benard-weak-scale.py on a petsc-gnu51-ivybridge-int64 named nid02062 with 192 processors, by lmn02 Mon Feb 27 19:15:03 2017
Using Petsc Development GIT revision: v3.7.5-3014-g413f72f  GIT Date: 2017-02-05 17:50:57 -0600

                         Max       Max/Min        Avg      Total 
Time (sec):           1.920e+02      1.00016   1.919e+02
Objects:              2.170e+03      1.47019   1.508e+03
Flops:                2.104e+11      1.46869   1.842e+11  3.537e+13
Flops/sec:            1.096e+09      1.46848   9.597e+08  1.843e+11
MPI Messages:         9.346e+04      4.55150   5.436e+04  1.044e+07
MPI Message Lengths:  5.167e+08      3.25033   5.970e+03  6.230e+10
MPI Reductions:       1.021e+04      1.00720

Flop counting convention: 1 flop = 1 real number operation of type (multiply/divide/add/subtract)
                            e.g., VecAXPY() for real vectors of length N --> 2N flops
                            and VecAXPY() for complex vectors of length N --> 8N flops

Summary of Stages:   ----- Time ------  ----- Flops -----  --- Messages ---  -- Message Lengths --  -- Reductions --
                        Avg     %Total     Avg     %Total   counts   %Total     Avg         %Total   counts   %Total 
 0:      Main Stage: 6.9401e+01  36.2%  3.4612e+07   0.0%  6.245e+05   6.0%  3.431e+02        5.7%  9.400e+01   0.9% 
 1:          Warmup: 7.5200e+01  39.2%  1.7685e+13  50.0%  4.913e+06  47.1%  2.831e+03       47.4%  5.143e+03  50.4% 
 2: P(1, 30) Warm solve pcd_mg: 4.7339e+01  24.7%  1.7681e+13  50.0%  4.899e+06  46.9%  2.796e+03       46.8%  4.909e+03  48.1% 

------------------------------------------------------------------------------------------------------------------------
See the 'Profiling' chapter of the users' manual for details on interpreting output.
Phase summary info:
   Count: number of times phase was executed
   Time and Flops: Max - maximum over all processors
                   Ratio - ratio of maximum to minimum over all processors
   Mess: number of messages sent
   Avg. len: average message length (bytes)
   Reduct: number of global reductions
   Global: entire computation
   Stage: stages of a computation. Set stages with PetscLogStagePush() and PetscLogStagePop().
      %T - percent time in this phase         %F - percent flops in this phase
      %M - percent messages in this phase     %L - percent message lengths in this phase
      %R - percent reductions in this phase
   Total Mflop/s: 10e-6 * (sum of flops over all processors)/(max time over all processors)
------------------------------------------------------------------------------------------------------------------------
Event                Count      Time (sec)     Flops                             --- Global ---  --- Stage ---   Total
                   Max Ratio  Max     Ratio   Max  Ratio  Mess   Avg len Reduct  %T %F %M %L %R  %T %F %M %L %R Mflop/s
------------------------------------------------------------------------------------------------------------------------

--- Event Stage 0: Main Stage

PetscBarrier           1 1.0 7.4124e-02 3.2 0.00e+00 0.0 4.9e+03 2.4e+01 5.0e+00  0  0  0  0  0   0  0  1  0  5     0
BuildTwoSided         41 1.0 9.6466e-01 4.9 0.00e+00 0.0 9.6e+04 8.0e+00 0.0e+00  0  0  1  0  0   1  0 15  0  0     0
VecSet                 4 1.0 1.6022e-03 1.4 0.00e+00 0.0 0.0e+00 0.0e+00 0.0e+00  0  0  0  0  0   0  0  0  0  0     0
VecScatterBegin        9 1.0 2.3677e-03 2.2 0.00e+00 0.0 0.0e+00 0.0e+00 0.0e+00  0  0  0  0  0   0  0  0  0  0     0
VecScatterEnd          9 1.0 1.5547e-03 2.5 0.00e+00 0.0 0.0e+00 0.0e+00 0.0e+00  0  0  0  0  0   0  0  0  0  0     0
MatAssemblyBegin       1 1.0 1.2398e-04 8.3 0.00e+00 0.0 0.0e+00 0.0e+00 0.0e+00  0  0  0  0  0   0  0  0  0  0     0
MatAssemblyEnd         1 1.0 2.4605e-04 6.6 0.00e+00 0.0 0.0e+00 0.0e+00 0.0e+00  0  0  0  0  0   0  0  0  0  0     0
Mesh Partition         2 1.0 1.4310e+00 1.0 0.00e+00 0.0 4.7e+05 7.1e+02 1.1e+01  1  0  5  1  0   2  0 76  9 12     0
Mesh Migration         2 1.0 4.1457e-01 1.1 0.00e+00 0.0 1.2e+05 2.2e+04 2.4e+01  0  0  1  4  0   1  0 20 77 26     0
DMPlexInterp           1 1.0 1.0046e+00 1.0 0.00e+00 0.0 0.0e+00 0.0e+00 2.0e+00  1  0  0  0  0   1  0  0  0  2     0
DMPlexDistribute       1 1.0 1.5114e+00 1.0 0.00e+00 0.0 2.3e+05 1.2e+03 9.0e+00  1  0  2  0  0   2  0 37  8 10     0
DMPlexDistCones        2 1.0 1.4276e-01 1.1 0.00e+00 0.0 2.1e+04 4.8e+04 0.0e+00  0  0  0  2  0   0  0  3 28  0     0
DMPlexDistLabels       2 1.0 1.8389e-01 1.0 0.00e+00 0.0 6.3e+04 2.2e+04 2.0e+00  0  0  1  2  0   0  0 10 39  2     0
DMPlexDistribOL        1 1.0 3.3600e-01 1.0 0.00e+00 0.0 3.7e+05 8.1e+03 2.6e+01  0  0  4  5  0   0  0 59 84 28     0
DMPlexDistField        3 1.0 2.2637e-02 1.1 0.00e+00 0.0 2.9e+04 4.9e+03 2.0e+00  0  0  0  0  0   0  0  5  4  2     0
DMPlexDistData         2 1.0 9.1700e-01 4.1 0.00e+00 0.0 4.5e+05 2.8e+02 0.0e+00  0  0  4  0  0   1  0 72  4  0     0
DMPlexStratify         6 1.0 1.1211e+00 3.9 0.00e+00 0.0 0.0e+00 0.0e+00 6.0e+00  1  0  0  0  0   2  0  0  0  6     0
SFSetGraph            47 1.0 2.4110e-02 1.9 0.00e+00 0.0 0.0e+00 0.0e+00 0.0e+00  0  0  0  0  0   0  0  0  0  0     0
SFBcastBegin          90 1.0 1.0872e+00 2.5 0.00e+00 0.0 6.1e+05 5.6e+03 0.0e+00  1  0  6  6  0   1  0 98 96  0     0
SFBcastEnd            90 1.0 2.9853e-01 2.1 0.00e+00 0.0 0.0e+00 0.0e+00 0.0e+00  0  0  0  0  0   0  0  0  0  0     0
SFReduceBegin          4 1.0 1.0241e-0210.8 0.00e+00 0.0 8.3e+03 3.5e+03 0.0e+00  0  0  0  0  0   0  0  1  1  0     0
SFReduceEnd            4 1.0 1.1311e-02 2.8 0.00e+00 0.0 0.0e+00 0.0e+00 0.0e+00  0  0  0  0  0   0  0  0  0  0     0
SFFetchOpBegin         1 1.0 3.6955e-05 9.1 0.00e+00 0.0 1.1e+03 2.6e+03 0.0e+00  0  0  0  0  0   0  0  0  0  0     0
SFFetchOpEnd           1 1.0 8.8215e-0419.3 0.00e+00 0.0 1.1e+03 2.6e+03 0.0e+00  0  0  0  0  0   0  0  0  0  0     0
CreateMesh             5 1.0 2.4002e+00 1.0 0.00e+00 0.0 6.0e+05 5.5e+03 3.9e+01  1  0  6  5  0   3  0 96 91 41     0
Mesh: reorder          1 1.0 2.1093e-02 2.2 0.00e+00 0.0 0.0e+00 0.0e+00 2.0e+00  0  0  0  0  0   0  0  0  0  2     0
Mesh: numbering        1 1.0 2.1724e-01 1.0 0.00e+00 0.0 0.0e+00 0.0e+00 2.0e+00  0  0  0  0  0   0  0  0  0  2     0
CreateFunctionSpace      31 1.0 5.0135e-01 1.0 0.00e+00 0.0 1.7e+04 1.3e+04 8.0e+00  0  0  0  0  0   1  0  3  6  9     0
ParLoopExecute        14 1.0 8.4256e-01 7.7 2.11e+05 1.4 0.0e+00 0.0e+00 0.0e+00  0  0  0  0  0   1100  0  0  0    41
ParLoopset_0          20 1.0 5.0969e-03 2.0 1.85e+04 1.9 0.0e+00 0.0e+00 0.0e+00  0  0  0  0  0   0  8  0  0  0   534
ParLoopHaloEnd        14 1.0 4.0054e-05 2.5 0.00e+00 0.0 0.0e+00 0.0e+00 0.0e+00  0  0  0  0  0   0  0  0  0  0     0
ParLoopRednBegin      14 1.0 1.7823e-02 8.1 0.00e+00 0.0 0.0e+00 0.0e+00 0.0e+00  0  0  0  0  0   0  0  0  0  0     0
ParLoopRednEnd        14 1.0 3.2964e-0343.9 0.00e+00 0.0 0.0e+00 0.0e+00 0.0e+00  0  0  0  0  0   0  0  0  0  0     0
ParLoopset_4           8 1.0 4.0510e-03 3.1 1.93e+05 1.4 0.0e+00 0.0e+00 0.0e+00  0  0  0  0  0   0 92  0  0  0  7872

--- Event Stage 1: Warmup

BuildTwoSided          2 1.0 1.5341e-02 3.5 0.00e+00 0.0 2.2e+03 8.0e+00 0.0e+00  0  0  0  0  0   0  0  0  0  0     0
VecDot              4147 1.0 7.6990e-01 1.2 2.79e+08 1.4 0.0e+00 0.0e+00 4.1e+03  0  0  0  0 41   1  0  0  0 81 59732
VecMDot              133 1.0 5.1122e-02 2.8 1.81e+06 1.9 0.0e+00 0.0e+00 1.3e+02  0  0  0  0  1   0  0  0  0  3  5219
VecNorm              543 1.0 8.0488e-02 1.3 2.70e+07 1.4 0.0e+00 0.0e+00 5.4e+02  0  0  0  0  5   0  0  0  0 11 55064
VecScale            1312 1.0 9.6190e-03 1.5 1.43e+07 1.4 0.0e+00 0.0e+00 0.0e+00  0  0  0  0  0   0  0  0  0  0 245973
VecCopy             3107 1.0 7.2181e-02 1.4 0.00e+00 0.0 0.0e+00 0.0e+00 0.0e+00  0  0  0  0  0   0  0  0  0  0     0
VecSet              3022 1.5 3.7246e-02 1.8 0.00e+00 0.0 0.0e+00 0.0e+00 0.0e+00  0  0  0  0  0   0  0  0  0  0     0
VecAXPY             4184 1.0 9.2534e-02 1.4 2.81e+08 1.4 0.0e+00 0.0e+00 0.0e+00  0  0  0  0  0   0  0  0  0  0 499483
VecWAXPY               3 1.0 1.8179e-0310.8 1.06e+05 1.4 0.0e+00 0.0e+00 0.0e+00  0  0  0  0  0   0  0  0  0  0  9520
VecMAXPY             170 1.0 2.4003e-02 1.4 2.75e+07 1.4 0.0e+00 0.0e+00 0.0e+00  0  0  0  0  0   0  0  0  0  0 187113
VecScatterBegin     6962 1.0 1.6389e-01 1.4 0.00e+00 0.0 1.0e+06 2.2e+03 0.0e+00  0  0 10  4  0   0  0 21  8  0     0
VecScatterEnd       6962 1.0 1.1486e+0114.5 0.00e+00 0.0 0.0e+00 0.0e+00 0.0e+00  4  0  0  0  0  11  0  0  0  0     0
VecReduceArith         9 1.0 1.2259e-03 7.3 6.33e+05 1.4 0.0e+00 0.0e+00 0.0e+00  0  0  0  0  0   0  0  0  0  0 84697
VecReduceComm          3 1.0 2.1677e-0213.1 0.00e+00 0.0 0.0e+00 0.0e+00 3.0e+00  0  0  0  0  0   0  0  0  0  0     0
VecNormalize         525 1.0 7.2435e-02 1.2 3.85e+07 1.4 0.0e+00 0.0e+00 5.2e+02  0  0  0  0  5   0  0  0  0 10 87478
MatMult             1275 1.0 1.3623e+01 1.5 9.69e+10 1.5 3.8e+06 7.0e+03 3.3e+01  6 46 36 43  0  15 92 77 90  1 1195576
MatSOR               375 1.0 1.8616e+0014.9 3.91e+07 1.9 8.2e+05 4.8e+02 0.0e+00  0  0  8  1  0   1  0 17  1  0  3099
MatConvert             7 2.3 3.1687e-01 1.2 0.00e+00 0.0 0.0e+00 0.0e+00 5.3e+00  0  0  0  0  0   0  0  0  0  0     0
MatAssemblyBegin      68 1.1 1.1530e-02125.6 0.00e+00 0.0 0.0e+00 0.0e+00 1.3e+00  0  0  0  0  0   0  0  0  0  0     0
MatAssemblyEnd        68 1.1 6.4348e-01 2.3 0.00e+00 0.0 1.9e+04 1.2e+03 5.3e+01  0  0  0  0  1   1  0  0  0  1     0
MatGetRowIJ           14 2.3 3.1564e-03 1.6 0.00e+00 0.0 0.0e+00 0.0e+00 0.0e+00  0  0  0  0  0   0  0  0  0  0     0
MatGetSubMatrice       4 1.0 1.1123e-01 2.2 0.00e+00 0.0 4.4e+03 5.2e+04 8.0e+00  0  0  0  0  0   0  0  0  1  0     0
MatGetSubMatrix       21 1.0 1.6001e+01 1.0 0.00e+00 0.0 0.0e+00 0.0e+00 8.0e+01  8  0  0  0  1  21  0  0  0  2     0
MatZeroEntries         6 1.0 2.0176e-02 1.4 0.00e+00 0.0 0.0e+00 0.0e+00 0.0e+00  0  0  0  0  0   0  0  0  0  0     0
MatView               13 1.3 4.1230e-02 1.3 0.00e+00 0.0 3.4e+03 4.0e+00 5.5e+00  0  0  0  0  0   0  0  0  0  0     0
MatMPIConcateSeq       4 0.0 7.0900e-02 0.0 0.00e+00 0.0 1.4e+03 1.1e+03 6.3e+00  0  0  0  0  0   0  0  0  0  0     0
PCSetUp               27 1.2 2.3511e+01 1.0 6.97e+09 1.5 4.9e+04 1.2e+04 2.7e+02 12  3  0  1  3  31  7  1  2  5 49857
PCApply               17 1.0 5.8900e+01 1.0 1.01e+11 1.5 4.8e+06 6.0e+03 5.0e+03 31 48 46 46 49  78 96 97 97 97 287184
KSPSolve_FS_0         17 1.0 5.4804e+01 1.0 9.81e+10 1.5 4.3e+06 6.3e+03 4.6e+03 29 47 41 44 45  73 93 88 92 90 300777
KSPSolve_FS_1         17 1.0 3.9940e+00 1.0 2.33e+09 1.5 3.7e+05 2.6e+03 3.4e+02  2  1  4  2  3   5  2  8  3  7 97915
KSPSolve_FS_Schu     375 1.0 1.2552e+01 1.2 7.43e+09 1.5 1.8e+06 1.3e+03 5.1e+01  6  4 18  4  0  15  7 37  8  1 99446
KSPGMRESOrthog       508 1.0 9.0239e-01 1.2 5.62e+08 1.4 0.0e+00 0.0e+00 4.3e+03  0  0  0  0 42   1  1  0  0 83 102517
KSPSetUp              24 1.3 1.4184e-02 3.6 0.00e+00 0.0 0.0e+00 0.0e+00 4.3e+00  0  0  0  0  0   0  0  0  0  0     0
KSPSolve               3 1.0 6.8369e+01 1.0 1.05e+11 1.5 4.9e+06 6.0e+03 5.1e+03 36 50 47 47 50  91 99 99 99100 256971
SNESSolve              1 1.0 7.5024e+01 1.0 1.05e+11 1.5 4.9e+06 6.0e+03 5.1e+03 39 50 47 47 50 100100100100100 235731
SNESFunctionEval       4 1.0 6.5885e+00 1.0 6.93e+08 1.5 3.4e+04 4.6e+03 0.0e+00  3  0  0  0  0   9  1  1  1  0 17669
SNESJacobianEval       3 1.0 1.4511e-02 4.0 0.00e+00 0.0 0.0e+00 0.0e+00 0.0e+00  0  0  0  0  0   0  0  0  0  0     0
SNESLineSearch         3 1.0 7.9002e-02 1.1 5.20e+08 1.5 2.0e+04 5.3e+03 3.0e+00  0  0  0  0  0   0  0  0  0  0 1106708
SFBcastBegin        1705 1.0 3.4321e-01 1.7 0.00e+00 0.0 3.8e+06 7.0e+03 0.0e+00  0  0 37 43  0   0  0 78 90  0     0
SFBcastEnd          1705 1.0 3.2787e+0014.1 0.00e+00 0.0 0.0e+00 0.0e+00 0.0e+00  1  0  0  0  0   2  0  0  0  0     0
CreateFunctionSpace      17 1.0 5.2054e-02 1.6 0.00e+00 0.0 0.0e+00 0.0e+00 0.0e+00  0  0  0  0  0   0  0  0  0  0     0
ParLoopExecute      5159 1.0 2.0892e+01 1.3 1.05e+11 1.5 3.8e+06 7.0e+03 0.0e+00 10 50 37 43  0  25 99 78 90  0 841256
ParLoopset_0        3888 1.0 5.6973e-02 1.4 0.00e+00 0.0 0.0e+00 0.0e+00 0.0e+00  0  0  0  0  0   0  0  0  0  0     0
ParLoopHaloEnd      5159 1.0 3.3799e+0011.0 0.00e+00 0.0 0.0e+00 0.0e+00 0.0e+00  1  0  0  0  0   2  0  0  0  0     0
ParLoopRednBegin    5159 1.0 1.6298e-02 1.7 0.00e+00 0.0 0.0e+00 0.0e+00 0.0e+00  0  0  0  0  0   0  0  0  0  0     0
ParLoopRednEnd      5159 1.0 1.9631e-02 1.4 0.00e+00 0.0 0.0e+00 0.0e+00 0.0e+00  0  0  0  0  0   0  0  0  0  0     0
ParLoopset_4        3052 1.0 2.1540e-01 3.1 0.00e+00 0.0 0.0e+00 0.0e+00 0.0e+00  0  0  0  0  0   0  0  0  0  0     0
ApplyBC                3 1.0 1.1389e-01 1.1 0.00e+00 0.0 0.0e+00 0.0e+00 0.0e+00  0  0  0  0  0   0  0  0  0  0     0
ParLoopset_5           2 1.0 4.4918e-04 1.4 0.00e+00 0.0 0.0e+00 0.0e+00 0.0e+00  0  0  0  0  0   0  0  0  0  0     0
ParLoopset_6           2 1.0 3.8910e-04 1.1 0.00e+00 0.0 0.0e+00 0.0e+00 0.0e+00  0  0  0  0  0   0  0  0  0  0     0
ParLoopCells        5061 1.0 8.9683e+00 1.4 1.05e+11 1.5 0.0e+00 0.0e+00 0.0e+00  4 50  0  0  0  10 99  0  0  0 1959772
CreateSparsity         4 1.0 3.0772e-01 1.4 0.00e+00 0.0 0.0e+00 0.0e+00 0.0e+00  0  0  0  0  0   0  0  0  0  0     0
MatZeroInitial         4 1.0 3.6806e-01 1.0 0.00e+00 0.0 1.8e+04 1.2e+03 3.2e+01  0  0  0  0  0   0  0  0  0  1     0

--- Event Stage 2: P(1, 30) Warm solve pcd_mg

VecDot              4147 1.0 8.6090e-01 1.3 2.79e+08 1.4 0.0e+00 0.0e+00 4.1e+03  0  0  0  0 41   2  0  0  0 84 53418
VecMDot              133 1.0 6.9187e-02 2.0 1.81e+06 1.9 0.0e+00 0.0e+00 1.3e+02  0  0  0  0  1   0  0  0  0  3  3856
VecNorm              543 1.0 9.2640e-02 1.6 2.70e+07 1.4 0.0e+00 0.0e+00 5.4e+02  0  0  0  0  5   0  0  0  0 11 47841
VecScale            1312 1.0 8.5118e-03 1.4 1.43e+07 1.4 0.0e+00 0.0e+00 0.0e+00  0  0  0  0  0   0  0  0  0  0 277969
VecCopy             3107 1.0 7.6097e-02 1.6 0.00e+00 0.0 0.0e+00 0.0e+00 0.0e+00  0  0  0  0  0   0  0  0  0  0     0
VecSet              3016 1.5 3.1118e-02 1.8 0.00e+00 0.0 0.0e+00 0.0e+00 0.0e+00  0  0  0  0  0   0  0  0  0  0     0
VecAXPY             4184 1.0 9.2321e-02 1.4 2.81e+08 1.4 0.0e+00 0.0e+00 0.0e+00  0  0  0  0  0   0  0  0  0  0 500633
VecWAXPY               3 1.0 1.2078e-03 5.8 1.06e+05 1.4 0.0e+00 0.0e+00 0.0e+00  0  0  0  0  0   0  0  0  0  0 14328
VecMAXPY             170 1.0 2.5037e-02 1.4 2.75e+07 1.4 0.0e+00 0.0e+00 0.0e+00  0  0  0  0  0   0  0  0  0  0 179385
VecScatterBegin     6962 1.0 1.6030e-01 1.3 0.00e+00 0.0 1.0e+06 2.2e+03 0.0e+00  0  0 10  4  0   0  0 21  8  0     0
VecScatterEnd       6962 1.0 1.1062e+0112.7 0.00e+00 0.0 0.0e+00 0.0e+00 0.0e+00  4  0  0  0  0  17  0  0  0  0     0
VecReduceArith         9 1.0 1.3599e-03 8.2 6.33e+05 1.4 0.0e+00 0.0e+00 0.0e+00  0  0  0  0  0   0  0  0  0  0 76352
VecReduceComm          3 1.0 4.9087e-02202.8 0.00e+00 0.0 0.0e+00 0.0e+00 3.0e+00  0  0  0  0  0   0  0  0  0  0     0
VecNormalize         525 1.0 7.3556e-02 1.2 3.85e+07 1.4 0.0e+00 0.0e+00 5.2e+02  0  0  0  0  5   0  0  0  0 11 86146
MatMult             1275 1.0 1.2153e+01 1.6 9.69e+10 1.5 3.8e+06 7.0e+03 0.0e+00  5 46 36 42  0  21 92 77 91  0 1340152
MatSOR               375 1.0 2.0851e+00 9.9 3.91e+07 1.9 8.2e+05 4.8e+02 0.0e+00  0  0  8  1  0   2  0 17  1  0  2767
MatConvert             6 2.0 2.9135e-01 1.4 0.00e+00 0.0 0.0e+00 0.0e+00 0.0e+00  0  0  0  0  0   1  0  0  0  0     0
MatAssemblyBegin      63 1.1 1.0667e-02122.2 0.00e+00 0.0 0.0e+00 0.0e+00 1.0e+00  0  0  0  0  0   0  0  0  0  0     0
MatAssemblyEnd        63 1.1 5.7792e-01 2.6 0.00e+00 0.0 0.0e+00 0.0e+00 1.9e+01  0  0  0  0  0   1  0  0  0  0     0
MatGetRowIJ           12 2.0 4.0758e-03 1.7 0.00e+00 0.0 0.0e+00 0.0e+00 0.0e+00  0  0  0  0  0   0  0  0  0  0     0
MatGetSubMatrice       3 1.0 2.2276e-02 2.1 0.00e+00 0.0 3.3e+03 5.2e+04 6.0e+00  0  0  0  0  0   0  0  0  1  0     0
MatGetSubMatrix       21 1.0 4.8971e-04 1.3 0.00e+00 0.0 0.0e+00 0.0e+00 0.0e+00  0  0  0  0  0   0  0  0  0  0     0
MatZeroEntries         6 1.0 1.6754e-02 1.4 0.00e+00 0.0 0.0e+00 0.0e+00 0.0e+00  0  0  0  0  0   0  0  0  0  0     0
MatView               13 1.3 3.4463e-02 1.4 0.00e+00 0.0 3.8e+03 4.0e+00 5.5e+00  0  0  0  0  0   0  0  0  0  0     0
MatMPIConcateSeq       3 0.0 1.8434e-02 0.0 0.00e+00 0.0 0.0e+00 0.0e+00 2.0e+00  0  0  0  0  0   0  0  0  0  0     0
PCSetUp               24 1.1 3.8094e+00 1.1 6.95e+09 1.5 2.6e+04 1.1e+04 7.8e+01  2  3  0  0  1   7  7  1  1  2 306519
PCApply               17 1.0 4.6716e+01 1.0 1.01e+11 1.5 4.7e+06 6.0e+03 4.8e+03 24 48 46 46 47  99 96 97 97 98 361987
KSPSolve_FS_0         17 1.0 4.4983e+01 1.0 9.80e+10 1.5 4.3e+06 6.3e+03 4.5e+03 23 47 41 43 44  95 93 88 92 92 366340
KSPSolve_FS_1         17 1.0 1.6930e+00 1.0 2.33e+09 1.5 3.8e+05 2.5e+03 3.2e+02  1  1  4  2  3   4  2  8  3  6 230999
KSPSolve_FS_Schu     375 1.0 1.1123e+01 1.3 7.40e+09 1.5 1.8e+06 1.3e+03 0.0e+00  5  4 17  4  0  21  7 37  8  0 111808
KSPGMRESOrthog       508 1.0 1.0132e+00 1.3 5.62e+08 1.4 0.0e+00 0.0e+00 4.3e+03  0  0  0  0 42   2  1  0  0 87 91306
KSPSetUp              18 1.2 9.5367e-0610.0 0.00e+00 0.0 0.0e+00 0.0e+00 0.0e+00  0  0  0  0  0   0  0  0  0  0     0
KSPSolve               3 1.0 4.7119e+01 1.0 1.04e+11 1.5 4.9e+06 6.0e+03 4.9e+03 25 50 47 47 48 100 99 99100100 372763
SNESSolve              1 1.0 4.7276e+01 1.0 1.05e+11 1.5 4.9e+06 6.0e+03 4.9e+03 25 50 47 47 48 100100100100100 373990
SNESFunctionEval       4 1.0 9.7539e-02 2.1 6.93e+08 1.5 2.7e+04 5.3e+03 0.0e+00  0  0  0  0  0   0  1  1  0  0 1193518
SNESJacobianEval       3 1.0 1.0204e-02 7.7 0.00e+00 0.0 0.0e+00 0.0e+00 0.0e+00  0  0  0  0  0   0  0  0  0  0     0
SNESLineSearch         3 1.0 9.6097e-02 1.1 5.20e+08 1.5 2.0e+04 5.3e+03 3.0e+00  0  0  0  0  0   0  0  0  0  0 909829
SFBcastBegin        1705 1.0 1.7894e-01 3.4 0.00e+00 0.0 3.8e+06 7.0e+03 0.0e+00  0  0 37 43  0   0  0 78 92  0     0
SFBcastEnd          1705 1.0 3.5207e+0014.0 0.00e+00 0.0 0.0e+00 0.0e+00 0.0e+00  1  0  0  0  0   4  0  0  0  0     0
ParLoopExecute      5155 1.0 1.2497e+01 1.7 1.05e+11 1.5 3.8e+06 7.0e+03 0.0e+00  5 50 37 43  0  22 99 78 92  0 1406027
ParLoopset_0        3888 1.0 6.4261e-02 1.6 0.00e+00 0.0 0.0e+00 0.0e+00 0.0e+00  0  0  0  0  0   0  0  0  0  0     0
ParLoopHaloEnd      5155 1.0 3.6068e+0011.5 0.00e+00 0.0 0.0e+00 0.0e+00 0.0e+00  1  0  0  0  0   4  0  0  0  0     0
ParLoopRednBegin    5155 1.0 1.1123e-02 1.2 0.00e+00 0.0 0.0e+00 0.0e+00 0.0e+00  0  0  0  0  0   0  0  0  0  0     0
ParLoopRednEnd      5155 1.0 1.8098e-02 1.3 0.00e+00 0.0 0.0e+00 0.0e+00 0.0e+00  0  0  0  0  0   0  0  0  0  0     0
ParLoopset_4        3052 1.0 1.8934e-01 2.1 0.00e+00 0.0 0.0e+00 0.0e+00 0.0e+00  0  0  0  0  0   0  0  0  0  0     0
ApplyBC                3 1.0 2.5883e-03 1.7 0.00e+00 0.0 0.0e+00 0.0e+00 0.0e+00  0  0  0  0  0   0  0  0  0  0     0
ParLoopCells        5055 1.0 8.8921e+00 1.5 1.05e+11 1.5 0.0e+00 0.0e+00 0.0e+00  4 50  0  0  0  16 99  0  0  0 1976063
------------------------------------------------------------------------------------------------------------------------

Memory usage is given in bytes:

Object Type          Creations   Destructions     Memory  Descendants' Mem.
Reports information only for process 0.

--- Event Stage 0: Main Stage

           Container     4              3         1848     0.
              Viewer     2              0            0     0.
           Index Set   806            792       665920     0.
   IS L to G Mapping     4              4      7627648     0.
             Section    73             60        45600     0.
              Vector    17            135     17484704     0.
      Vector Scatter     3             12       856384     0.
              Matrix     5             27     38847264     0.
   Matrix Null Space     2              1          656     0.
      Preconditioner     1             13        14584     0.
       Krylov Solver     1             11       102008     0.
                SNES     1              1         1488     0.
      SNESLineSearch     1              1         1040     0.
              DMSNES     1              0            0     0.
    Distributed Mesh    14             10        49312     0.
    GraphPartitioner     6              5         3280     0.
Star Forest Bipartite Graph    70             62        55312     0.
     Discrete System    14             10         9280     0.

--- Event Stage 1: Warmup

           Container     2              0            0     0.
              Viewer     2              2         1776     0.
           Index Set    67             60      1209952     0.
   IS L to G Mapping     2              0            0     0.
              Vector   567            414      3910304     0.
      Vector Scatter    16              0            0     0.
              Matrix    34              4      7455936     0.
      Preconditioner    17              5         4552     0.
       Krylov Solver    15              5         6696     0.
     DMKSP interface     1              0            0     0.
    Distributed Mesh     3              0            0     0.
Star Forest Bipartite Graph     6              2         1712     0.
     Discrete System     3              0            0     0.

--- Event Stage 2: P(1, 30) Warm solve pcd_mg

              Viewer     2              2         1776     0.
           Index Set    15             12        10176     0.
              Vector   387            378      3293136     0.
      Vector Scatter     3              0            0     0.
              Matrix     3              3      5591952     0.
========================================================================================================================
Average time to get PetscTime(): 9.53674e-08
Average time for MPI_Barrier(): 1.09673e-05
Average time for zero size MPI_Send(): 3.11931e-06
#PETSc Option Table entries:
--dimension 3
--parameters pcd_mg
--results-file results64/rayleigh-benard-weak-3d-64bit-pcd_hypre-fixed-rapr.csv
-dimension 3
-log_view ascii:results64/rayleigh-benard-pcd_hypre-fixed-rapr-weak-3d-64bit-192.log
-parameters pcd_mg
-results-file results64/rayleigh-benard-weak-3d-64bit-pcd_hypre-fixed-rapr.csv
#End of PETSc Option Table entries
Compiled without FORTRAN kernels
Compiled with full precision matrices (default)
sizeof(short) 2 sizeof(int) 4 sizeof(long) 8 sizeof(void*) 8 sizeof(PetscScalar) 8 sizeof(PetscInt) 8
Configure options: --COPTFLAGS="-march=ivybridge -O3" --CXXOPTFLAGS="-march=ivybridge -O3" --FOPTFLAGS="-march=ivybridge -O3" --PETSC_ARCH=petsc-gnu51-ivybridge-int64 --download-exodusii --download-hypre --download-metis --download-netcdf --download-parmetis --download-sowing=1 --known-bits-per-byte=8 --known-has-attribute-aligned=1 --known-level1-dcache-assoc=8 --known-level1-dcache-linesize=64 --known-level1-dcache-size=32768 --known-memcmp-ok=1 --known-mpi-c-double-complex=1 --known-mpi-int64_t=1 --known-mpi-long-double=1 --known-mpi-shared-libraries=1 --known-sdot-returns-double=0 --known-sizeof-MPI_Comm=4 --known-sizeof-MPI_Fint=4 --known-sizeof-char=1 --known-sizeof-double=8 --known-sizeof-float=4 --known-sizeof-int=4 --known-sizeof-long-long=8 --known-sizeof-long=8 --known-sizeof-short=2 --known-sizeof-size_t=8 --known-sizeof-void-p=8 --known-snrm2-returns-double=0 --prefix=/work/n02/n02/lmn02/petsc-gnu51-ivybridge-int64 --with-64-bit-indices=1 --with-batch=1 --with-blas-lapack-lib="-L/opt/cray/libsci/16.03.1/GNU/5.1/x86_64/lib -lsci_gnu_mp" --with-cc=cc --with-clib-autodetect=0 --with-cxx=CC --with-cxxlib-autodetect=0 --with-debugging=0 --with-fc=ftn --with-fortranlib-autodetect=0 --with-hdf5-dir=/opt/cray/hdf5-parallel/1.8.14/GNU/5.1 --with-hdf5=1 --with-make-np=4 --with-pic=1 --with-shared-libraries=1 --with-x=0 --download-eigen
-----------------------------------------
Libraries compiled on Tue Feb 14 12:07:09 2017 on eslogin003 
Machine characteristics: Linux-3.0.101-0.47.86.1.11753.0.PTF-default-x86_64-with-SuSE-11-x86_64
Using PETSc directory: /home2/n02/n02/lmn02/src/petsc
Using PETSc arch: petsc-gnu51-ivybridge-int64
-----------------------------------------

Using C compiler: cc  -fPIC  -march=ivybridge -O3  ${COPTFLAGS} ${CFLAGS}
Using Fortran compiler: ftn  -fPIC -march=ivybridge -O3   ${FOPTFLAGS} ${FFLAGS} 
-----------------------------------------

Using include paths: -I/home2/n02/n02/lmn02/src/petsc/petsc-gnu51-ivybridge-int64/include -I/home2/n02/n02/lmn02/src/petsc/include -I/home2/n02/n02/lmn02/src/petsc/include -I/home2/n02/n02/lmn02/src/petsc/petsc-gnu51-ivybridge-int64/include -I/work/n02/n02/lmn02/petsc-gnu51-ivybridge-int64/include -I/work/n02/n02/lmn02/petsc-gnu51-ivybridge-int64/include/eigen3 -I/opt/cray/hdf5-parallel/1.8.14/GNU/5.1/include
-----------------------------------------

Using C linker: cc
Using Fortran linker: ftn
Using libraries: -Wl,-rpath,/home2/n02/n02/lmn02/src/petsc/petsc-gnu51-ivybridge-int64/lib -L/home2/n02/n02/lmn02/src/petsc/petsc-gnu51-ivybridge-int64/lib -lpetsc -Wl,-rpath,/work/n02/n02/lmn02/petsc-gnu51-ivybridge-int64/lib -L/work/n02/n02/lmn02/petsc-gnu51-ivybridge-int64/lib -lHYPRE -lparmetis -lmetis -lexoIIv2for -lexodus -lnetcdf -Wl,-rpath,/opt/cray/hdf5-parallel/1.8.14/GNU/5.1/lib -L/opt/cray/hdf5-parallel/1.8.14/GNU/5.1/lib -lhdf5hl_fortran -lhdf5_fortran -lhdf5_hl -lhdf5 -lssl -lcrypto -ldl 
-----------------------------------------

