************************************************************************************************************************
***             WIDEN YOUR WINDOW TO 120 CHARACTERS.  Use 'enscript -r -fCourier9' to print this document            ***
************************************************************************************************************************

---------------------------------------------- PETSc Performance Summary: ----------------------------------------------

rayleigh-benard-weak-scale.py on a petsc-gnu51-ivybridge-int64 named nid00062 with 3072 processors, by lmn02 Tue Feb 28 05:26:24 2017
Using Petsc Development GIT revision: v3.7.5-3014-g413f72f  GIT Date: 2017-02-05 17:50:57 -0600

                         Max       Max/Min        Avg      Total 
Time (sec):           5.681e+02      1.00001   5.681e+02
Objects:              1.094e+04      6.83875   1.641e+03
Flops:                2.605e+11      1.56818   2.271e+11  6.978e+14
Flops/sec:            4.586e+08      1.56817   3.998e+08  1.228e+12
MPI Messages:         4.128e+05      7.11363   1.106e+05  3.398e+08
MPI Message Lengths:  2.622e+09     12.93737   3.830e+03  1.302e+12
MPI Reductions:       1.274e+04      1.00576

Flop counting convention: 1 flop = 1 real number operation of type (multiply/divide/add/subtract)
                            e.g., VecAXPY() for real vectors of length N --> 2N flops
                            and VecAXPY() for complex vectors of length N --> 8N flops

Summary of Stages:   ----- Time ------  ----- Flops -----  --- Messages ---  -- Message Lengths --  -- Reductions --
                        Avg     %Total     Avg     %Total   counts   %Total     Avg         %Total   counts   %Total 
 0:      Main Stage: 3.1117e+02  54.8%  5.5369e+08   0.0%  1.167e+08  34.3%  1.824e+02        4.8%  9.400e+01   0.7% 
 1:          Warmup: 1.3591e+02  23.9%  3.4892e+14  50.0%  1.117e+08  32.9%  1.833e+03       47.8%  6.410e+03  50.3% 
 2: P(1, 76) Warm solve pcd_mg: 1.2096e+02  21.3%  3.4884e+14  50.0%  1.114e+08  32.8%  1.815e+03       47.4%  6.176e+03  48.5% 

------------------------------------------------------------------------------------------------------------------------
See the 'Profiling' chapter of the users' manual for details on interpreting output.
Phase summary info:
   Count: number of times phase was executed
   Time and Flops: Max - maximum over all processors
                   Ratio - ratio of maximum to minimum over all processors
   Mess: number of messages sent
   Avg. len: average message length (bytes)
   Reduct: number of global reductions
   Global: entire computation
   Stage: stages of a computation. Set stages with PetscLogStagePush() and PetscLogStagePop().
      %T - percent time in this phase         %F - percent flops in this phase
      %M - percent messages in this phase     %L - percent message lengths in this phase
      %R - percent reductions in this phase
   Total Mflop/s: 10e-6 * (sum of flops over all processors)/(max time over all processors)
------------------------------------------------------------------------------------------------------------------------
Event                Count      Time (sec)     Flops                             --- Global ---  --- Stage ---   Total
                   Max Ratio  Max     Ratio   Max  Ratio  Mess   Avg len Reduct  %T %F %M %L %R  %T %F %M %L %R Mflop/s
------------------------------------------------------------------------------------------------------------------------

--- Event Stage 0: Main Stage

PetscBarrier           1 1.0 2.3692e-01 3.3 0.00e+00 0.0 9.5e+04 2.4e+01 5.0e+00  0  0  0  0  0   0  0  0  0  5     0
BuildTwoSided         41 1.0 5.2816e+0144.9 0.00e+00 0.0 1.9e+07 8.0e+00 0.0e+00  9  0  6  0  0  17  0 17  0  0     0
VecSet                 4 1.0 1.1024e-02 1.6 0.00e+00 0.0 0.0e+00 0.0e+00 0.0e+00  0  0  0  0  0   0  0  0  0  0     0
VecScatterBegin        9 1.0 8.2064e-04 6.8 0.00e+00 0.0 0.0e+00 0.0e+00 0.0e+00  0  0  0  0  0   0  0  0  0  0     0
VecScatterEnd          9 1.0 5.4002e-0441.9 0.00e+00 0.0 0.0e+00 0.0e+00 0.0e+00  0  0  0  0  0   0  0  0  0  0     0
MatAssemblyBegin       1 1.0 3.2902e-0427.6 0.00e+00 0.0 0.0e+00 0.0e+00 0.0e+00  0  0  0  0  0   0  0  0  0  0     0
MatAssemblyEnd         1 1.0 3.3903e-0419.0 0.00e+00 0.0 0.0e+00 0.0e+00 0.0e+00  0  0  0  0  0   0  0  0  0  0     0
Mesh Partition         2 1.0 6.8639e+01 1.0 0.00e+00 0.0 1.1e+08 5.9e+01 1.1e+01 12  0 34  1  0  22  0 98 11 12     0
Mesh Migration         2 1.0 6.8973e+00 1.0 0.00e+00 0.0 2.3e+06 2.1e+04 2.4e+01  1  0  1  4  0   2  0  2 76 26     0
DMPlexInterp           1 1.0 2.0065e+01 1.0 0.00e+00 0.0 0.0e+00 0.0e+00 2.0e+00  4  0  0  0  0   6  0  0  0  2     0
DMPlexDistribute       1 1.0 7.4913e+01 1.0 0.00e+00 0.0 5.7e+07 8.6e+01 9.0e+00 13  0 17  0  0  24  0 49  8 10     0
DMPlexDistCones        2 1.0 1.5253e+00 1.1 0.00e+00 0.0 4.1e+05 4.3e+04 0.0e+00  0  0  0  1  0   0  0  0 28  0     0
DMPlexDistLabels       2 1.0 4.2715e+00 1.0 0.00e+00 0.0 1.1e+06 2.1e+04 2.0e+00  1  0  0  2  0   1  0  1 38  2     0
DMPlexDistribOL        1 1.0 1.0859e+00 1.0 0.00e+00 0.0 5.9e+07 8.7e+02 2.6e+01  0  0 17  4  0   0  0 51 83 28     0
DMPlexDistField        3 1.0 4.3632e-01 1.1 0.00e+00 0.0 5.5e+05 4.3e+03 2.0e+00  0  0  0  0  0   0  0  0  4  2     0
DMPlexDistData         2 1.0 5.2092e+0128.3 0.00e+00 0.0 1.1e+08 2.8e+01 0.0e+00  9  0 33  0  0  17  0 97  5  0     0
DMPlexStratify         6 1.0 2.1112e+01 6.1 0.00e+00 0.0 0.0e+00 0.0e+00 6.0e+00  4  0  0  0  0   7  0  0  0  6     0
SFSetGraph            47 1.0 4.6323e-02 2.7 0.00e+00 0.0 0.0e+00 0.0e+00 0.0e+00  0  0  0  0  0   0  0  0  0  0     0
SFBcastBegin          90 1.0 5.4221e+01 9.7 0.00e+00 0.0 1.2e+08 5.1e+02 0.0e+00  9  0 34  5  0  17  0100 97  0     0
SFBcastEnd            90 1.0 6.8530e+00 4.8 0.00e+00 0.0 0.0e+00 0.0e+00 0.0e+00  1  0  0  0  0   2  0  0  0  0     0
SFReduceBegin          4 1.0 1.5775e-0120.9 0.00e+00 0.0 1.6e+05 3.1e+03 0.0e+00  0  0  0  0  0   0  0  0  1  0     0
SFReduceEnd            4 1.0 3.2904e-01 2.5 0.00e+00 0.0 0.0e+00 0.0e+00 0.0e+00  0  0  0  0  0   0  0  0  0  0     0
SFFetchOpBegin         1 1.0 4.2915e-0513.8 0.00e+00 0.0 2.1e+04 2.4e+03 0.0e+00  0  0  0  0  0   0  0  0  0  0     0
SFFetchOpEnd           1 1.0 6.6948e-03175.5 0.00e+00 0.0 2.1e+04 2.4e+03 0.0e+00  0  0  0  0  0   0  0  0  0  0     0
CreateMesh             5 1.0 7.9947e+01 1.0 0.00e+00 0.0 1.2e+08 4.9e+02 3.9e+01 14  0 34  4  0  26  0100 91 41     0
Mesh: reorder          1 1.0 1.1200e-01 1.2 0.00e+00 0.0 0.0e+00 0.0e+00 2.0e+00  0  0  0  0  0   0  0  0  0  2     0
Mesh: numbering        1 1.0 2.8366e-01 1.1 0.00e+00 0.0 0.0e+00 0.0e+00 2.0e+00  0  0  0  0  0   0  0  0  0  2     0
CreateFunctionSpace      31 1.0 8.5211e-01 1.2 0.00e+00 0.0 3.3e+05 1.2e+04 8.0e+00  0  0  0  0  0   0  0  0  6  9     0
ParLoopExecute        14 1.0 1.1556e+0112.9 2.19e+05 1.5 0.0e+00 0.0e+00 0.0e+00  1  0  0  0  0   2100  0  0  0    48
ParLoopset_0          20 1.0 1.2968e-02 7.0 1.93e+04 2.1 0.0e+00 0.0e+00 0.0e+00  0  0  0  0  0   0  8  0  0  0  3314
ParLoopHaloEnd        14 1.0 5.4836e-05 3.7 0.00e+00 0.0 0.0e+00 0.0e+00 0.0e+00  0  0  0  0  0   0  0  0  0  0     0
ParLoopRednBegin      14 1.0 1.8482e-0110.3 0.00e+00 0.0 0.0e+00 0.0e+00 0.0e+00  0  0  0  0  0   0  0  0  0  0     0
ParLoopRednEnd        14 1.0 1.4781e-02205.3 0.00e+00 0.0 0.0e+00 0.0e+00 0.0e+00  0  0  0  0  0   0  0  0  0  0     0
ParLoopset_4           8 1.0 4.0375e-0220.0 1.99e+05 1.5 0.0e+00 0.0e+00 0.0e+00  0  0  0  0  0   0 92  0  0  0 12649

--- Event Stage 1: Warmup

BuildTwoSided          2 1.0 9.2207e-0213.1 0.00e+00 0.0 4.4e+04 8.0e+00 0.0e+00  0  0  0  0  0   0  0  0  0  0     0
VecDot              5306 1.0 6.8586e+00 1.1 3.70e+08 1.5 0.0e+00 0.0e+00 5.3e+03  1  0  0  0 42   5  0  0  0 83 137304
VecMDot              154 1.0 8.8913e-01 1.1 2.38e+06 2.1 0.0e+00 0.0e+00 1.5e+02  0  0  0  0  1   1  0  0  0  2  5975
VecNorm              630 1.0 9.3994e-01 1.1 3.25e+07 1.5 0.0e+00 0.0e+00 6.3e+02  0  0  0  0  5   1  0  0  0 10 87896
VecScale            1528 1.0 3.2631e-02 4.4 1.75e+07 1.5 0.0e+00 0.0e+00 0.0e+00  0  0  0  0  0   0  0  0  0  0 1353802
VecCopy             3623 1.0 8.5912e-02 1.4 0.00e+00 0.0 0.0e+00 0.0e+00 0.0e+00  0  0  0  0  0   0  0  0  0  0     0
VecSet              3520 1.5 5.0593e-02 2.6 0.00e+00 0.0 0.0e+00 0.0e+00 0.0e+00  0  0  0  0  0   0  0  0  0  0     0
VecAXPY             5347 1.0 1.3175e-01 1.7 3.71e+08 1.5 0.0e+00 0.0e+00 0.0e+00  0  0  0  0  0   0  0  0  0  0 7180248
VecWAXPY               3 1.0 9.7070e-0363.5 1.09e+05 1.5 0.0e+00 0.0e+00 0.0e+00  0  0  0  0  0   0  0  0  0  0 28520
VecMAXPY             194 1.0 4.7680e-02 2.2 3.34e+07 1.5 0.0e+00 0.0e+00 0.0e+00  0  0  0  0  0   0  0  0  0  0 1766956
VecScatterBegin     8107 1.0 2.2445e-01 1.6 0.00e+00 0.0 2.3e+07 1.9e+03 0.0e+00  0  0  7  3  0   0  0 21  7  0     0
VecScatterEnd       8107 1.0 5.2265e+0143.4 0.00e+00 0.0 0.0e+00 0.0e+00 0.0e+00  7  0  0  0  0  30  0  0  0  0     0
VecReduceArith         9 1.0 2.0483e-0311.8 6.55e+05 1.5 0.0e+00 0.0e+00 0.0e+00  0  0  0  0  0   0  0  0  0  0 810950
VecReduceComm          3 1.0 1.5064e-01 5.6 0.00e+00 0.0 0.0e+00 0.0e+00 3.0e+00  0  0  0  0  0   0  0  0  0  0     0
VecNormalize         611 1.0 8.8085e-01 1.1 4.67e+07 1.5 0.0e+00 0.0e+00 6.1e+02  0  0  0  0  5   1  0  0  0 10 134716
MatMult             1489 1.0 2.4780e+01 2.0 1.21e+11 1.6 8.7e+07 6.5e+03 3.3e+01  3 47 26 44  0  14 93 78 91  1 13104756
MatSOR               439 1.0 5.5948e+0027.6 4.89e+07 2.2 1.9e+07 4.5e+02 0.0e+00  0  0  5  1  0   2  0 17  1  0 19181
MatConvert             7 2.3 5.7464e-01 1.4 0.00e+00 0.0 0.0e+00 0.0e+00 5.3e+00  0  0  0  0  0   0  0  0  0  0     0
MatAssemblyBegin      68 1.1 3.4506e-02383.9 0.00e+00 0.0 0.0e+00 0.0e+00 1.3e+00  0  0  0  0  0   0  0  0  0  0     0
MatAssemblyEnd        68 1.1 9.9389e-01 2.2 0.00e+00 0.0 3.8e+05 1.1e+03 5.3e+01  0  0  0  0  0   1  0  0  0  1     0
MatGetRowIJ           14 2.3 3.8985e-02 1.5 0.00e+00 0.0 0.0e+00 0.0e+00 0.0e+00  0  0  0  0  0   0  0  0  0  0     0
MatGetSubMatrice       4 1.0 1.6645e-01 2.3 0.00e+00 0.0 7.2e+04 5.1e+04 8.0e+00  0  0  0  0  0   0  0  0  1  0     0
MatGetSubMatrix       21 1.0 2.5711e+00 1.0 0.00e+00 0.0 0.0e+00 0.0e+00 8.0e+01  0  0  0  0  1   2  0  0  0  1     0
MatZeroEntries         6 1.0 1.9166e-02 1.7 0.00e+00 0.0 0.0e+00 0.0e+00 0.0e+00  0  0  0  0  0   0  0  0  0  0     0
MatView               13 1.3 3.4067e-01 1.2 0.00e+00 0.0 5.5e+04 4.0e+00 5.5e+00  0  0  0  0  0   0  0  0  0  0     0
MatMPIConcateSeq       4 0.0 1.8000e-01 0.0 0.00e+00 0.0 3.6e+04 8.0e+02 6.3e+00  0  0  0  0  0   0  0  0  0  0     0
PCSetUp               27 1.2 1.2103e+01 1.1 7.47e+09 1.6 9.3e+05 1.0e+04 2.7e+02  2  3  0  1  2   8  6  1  1  4 1651161
PCApply               18 1.0 1.3054e+02 1.0 1.25e+11 1.6 1.1e+08 5.6e+03 6.2e+03 23 48 32 47 49  96 96 97 97 97 2567251
KSPSolve_FS_0         18 1.0 1.1733e+02 1.0 1.22e+11 1.6 9.9e+07 5.8e+03 5.9e+03 21 47 29 44 46  86 94 88 93 91 2784667
KSPSolve_FS_1         18 1.0 1.2758e+01 1.0 2.87e+09 1.6 8.2e+06 2.2e+03 3.8e+02  2  1  2  1  3   9  2  7  3  6 601650
KSPSolve_FS_Schu     439 1.0 4.5698e+01 1.1 9.30e+09 1.6 4.1e+07 1.2e+03 5.1e+01  8  4 12  4  0  32  7 37  8  1 544683
KSPGMRESOrthog       592 1.0 7.8281e+00 1.1 7.44e+08 1.5 0.0e+00 0.0e+00 5.5e+03  1  0  0  0 43   6  1  0  0 85 241959
KSPSetUp              24 1.3 9.6690e-02 3.8 0.00e+00 0.0 0.0e+00 0.0e+00 4.3e+00  0  0  0  0  0   0  0  0  0  0     0
KSPSolve               3 1.0 1.3345e+02 1.0 1.30e+11 1.6 1.1e+08 5.6e+03 6.4e+03 23 50 33 48 50  98 99 99100100 2599672
SNESSolve              1 1.0 1.3478e+02 1.0 1.30e+11 1.6 1.1e+08 5.6e+03 6.4e+03 24 50 33 48 50  99100100100100 2588862
SNESFunctionEval       4 1.0 1.0551e+00 1.2 7.42e+08 1.6 6.6e+05 4.3e+03 0.0e+00  0  0  0  0  0   1  1  1  0  0 1881132
SNESJacobianEval       3 1.0 3.1842e-02 3.2 0.00e+00 0.0 0.0e+00 0.0e+00 0.0e+00  0  0  0  0  0   0  0  0  0  0     0
SNESLineSearch         3 1.0 3.2655e-01 1.1 5.57e+08 1.6 4.0e+05 5.0e+03 3.0e+00  0  0  0  0  0   0  0  0  0  0 4564327
SFBcastBegin        1985 1.0 3.5359e-01 2.6 0.00e+00 0.0 8.8e+07 6.5e+03 0.0e+00  0  0 26 44  0   0  0 79 92  0     0
SFBcastEnd          1985 1.0 1.0983e+0119.8 0.00e+00 0.0 0.0e+00 0.0e+00 0.0e+00  1  0  0  0  0   4  0  0  0  0     0
CreateFunctionSpace      17 1.0 2.7968e-02 7.4 0.00e+00 0.0 0.0e+00 0.0e+00 0.0e+00  0  0  0  0  0   0  0  0  0  0     0
ParLoopExecute      6000 1.0 2.5684e+01 2.0 1.30e+11 1.6 8.8e+07 6.5e+03 0.0e+00  3 50 26 44  0  14 99 79 92  0 13499189
ParLoopset_0        4498 1.0 1.6226e-01 2.6 0.00e+00 0.0 0.0e+00 0.0e+00 0.0e+00  0  0  0  0  0   0  0  0  0  0     0
ParLoopHaloEnd      6000 1.0 1.1105e+0116.9 0.00e+00 0.0 0.0e+00 0.0e+00 0.0e+00  1  0  0  0  0   4  0  0  0  0     0
ParLoopRednBegin    6000 1.0 2.0957e-02 1.9 0.00e+00 0.0 0.0e+00 0.0e+00 0.0e+00  0  0  0  0  0   0  0  0  0  0     0
ParLoopRednEnd      6000 1.0 4.9106e-02 3.0 0.00e+00 0.0 0.0e+00 0.0e+00 0.0e+00  0  0  0  0  0   0  0  0  0  0     0
ParLoopset_4        3566 1.0 4.9473e-01 5.0 0.00e+00 0.0 0.0e+00 0.0e+00 0.0e+00  0  0  0  0  0   0  0  0  0  0     0
ApplyBC                3 1.0 5.8995e-01 1.1 0.00e+00 0.0 0.0e+00 0.0e+00 0.0e+00  0  0  0  0  0   0  0  0  0  0     0
ParLoopset_5           2 1.0 5.1022e-04 1.6 0.00e+00 0.0 0.0e+00 0.0e+00 0.0e+00  0  0  0  0  0   0  0  0  0  0     0
ParLoopset_6           2 1.0 4.1509e-04 1.2 0.00e+00 0.0 0.0e+00 0.0e+00 0.0e+00  0  0  0  0  0   0  0  0  0  0     0
ParLoopCells        5898 1.0 1.1054e+01 1.5 1.30e+11 1.6 0.0e+00 0.0e+00 0.0e+00  2 50  0  0  0   7 99  0  0  0 31365071
CreateSparsity         4 1.0 3.9161e-01 1.6 0.00e+00 0.0 0.0e+00 0.0e+00 0.0e+00  0  0  0  0  0   0  0  0  0  0     0
MatZeroInitial         4 1.0 4.7968e-01 1.1 0.00e+00 0.0 3.4e+05 1.1e+03 3.2e+01  0  0  0  0  0   0  0  0  0  0     0

--- Event Stage 2: P(1, 76) Warm solve pcd_mg

VecDot              5306 1.0 6.9434e+00 1.1 3.70e+08 1.5 0.0e+00 0.0e+00 5.3e+03  1  0  0  0 42   5  0  0  0 86 135627
VecMDot              154 1.0 5.1465e-01 1.2 2.38e+06 2.1 0.0e+00 0.0e+00 1.5e+02  0  0  0  0  1   0  0  0  0  2 10323
VecNorm              630 1.0 7.0544e-01 1.1 3.25e+07 1.5 0.0e+00 0.0e+00 6.3e+02  0  0  0  0  5   1  0  0  0 10 117115
VecScale            1528 1.0 3.5187e-02 5.0 1.75e+07 1.5 0.0e+00 0.0e+00 0.0e+00  0  0  0  0  0   0  0  0  0  0 1255448
VecCopy             3623 1.0 8.4368e-02 1.5 0.00e+00 0.0 0.0e+00 0.0e+00 0.0e+00  0  0  0  0  0   0  0  0  0  0     0
VecSet              3514 1.5 4.2852e-02 2.2 0.00e+00 0.0 0.0e+00 0.0e+00 0.0e+00  0  0  0  0  0   0  0  0  0  0     0
VecAXPY             5347 1.0 1.2974e-01 1.7 3.71e+08 1.5 0.0e+00 0.0e+00 0.0e+00  0  0  0  0  0   0  0  0  0  0 7291056
VecWAXPY               3 1.0 3.3119e-0319.0 1.09e+05 1.5 0.0e+00 0.0e+00 0.0e+00  0  0  0  0  0   0  0  0  0  0 83591
VecMAXPY             194 1.0 3.5298e-02 1.7 3.34e+07 1.5 0.0e+00 0.0e+00 0.0e+00  0  0  0  0  0   0  0  0  0  0 2386736
VecScatterBegin     8107 1.0 2.1753e-01 1.6 0.00e+00 0.0 2.3e+07 1.9e+03 0.0e+00  0  0  7  3  0   0  0 21  7  0     0
VecScatterEnd       8107 1.0 4.7718e+0139.4 0.00e+00 0.0 0.0e+00 0.0e+00 0.0e+00  7  0  0  0  0  31  0  0  0  0     0
VecReduceArith         9 1.0 2.5320e-0316.3 6.55e+05 1.5 0.0e+00 0.0e+00 0.0e+00  0  0  0  0  0   0  0  0  0  0 656014
VecReduceComm          3 1.0 2.1417e-01 2.5 0.00e+00 0.0 0.0e+00 0.0e+00 3.0e+00  0  0  0  0  0   0  0  0  0  0     0
VecNormalize         611 1.0 6.8117e-01 1.1 4.67e+07 1.5 0.0e+00 0.0e+00 6.1e+02  0  0  0  0  5   1  0  0  0 10 174208
MatMult             1489 1.0 2.2113e+01 2.4 1.21e+11 1.6 8.7e+07 6.5e+03 0.0e+00  3 47 26 43  0  13 93 78 92  0 14685565
MatSOR               439 1.0 5.2807e+0036.4 4.89e+07 2.2 1.9e+07 4.5e+02 0.0e+00  0  0  5  1  0   2  0 17  1  0 20321
MatConvert             6 2.0 3.8533e-01 1.4 0.00e+00 0.0 0.0e+00 0.0e+00 0.0e+00  0  0  0  0  0   0  0  0  0  0     0
MatAssemblyBegin      63 1.1 2.9100e-02334.4 0.00e+00 0.0 0.0e+00 0.0e+00 1.0e+00  0  0  0  0  0   0  0  0  0  0     0
MatAssemblyEnd        63 1.1 7.4718e-01 2.8 0.00e+00 0.0 0.0e+00 0.0e+00 1.9e+01  0  0  0  0  0   0  0  0  0  0     0
MatGetRowIJ           12 2.0 2.1099e-02 1.7 0.00e+00 0.0 0.0e+00 0.0e+00 0.0e+00  0  0  0  0  0   0  0  0  0  0     0
MatGetSubMatrice       3 1.0 5.8338e-02 1.6 0.00e+00 0.0 5.4e+04 5.1e+04 6.0e+00  0  0  0  0  0   0  0  0  0  0     0
MatGetSubMatrix       21 1.0 8.6288e-0319.9 0.00e+00 0.0 0.0e+00 0.0e+00 0.0e+00  0  0  0  0  0   0  0  0  0  0     0
MatZeroEntries         6 1.0 1.8137e-02 1.6 0.00e+00 0.0 0.0e+00 0.0e+00 0.0e+00  0  0  0  0  0   0  0  0  0  0     0
MatView               13 1.3 3.8238e-01 1.5 0.00e+00 0.0 6.1e+04 4.0e+00 5.5e+00  0  0  0  0  0   0  0  0  0  0     0
MatMPIConcateSeq       3 0.0 3.8421e-02 0.0 0.00e+00 0.0 0.0e+00 0.0e+00 2.0e+00  0  0  0  0  0   0  0  0  0  0     0
PCSetUp               24 1.1 5.9782e+00 1.1 7.44e+09 1.6 4.9e+05 1.0e+04 7.8e+01  1  3  0  0  1   4  6  0  1  1 3329904
PCApply               18 1.0 1.1912e+02 1.0 1.25e+11 1.6 1.1e+08 5.6e+03 6.1e+03 21 48 32 46 48  98 96 97 98 98 2812684
KSPSolve_FS_0         18 1.0 1.1124e+02 1.0 1.22e+11 1.6 9.9e+07 5.8e+03 5.7e+03 20 47 29 44 45  92 94 88 93 93 2936483
KSPSolve_FS_1         18 1.0 7.9441e+00 1.1 2.87e+09 1.6 8.2e+06 2.1e+03 3.6e+02  1  1  2  1  3   6  2  7  3  6 966241
KSPSolve_FS_Schu     439 1.0 4.3967e+01 1.1 9.27e+09 1.6 4.1e+07 1.1e+03 0.0e+00  7  4 12  4  0  34  7 37  8  0 564369
KSPGMRESOrthog       592 1.0 7.5439e+00 1.1 7.44e+08 1.5 0.0e+00 0.0e+00 5.5e+03  1  0  0  0 43   6  1  0  0 88 251075
KSPSetUp              18 1.2 3.4332e-05 0.0 0.00e+00 0.0 0.0e+00 0.0e+00 0.0e+00  0  0  0  0  0   0  0  0  0  0     0
KSPSolve               3 1.0 1.2003e+02 1.0 1.30e+11 1.6 1.1e+08 5.5e+03 6.2e+03 21 50 33 47 48  99 99 99100100 2889806
SNESSolve              1 1.0 1.2034e+02 1.0 1.30e+11 1.6 1.1e+08 5.5e+03 6.2e+03 21 50 33 47 48  99100100100100 2898703
SNESFunctionEval       4 1.0 1.7910e-01 3.6 7.42e+08 1.6 5.3e+05 5.0e+03 0.0e+00  0  0  0  0  0   0  1  0  0  0 11081246
SNESJacobianEval       3 1.0 2.4456e-02 3.0 0.00e+00 0.0 0.0e+00 0.0e+00 0.0e+00  0  0  0  0  0   0  0  0  0  0     0
SNESLineSearch         3 1.0 3.2758e-01 1.8 5.57e+08 1.6 4.0e+05 5.0e+03 3.0e+00  0  0  0  0  0   0  0  0  0  0 4549936
SFBcastBegin        1985 1.0 2.6337e-01 3.3 0.00e+00 0.0 8.8e+07 6.5e+03 0.0e+00  0  0 26 44  0   0  0 79 92  0     0
SFBcastEnd          1985 1.0 1.1437e+0115.0 0.00e+00 0.0 0.0e+00 0.0e+00 0.0e+00  1  0  0  0  0   4  0  0  0  0     0
ParLoopExecute      5996 1.0 2.2326e+01 2.5 1.30e+11 1.6 8.8e+07 6.5e+03 0.0e+00  3 50 26 44  0  13 99 79 92  0 15525869
ParLoopset_0        4498 1.0 1.8793e-01 3.0 0.00e+00 0.0 0.0e+00 0.0e+00 0.0e+00  0  0  0  0  0   0  0  0  0  0     0
ParLoopHaloEnd      5996 1.0 1.1553e+0113.5 0.00e+00 0.0 0.0e+00 0.0e+00 0.0e+00  1  0  0  0  0   4  0  0  0  0     0
ParLoopRednBegin    5996 1.0 3.2202e-02 3.0 0.00e+00 0.0 0.0e+00 0.0e+00 0.0e+00  0  0  0  0  0   0  0  0  0  0     0
ParLoopRednEnd      5996 1.0 3.2729e-02 2.0 0.00e+00 0.0 0.0e+00 0.0e+00 0.0e+00  0  0  0  0  0   0  0  0  0  0     0
ParLoopset_4        3566 1.0 3.5265e-01 3.5 0.00e+00 0.0 0.0e+00 0.0e+00 0.0e+00  0  0  0  0  0   0  0  0  0  0     0
ApplyBC                3 1.0 1.7749e-0212.5 0.00e+00 0.0 0.0e+00 0.0e+00 0.0e+00  0  0  0  0  0   0  0  0  0  0     0
ParLoopCells        5892 1.0 1.0792e+01 1.5 1.30e+11 1.6 0.0e+00 0.0e+00 0.0e+00  2 50  0  0  0   8 99  0  0  0 32118468
------------------------------------------------------------------------------------------------------------------------

Memory usage is given in bytes:

Object Type          Creations   Destructions     Memory  Descendants' Mem.
Reports information only for process 0.

--- Event Stage 0: Main Stage

           Container     4              3         1848     0.
              Viewer     2              0            0     0.
           Index Set  9450           9436      7926880     0.
   IS L to G Mapping     4              4     22637928     0.
             Section    73             60        45600     0.
              Vector    17            135     38718000     0.
      Vector Scatter     3             12       900288     0.
              Matrix     5             27     40143880     0.
   Matrix Null Space     2              1          656     0.
      Preconditioner     1             13        14584     0.
       Krylov Solver     1             11       102008     0.
                SNES     1              1         1488     0.
      SNESLineSearch     1              1         1040     0.
              DMSNES     1              0            0     0.
    Distributed Mesh    14             10        49312     0.
    GraphPartitioner     6              5         3280     0.
Star Forest Bipartite Graph    70             62        55312     0.
     Discrete System    14             10         9280     0.

--- Event Stage 1: Warmup

           Container     2              0            0     0.
              Viewer     2              2         1776     0.
           Index Set    67             60      1245160     0.
   IS L to G Mapping     2              0            0     0.
              Vector   631            478      4807952     0.
      Vector Scatter    16              0            0     0.
              Matrix    34              4      7351424     0.
      Preconditioner    17              5         4552     0.
       Krylov Solver    15              5         6696     0.
     DMKSP interface     1              0            0     0.
    Distributed Mesh     3              0            0     0.
Star Forest Bipartite Graph     6              2         1712     0.
     Discrete System     3              0            0     0.

--- Event Stage 2: P(1, 76) Warm solve pcd_mg

              Viewer     2              2         1776     0.
           Index Set    15             12        10176     0.
              Vector   451            442      4161872     0.
      Vector Scatter     3              0            0     0.
              Matrix     3              3      5513568     0.
========================================================================================================================
Average time to get PetscTime(): 1.19209e-07
Average time for MPI_Barrier(): 0.000108433
Average time for zero size MPI_Send(): 3.23953e-06
#PETSc Option Table entries:
--dimension 3
--parameters pcd_mg
--results-file results64/rayleigh-benard-weak-3d-64bit-pcd_hypre-fixed-rapr.csv
-dimension 3
-log_view ascii:results64/rayleigh-benard-pcd_hypre-fixed-rapr-weak-3d-64bit-3072.log
-parameters pcd_mg
-results-file results64/rayleigh-benard-weak-3d-64bit-pcd_hypre-fixed-rapr.csv
#End of PETSc Option Table entries
Compiled without FORTRAN kernels
Compiled with full precision matrices (default)
sizeof(short) 2 sizeof(int) 4 sizeof(long) 8 sizeof(void*) 8 sizeof(PetscScalar) 8 sizeof(PetscInt) 8
Configure options: --COPTFLAGS="-march=ivybridge -O3" --CXXOPTFLAGS="-march=ivybridge -O3" --FOPTFLAGS="-march=ivybridge -O3" --PETSC_ARCH=petsc-gnu51-ivybridge-int64 --download-exodusii --download-hypre --download-metis --download-netcdf --download-parmetis --download-sowing=1 --known-bits-per-byte=8 --known-has-attribute-aligned=1 --known-level1-dcache-assoc=8 --known-level1-dcache-linesize=64 --known-level1-dcache-size=32768 --known-memcmp-ok=1 --known-mpi-c-double-complex=1 --known-mpi-int64_t=1 --known-mpi-long-double=1 --known-mpi-shared-libraries=1 --known-sdot-returns-double=0 --known-sizeof-MPI_Comm=4 --known-sizeof-MPI_Fint=4 --known-sizeof-char=1 --known-sizeof-double=8 --known-sizeof-float=4 --known-sizeof-int=4 --known-sizeof-long-long=8 --known-sizeof-long=8 --known-sizeof-short=2 --known-sizeof-size_t=8 --known-sizeof-void-p=8 --known-snrm2-returns-double=0 --prefix=/work/n02/n02/lmn02/petsc-gnu51-ivybridge-int64 --with-64-bit-indices=1 --with-batch=1 --with-blas-lapack-lib="-L/opt/cray/libsci/16.03.1/GNU/5.1/x86_64/lib -lsci_gnu_mp" --with-cc=cc --with-clib-autodetect=0 --with-cxx=CC --with-cxxlib-autodetect=0 --with-debugging=0 --with-fc=ftn --with-fortranlib-autodetect=0 --with-hdf5-dir=/opt/cray/hdf5-parallel/1.8.14/GNU/5.1 --with-hdf5=1 --with-make-np=4 --with-pic=1 --with-shared-libraries=1 --with-x=0 --download-eigen
-----------------------------------------
Libraries compiled on Tue Feb 14 12:07:09 2017 on eslogin003 
Machine characteristics: Linux-3.0.101-0.47.86.1.11753.0.PTF-default-x86_64-with-SuSE-11-x86_64
Using PETSc directory: /home2/n02/n02/lmn02/src/petsc
Using PETSc arch: petsc-gnu51-ivybridge-int64
-----------------------------------------

Using C compiler: cc  -fPIC  -march=ivybridge -O3  ${COPTFLAGS} ${CFLAGS}
Using Fortran compiler: ftn  -fPIC -march=ivybridge -O3   ${FOPTFLAGS} ${FFLAGS} 
-----------------------------------------

Using include paths: -I/home2/n02/n02/lmn02/src/petsc/petsc-gnu51-ivybridge-int64/include -I/home2/n02/n02/lmn02/src/petsc/include -I/home2/n02/n02/lmn02/src/petsc/include -I/home2/n02/n02/lmn02/src/petsc/petsc-gnu51-ivybridge-int64/include -I/work/n02/n02/lmn02/petsc-gnu51-ivybridge-int64/include -I/work/n02/n02/lmn02/petsc-gnu51-ivybridge-int64/include/eigen3 -I/opt/cray/hdf5-parallel/1.8.14/GNU/5.1/include
-----------------------------------------

Using C linker: cc
Using Fortran linker: ftn
Using libraries: -Wl,-rpath,/home2/n02/n02/lmn02/src/petsc/petsc-gnu51-ivybridge-int64/lib -L/home2/n02/n02/lmn02/src/petsc/petsc-gnu51-ivybridge-int64/lib -lpetsc -Wl,-rpath,/work/n02/n02/lmn02/petsc-gnu51-ivybridge-int64/lib -L/work/n02/n02/lmn02/petsc-gnu51-ivybridge-int64/lib -lHYPRE -lparmetis -lmetis -lexoIIv2for -lexodus -lnetcdf -Wl,-rpath,/opt/cray/hdf5-parallel/1.8.14/GNU/5.1/lib -L/opt/cray/hdf5-parallel/1.8.14/GNU/5.1/lib -lhdf5hl_fortran -lhdf5_fortran -lhdf5_hl -lhdf5 -lssl -lcrypto -ldl 
-----------------------------------------

