************************************************************************************************************************
***             WIDEN YOUR WINDOW TO 120 CHARACTERS.  Use 'enscript -r -fCourier9' to print this document            ***
************************************************************************************************************************

---------------------------------------------- PETSc Performance Summary: ----------------------------------------------

rayleigh-benard-weak-scale.py on a petsc-gnu51-ivybridge-int64 named nid00056 with 6144 processors, by lmn02 Tue Feb 28 07:10:37 2017
Using Petsc Development GIT revision: v3.7.5-3014-g413f72f  GIT Date: 2017-02-05 17:50:57 -0600

                         Max       Max/Min        Avg      Total 
Time (sec):           1.110e+03      1.00001   1.110e+03
Objects:              2.025e+04     11.96809   1.734e+03
Flops:                2.927e+11      1.57929   2.529e+11  1.554e+15
Flops/sec:            2.637e+08      1.57929   2.278e+08  1.400e+12
MPI Messages:         7.736e+05      8.44446   1.569e+05  9.640e+08
MPI Message Lengths:  4.989e+09     25.75328   3.026e+03  2.917e+12
MPI Reductions:       1.401e+04      1.00524

Flop counting convention: 1 flop = 1 real number operation of type (multiply/divide/add/subtract)
                            e.g., VecAXPY() for real vectors of length N --> 2N flops
                            and VecAXPY() for complex vectors of length N --> 8N flops

Summary of Stages:   ----- Time ------  ----- Flops -----  --- Messages ---  -- Message Lengths --  -- Reductions --
                        Avg     %Total     Avg     %Total   counts   %Total     Avg         %Total   counts   %Total 
 0:      Main Stage: 7.4517e+02  67.1%  1.1135e+09   0.0%  4.599e+08  47.7%  1.322e+02        4.4%  9.400e+01   0.7% 
 1:          Warmup: 1.9659e+02  17.7%  7.7696e+14  50.0%  2.524e+08  26.2%  1.453e+03       48.0%  7.043e+03  50.3% 
 2: P(1, 96) Warm solve pcd_mg: 1.6817e+02  15.2%  7.7680e+14  50.0%  2.517e+08  26.1%  1.441e+03       47.6%  6.809e+03  48.6% 

------------------------------------------------------------------------------------------------------------------------
See the 'Profiling' chapter of the users' manual for details on interpreting output.
Phase summary info:
   Count: number of times phase was executed
   Time and Flops: Max - maximum over all processors
                   Ratio - ratio of maximum to minimum over all processors
   Mess: number of messages sent
   Avg. len: average message length (bytes)
   Reduct: number of global reductions
   Global: entire computation
   Stage: stages of a computation. Set stages with PetscLogStagePush() and PetscLogStagePop().
      %T - percent time in this phase         %F - percent flops in this phase
      %M - percent messages in this phase     %L - percent message lengths in this phase
      %R - percent reductions in this phase
   Total Mflop/s: 10e-6 * (sum of flops over all processors)/(max time over all processors)
------------------------------------------------------------------------------------------------------------------------
Event                Count      Time (sec)     Flops                             --- Global ---  --- Stage ---   Total
                   Max Ratio  Max     Ratio   Max  Ratio  Mess   Avg len Reduct  %T %F %M %L %R  %T %F %M %L %R Mflop/s
------------------------------------------------------------------------------------------------------------------------

--- Event Stage 0: Main Stage

PetscBarrier           1 1.0 5.8018e-01 5.8 0.00e+00 0.0 2.0e+05 2.4e+01 5.0e+00  0  0  0  0  0   0  0  0  0  5     0
BuildTwoSided         41 1.0 1.9781e+0246.8 0.00e+00 0.0 7.6e+07 8.0e+00 0.0e+00 18  0  8  0  0  26  0 17  0  0     0
VecSet                 4 1.0 3.2993e-02 2.3 0.00e+00 0.0 0.0e+00 0.0e+00 0.0e+00  0  0  0  0  0   0  0  0  0  0     0
VecScatterBegin        9 1.0 2.4452e-02215.9 0.00e+00 0.0 0.0e+00 0.0e+00 0.0e+00  0  0  0  0  0   0  0  0  0  0     0
VecScatterEnd          9 1.0 1.0204e-02690.3 0.00e+00 0.0 0.0e+00 0.0e+00 0.0e+00  0  0  0  0  0   0  0  0  0  0     0
MatAssemblyBegin       1 1.0 3.6502e-0433.3 0.00e+00 0.0 0.0e+00 0.0e+00 0.0e+00  0  0  0  0  0   0  0  0  0  0     0
MatAssemblyEnd         1 1.0 3.8695e-0418.4 0.00e+00 0.0 0.0e+00 0.0e+00 0.0e+00  0  0  0  0  0   0  0  0  0  0     0
Mesh Partition         2 1.0 2.4741e+02 1.0 0.00e+00 0.0 4.5e+08 3.4e+01 1.1e+01 22  0 47  1  0  33  0 99 12 12     0
Mesh Migration         2 1.0 1.5516e+01 1.0 0.00e+00 0.0 4.6e+06 2.1e+04 2.4e+01  1  0  0  3  0   2  0  1 74 26     0
DMPlexInterp           1 1.0 4.2004e+01 1.0 0.00e+00 0.0 0.0e+00 0.0e+00 2.0e+00  4  0  0  0  0   6  0  0  0  2     0
DMPlexDistribute       1 1.0 2.6023e+02 1.0 0.00e+00 0.0 2.3e+08 4.7e+01 9.0e+00 23  0 24  0  0  35  0 49  8 10     0
DMPlexDistCones        2 1.0 3.3662e+00 1.1 0.00e+00 0.0 8.3e+05 4.2e+04 0.0e+00  0  0  0  1  0   0  0  0 27  0     0
DMPlexDistLabels       2 1.0 9.6576e+00 1.0 0.00e+00 0.0 2.2e+06 2.1e+04 2.0e+00  1  0  0  2  0   1  0  0 38  2     0
DMPlexDistribOL        1 1.0 3.6838e+00 1.0 0.00e+00 0.0 2.3e+08 4.6e+02 2.6e+01  0  0 24  4  0   0  0 50 83 28     0
DMPlexDistField        3 1.0 1.1084e+00 1.1 0.00e+00 0.0 1.1e+06 4.3e+03 2.0e+00  0  0  0  0  0   0  0  0  4  2     0
DMPlexDistData         2 1.0 1.9792e+0228.0 0.00e+00 0.0 4.5e+08 1.8e+01 0.0e+00 18  0 47  0  0  27  0 99  6  0     0
DMPlexStratify         6 1.0 4.4131e+01 6.4 0.00e+00 0.0 0.0e+00 0.0e+00 6.0e+00  4  0  0  0  0   6  0  0  0  6     0
SFSetGraph            47 1.0 7.5369e-02 3.4 0.00e+00 0.0 0.0e+00 0.0e+00 0.0e+00  0  0  0  0  0   0  0  0  0  0     0
SFBcastBegin          90 1.0 2.0245e+0213.3 0.00e+00 0.0 4.6e+08 2.7e+02 0.0e+00 18  0 48  4  0  27  0100 97  0     0
SFBcastEnd            90 1.0 1.6283e+01 3.9 0.00e+00 0.0 0.0e+00 0.0e+00 0.0e+00  1  0  0  0  0   2  0  0  0  0     0
SFReduceBegin          4 1.0 2.6889e-0155.6 0.00e+00 0.0 3.3e+05 3.1e+03 0.0e+00  0  0  0  0  0   0  0  0  1  0     0
SFReduceEnd            4 1.0 6.5833e-01 2.3 0.00e+00 0.0 0.0e+00 0.0e+00 0.0e+00  0  0  0  0  0   0  0  0  0  0     0
SFFetchOpBegin         1 1.0 5.3883e-0513.3 0.00e+00 0.0 4.4e+04 2.3e+03 0.0e+00  0  0  0  0  0   0  0  0  0  0     0
SFFetchOpEnd           1 1.0 6.9821e-03166.4 0.00e+00 0.0 4.4e+04 2.3e+03 0.0e+00  0  0  0  0  0   0  0  0  0  0     0
CreateMesh             5 1.0 2.7145e+02 1.0 0.00e+00 0.0 4.6e+08 2.5e+02 3.9e+01 24  0 48  4  0  36  0100 91 41     0
Mesh: reorder          1 1.0 1.7040e-01 1.3 0.00e+00 0.0 0.0e+00 0.0e+00 2.0e+00  0  0  0  0  0   0  0  0  0  2     0
Mesh: numbering        1 1.0 3.4615e-01 1.3 0.00e+00 0.0 0.0e+00 0.0e+00 2.0e+00  0  0  0  0  0   0  0  0  0  2     0
CreateFunctionSpace      31 1.0 1.4006e+00 1.4 0.00e+00 0.0 6.9e+05 1.2e+04 8.0e+00  0  0  0  0  0   0  0  0  6  9     0
ParLoopExecute        14 1.0 2.3618e+0116.1 2.21e+05 1.5 0.0e+00 0.0e+00 0.0e+00  1  0  0  0  0   2100  0  0  0    47
ParLoopset_0          20 1.0 1.3466e-02 7.1 1.94e+04 2.1 0.0e+00 0.0e+00 0.0e+00  0  0  0  0  0   0  8  0  0  0  6406
ParLoopHaloEnd        14 1.0 5.8889e-05 4.1 0.00e+00 0.0 0.0e+00 0.0e+00 0.0e+00  0  0  0  0  0   0  0  0  0  0     0
ParLoopRednBegin      14 1.0 3.3609e-0137.5 0.00e+00 0.0 0.0e+00 0.0e+00 0.0e+00  0  0  0  0  0   0  0  0  0  0     0
ParLoopRednEnd        14 1.0 1.2541e-04 1.8 0.00e+00 0.0 0.0e+00 0.0e+00 0.0e+00  0  0  0  0  0   0  0  0  0  0     0
ParLoopset_4           8 1.0 6.2830e-0231.6 2.02e+05 1.5 0.0e+00 0.0e+00 0.0e+00  0  0  0  0  0   0 92  0  0  0 16349

--- Event Stage 1: Warmup

BuildTwoSided          2 1.0 1.4151e-0142.9 0.00e+00 0.0 9.1e+04 8.0e+00 0.0e+00  0  0  0  0  0   0  0  0  0  0     0
VecDot              5851 1.0 1.2379e+01 1.0 4.13e+08 1.5 0.0e+00 0.0e+00 5.9e+03  1  0  0  0 42   6  0  0  0 83 168706
VecMDot              174 1.0 1.5100e+00 1.2 2.87e+06 2.1 0.0e+00 0.0e+00 1.7e+02  0  0  0  0  1   1  0  0  0  2  8433
VecNorm              698 1.0 1.6731e+00 1.2 3.63e+07 1.5 0.0e+00 0.0e+00 7.0e+02  0  0  0  0  5   1  0  0  0 10 109520
VecScale            1689 1.0 3.2495e-02 3.8 1.95e+07 1.6 0.0e+00 0.0e+00 0.0e+00  0  0  0  0  0   0  0  0  0  0 3014885
VecCopy             4011 1.0 1.1302e-01 1.7 0.00e+00 0.0 0.0e+00 0.0e+00 0.0e+00  0  0  0  0  0   0  0  0  0  0     0
VecSet              3891 1.5 6.6006e-02 2.8 0.00e+00 0.0 0.0e+00 0.0e+00 0.0e+00  0  0  0  0  0   0  0  0  0  0     0
VecAXPY             5898 1.0 1.5395e-01 1.8 4.15e+08 1.5 0.0e+00 0.0e+00 0.0e+00  0  0  0  0  0   0  0  0  0  0 13633518
VecWAXPY               3 1.0 2.6805e-02181.3 1.11e+05 1.5 0.0e+00 0.0e+00 0.0e+00  0  0  0  0  0   0  0  0  0  0 20770
VecMAXPY             218 1.0 5.9351e-02 2.4 3.75e+07 1.6 0.0e+00 0.0e+00 0.0e+00  0  0  0  0  0   0  0  0  0  0 3158827
VecScatterBegin     8944 1.0 2.6120e-01 1.6 0.00e+00 0.0 5.2e+07 1.9e+03 0.0e+00  0  0  5  3  0   0  0 21  7  0     0
VecScatterEnd       8944 1.0 8.2249e+0150.3 0.00e+00 0.0 0.0e+00 0.0e+00 0.0e+00  6  0  0  0  0  33  0  0  0  0     0
VecReduceArith         9 1.0 4.5040e-0327.8 6.64e+05 1.5 0.0e+00 0.0e+00 0.0e+00  0  0  0  0  0   0  0  0  0  0 741646
VecReduceComm          3 1.0 1.3254e-0110.5 0.00e+00 0.0 0.0e+00 0.0e+00 3.0e+00  0  0  0  0  0   0  0  0  0  0     0
VecNormalize         678 1.0 1.4586e+00 1.1 5.23e+07 1.5 0.0e+00 0.0e+00 6.8e+02  0  0  0  0  5   1  0  0  0 10 180808
MatMult             1648 1.0 3.3006e+01 2.2 1.37e+11 1.6 2.0e+08 6.5e+03 3.3e+01  2 47 20 44  0  12 94 78 91  0 22041940
MatSOR               485 1.0 7.2495e+0032.6 5.44e+07 2.2 4.2e+07 4.5e+02 0.0e+00  0  0  4  1  0   1  0 17  1  0 32861
MatConvert             7 2.3 8.8130e-01 1.6 0.00e+00 0.0 0.0e+00 0.0e+00 5.3e+00  0  0  0  0  0   0  0  0  0  0     0
MatAssemblyBegin      68 1.1 5.1954e-02603.6 0.00e+00 0.0 0.0e+00 0.0e+00 1.3e+00  0  0  0  0  0   0  0  0  0  0     0
MatAssemblyEnd        68 1.1 1.4182e+00 1.9 0.00e+00 0.0 7.8e+05 1.1e+03 5.3e+01  0  0  0  0  0   1  0  0  0  1     0
MatGetRowIJ           14 2.3 5.7371e-02 1.3 0.00e+00 0.0 0.0e+00 0.0e+00 0.0e+00  0  0  0  0  0   0  0  0  0  0     0
MatGetSubMatrice       4 1.0 2.1283e-01 1.2 0.00e+00 0.0 1.4e+05 5.1e+04 8.0e+00  0  0  0  0  0   0  0  0  1  0     0
MatGetSubMatrix       21 1.0 2.3206e+00 1.0 0.00e+00 0.0 0.0e+00 0.0e+00 8.0e+01  0  0  0  0  1   1  0  0  0  1     0
MatZeroEntries         6 1.0 1.9107e-02 1.7 0.00e+00 0.0 0.0e+00 0.0e+00 0.0e+00  0  0  0  0  0   0  0  0  0  0     0
MatView               13 1.3 6.7504e-01 1.2 0.00e+00 0.0 1.1e+05 4.0e+00 5.5e+00  0  0  0  0  0   0  0  0  0  0     0
MatMPIConcateSeq       4 0.0 1.6084e-01 0.0 0.00e+00 0.0 7.7e+04 7.8e+02 6.3e+00  0  0  0  0  0   0  0  0  0  0     0
PCSetUp               27 1.2 1.5545e+01 1.1 7.64e+09 1.6 1.9e+06 9.8e+03 2.7e+02  1  3  0  1  2   7  5  1  1  4 2606432
PCApply               19 1.0 1.8812e+02 1.0 1.41e+11 1.6 2.5e+08 5.6e+03 6.9e+03 17 48 25 47 49  96 96 97 98 97 3974429
KSPSolve_FS_0         19 1.0 1.6761e+02 1.0 1.37e+11 1.6 2.2e+08 5.8e+03 6.4e+03 15 47 23 45 46  85 94 88 93 91 4347159
KSPSolve_FS_1         19 1.0 1.9745e+01 1.0 3.30e+09 1.6 1.9e+07 2.1e+03 4.2e+02  2  1  2  1  3  10  2  7  3  6 886850
KSPSolve_FS_Schu     485 1.0 7.1652e+01 1.1 1.05e+10 1.6 9.3e+07 1.2e+03 5.1e+01  6  4 10  4  0  35  7 37  8  1 777826
KSPGMRESOrthog       656 1.0 1.3909e+01 1.0 8.32e+08 1.5 0.0e+00 0.0e+00 6.0e+03  1  0  0  0 43   7  1  0  0 86 302153
KSPSetUp              24 1.3 2.2579e-01 6.6 0.00e+00 0.0 0.0e+00 0.0e+00 4.3e+00  0  0  0  0  0   0  0  0  0  0     0
KSPSolve               3 1.0 1.9226e+02 1.0 1.46e+11 1.6 2.5e+08 5.6e+03 7.0e+03 17 50 26 48 50  98 99 99100100 4020148
SNESSolve              1 1.0 1.9460e+02 1.0 1.46e+11 1.6 2.5e+08 5.6e+03 7.0e+03 18 50 26 48 50  99100100100100 3992626
SNESFunctionEval       4 1.0 1.7962e+00 1.2 7.59e+08 1.6 1.4e+06 4.3e+03 0.0e+00  0  0  0  0  0   1  1  1  0  0 2240207
SNESJacobianEval       3 1.0 7.0394e-02 3.6 0.00e+00 0.0 0.0e+00 0.0e+00 0.0e+00  0  0  0  0  0   0  0  0  0  0     0
SNESLineSearch         3 1.0 4.0045e-01 1.1 5.70e+08 1.6 8.1e+05 4.9e+03 3.0e+00  0  0  0  0  0   0  0  0  0  0 7545732
SFBcastBegin        2192 1.0 5.0802e-01 2.6 0.00e+00 0.0 2.0e+08 6.5e+03 0.0e+00  0  0 21 44  0   0  0 79 92  0     0
SFBcastEnd          2192 1.0 1.5583e+0118.2 0.00e+00 0.0 0.0e+00 0.0e+00 0.0e+00  1  0  0  0  0   4  0  0  0  0     0
CreateFunctionSpace      17 1.0 2.1179e-02 5.6 0.00e+00 0.0 0.0e+00 0.0e+00 0.0e+00  0  0  0  0  0   0  0  0  0  0     0
ParLoopExecute      6637 1.0 3.4188e+01 2.1 1.46e+11 1.6 2.0e+08 6.5e+03 0.0e+00  2 50 21 44  0  13 99 79 92  0 22582545
ParLoopset_0        4990 1.0 3.9690e-01 3.5 0.00e+00 0.0 0.0e+00 0.0e+00 0.0e+00  0  0  0  0  0   0  0  0  0  0     0
ParLoopHaloEnd      6637 1.0 1.5736e+0116.1 0.00e+00 0.0 0.0e+00 0.0e+00 0.0e+00  1  0  0  0  0   4  0  0  0  0     0
ParLoopRednBegin    6637 1.0 2.5780e-02 2.1 0.00e+00 0.0 0.0e+00 0.0e+00 0.0e+00  0  0  0  0  0   0  0  0  0  0     0
ParLoopRednEnd      6637 1.0 3.8784e-02 2.2 0.00e+00 0.0 0.0e+00 0.0e+00 0.0e+00  0  0  0  0  0   0  0  0  0  0     0
ParLoopset_4        3936 1.0 4.7916e-01 2.8 0.00e+00 0.0 0.0e+00 0.0e+00 0.0e+00  0  0  0  0  0   0  0  0  0  0     0
ApplyBC                3 1.0 1.0314e+00 1.4 0.00e+00 0.0 0.0e+00 0.0e+00 0.0e+00  0  0  0  0  0   0  0  0  0  0     0
ParLoopset_5           2 1.0 2.1350e-03 6.9 0.00e+00 0.0 0.0e+00 0.0e+00 0.0e+00  0  0  0  0  0   0  0  0  0  0     0
ParLoopset_6           2 1.0 3.0508e-03 9.9 0.00e+00 0.0 0.0e+00 0.0e+00 0.0e+00  0  0  0  0  0   0  0  0  0  0     0
ParLoopCells        6516 1.0 1.2844e+01 1.5 1.46e+11 1.6 0.0e+00 0.0e+00 0.0e+00  1 50  0  0  0   6 99  0  0  0 60108202
CreateSparsity         4 1.0 5.6868e-01 2.0 0.00e+00 0.0 0.0e+00 0.0e+00 0.0e+00  0  0  0  0  0   0  0  0  0  0     0
MatZeroInitial         4 1.0 7.4608e-01 1.2 0.00e+00 0.0 7.0e+05 1.1e+03 3.2e+01  0  0  0  0  0   0  0  0  0  0     0

--- Event Stage 2: P(1, 96) Warm solve pcd_mg

VecDot              5851 1.0 1.1566e+01 1.2 4.13e+08 1.5 0.0e+00 0.0e+00 5.9e+03  1  0  0  0 42   6  0  0  0 86 180570
VecMDot              174 1.0 7.9341e-01 1.4 2.87e+06 2.1 0.0e+00 0.0e+00 1.7e+02  0  0  0  0  1   0  0  0  0  3 16049
VecNorm              698 1.0 1.2875e+00 1.1 3.63e+07 1.5 0.0e+00 0.0e+00 7.0e+02  0  0  0  0  5   1  0  0  0 10 142324
VecScale            1689 1.0 2.6131e-02 3.4 1.95e+07 1.6 0.0e+00 0.0e+00 0.0e+00  0  0  0  0  0   0  0  0  0  0 3749083
VecCopy             4011 1.0 9.5170e-02 1.5 0.00e+00 0.0 0.0e+00 0.0e+00 0.0e+00  0  0  0  0  0   0  0  0  0  0     0
VecSet              3885 1.5 4.9739e-02 2.4 0.00e+00 0.0 0.0e+00 0.0e+00 0.0e+00  0  0  0  0  0   0  0  0  0  0     0
VecAXPY             5898 1.0 1.4605e-01 1.7 4.15e+08 1.5 0.0e+00 0.0e+00 0.0e+00  0  0  0  0  0   0  0  0  0  0 14370963
VecWAXPY               3 1.0 4.2799e-0326.8 1.11e+05 1.5 0.0e+00 0.0e+00 0.0e+00  0  0  0  0  0   0  0  0  0  0 130083
VecMAXPY             218 1.0 4.6164e-02 2.1 3.75e+07 1.6 0.0e+00 0.0e+00 0.0e+00  0  0  0  0  0   0  0  0  0  0 4061232
VecScatterBegin     8944 1.0 2.4242e-01 1.6 0.00e+00 0.0 5.2e+07 1.9e+03 0.0e+00  0  0  5  3  0   0  0 21  7  0     0
VecScatterEnd       8944 1.0 7.1442e+0150.5 0.00e+00 0.0 0.0e+00 0.0e+00 0.0e+00  5  0  0  0  0  33  0  0  0  0     0
VecReduceArith         9 1.0 4.4219e-0330.1 6.64e+05 1.5 0.0e+00 0.0e+00 0.0e+00  0  0  0  0  0   0  0  0  0  0 755402
VecReduceComm          3 1.0 3.4172e-0112.9 0.00e+00 0.0 0.0e+00 0.0e+00 3.0e+00  0  0  0  0  0   0  0  0  0  0     0
VecNormalize         678 1.0 1.1954e+00 1.1 5.23e+07 1.5 0.0e+00 0.0e+00 6.8e+02  0  0  0  0  5   1  0  0  0 10 220606
MatMult             1648 1.0 2.7332e+01 2.7 1.37e+11 1.6 2.0e+08 6.5e+03 0.0e+00  2 47 20 44  0  11 94 78 92  0 26617394
MatSOR               485 1.0 7.2784e+0041.1 5.44e+07 2.2 4.2e+07 4.5e+02 0.0e+00  0  0  4  1  0   1  0 17  1  0 32729
MatConvert             6 2.0 5.5079e-01 1.4 0.00e+00 0.0 0.0e+00 0.0e+00 0.0e+00  0  0  0  0  0   0  0  0  0  0     0
MatAssemblyBegin      63 1.1 5.4326e-02606.0 0.00e+00 0.0 0.0e+00 0.0e+00 1.0e+00  0  0  0  0  0   0  0  0  0  0     0
MatAssemblyEnd        63 1.1 8.4729e-01 2.6 0.00e+00 0.0 0.0e+00 0.0e+00 1.9e+01  0  0  0  0  0   0  0  0  0  0     0
MatGetRowIJ           12 2.0 4.1471e-02 1.6 0.00e+00 0.0 0.0e+00 0.0e+00 0.0e+00  0  0  0  0  0   0  0  0  0  0     0
MatGetSubMatrice       3 1.0 1.0744e-01 1.3 0.00e+00 0.0 1.1e+05 5.1e+04 6.0e+00  0  0  0  0  0   0  0  0  0  0     0
MatGetSubMatrix       21 1.0 7.8394e-0318.8 0.00e+00 0.0 0.0e+00 0.0e+00 0.0e+00  0  0  0  0  0   0  0  0  0  0     0
MatZeroEntries         6 1.0 1.8567e-02 1.6 0.00e+00 0.0 0.0e+00 0.0e+00 0.0e+00  0  0  0  0  0   0  0  0  0  0     0
MatView               13 1.3 7.8837e-01 1.4 0.00e+00 0.0 1.2e+05 4.0e+00 5.5e+00  0  0  0  0  0   0  0  0  0  0     0
MatMPIConcateSeq       3 0.0 6.5099e-02 0.0 0.00e+00 0.0 0.0e+00 0.0e+00 2.0e+00  0  0  0  0  0   0  0  0  0  0     0
PCSetUp               24 1.1 8.2246e+00 1.2 7.61e+09 1.6 1.0e+06 9.9e+03 7.8e+01  1  3  0  0  1   4  5  0  1  1 4907159
PCApply               19 1.0 1.6507e+02 1.0 1.41e+11 1.6 2.5e+08 5.5e+03 6.7e+03 15 48 25 47 48  98 96 97 98 98 4528478
KSPSolve_FS_0         19 1.0 1.5273e+02 1.0 1.37e+11 1.6 2.2e+08 5.8e+03 6.3e+03 14 47 23 44 45  90 94 89 93 93 4769523
KSPSolve_FS_1         19 1.0 1.2492e+01 1.1 3.30e+09 1.6 1.9e+07 2.1e+03 4.0e+02  1  1  2  1  3   7  2  8  3  6 1401815
KSPSolve_FS_Schu     485 1.0 6.3864e+01 1.1 1.05e+10 1.6 9.3e+07 1.1e+03 0.0e+00  5  4 10  4  0  36  7 37  8  0 870224
KSPGMRESOrthog       656 1.0 1.2401e+01 1.2 8.32e+08 1.5 0.0e+00 0.0e+00 6.0e+03  1  0  0  0 43   7  1  0  0 88 338892
KSPSetUp              18 1.2 3.4094e-05 0.0 0.00e+00 0.0 0.0e+00 0.0e+00 0.0e+00  0  0  0  0  0   0  0  0  0  0     0
KSPSolve               3 1.0 1.6656e+02 1.0 1.46e+11 1.6 2.5e+08 5.5e+03 6.8e+03 15 50 26 47 49  99 99 99100100 4639635
SNESSolve              1 1.0 1.6694e+02 1.0 1.46e+11 1.6 2.5e+08 5.5e+03 6.8e+03 15 50 26 48 49  99100100100100 4653205
SNESFunctionEval       4 1.0 4.2116e-01 7.5 7.59e+08 1.6 1.1e+06 4.9e+03 0.0e+00  0  0  0  0  0   0  1  0  0  0 9554082
SNESJacobianEval       3 1.0 4.4506e-02 6.4 0.00e+00 0.0 0.0e+00 0.0e+00 0.0e+00  0  0  0  0  0   0  0  0  0  0     0
SNESLineSearch         3 1.0 4.3090e-01 2.8 5.70e+08 1.6 8.1e+05 4.9e+03 3.0e+00  0  0  0  0  0   0  0  0  0  0 7012621
SFBcastBegin        2192 1.0 2.8494e-01 3.4 0.00e+00 0.0 2.0e+08 6.5e+03 0.0e+00  0  0 21 44  0   0  0 79 93  0     0
SFBcastEnd          2192 1.0 1.5037e+0121.7 0.00e+00 0.0 0.0e+00 0.0e+00 0.0e+00  1  0  0  0  0   4  0  0  0  0     0
ParLoopExecute      6633 1.0 2.7392e+01 2.7 1.46e+11 1.6 2.0e+08 6.5e+03 0.0e+00  2 50 21 44  0  11 99 79 93  0 28179759
ParLoopset_0        4990 1.0 1.8832e-01 2.5 0.00e+00 0.0 0.0e+00 0.0e+00 0.0e+00  0  0  0  0  0   0  0  0  0  0     0
ParLoopHaloEnd      6633 1.0 1.5200e+0118.6 0.00e+00 0.0 0.0e+00 0.0e+00 0.0e+00  1  0  0  0  0   4  0  0  0  0     0
ParLoopRednBegin    6633 1.0 3.3446e-02 2.8 0.00e+00 0.0 0.0e+00 0.0e+00 0.0e+00  0  0  0  0  0   0  0  0  0  0     0
ParLoopRednEnd      6633 1.0 3.1904e-02 1.8 0.00e+00 0.0 0.0e+00 0.0e+00 0.0e+00  0  0  0  0  0   0  0  0  0  0     0
ParLoopset_4        3936 1.0 4.5282e-01 2.6 0.00e+00 0.0 0.0e+00 0.0e+00 0.0e+00  0  0  0  0  0   0  0  0  0  0     0
ApplyBC                3 1.0 1.0357e-0210.2 0.00e+00 0.0 0.0e+00 0.0e+00 0.0e+00  0  0  0  0  0   0  0  0  0  0     0
ParLoopCells        6510 1.0 1.2320e+01 1.5 1.46e+11 1.6 0.0e+00 0.0e+00 0.0e+00  1 50  0  0  0   6 99  0  0  0 62654224
------------------------------------------------------------------------------------------------------------------------

Memory usage is given in bytes:

Object Type          Creations   Destructions     Memory  Descendants' Mem.
Reports information only for process 0.

--- Event Stage 0: Main Stage

           Container     4              3         1848     0.
              Viewer     2              0            0     0.
           Index Set 18666          18652     15668320     0.
   IS L to G Mapping     4              4     44075800     0.
             Section    73             60        45600     0.
              Vector    17            135     59015960     0.
      Vector Scatter     3             12       808800     0.
              Matrix     5             27     36909168     0.
   Matrix Null Space     2              1          656     0.
      Preconditioner     1             13        14584     0.
       Krylov Solver     1             11       102008     0.
                SNES     1              1         1488     0.
      SNESLineSearch     1              1         1040     0.
              DMSNES     1              0            0     0.
    Distributed Mesh    14             10        49312     0.
    GraphPartitioner     6              5         3280     0.
Star Forest Bipartite Graph    70             62        55312     0.
     Discrete System    14             10         9280     0.

--- Event Stage 1: Warmup

           Container     2              0            0     0.
              Viewer     2              2         1776     0.
           Index Set    67             60      1163408     0.
   IS L to G Mapping     2              0            0     0.
              Vector   677            524      4596744     0.
      Vector Scatter    16              0            0     0.
              Matrix    34              4      7528064     0.
      Preconditioner    17              5         4552     0.
       Krylov Solver    15              5         6696     0.
     DMKSP interface     1              0            0     0.
    Distributed Mesh     3              0            0     0.
Star Forest Bipartite Graph     6              2         1712     0.
     Discrete System     3              0            0     0.

--- Event Stage 2: P(1, 96) Warm solve pcd_mg

              Viewer     2              2         1776     0.
           Index Set    15             12        10176     0.
              Vector   497            488      4009408     0.
      Vector Scatter     3              0            0     0.
              Matrix     3              3      5646048     0.
========================================================================================================================
Average time to get PetscTime(): 0.
Average time for MPI_Barrier(): 9.83715e-05
Average time for zero size MPI_Send(): 3.49009e-06
#PETSc Option Table entries:
--dimension 3
--parameters pcd_mg
--results-file results64/rayleigh-benard-weak-3d-64bit-pcd_hypre-fixed-rapr.csv
-dimension 3
-log_view ascii:results64/rayleigh-benard-pcd_hypre-fixed-rapr-weak-3d-64bit-6144.log
-parameters pcd_mg
-results-file results64/rayleigh-benard-weak-3d-64bit-pcd_hypre-fixed-rapr.csv
#End of PETSc Option Table entries
Compiled without FORTRAN kernels
Compiled with full precision matrices (default)
sizeof(short) 2 sizeof(int) 4 sizeof(long) 8 sizeof(void*) 8 sizeof(PetscScalar) 8 sizeof(PetscInt) 8
Configure options: --COPTFLAGS="-march=ivybridge -O3" --CXXOPTFLAGS="-march=ivybridge -O3" --FOPTFLAGS="-march=ivybridge -O3" --PETSC_ARCH=petsc-gnu51-ivybridge-int64 --download-exodusii --download-hypre --download-metis --download-netcdf --download-parmetis --download-sowing=1 --known-bits-per-byte=8 --known-has-attribute-aligned=1 --known-level1-dcache-assoc=8 --known-level1-dcache-linesize=64 --known-level1-dcache-size=32768 --known-memcmp-ok=1 --known-mpi-c-double-complex=1 --known-mpi-int64_t=1 --known-mpi-long-double=1 --known-mpi-shared-libraries=1 --known-sdot-returns-double=0 --known-sizeof-MPI_Comm=4 --known-sizeof-MPI_Fint=4 --known-sizeof-char=1 --known-sizeof-double=8 --known-sizeof-float=4 --known-sizeof-int=4 --known-sizeof-long-long=8 --known-sizeof-long=8 --known-sizeof-short=2 --known-sizeof-size_t=8 --known-sizeof-void-p=8 --known-snrm2-returns-double=0 --prefix=/work/n02/n02/lmn02/petsc-gnu51-ivybridge-int64 --with-64-bit-indices=1 --with-batch=1 --with-blas-lapack-lib="-L/opt/cray/libsci/16.03.1/GNU/5.1/x86_64/lib -lsci_gnu_mp" --with-cc=cc --with-clib-autodetect=0 --with-cxx=CC --with-cxxlib-autodetect=0 --with-debugging=0 --with-fc=ftn --with-fortranlib-autodetect=0 --with-hdf5-dir=/opt/cray/hdf5-parallel/1.8.14/GNU/5.1 --with-hdf5=1 --with-make-np=4 --with-pic=1 --with-shared-libraries=1 --with-x=0 --download-eigen
-----------------------------------------
Libraries compiled on Tue Feb 14 12:07:09 2017 on eslogin003 
Machine characteristics: Linux-3.0.101-0.47.86.1.11753.0.PTF-default-x86_64-with-SuSE-11-x86_64
Using PETSc directory: /home2/n02/n02/lmn02/src/petsc
Using PETSc arch: petsc-gnu51-ivybridge-int64
-----------------------------------------

Using C compiler: cc  -fPIC  -march=ivybridge -O3  ${COPTFLAGS} ${CFLAGS}
Using Fortran compiler: ftn  -fPIC -march=ivybridge -O3   ${FOPTFLAGS} ${FFLAGS} 
-----------------------------------------

Using include paths: -I/home2/n02/n02/lmn02/src/petsc/petsc-gnu51-ivybridge-int64/include -I/home2/n02/n02/lmn02/src/petsc/include -I/home2/n02/n02/lmn02/src/petsc/include -I/home2/n02/n02/lmn02/src/petsc/petsc-gnu51-ivybridge-int64/include -I/work/n02/n02/lmn02/petsc-gnu51-ivybridge-int64/include -I/work/n02/n02/lmn02/petsc-gnu51-ivybridge-int64/include/eigen3 -I/opt/cray/hdf5-parallel/1.8.14/GNU/5.1/include
-----------------------------------------

Using C linker: cc
Using Fortran linker: ftn
Using libraries: -Wl,-rpath,/home2/n02/n02/lmn02/src/petsc/petsc-gnu51-ivybridge-int64/lib -L/home2/n02/n02/lmn02/src/petsc/petsc-gnu51-ivybridge-int64/lib -lpetsc -Wl,-rpath,/work/n02/n02/lmn02/petsc-gnu51-ivybridge-int64/lib -L/work/n02/n02/lmn02/petsc-gnu51-ivybridge-int64/lib -lHYPRE -lparmetis -lmetis -lexoIIv2for -lexodus -lnetcdf -Wl,-rpath,/opt/cray/hdf5-parallel/1.8.14/GNU/5.1/lib -L/opt/cray/hdf5-parallel/1.8.14/GNU/5.1/lib -lhdf5hl_fortran -lhdf5_fortran -lhdf5_hl -lhdf5 -lssl -lcrypto -ldl 
-----------------------------------------

