************************************************************************************************************************
***             WIDEN YOUR WINDOW TO 120 CHARACTERS.  Use 'enscript -r -fCourier9' to print this document            ***
************************************************************************************************************************

---------------------------------------------- PETSc Performance Summary: ----------------------------------------------

rayleigh-benard-weak-scale.py on a petsc-gnu51-ivybridge-int64 named nid01801 with 768 processors, by lmn02 Mon Feb 27 19:24:21 2017
Using Petsc Development GIT revision: v3.7.5-3014-g413f72f  GIT Date: 2017-02-05 17:50:57 -0600

                         Max       Max/Min        Avg      Total 
Time (sec):           2.140e+02      1.00063   2.138e+02
Objects:              3.934e+03      2.60875   1.551e+03
Flops:                2.313e+11      1.50679   2.035e+11  1.563e+14
Flops/sec:            1.082e+09      1.50666   9.516e+08  7.308e+11
MPI Messages:         1.440e+05      7.40741   7.076e+04  5.435e+07
MPI Message Lengths:  9.183e+08      5.91301   5.243e+03  2.849e+11
MPI Reductions:       1.114e+04      1.00660

Flop counting convention: 1 flop = 1 real number operation of type (multiply/divide/add/subtract)
                            e.g., VecAXPY() for real vectors of length N --> 2N flops
                            and VecAXPY() for complex vectors of length N --> 8N flops

Summary of Stages:   ----- Time ------  ----- Flops -----  --- Messages ---  -- Message Lengths --  -- Reductions --
                        Avg     %Total     Avg     %Total   counts   %Total     Avg         %Total   counts   %Total 
 0:      Main Stage: 7.8708e+01  36.8%  1.4036e+08   0.0%  7.879e+06  14.5%  2.786e+02        5.3%  9.400e+01   0.8% 
 1:          Warmup: 6.9893e+01  32.7%  7.8151e+13  50.0%  2.327e+07  42.8%  2.496e+03       47.6%  5.607e+03  50.4% 
 2: P(1, 48) Warm solve pcd_mg: 6.5237e+01  30.5%  7.8132e+13  50.0%  2.320e+07  42.7%  2.468e+03       47.1%  5.373e+03  48.2% 

------------------------------------------------------------------------------------------------------------------------
See the 'Profiling' chapter of the users' manual for details on interpreting output.
Phase summary info:
   Count: number of times phase was executed
   Time and Flops: Max - maximum over all processors
                   Ratio - ratio of maximum to minimum over all processors
   Mess: number of messages sent
   Avg. len: average message length (bytes)
   Reduct: number of global reductions
   Global: entire computation
   Stage: stages of a computation. Set stages with PetscLogStagePush() and PetscLogStagePop().
      %T - percent time in this phase         %F - percent flops in this phase
      %M - percent messages in this phase     %L - percent message lengths in this phase
      %R - percent reductions in this phase
   Total Mflop/s: 10e-6 * (sum of flops over all processors)/(max time over all processors)
------------------------------------------------------------------------------------------------------------------------
Event                Count      Time (sec)     Flops                             --- Global ---  --- Stage ---   Total
                   Max Ratio  Max     Ratio   Max  Ratio  Mess   Avg len Reduct  %T %F %M %L %R  %T %F %M %L %R Mflop/s
------------------------------------------------------------------------------------------------------------------------

--- Event Stage 0: Main Stage

PetscBarrier           1 1.0 6.8922e-02 2.2 0.00e+00 0.0 2.2e+04 2.4e+01 5.0e+00  0  0  0  0  0   0  0  0  0  5     0
BuildTwoSided         41 1.0 7.0181e+00 3.4 0.00e+00 0.0 1.3e+06 8.0e+00 0.0e+00  3  0  2  0  0   9  0 16  0  0     0
VecSet                 4 1.0 1.8389e-02 1.1 0.00e+00 0.0 0.0e+00 0.0e+00 0.0e+00  0  0  0  0  0   0  0  0  0  0     0
VecScatterBegin        9 1.0 7.0429e-04 4.9 0.00e+00 0.0 0.0e+00 0.0e+00 0.0e+00  0  0  0  0  0   0  0  0  0  0     0
VecScatterEnd          9 1.0 3.6097e-0416.5 0.00e+00 0.0 0.0e+00 0.0e+00 0.0e+00  0  0  0  0  0   0  0  0  0  0     0
MatAssemblyBegin       1 1.0 2.5511e-0418.1 0.00e+00 0.0 0.0e+00 0.0e+00 0.0e+00  0  0  0  0  0   0  0  0  0  0     0
MatAssemblyEnd         1 1.0 2.8300e-04 9.8 0.00e+00 0.0 0.0e+00 0.0e+00 0.0e+00  0  0  0  0  0   0  0  0  0  0     0
Mesh Partition         2 1.0 9.1661e+00 1.0 0.00e+00 0.0 7.2e+06 2.0e+02 1.1e+01  4  0 13  1  0  12  0 92 10 12     0
Mesh Migration         2 1.0 1.5311e+00 1.0 0.00e+00 0.0 5.4e+05 2.2e+04 2.4e+01  1  0  1  4  0   2  0  7 77 26     0
DMPlexInterp           1 1.0 5.2325e+00 1.0 0.00e+00 0.0 0.0e+00 0.0e+00 2.0e+00  2  0  0  0  0   7  0  0  0  2     0
DMPlexDistribute       1 1.0 1.0408e+01 1.0 0.00e+00 0.0 3.6e+06 3.2e+02 9.0e+00  5  0  7  0  0  13  0 45  8 10     0
DMPlexDistCones        2 1.0 4.2167e-01 1.1 0.00e+00 0.0 9.4e+04 4.6e+04 0.0e+00  0  0  0  2  0   1  0  1 28  0     0
DMPlexDistLabels       2 1.0 8.7729e-01 1.0 0.00e+00 0.0 2.7e+05 2.2e+04 2.0e+00  0  0  0  2  0   1  0  3 39  2     0
DMPlexDistribOL        1 1.0 3.9719e-01 1.0 0.00e+00 0.0 4.2e+06 3.0e+03 2.6e+01  0  0  8  4  0   0  0 53 84 28     0
DMPlexDistField        3 1.0 6.3402e-02 1.1 0.00e+00 0.0 1.3e+05 4.6e+03 2.0e+00  0  0  0  0  0   0  0  2  4  2     0
DMPlexDistData         2 1.0 6.8519e+00 3.2 0.00e+00 0.0 7.1e+06 8.4e+01 0.0e+00  3  0 13  0  0   9  0 90  4  0     0
DMPlexStratify         6 1.0 4.9991e+00 5.0 0.00e+00 0.0 0.0e+00 0.0e+00 6.0e+00  2  0  0  0  0   6  0  0  0  6     0
SFSetGraph            47 1.0 3.0169e-02 2.1 0.00e+00 0.0 0.0e+00 0.0e+00 0.0e+00  0  0  0  0  0   0  0  0  0  0     0
SFBcastBegin          90 1.0 7.3201e+00 2.5 0.00e+00 0.0 7.8e+06 1.9e+03 0.0e+00  3  0 14  5  0   9  0 99 96  0     0
SFBcastEnd            90 1.0 1.5303e+00 4.3 0.00e+00 0.0 0.0e+00 0.0e+00 0.0e+00  1  0  0  0  0   2  0  0  0  0     0
SFReduceBegin          4 1.0 4.6359e-0243.1 0.00e+00 0.0 3.8e+04 3.3e+03 0.0e+00  0  0  0  0  0   0  0  0  1  0     0
SFReduceEnd            4 1.0 8.6513e-02 3.0 0.00e+00 0.0 0.0e+00 0.0e+00 0.0e+00  0  0  0  0  0   0  0  0  0  0     0
SFFetchOpBegin         1 1.0 3.3855e-05 8.9 0.00e+00 0.0 4.9e+03 2.5e+03 0.0e+00  0  0  0  0  0   0  0  0  0  0     0
SFFetchOpEnd           1 1.0 6.6540e-03202.2 0.00e+00 0.0 4.9e+03 2.5e+03 0.0e+00  0  0  0  0  0   0  0  0  0  0     0
CreateMesh             5 1.0 1.2117e+01 1.0 0.00e+00 0.0 7.8e+06 1.8e+03 3.9e+01  6  0 14  5  0  15  0 99 91 41     0
Mesh: reorder          1 1.0 5.6029e-02 1.1 0.00e+00 0.0 0.0e+00 0.0e+00 2.0e+00  0  0  0  0  0   0  0  0  0  2     0
Mesh: numbering        1 1.0 2.9814e-01 1.0 0.00e+00 0.0 0.0e+00 0.0e+00 2.0e+00  0  0  0  0  0   0  0  0  0  2     0
CreateFunctionSpace      31 1.0 8.1780e-01 1.0 0.00e+00 0.0 7.7e+04 1.2e+04 8.0e+00  0  0  0  0  0   1  0  1  6  9     0
ParLoopExecute        14 1.0 3.1187e+00 6.1 2.17e+05 1.5 0.0e+00 0.0e+00 0.0e+00  1  0  0  0  0   2100  0  0  0    45
ParLoopset_0          20 1.0 1.6463e-02 3.7 1.90e+04 2.0 0.0e+00 0.0e+00 0.0e+00  0  0  0  0  0   0  8  0  0  0   665
ParLoopHaloEnd        14 1.0 4.7445e-05 2.9 0.00e+00 0.0 0.0e+00 0.0e+00 0.0e+00  0  0  0  0  0   0  0  0  0  0     0
ParLoopRednBegin      14 1.0 5.5210e-0212.6 0.00e+00 0.0 0.0e+00 0.0e+00 0.0e+00  0  0  0  0  0   0  0  0  0  0     0
ParLoopRednEnd        14 1.0 5.8341e-0380.0 0.00e+00 0.0 0.0e+00 0.0e+00 0.0e+00  0  0  0  0  0   0  0  0  0  0     0
ParLoopset_4           8 1.0 3.1252e-03 2.1 1.98e+05 1.5 0.0e+00 0.0e+00 0.0e+00  0  0  0  0  0   0 92  0  0  0 41406

--- Event Stage 1: Warmup

BuildTwoSided          2 1.0 4.1031e-02 5.3 0.00e+00 0.0 1.0e+04 8.0e+00 0.0e+00  0  0  0  0  0   0  0  0  0  0     0
VecDot              4579 1.0 1.8975e+00 1.1 3.17e+08 1.5 0.0e+00 0.0e+00 4.6e+03  1  0  0  0 41   3  0  0  0 82 108551
VecMDot              139 1.0 1.5127e-01 1.8 2.02e+06 2.0 0.0e+00 0.0e+00 1.4e+02  0  0  0  0  1   0  0  0  0  2  7719
VecNorm              569 1.0 1.7926e-01 1.3 2.91e+07 1.5 0.0e+00 0.0e+00 5.7e+02  0  0  0  0  5   0  0  0  0 10 105355
VecScale            1378 1.0 1.1551e-02 1.8 1.55e+07 1.5 0.0e+00 0.0e+00 0.0e+00  0  0  0  0  0   0  0  0  0  0 873774
VecCopy             3265 1.0 7.2359e-02 1.4 0.00e+00 0.0 0.0e+00 0.0e+00 0.0e+00  0  0  0  0  0   0  0  0  0  0     0
VecSet              3174 1.5 3.3290e-02 1.9 0.00e+00 0.0 0.0e+00 0.0e+00 0.0e+00  0  0  0  0  0   0  0  0  0  0     0
VecAXPY             4616 1.0 1.0780e-01 1.5 3.19e+08 1.5 0.0e+00 0.0e+00 0.0e+00  0  0  0  0  0   0  0  0  0  0 1919342
VecWAXPY               3 1.0 2.4672e-0314.8 1.09e+05 1.5 0.0e+00 0.0e+00 0.0e+00  0  0  0  0  0   0  0  0  0  0 28445
VecMAXPY             176 1.0 2.9888e-02 1.6 2.99e+07 1.5 0.0e+00 0.0e+00 0.0e+00  0  0  0  0  0   0  0  0  0  0 642793
VecScatterBegin     7314 1.0 1.7790e-01 1.4 0.00e+00 0.0 4.9e+06 2.0e+03 0.0e+00  0  0  9  3  0   0  0 21  7  0     0
VecScatterEnd       7314 1.0 2.0397e+0166.1 0.00e+00 0.0 0.0e+00 0.0e+00 0.0e+00  7  0  0  0  0  22  0  0  0  0     0
VecReduceArith         9 1.0 2.3952e-0313.5 6.52e+05 1.5 0.0e+00 0.0e+00 0.0e+00  0  0  0  0  0   0  0  0  0  0 175796
VecReduceComm          3 1.0 2.1569e-02 8.6 0.00e+00 0.0 0.0e+00 0.0e+00 3.0e+00  0  0  0  0  0   0  0  0  0  0     0
VecNormalize         551 1.0 1.8336e-01 1.3 4.18e+07 1.5 0.0e+00 0.0e+00 5.5e+02  0  0  0  0  5   0  0  0  0 10 147606
MatMult             1341 1.0 1.6271e+01 1.9 1.07e+11 1.5 1.8e+07 6.8e+03 3.3e+01  6 46 33 43  0  18 92 77 91  1 4439636
MatSOR               395 1.0 3.1077e+0013.4 4.26e+07 2.0 3.9e+06 4.7e+02 0.0e+00  1  0  7  1  0   2  0 17  1  0  7898
MatConvert             7 2.3 4.0340e-01 1.2 0.00e+00 0.0 0.0e+00 0.0e+00 5.3e+00  0  0  0  0  0   1  0  0  0  0     0
MatAssemblyBegin      68 1.1 1.7848e-02219.5 0.00e+00 0.0 0.0e+00 0.0e+00 1.3e+00  0  0  0  0  0   0  0  0  0  0     0
MatAssemblyEnd        68 1.1 7.3426e-01 2.3 0.00e+00 0.0 8.6e+04 1.2e+03 5.3e+01  0  0  0  0  0   1  0  0  0  1     0
MatGetRowIJ           14 2.3 3.3499e-02 1.1 0.00e+00 0.0 0.0e+00 0.0e+00 0.0e+00  0  0  0  0  0   0  0  0  0  0     0
MatGetSubMatrice       4 1.0 5.3792e-02 1.5 0.00e+00 0.0 1.8e+04 5.1e+04 8.0e+00  0  0  0  0  0   0  0  0  1  0     0
MatGetSubMatrix       21 1.0 1.9082e+00 1.0 0.00e+00 0.0 0.0e+00 0.0e+00 8.0e+01  1  0  0  0  1   3  0  0  0  1     0
MatZeroEntries         6 1.0 3.8652e-02 2.3 0.00e+00 0.0 0.0e+00 0.0e+00 0.0e+00  0  0  0  0  0   0  0  0  0  0     0
MatView               13 1.3 1.3903e-01 1.3 0.00e+00 0.0 1.4e+04 4.0e+00 5.5e+00  0  0  0  0  0   0  0  0  0  0     0
MatMPIConcateSeq       4 0.0 5.4318e-02 0.0 0.00e+00 0.0 7.3e+03 9.0e+02 6.3e+00  0  0  0  0  0   0  0  0  0  0     0
PCSetUp               27 1.2 8.3568e+00 1.1 7.32e+09 1.5 2.2e+05 1.1e+04 2.7e+02  4  3  0  1  2  11  6  1  2  5 590944
PCApply               17 1.0 6.7052e+01 1.0 1.11e+11 1.5 2.3e+07 5.8e+03 5.4e+03 31 48 42 46 49  96 96 97 97 97 1117143
KSPSolve_FS_0         17 1.0 6.3609e+01 1.0 1.08e+11 1.5 2.0e+07 6.1e+03 5.1e+03 30 47 38 44 46  91 93 88 92 91 1147911
KSPSolve_FS_1         17 1.0 3.2607e+00 1.1 2.55e+09 1.5 1.7e+06 2.4e+03 3.5e+02  1  1  3  1  3   5  2  7  3  6 527107
KSPSolve_FS_Schu     395 1.0 2.0151e+01 1.2 8.20e+09 1.5 8.6e+06 1.3e+03 5.1e+01  9  4 16  4  0  26  7 37  8  1 274775
KSPGMRESOrthog       534 1.0 2.1389e+00 1.1 6.38e+08 1.5 0.0e+00 0.0e+00 4.7e+03  1  0  0  0 42   3  1  0  0 84 193688
KSPSetUp              24 1.3 2.9335e-02 6.0 0.00e+00 0.0 0.0e+00 0.0e+00 4.3e+00  0  0  0  0  0   0  0  0  0  0     0
KSPSolve               3 1.0 6.8481e+01 1.0 1.15e+11 1.5 2.3e+07 5.8e+03 5.6e+03 32 50 42 47 50  98 99 99 99100 1134034
SNESSolve              1 1.0 6.9125e+01 1.0 1.16e+11 1.5 2.3e+07 5.8e+03 5.6e+03 32 50 43 48 50  99100100100100 1130584
SNESFunctionEval       4 1.0 5.3361e-01 1.0 7.27e+08 1.5 1.5e+05 4.5e+03 0.0e+00  0  0  0  0  0   1  1  1  1  0 919104
SNESJacobianEval       3 1.0 2.3146e-02 1.3 0.00e+00 0.0 0.0e+00 0.0e+00 0.0e+00  0  0  0  0  0   0  0  0  0  0     0
SNESLineSearch         3 1.0 1.1844e-01 1.0 5.46e+08 1.5 9.1e+04 5.2e+03 3.0e+00  0  0  0  0  0   0  0  0  0  0 3109807
SFBcastBegin        1791 1.0 2.5092e-01 2.9 0.00e+00 0.0 1.8e+07 6.8e+03 0.0e+00  0  0 34 43  0   0  0 78 91  0     0
SFBcastEnd          1791 1.0 6.0332e+0036.0 0.00e+00 0.0 0.0e+00 0.0e+00 0.0e+00  1  0  0  0  0   4  0  0  0  0     0
CreateFunctionSpace      17 1.0 1.3232e-02 3.5 0.00e+00 0.0 0.0e+00 0.0e+00 0.0e+00  0  0  0  0  0   0  0  0  0  0     0
ParLoopExecute      5415 1.0 1.7353e+01 1.9 1.15e+11 1.5 1.8e+07 6.8e+03 0.0e+00  6 50 34 43  0  20 99 78 91  0 4475647
ParLoopset_0        4068 1.0 1.2664e-01 2.3 0.00e+00 0.0 0.0e+00 0.0e+00 0.0e+00  0  0  0  0  0   0  0  0  0  0     0
ParLoopHaloEnd      5415 1.0 6.1531e+0025.2 0.00e+00 0.0 0.0e+00 0.0e+00 0.0e+00  1  0  0  0  0   4  0  0  0  0     0
ParLoopRednBegin    5415 1.0 1.2734e-02 1.3 0.00e+00 0.0 0.0e+00 0.0e+00 0.0e+00  0  0  0  0  0   0  0  0  0  0     0
ParLoopRednEnd      5415 1.0 3.1577e-02 2.2 0.00e+00 0.0 0.0e+00 0.0e+00 0.0e+00  0  0  0  0  0   0  0  0  0  0     0
ParLoopset_4        3212 1.0 2.3811e-01 2.9 0.00e+00 0.0 0.0e+00 0.0e+00 0.0e+00  0  0  0  0  0   0  0  0  0  0     0
ApplyBC                3 1.0 5.6562e-01 1.0 0.00e+00 0.0 0.0e+00 0.0e+00 0.0e+00  0  0  0  0  0   1  0  0  0  0     0
ParLoopset_5           2 1.0 4.7183e-04 1.5 0.00e+00 0.0 0.0e+00 0.0e+00 0.0e+00  0  0  0  0  0   0  0  0  0  0     0
ParLoopset_6           2 1.0 4.0770e-04 1.2 0.00e+00 0.0 0.0e+00 0.0e+00 0.0e+00  0  0  0  0  0   0  0  0  0  0     0
ParLoopCells        5319 1.0 9.9104e+00 1.5 1.15e+11 1.5 0.0e+00 0.0e+00 0.0e+00  4 50  0  0  0  12 99  0  0  0 7836587
CreateSparsity         4 1.0 3.6829e-01 1.5 0.00e+00 0.0 0.0e+00 0.0e+00 0.0e+00  0  0  0  0  0   0  0  0  0  0     0
MatZeroInitial         4 1.0 4.2049e-01 1.1 0.00e+00 0.0 7.9e+04 1.2e+03 3.2e+01  0  0  0  0  0   1  0  0  0  1     0

--- Event Stage 2: P(1, 48) Warm solve pcd_mg

VecDot              4579 1.0 2.1856e+00 1.2 3.17e+08 1.5 0.0e+00 0.0e+00 4.6e+03  1  0  0  0 41   3  0  0  0 85 94241
VecMDot              139 1.0 1.6932e-01 1.9 2.02e+06 2.0 0.0e+00 0.0e+00 1.4e+02  0  0  0  0  1   0  0  0  0  3  6896
VecNorm              569 1.0 2.5765e-01 1.2 2.91e+07 1.5 0.0e+00 0.0e+00 5.7e+02  0  0  0  0  5   0  0  0  0 11 73300
VecScale            1378 1.0 9.5897e-03 1.5 1.55e+07 1.5 0.0e+00 0.0e+00 0.0e+00  0  0  0  0  0   0  0  0  0  0 1052495
VecCopy             3265 1.0 7.5927e-02 1.5 0.00e+00 0.0 0.0e+00 0.0e+00 0.0e+00  0  0  0  0  0   0  0  0  0  0     0
VecSet              3168 1.5 3.3318e-02 1.8 0.00e+00 0.0 0.0e+00 0.0e+00 0.0e+00  0  0  0  0  0   0  0  0  0  0     0
VecAXPY             4616 1.0 1.0776e-01 1.5 3.19e+08 1.5 0.0e+00 0.0e+00 0.0e+00  0  0  0  0  0   0  0  0  0  0 1920039
VecWAXPY               3 1.0 1.5390e-03 8.7 1.09e+05 1.5 0.0e+00 0.0e+00 0.0e+00  0  0  0  0  0   0  0  0  0  0 45600
VecMAXPY             176 1.0 2.8023e-02 1.4 2.99e+07 1.5 0.0e+00 0.0e+00 0.0e+00  0  0  0  0  0   0  0  0  0  0 685576
VecScatterBegin     7314 1.0 1.7805e-01 1.4 0.00e+00 0.0 4.9e+06 2.0e+03 0.0e+00  0  0  9  3  0   0  0 21  7  0     0
VecScatterEnd       7314 1.0 1.9841e+0168.5 0.00e+00 0.0 0.0e+00 0.0e+00 0.0e+00  7  0  0  0  0  23  0  0  0  0     0
VecReduceArith         9 1.0 1.7114e-03 9.9 6.52e+05 1.5 0.0e+00 0.0e+00 0.0e+00  0  0  0  0  0   0  0  0  0  0 246036
VecReduceComm          3 1.0 8.7237e-02 2.5 0.00e+00 0.0 0.0e+00 0.0e+00 3.0e+00  0  0  0  0  0   0  0  0  0  0     0
VecNormalize         551 1.0 2.5159e-01 1.2 4.18e+07 1.5 0.0e+00 0.0e+00 5.5e+02  0  0  0  0  5   0  0  0  0 10 107579
MatMult             1341 1.0 1.4893e+01 1.9 1.07e+11 1.5 1.8e+07 6.8e+03 0.0e+00  6 46 33 43  0  18 92 78 91  0 4850239
MatSOR               395 1.0 2.8518e+0013.4 4.26e+07 2.0 3.9e+06 4.7e+02 0.0e+00  1  0  7  1  0   2  0 17  1  0  8606
MatConvert             6 2.0 3.2910e-01 1.4 0.00e+00 0.0 0.0e+00 0.0e+00 0.0e+00  0  0  0  0  0   0  0  0  0  0     0
MatAssemblyBegin      63 1.1 1.3138e-02151.0 0.00e+00 0.0 0.0e+00 0.0e+00 1.0e+00  0  0  0  0  0   0  0  0  0  0     0
MatAssemblyEnd        63 1.1 6.3378e-01 2.8 0.00e+00 0.0 0.0e+00 0.0e+00 1.9e+01  0  0  0  0  0   1  0  0  0  0     0
MatGetRowIJ           12 2.0 6.8419e-03 3.2 0.00e+00 0.0 0.0e+00 0.0e+00 0.0e+00  0  0  0  0  0   0  0  0  0  0     0
MatGetSubMatrice       3 1.0 3.4713e-02 1.7 0.00e+00 0.0 1.3e+04 5.1e+04 6.0e+00  0  0  0  0  0   0  0  0  1  0     0
MatGetSubMatrix       21 1.0 5.2261e-04 1.4 0.00e+00 0.0 0.0e+00 0.0e+00 0.0e+00  0  0  0  0  0   0  0  0  0  0     0
MatZeroEntries         6 1.0 1.7677e-02 1.5 0.00e+00 0.0 0.0e+00 0.0e+00 0.0e+00  0  0  0  0  0   0  0  0  0  0     0
MatView               13 1.3 1.1451e-01 1.3 0.00e+00 0.0 1.5e+04 4.0e+00 5.5e+00  0  0  0  0  0   0  0  0  0  0     0
MatMPIConcateSeq       3 0.0 2.2621e-02 0.0 0.00e+00 0.0 0.0e+00 0.0e+00 2.0e+00  0  0  0  0  0   0  0  0  0  0     0
PCSetUp               24 1.1 4.5104e+00 1.2 7.29e+09 1.5 1.2e+05 1.1e+04 7.8e+01  2  3  0  0  1   6  6  0  1  1 1090650
PCApply               17 1.0 6.4178e+01 1.0 1.11e+11 1.5 2.3e+07 5.8e+03 5.3e+03 30 48 41 46 47  98 96 97 98 98 1166868
KSPSolve_FS_0         17 1.0 6.0633e+01 1.0 1.08e+11 1.5 2.0e+07 6.1e+03 5.0e+03 28 47 38 44 44  93 93 88 93 92 1203934
KSPSolve_FS_1         17 1.0 3.5268e+00 1.1 2.55e+09 1.5 1.7e+06 2.4e+03 3.3e+02  2  1  3  1  3   5  2  7  3  6 487346
KSPSolve_FS_Schu     395 1.0 1.8809e+01 1.2 8.17e+09 1.5 8.6e+06 1.2e+03 0.0e+00  8  4 16  4  0  26  7 37  8  0 293367
KSPGMRESOrthog       534 1.0 2.4619e+00 1.2 6.38e+08 1.5 0.0e+00 0.0e+00 4.7e+03  1  0  0  0 42   3  1  0  0 88 168278
KSPSetUp              18 1.2 1.5974e-0516.8 0.00e+00 0.0 0.0e+00 0.0e+00 0.0e+00  0  0  0  0  0   0  0  0  0  0     0
KSPSolve               3 1.0 6.4721e+01 1.0 1.15e+11 1.5 2.3e+07 5.8e+03 5.4e+03 30 50 42 47 48  99 99 99100100 1199629
SNESSolve              1 1.0 6.4919e+01 1.0 1.16e+11 1.5 2.3e+07 5.8e+03 5.4e+03 30 50 43 47 48 100100100100100 1203538
SNESFunctionEval       4 1.0 1.2365e-01 2.0 7.27e+08 1.5 1.2e+05 5.2e+03 0.0e+00  0  0  0  0  0   0  1  1  0  0 3966505
SNESJacobianEval       3 1.0 1.1007e-02 2.5 0.00e+00 0.0 0.0e+00 0.0e+00 0.0e+00  0  0  0  0  0   0  0  0  0  0     0
SNESLineSearch         3 1.0 1.8243e-01 1.4 5.46e+08 1.5 9.1e+04 5.2e+03 3.0e+00  0  0  0  0  0   0  0  0  0  0 2018977
SFBcastBegin        1791 1.0 2.1393e-01 4.4 0.00e+00 0.0 1.8e+07 6.8e+03 0.0e+00  0  0 34 43  0   0  0 79 92  0     0
SFBcastEnd          1791 1.0 5.5027e+0010.8 0.00e+00 0.0 0.0e+00 0.0e+00 0.0e+00  1  0  0  0  0   4  0  0  0  0     0
ParLoopExecute      5411 1.0 1.5209e+01 1.9 1.15e+11 1.5 1.8e+07 6.8e+03 0.0e+00  6 50 34 43  0  19 99 79 92  0 5105047
ParLoopset_0        4068 1.0 1.0798e-01 2.6 0.00e+00 0.0 0.0e+00 0.0e+00 0.0e+00  0  0  0  0  0   0  0  0  0  0     0
ParLoopHaloEnd      5411 1.0 5.6176e+00 9.6 0.00e+00 0.0 0.0e+00 0.0e+00 0.0e+00  1  0  0  0  0   4  0  0  0  0     0
ParLoopRednBegin    5411 1.0 1.1972e-02 1.2 0.00e+00 0.0 0.0e+00 0.0e+00 0.0e+00  0  0  0  0  0   0  0  0  0  0     0
ParLoopRednEnd      5411 1.0 1.9357e-02 1.4 0.00e+00 0.0 0.0e+00 0.0e+00 0.0e+00  0  0  0  0  0   0  0  0  0  0     0
ParLoopset_4        3212 1.0 2.1183e-01 2.1 0.00e+00 0.0 0.0e+00 0.0e+00 0.0e+00  0  0  0  0  0   0  0  0  0  0     0
ApplyBC                3 1.0 2.8968e-03 1.9 0.00e+00 0.0 0.0e+00 0.0e+00 0.0e+00  0  0  0  0  0   0  0  0  0  0     0
ParLoopCells        5313 1.0 9.8308e+00 1.5 1.15e+11 1.5 0.0e+00 0.0e+00 0.0e+00  4 50  0  0  0  13 99  0  0  0 7898089
------------------------------------------------------------------------------------------------------------------------

Memory usage is given in bytes:

Object Type          Creations   Destructions     Memory  Descendants' Mem.
Reports information only for process 0.

--- Event Stage 0: Main Stage

           Container     4              3         1848     0.
              Viewer     2              0            0     0.
           Index Set  2530           2516      2114080     0.
   IS L to G Mapping     4              4      6894920     0.
             Section    73             60        45600     0.
              Vector    17            135     22872312     0.
      Vector Scatter     3             12       922112     0.
              Matrix     5             27     41149416     0.
   Matrix Null Space     2              1          656     0.
      Preconditioner     1             13        14584     0.
       Krylov Solver     1             11       102008     0.
                SNES     1              1         1488     0.
      SNESLineSearch     1              1         1040     0.
              DMSNES     1              0            0     0.
    Distributed Mesh    14             10        49312     0.
    GraphPartitioner     6              5         3280     0.
Star Forest Bipartite Graph    70             62        55312     0.
     Discrete System    14             10         9280     0.

--- Event Stage 1: Warmup

           Container     2              0            0     0.
              Viewer     2              2         1776     0.
           Index Set    67             60      1291720     0.
   IS L to G Mapping     2              0            0     0.
              Vector   587            434      4497256     0.
      Vector Scatter    16              0            0     0.
              Matrix    34              4      7584320     0.
      Preconditioner    17              5         4552     0.
       Krylov Solver    15              5         6696     0.
     DMKSP interface     1              0            0     0.
    Distributed Mesh     3              0            0     0.
Star Forest Bipartite Graph     6              2         1712     0.
     Discrete System     3              0            0     0.

--- Event Stage 2: P(1, 48) Warm solve pcd_mg

              Viewer     2              2         1776     0.
           Index Set    15             12        10176     0.
              Vector   407            398      3836720     0.
      Vector Scatter     3              0            0     0.
              Matrix     3              3      5688240     0.
========================================================================================================================
Average time to get PetscTime(): 0.
Average time for MPI_Barrier(): 5.49793e-05
Average time for zero size MPI_Send(): 3.28633e-06
#PETSc Option Table entries:
--dimension 3
--parameters pcd_mg
--results-file results64/rayleigh-benard-weak-3d-64bit-pcd_hypre-fixed-rapr.csv
-dimension 3
-log_view ascii:results64/rayleigh-benard-pcd_hypre-fixed-rapr-weak-3d-64bit-768.log
-parameters pcd_mg
-results-file results64/rayleigh-benard-weak-3d-64bit-pcd_hypre-fixed-rapr.csv
#End of PETSc Option Table entries
Compiled without FORTRAN kernels
Compiled with full precision matrices (default)
sizeof(short) 2 sizeof(int) 4 sizeof(long) 8 sizeof(void*) 8 sizeof(PetscScalar) 8 sizeof(PetscInt) 8
Configure options: --COPTFLAGS="-march=ivybridge -O3" --CXXOPTFLAGS="-march=ivybridge -O3" --FOPTFLAGS="-march=ivybridge -O3" --PETSC_ARCH=petsc-gnu51-ivybridge-int64 --download-exodusii --download-hypre --download-metis --download-netcdf --download-parmetis --download-sowing=1 --known-bits-per-byte=8 --known-has-attribute-aligned=1 --known-level1-dcache-assoc=8 --known-level1-dcache-linesize=64 --known-level1-dcache-size=32768 --known-memcmp-ok=1 --known-mpi-c-double-complex=1 --known-mpi-int64_t=1 --known-mpi-long-double=1 --known-mpi-shared-libraries=1 --known-sdot-returns-double=0 --known-sizeof-MPI_Comm=4 --known-sizeof-MPI_Fint=4 --known-sizeof-char=1 --known-sizeof-double=8 --known-sizeof-float=4 --known-sizeof-int=4 --known-sizeof-long-long=8 --known-sizeof-long=8 --known-sizeof-short=2 --known-sizeof-size_t=8 --known-sizeof-void-p=8 --known-snrm2-returns-double=0 --prefix=/work/n02/n02/lmn02/petsc-gnu51-ivybridge-int64 --with-64-bit-indices=1 --with-batch=1 --with-blas-lapack-lib="-L/opt/cray/libsci/16.03.1/GNU/5.1/x86_64/lib -lsci_gnu_mp" --with-cc=cc --with-clib-autodetect=0 --with-cxx=CC --with-cxxlib-autodetect=0 --with-debugging=0 --with-fc=ftn --with-fortranlib-autodetect=0 --with-hdf5-dir=/opt/cray/hdf5-parallel/1.8.14/GNU/5.1 --with-hdf5=1 --with-make-np=4 --with-pic=1 --with-shared-libraries=1 --with-x=0 --download-eigen
-----------------------------------------
Libraries compiled on Tue Feb 14 12:07:09 2017 on eslogin003 
Machine characteristics: Linux-3.0.101-0.47.86.1.11753.0.PTF-default-x86_64-with-SuSE-11-x86_64
Using PETSc directory: /home2/n02/n02/lmn02/src/petsc
Using PETSc arch: petsc-gnu51-ivybridge-int64
-----------------------------------------

Using C compiler: cc  -fPIC  -march=ivybridge -O3  ${COPTFLAGS} ${CFLAGS}
Using Fortran compiler: ftn  -fPIC -march=ivybridge -O3   ${FOPTFLAGS} ${FFLAGS} 
-----------------------------------------

Using include paths: -I/home2/n02/n02/lmn02/src/petsc/petsc-gnu51-ivybridge-int64/include -I/home2/n02/n02/lmn02/src/petsc/include -I/home2/n02/n02/lmn02/src/petsc/include -I/home2/n02/n02/lmn02/src/petsc/petsc-gnu51-ivybridge-int64/include -I/work/n02/n02/lmn02/petsc-gnu51-ivybridge-int64/include -I/work/n02/n02/lmn02/petsc-gnu51-ivybridge-int64/include/eigen3 -I/opt/cray/hdf5-parallel/1.8.14/GNU/5.1/include
-----------------------------------------

Using C linker: cc
Using Fortran linker: ftn
Using libraries: -Wl,-rpath,/home2/n02/n02/lmn02/src/petsc/petsc-gnu51-ivybridge-int64/lib -L/home2/n02/n02/lmn02/src/petsc/petsc-gnu51-ivybridge-int64/lib -lpetsc -Wl,-rpath,/work/n02/n02/lmn02/petsc-gnu51-ivybridge-int64/lib -L/work/n02/n02/lmn02/petsc-gnu51-ivybridge-int64/lib -lHYPRE -lparmetis -lmetis -lexoIIv2for -lexodus -lnetcdf -Wl,-rpath,/opt/cray/hdf5-parallel/1.8.14/GNU/5.1/lib -L/opt/cray/hdf5-parallel/1.8.14/GNU/5.1/lib -lhdf5hl_fortran -lhdf5_fortran -lhdf5_hl -lhdf5 -lssl -lcrypto -ldl 
-----------------------------------------

