************************************************************************************************************************
***             WIDEN YOUR WINDOW TO 120 CHARACTERS.  Use 'enscript -r -fCourier9' to print this document            ***
************************************************************************************************************************

---------------------------------------------- PETSc Performance Summary: ----------------------------------------------

rayleigh-benard-weak-scale.py on a petsc-gnu51-ivybridge-int64 named nid03574 with 96 processors, by lmn02 Mon Feb 27 19:14:58 2017
Using Petsc Development GIT revision: v3.7.5-3014-g413f72f  GIT Date: 2017-02-05 17:50:57 -0600

                         Max       Max/Min        Avg      Total 
Time (sec):           2.040e+02      1.00027   2.040e+02
Objects:              1.908e+03      1.28054   1.520e+03
Flops:                2.166e+11      1.41109   1.872e+11  1.797e+13
Flops/sec:            1.062e+09      1.41110   9.177e+08  8.810e+10
MPI Messages:         9.032e+04      4.59039   4.891e+04  4.696e+06
MPI Message Lengths:  4.822e+08      2.61773   6.513e+03  3.058e+10
MPI Reductions:       1.056e+04      1.00696

Flop counting convention: 1 flop = 1 real number operation of type (multiply/divide/add/subtract)
                            e.g., VecAXPY() for real vectors of length N --> 2N flops
                            and VecAXPY() for complex vectors of length N --> 8N flops

Summary of Stages:   ----- Time ------  ----- Flops -----  --- Messages ---  -- Message Lengths --  -- Reductions --
                        Avg     %Total     Avg     %Total   counts   %Total     Avg         %Total   counts   %Total 
 0:      Main Stage: 8.5504e+01  41.9%  1.7840e+07   0.0%  1.943e+05   4.1%  3.802e+02        5.8%  9.400e+01   0.9% 
 1:          Warmup: 7.4486e+01  36.5%  8.9852e+12  50.0%  2.254e+06  48.0%  3.087e+03       47.4%  5.318e+03  50.4% 
 2: P(1, 24) Warm solve pcd_mg: 4.3962e+01  21.6%  8.9830e+12  50.0%  2.248e+06  47.9%  3.047e+03       46.8%  5.084e+03  48.2% 

------------------------------------------------------------------------------------------------------------------------
See the 'Profiling' chapter of the users' manual for details on interpreting output.
Phase summary info:
   Count: number of times phase was executed
   Time and Flops: Max - maximum over all processors
                   Ratio - ratio of maximum to minimum over all processors
   Mess: number of messages sent
   Avg. len: average message length (bytes)
   Reduct: number of global reductions
   Global: entire computation
   Stage: stages of a computation. Set stages with PetscLogStagePush() and PetscLogStagePop().
      %T - percent time in this phase         %F - percent flops in this phase
      %M - percent messages in this phase     %L - percent message lengths in this phase
      %R - percent reductions in this phase
   Total Mflop/s: 10e-6 * (sum of flops over all processors)/(max time over all processors)
------------------------------------------------------------------------------------------------------------------------
Event                Count      Time (sec)     Flops                             --- Global ---  --- Stage ---   Total
                   Max Ratio  Max     Ratio   Max  Ratio  Mess   Avg len Reduct  %T %F %M %L %R  %T %F %M %L %R Mflop/s
------------------------------------------------------------------------------------------------------------------------

--- Event Stage 0: Main Stage

PetscBarrier           1 1.0 4.6960e-02 1.8 0.00e+00 0.0 2.2e+03 2.4e+01 5.0e+00  0  0  0  0  0   0  0  1  0  5     0
BuildTwoSided         41 1.0 3.8814e-0115.0 0.00e+00 0.0 2.9e+04 8.0e+00 0.0e+00  0  0  1  0  0   0  0 15  0  0     0
VecSet                 4 1.0 1.4908e-03 1.4 0.00e+00 0.0 0.0e+00 0.0e+00 0.0e+00  0  0  0  0  0   0  0  0  0  0     0
VecScatterBegin        9 1.0 1.7390e-03 1.3 0.00e+00 0.0 0.0e+00 0.0e+00 0.0e+00  0  0  0  0  0   0  0  0  0  0     0
VecScatterEnd          9 1.0 9.3603e-04 1.6 0.00e+00 0.0 0.0e+00 0.0e+00 0.0e+00  0  0  0  0  0   0  0  0  0  0     0
MatAssemblyBegin       1 1.0 1.0109e-04 5.0 0.00e+00 0.0 0.0e+00 0.0e+00 0.0e+00  0  0  0  0  0   0  0  0  0  0     0
MatAssemblyEnd         1 1.0 2.4486e-04 6.6 0.00e+00 0.0 0.0e+00 0.0e+00 0.0e+00  0  0  0  0  0   0  0  0  0  0     0
Mesh Partition         2 1.0 6.5676e-01 1.0 0.00e+00 0.0 1.2e+05 1.3e+03 1.1e+01  0  0  3  1  0   1  0 64  9 12     0
Mesh Migration         2 1.0 3.0305e-01 1.0 0.00e+00 0.0 5.7e+04 2.4e+04 2.4e+01  0  0  1  5  0   0  0 29 77 26     0
DMPlexInterp           1 1.0 5.6607e-01 1.0 0.00e+00 0.0 0.0e+00 0.0e+00 2.0e+00  0  0  0  0  0   1  0  0  0  2     0
DMPlexDistribute       1 1.0 6.2708e-01 1.0 0.00e+00 0.0 6.0e+04 2.3e+03 9.0e+00  0  0  1  0  0   1  0 31  8 10     0
DMPlexDistCones        2 1.0 1.0980e-01 1.1 0.00e+00 0.0 9.6e+03 5.3e+04 0.0e+00  0  0  0  2  0   0  0  5 29  0     0
DMPlexDistLabels       2 1.0 1.2505e-01 1.0 0.00e+00 0.0 3.0e+04 2.3e+04 2.0e+00  0  0  1  2  0   0  0 15 39  2     0
DMPlexDistribOL        1 1.0 3.3271e-01 1.0 0.00e+00 0.0 1.2e+05 1.2e+04 2.6e+01  0  0  3  5  0   0  0 63 84 28     0
DMPlexDistField        3 1.0 1.3236e-02 1.1 0.00e+00 0.0 1.3e+04 5.3e+03 2.0e+00  0  0  0  0  0   0  0  7  4  2     0
DMPlexDistData         2 1.0 3.8691e-01 7.2 0.00e+00 0.0 1.1e+05 5.4e+02 0.0e+00  0  0  2  0  0   0  0 58  3  0     0
DMPlexStratify         6 1.0 6.3428e-01 3.1 0.00e+00 0.0 0.0e+00 0.0e+00 6.0e+00  0  0  0  0  0   1  0  0  0  6     0
SFSetGraph            47 1.0 2.5583e-02 1.7 0.00e+00 0.0 0.0e+00 0.0e+00 0.0e+00  0  0  0  0  0   0  0  0  0  0     0
SFBcastBegin          90 1.0 4.9294e-01 2.8 0.00e+00 0.0 1.9e+05 9.1e+03 0.0e+00  0  0  4  6  0   1  0 97 96  0     0
SFBcastEnd            90 1.0 2.0252e-01 1.8 0.00e+00 0.0 0.0e+00 0.0e+00 0.0e+00  0  0  0  0  0   0  0  0  0  0     0
SFReduceBegin          4 1.0 5.4350e-03 2.9 0.00e+00 0.0 3.7e+03 3.9e+03 0.0e+00  0  0  0  0  0   0  0  2  1  0     0
SFReduceEnd            4 1.0 6.1619e-03 4.0 0.00e+00 0.0 0.0e+00 0.0e+00 0.0e+00  0  0  0  0  0   0  0  0  0  0     0
SFFetchOpBegin         1 1.0 3.0994e-05 8.1 0.00e+00 0.0 4.9e+02 2.8e+03 0.0e+00  0  0  0  0  0   0  0  0  0  0     0
SFFetchOpEnd           1 1.0 8.7500e-0414.9 0.00e+00 0.0 4.9e+02 2.8e+03 0.0e+00  0  0  0  0  0   0  0  0  0  0     0
CreateMesh             5 1.0 1.3372e+00 1.0 0.00e+00 0.0 1.8e+05 8.9e+03 3.9e+01  1  0  4  5  0   2  0 94 92 41     0
Mesh: reorder          1 1.0 1.5152e-02 1.8 0.00e+00 0.0 0.0e+00 0.0e+00 2.0e+00  0  0  0  0  0   0  0  0  0  2     0
Mesh: numbering        1 1.0 2.0776e-01 1.0 0.00e+00 0.0 0.0e+00 0.0e+00 2.0e+00  0  0  0  0  0   0  0  0  0  2     0
CreateFunctionSpace      31 1.0 5.1073e-01 1.1 0.00e+00 0.0 7.6e+03 1.3e+04 8.0e+00  0  0  0  0  0   1  0  4  6  9     0
ParLoopExecute        14 1.0 4.1527e-01 3.1 2.18e+05 1.4 0.0e+00 0.0e+00 0.0e+00  0  0  0  0  0   0100  0  0  0    43
ParLoopset_0          20 1.0 3.9914e-03 2.1 1.90e+04 1.9 0.0e+00 0.0e+00 0.0e+00  0  0  0  0  0   0  8  0  0  0   354
ParLoopHaloEnd        14 1.0 3.7909e-05 2.2 0.00e+00 0.0 0.0e+00 0.0e+00 0.0e+00  0  0  0  0  0   0  0  0  0  0     0
ParLoopRednBegin      14 1.0 2.0456e-02 4.7 0.00e+00 0.0 0.0e+00 0.0e+00 0.0e+00  0  0  0  0  0   0  0  0  0  0     0
ParLoopRednEnd        14 1.0 3.7243e-03 1.4 0.00e+00 0.0 0.0e+00 0.0e+00 0.0e+00  0  0  0  0  0   0  0  0  0  0     0
ParLoopset_4           8 1.0 7.8883e-03 4.1 1.99e+05 1.4 0.0e+00 0.0e+00 0.0e+00  0  0  0  0  0   0 92  0  0  0  2083

--- Event Stage 1: Warmup

BuildTwoSided          2 1.0 1.7397e-02 2.5 0.00e+00 0.0 1.0e+03 8.0e+00 0.0e+00  0  0  0  0  0   0  0  0  0  0     0
VecDot              4317 1.0 6.2479e-01 1.3 3.01e+08 1.4 0.0e+00 0.0e+00 4.3e+03  0  0  0  0 41   1  0  0  0 81 39484
VecMDot              132 1.0 4.5429e-02 3.2 1.84e+06 1.9 0.0e+00 0.0e+00 1.3e+02  0  0  0  0  1   0  0  0  0  2  3003
VecNorm              549 1.0 4.3454e-02 1.2 2.84e+07 1.4 0.0e+00 0.0e+00 5.5e+02  0  0  0  0  5   0  0  0  0 10 53478
VecScale            1332 1.0 8.7769e-03 1.3 1.52e+07 1.4 0.0e+00 0.0e+00 0.0e+00  0  0  0  0  0   0  0  0  0  0 141176
VecCopy             3153 1.0 6.9802e-02 1.2 0.00e+00 0.0 0.0e+00 0.0e+00 0.0e+00  0  0  0  0  0   0  0  0  0  0     0
VecSet              3069 1.5 3.8282e-02 1.7 0.00e+00 0.0 0.0e+00 0.0e+00 0.0e+00  0  0  0  0  0   0  0  0  0  0     0
VecAXPY             4354 1.0 1.0015e-01 1.4 3.02e+08 1.4 0.0e+00 0.0e+00 0.0e+00  0  0  0  0  0   0  0  0  0  0 247507
VecWAXPY               3 1.0 8.5211e-04 4.3 1.09e+05 1.4 0.0e+00 0.0e+00 0.0e+00  0  0  0  0  0   0  0  0  0  0 10468
VecMAXPY             169 1.0 2.4962e-02 1.3 2.89e+07 1.5 0.0e+00 0.0e+00 0.0e+00  0  0  0  0  0   0  0  0  0  0 94275
VecScatterBegin     7079 1.0 1.6471e-01 1.3 0.00e+00 0.0 4.9e+05 2.4e+03 0.0e+00  0  0 10  4  0   0  0 22  8  0     0
VecScatterEnd       7079 1.0 8.8325e+0022.6 0.00e+00 0.0 0.0e+00 0.0e+00 0.0e+00  3  0  0  0  0   9  0  0  0  0     0
VecReduceArith         9 1.0 1.1492e-03 7.0 6.55e+05 1.4 0.0e+00 0.0e+00 0.0e+00  0  0  0  0  0   0  0  0  0  0 46571
VecReduceComm          3 1.0 1.2321e-0213.7 0.00e+00 0.0 0.0e+00 0.0e+00 3.0e+00  0  0  0  0  0   0  0  0  0  0     0
VecNormalize         531 1.0 4.6847e-02 1.2 4.06e+07 1.4 0.0e+00 0.0e+00 5.3e+02  0  0  0  0  5   0  0  0  0 10 70979
MatMult             1295 1.0 1.1766e+01 1.5 9.99e+10 1.4 1.7e+06 7.5e+03 3.3e+01  5 46 37 42  0  13 92 77 89  1 703942
MatSOR               382 1.0 1.5470e+00 8.2 4.16e+07 2.0 3.8e+05 5.2e+02 0.0e+00  0  0  8  1  0   1  0 17  1  0  1965
MatConvert             7 2.3 2.9456e-01 1.2 0.00e+00 0.0 0.0e+00 0.0e+00 5.3e+00  0  0  0  0  0   0  0  0  0  0     0
MatAssemblyBegin      68 1.1 4.4913e-0353.8 0.00e+00 0.0 0.0e+00 0.0e+00 1.3e+00  0  0  0  0  0   0  0  0  0  0     0
MatAssemblyEnd        68 1.1 8.3128e-01 1.7 0.00e+00 0.0 8.4e+03 1.3e+03 5.3e+01  0  0  0  0  0   1  0  0  0  1     0
MatGetRowIJ           14 2.3 3.2830e-03 1.3 0.00e+00 0.0 0.0e+00 0.0e+00 0.0e+00  0  0  0  0  0   0  0  0  0  0     0
MatGetSubMatrice       4 1.0 4.4281e-02 3.2 0.00e+00 0.0 2.1e+03 5.4e+04 8.0e+00  0  0  0  0  0   0  0  0  1  0     0
MatGetSubMatrix       21 1.0 2.0889e+01 1.0 0.00e+00 0.0 0.0e+00 0.0e+00 8.0e+01 10  0  0  0  1  28  0  0  0  2     0
MatZeroEntries         6 1.0 1.7115e-02 1.4 0.00e+00 0.0 0.0e+00 0.0e+00 0.0e+00  0  0  0  0  0   0  0  0  0  0     0
MatView               13 1.3 2.0204e-02 1.2 0.00e+00 0.0 1.7e+03 4.0e+00 5.5e+00  0  0  0  0  0   0  0  0  0  0     0
MatMPIConcateSeq       4 0.0 4.4493e-02 0.0 0.00e+00 0.0 5.5e+02 1.3e+03 6.3e+00  0  0  0  0  0   0  0  0  0  0     0
PCSetUp               27 1.2 2.6488e+01 1.0 7.06e+09 1.4 2.2e+04 1.3e+04 2.7e+02 13  3  0  1  3  35  7  1  2  5 22109
PCApply               17 1.0 5.9317e+01 1.0 1.04e+11 1.4 2.2e+06 6.4e+03 5.2e+03 29 48 47 46 49  80 96 97 97 97 144990
KSPSolve_FS_0         17 1.0 5.7575e+01 1.0 1.01e+11 1.4 2.0e+06 6.7e+03 4.8e+03 28 47 42 44 46  77 93 88 92 91 145657
KSPSolve_FS_1         17 1.0 1.6202e+00 1.0 2.34e+09 1.4 1.7e+05 2.8e+03 3.3e+02  1  1  4  2  3   2  2  8  3  6 119728
KSPSolve_FS_Schu     382 1.0 9.5962e+00 1.3 7.66e+09 1.4 8.4e+05 1.5e+03 5.1e+01  4  4 18  4  0  11  7 37  9  1 66203
KSPGMRESOrthog       514 1.0 7.6233e-01 1.3 6.05e+08 1.4 0.0e+00 0.0e+00 4.4e+03  0  0  0  0 42   1  1  0  0 84 65078
KSPSetUp              24 1.3 1.2741e-02 3.8 0.00e+00 0.0 0.0e+00 0.0e+00 4.3e+00  0  0  0  0  0   0  0  0  0  0     0
KSPSolve               3 1.0 6.7308e+01 1.0 1.08e+11 1.4 2.2e+06 6.4e+03 5.3e+03 33 50 48 47 50  90 99 99 99100 132630
SNESSolve              1 1.0 7.3968e+01 1.0 1.08e+11 1.4 2.3e+06 6.4e+03 5.3e+03 36 50 48 47 50  99100100100100 121475
SNESFunctionEval       4 1.0 6.5824e+00 1.0 7.01e+08 1.4 1.5e+04 4.9e+03 0.0e+00  3  0  0  0  0   9  1  1  1  0  8836
SNESJacobianEval       3 1.0 1.0119e-02 1.9 0.00e+00 0.0 0.0e+00 0.0e+00 0.0e+00  0  0  0  0  0   0  0  0  0  0     0
SNESLineSearch         3 1.0 7.8508e-02 1.0 5.27e+08 1.4 9.1e+03 5.7e+03 3.0e+00  0  0  0  0  0   0  0  0  0  0 556410
SFBcastBegin        1732 1.0 3.2375e-01 1.5 0.00e+00 0.0 1.7e+06 7.4e+03 0.0e+00  0  0 37 43  0   0  0 78 90  0     0
SFBcastEnd          1732 1.0 2.7452e+0014.1 0.00e+00 0.0 0.0e+00 0.0e+00 0.0e+00  1  0  0  0  0   2  0  0  0  0     0
CreateFunctionSpace      17 1.0 4.8063e-02 1.8 0.00e+00 0.0 0.0e+00 0.0e+00 0.0e+00  0  0  0  0  0   0  0  0  0  0     0
ParLoopExecute      5230 1.0 1.9541e+01 1.3 1.08e+11 1.4 1.7e+06 7.4e+03 0.0e+00  9 50 37 43  0  24 99 78 90  0 456806
ParLoopset_0        3920 1.0 4.6877e-02 1.2 0.00e+00 0.0 0.0e+00 0.0e+00 0.0e+00  0  0  0  0  0   0  0  0  0  0     0
ParLoopHaloEnd      5230 1.0 2.8318e+0010.5 0.00e+00 0.0 0.0e+00 0.0e+00 0.0e+00  1  0  0  0  0   2  0  0  0  0     0
ParLoopRednBegin    5230 1.0 1.2002e-02 1.2 0.00e+00 0.0 0.0e+00 0.0e+00 0.0e+00  0  0  0  0  0   0  0  0  0  0     0
ParLoopRednEnd      5230 1.0 1.7949e-02 1.3 0.00e+00 0.0 0.0e+00 0.0e+00 0.0e+00  0  0  0  0  0   0  0  0  0  0     0
ParLoopset_4        3108 1.0 1.7042e-01 1.6 0.00e+00 0.0 0.0e+00 0.0e+00 0.0e+00  0  0  0  0  0   0  0  0  0  0     0
ApplyBC                3 1.0 4.8218e-01 1.0 0.00e+00 0.0 0.0e+00 0.0e+00 0.0e+00  0  0  0  0  0   1  0  0  0  0     0
ParLoopset_5           2 1.0 5.6791e-04 1.6 0.00e+00 0.0 0.0e+00 0.0e+00 0.0e+00  0  0  0  0  0   0  0  0  0  0     0
ParLoopset_6           2 1.0 3.9291e-04 1.1 0.00e+00 0.0 0.0e+00 0.0e+00 0.0e+00  0  0  0  0  0   0  0  0  0  0     0
ParLoopCells        5142 1.0 8.9703e+00 1.4 1.08e+11 1.4 0.0e+00 0.0e+00 0.0e+00  4 50  0  0  0  11 99  0  0  0 995130
CreateSparsity         4 1.0 3.1319e-01 1.6 0.00e+00 0.0 0.0e+00 0.0e+00 0.0e+00  0  0  0  0  0   0  0  0  0  0     0
MatZeroInitial         4 1.0 5.8914e-01 1.0 0.00e+00 0.0 7.9e+03 1.3e+03 3.2e+01  0  0  0  0  0   1  0  0  0  1     0

--- Event Stage 2: P(1, 24) Warm solve pcd_mg

VecDot              4317 1.0 6.1856e-01 1.3 3.01e+08 1.4 0.0e+00 0.0e+00 4.3e+03  0  0  0  0 41   1  0  0  0 85 39881
VecMDot              132 1.0 4.0642e-02 3.4 1.84e+06 1.9 0.0e+00 0.0e+00 1.3e+02  0  0  0  0  1   0  0  0  0  3  3357
VecNorm              549 1.0 6.0069e-02 1.6 2.84e+07 1.4 0.0e+00 0.0e+00 5.5e+02  0  0  0  0  5   0  0  0  0 11 38686
VecScale            1332 1.0 8.3010e-03 1.4 1.52e+07 1.4 0.0e+00 0.0e+00 0.0e+00  0  0  0  0  0   0  0  0  0  0 149270
VecCopy             3153 1.0 6.5444e-02 1.3 0.00e+00 0.0 0.0e+00 0.0e+00 0.0e+00  0  0  0  0  0   0  0  0  0  0     0
VecSet              3063 1.5 3.3708e-02 1.8 0.00e+00 0.0 0.0e+00 0.0e+00 0.0e+00  0  0  0  0  0   0  0  0  0  0     0
VecAXPY             4354 1.0 9.9998e-02 1.4 3.02e+08 1.4 0.0e+00 0.0e+00 0.0e+00  0  0  0  0  0   0  0  0  0  0 247888
VecWAXPY               3 1.0 9.1791e-04 4.9 1.09e+05 1.4 0.0e+00 0.0e+00 0.0e+00  0  0  0  0  0   0  0  0  0  0  9718
VecMAXPY             169 1.0 2.4705e-02 1.3 2.89e+07 1.5 0.0e+00 0.0e+00 0.0e+00  0  0  0  0  0   0  0  0  0  0 95253
VecScatterBegin     7079 1.0 1.6236e-01 1.4 0.00e+00 0.0 4.9e+05 2.4e+03 0.0e+00  0  0 10  4  0   0  0 22  8  0     0
VecScatterEnd       7079 1.0 8.2638e+0017.8 0.00e+00 0.0 0.0e+00 0.0e+00 0.0e+00  3  0  0  0  0  15  0  0  0  0     0
VecReduceArith         9 1.0 1.4043e-03 8.5 6.55e+05 1.4 0.0e+00 0.0e+00 0.0e+00  0  0  0  0  0   0  0  0  0  0 38111
VecReduceComm          3 1.0 3.6445e-0236.8 0.00e+00 0.0 0.0e+00 0.0e+00 3.0e+00  0  0  0  0  0   0  0  0  0  0     0
VecNormalize         531 1.0 6.1020e-02 1.6 4.06e+07 1.4 0.0e+00 0.0e+00 5.3e+02  0  0  0  0  5   0  0  0  0 10 54493
MatMult             1295 1.0 1.1361e+01 1.5 9.99e+10 1.4 1.7e+06 7.5e+03 0.0e+00  5 46 37 42  0  22 92 77 90  0 729048
MatSOR               382 1.0 1.3583e+00 9.4 4.16e+07 2.0 3.8e+05 5.2e+02 0.0e+00  0  0  8  1  0   2  0 17  1  0  2238
MatConvert             6 2.0 2.8352e-01 1.3 0.00e+00 0.0 0.0e+00 0.0e+00 0.0e+00  0  0  0  0  0   1  0  0  0  0     0
MatAssemblyBegin      63 1.1 2.7542e-0333.5 0.00e+00 0.0 0.0e+00 0.0e+00 1.0e+00  0  0  0  0  0   0  0  0  0  0     0
MatAssemblyEnd        63 1.1 5.3319e-01 2.6 0.00e+00 0.0 0.0e+00 0.0e+00 1.9e+01  0  0  0  0  0   1  0  0  0  0     0
MatGetRowIJ           12 2.0 2.9612e-03 1.4 0.00e+00 0.0 0.0e+00 0.0e+00 0.0e+00  0  0  0  0  0   0  0  0  0  0     0
MatGetSubMatrice       3 1.0 1.3102e-02 1.4 0.00e+00 0.0 1.6e+03 5.4e+04 6.0e+00  0  0  0  0  0   0  0  0  1  0     0
MatGetSubMatrix       21 1.0 5.0068e-04 1.3 0.00e+00 0.0 0.0e+00 0.0e+00 0.0e+00  0  0  0  0  0   0  0  0  0  0     0
MatZeroEntries         6 1.0 1.7764e-02 1.5 0.00e+00 0.0 0.0e+00 0.0e+00 0.0e+00  0  0  0  0  0   0  0  0  0  0     0
MatView               13 1.3 1.6820e-02 1.4 0.00e+00 0.0 1.9e+03 4.0e+00 5.5e+00  0  0  0  0  0   0  0  0  0  0     0
MatMPIConcateSeq       3 0.0 9.3939e-03 0.0 0.00e+00 0.0 0.0e+00 0.0e+00 2.0e+00  0  0  0  0  0   0  0  0  0  0     0
PCSetUp               24 1.1 3.4291e+00 1.1 7.03e+09 1.4 1.2e+04 1.2e+04 7.8e+01  2  3  0  0  1   7  6  1  1  2 170120
PCApply               17 1.0 4.3394e+01 1.0 1.04e+11 1.4 2.2e+06 6.4e+03 5.0e+03 21 48 46 46 47  99 96 97 97 98 198140
KSPSolve_FS_0         17 1.0 4.2008e+01 1.0 1.01e+11 1.4 2.0e+06 6.7e+03 4.7e+03 21 47 42 43 44  96 93 88 92 92 199582
KSPSolve_FS_1         17 1.0 1.3358e+00 1.0 2.34e+09 1.4 1.7e+05 2.8e+03 3.2e+02  1  1  4  2  3   3  2  8  3  6 145223
KSPSolve_FS_Schu     382 1.0 9.0086e+00 1.3 7.63e+09 1.4 8.4e+05 1.5e+03 0.0e+00  4  4 18  4  0  18  7 37  9  0 70270
KSPGMRESOrthog       514 1.0 7.4573e-01 1.3 6.05e+08 1.4 0.0e+00 0.0e+00 4.4e+03  0  0  0  0 42   2  1  0  0 88 66526
KSPSetUp              18 1.2 1.0967e-05 0.0 0.00e+00 0.0 0.0e+00 0.0e+00 0.0e+00  0  0  0  0  0   0  0  0  0  0     0
KSPSolve               3 1.0 4.3777e+01 1.0 1.08e+11 1.4 2.2e+06 6.4e+03 5.1e+03 21 50 48 47 48 100 99 99100100 203870
SNESSolve              1 1.0 4.3904e+01 1.0 1.08e+11 1.4 2.2e+06 6.4e+03 5.1e+03 22 50 48 47 48 100100100100100 204603
SNESFunctionEval       4 1.0 8.2367e-02 1.4 7.01e+08 1.4 1.2e+04 5.7e+03 0.0e+00  0  0  0  0  0   0  1  1  0  0 706112
SNESJacobianEval       3 1.0 6.4611e-03 1.5 0.00e+00 0.0 0.0e+00 0.0e+00 0.0e+00  0  0  0  0  0   0  0  0  0  0     0
SNESLineSearch         3 1.0 9.5061e-02 1.1 5.27e+08 1.4 9.1e+03 5.7e+03 3.0e+00  0  0  0  0  0   0  0  0  0  0 459522
SFBcastBegin        1732 1.0 1.7197e-01 3.3 0.00e+00 0.0 1.7e+06 7.5e+03 0.0e+00  0  0 37 43  0   0  0 78 91  0     0
SFBcastEnd          1732 1.0 2.6333e+0015.5 0.00e+00 0.0 0.0e+00 0.0e+00 0.0e+00  1  0  0  0  0   3  0  0  0  0     0
ParLoopExecute      5226 1.0 1.1635e+01 1.5 1.08e+11 1.4 1.7e+06 7.5e+03 0.0e+00  5 50 37 43  0  23 99 78 91  0 767059
ParLoopset_0        3920 1.0 4.8909e-02 1.3 0.00e+00 0.0 0.0e+00 0.0e+00 0.0e+00  0  0  0  0  0   0  0  0  0  0     0
ParLoopHaloEnd      5226 1.0 2.7181e+0011.2 0.00e+00 0.0 0.0e+00 0.0e+00 0.0e+00  1  0  0  0  0   4  0  0  0  0     0
ParLoopRednBegin    5226 1.0 1.2269e-02 1.3 0.00e+00 0.0 0.0e+00 0.0e+00 0.0e+00  0  0  0  0  0   0  0  0  0  0     0
ParLoopRednEnd      5226 1.0 1.9937e-02 1.4 0.00e+00 0.0 0.0e+00 0.0e+00 0.0e+00  0  0  0  0  0   0  0  0  0  0     0
ParLoopset_4        3108 1.0 1.4449e-01 1.3 0.00e+00 0.0 0.0e+00 0.0e+00 0.0e+00  0  0  0  0  0   0  0  0  0  0     0
ApplyBC                3 1.0 2.1541e-03 1.3 0.00e+00 0.0 0.0e+00 0.0e+00 0.0e+00  0  0  0  0  0   0  0  0  0  0     0
ParLoopCells        5136 1.0 8.9176e+00 1.4 1.08e+11 1.4 0.0e+00 0.0e+00 0.0e+00  4 50  0  0  0  18 99  0  0  0 1000763
------------------------------------------------------------------------------------------------------------------------

Memory usage is given in bytes:

Object Type          Creations   Destructions     Memory  Descendants' Mem.
Reports information only for process 0.

--- Event Stage 0: Main Stage

           Container     4              3         1848     0.
              Viewer     2              0            0     0.
           Index Set   530            516       434080     0.
   IS L to G Mapping     4              4      4829968     0.
             Section    73             60        45600     0.
              Vector    17            135     16462736     0.
      Vector Scatter     3             12       835840     0.
              Matrix     5             27     38084368     0.
   Matrix Null Space     2              1          656     0.
      Preconditioner     1             13        14584     0.
       Krylov Solver     1             11       102008     0.
                SNES     1              1         1488     0.
      SNESLineSearch     1              1         1040     0.
              DMSNES     1              0            0     0.
    Distributed Mesh    14             10        49312     0.
    GraphPartitioner     6              5         3280     0.
Star Forest Bipartite Graph    70             62        55312     0.
     Discrete System    14             10         9280     0.

--- Event Stage 1: Warmup

           Container     2              0            0     0.
              Viewer     2              2         1776     0.
           Index Set    67             60      1189808     0.
   IS L to G Mapping     2              0            0     0.
              Vector   574            421      3849048     0.
      Vector Scatter    16              0            0     0.
              Matrix    34              4      7756544     0.
      Preconditioner    17              5         4552     0.
       Krylov Solver    15              5         6696     0.
     DMKSP interface     1              0            0     0.
    Distributed Mesh     3              0            0     0.
Star Forest Bipartite Graph     6              2         1712     0.
     Discrete System     3              0            0     0.

--- Event Stage 2: P(1, 24) Warm solve pcd_mg

              Viewer     2              2         1776     0.
           Index Set    15             12        10176     0.
              Vector   394            385      3243240     0.
      Vector Scatter     3              0            0     0.
              Matrix     3              3      5817408     0.
========================================================================================================================
Average time to get PetscTime(): 0.
Average time for MPI_Barrier(): 2.49863e-05
Average time for zero size MPI_Send(): 3.39746e-06
#PETSc Option Table entries:
--dimension 3
--parameters pcd_mg
--results-file results64/rayleigh-benard-weak-3d-64bit-pcd_hypre-fixed-rapr.csv
-dimension 3
-log_view ascii:results64/rayleigh-benard-pcd_hypre-fixed-rapr-weak-3d-64bit-96.log
-parameters pcd_mg
-results-file results64/rayleigh-benard-weak-3d-64bit-pcd_hypre-fixed-rapr.csv
#End of PETSc Option Table entries
Compiled without FORTRAN kernels
Compiled with full precision matrices (default)
sizeof(short) 2 sizeof(int) 4 sizeof(long) 8 sizeof(void*) 8 sizeof(PetscScalar) 8 sizeof(PetscInt) 8
Configure options: --COPTFLAGS="-march=ivybridge -O3" --CXXOPTFLAGS="-march=ivybridge -O3" --FOPTFLAGS="-march=ivybridge -O3" --PETSC_ARCH=petsc-gnu51-ivybridge-int64 --download-exodusii --download-hypre --download-metis --download-netcdf --download-parmetis --download-sowing=1 --known-bits-per-byte=8 --known-has-attribute-aligned=1 --known-level1-dcache-assoc=8 --known-level1-dcache-linesize=64 --known-level1-dcache-size=32768 --known-memcmp-ok=1 --known-mpi-c-double-complex=1 --known-mpi-int64_t=1 --known-mpi-long-double=1 --known-mpi-shared-libraries=1 --known-sdot-returns-double=0 --known-sizeof-MPI_Comm=4 --known-sizeof-MPI_Fint=4 --known-sizeof-char=1 --known-sizeof-double=8 --known-sizeof-float=4 --known-sizeof-int=4 --known-sizeof-long-long=8 --known-sizeof-long=8 --known-sizeof-short=2 --known-sizeof-size_t=8 --known-sizeof-void-p=8 --known-snrm2-returns-double=0 --prefix=/work/n02/n02/lmn02/petsc-gnu51-ivybridge-int64 --with-64-bit-indices=1 --with-batch=1 --with-blas-lapack-lib="-L/opt/cray/libsci/16.03.1/GNU/5.1/x86_64/lib -lsci_gnu_mp" --with-cc=cc --with-clib-autodetect=0 --with-cxx=CC --with-cxxlib-autodetect=0 --with-debugging=0 --with-fc=ftn --with-fortranlib-autodetect=0 --with-hdf5-dir=/opt/cray/hdf5-parallel/1.8.14/GNU/5.1 --with-hdf5=1 --with-make-np=4 --with-pic=1 --with-shared-libraries=1 --with-x=0 --download-eigen
-----------------------------------------
Libraries compiled on Tue Feb 14 12:07:09 2017 on eslogin003 
Machine characteristics: Linux-3.0.101-0.47.86.1.11753.0.PTF-default-x86_64-with-SuSE-11-x86_64
Using PETSc directory: /home2/n02/n02/lmn02/src/petsc
Using PETSc arch: petsc-gnu51-ivybridge-int64
-----------------------------------------

Using C compiler: cc  -fPIC  -march=ivybridge -O3  ${COPTFLAGS} ${CFLAGS}
Using Fortran compiler: ftn  -fPIC -march=ivybridge -O3   ${FOPTFLAGS} ${FFLAGS} 
-----------------------------------------

Using include paths: -I/home2/n02/n02/lmn02/src/petsc/petsc-gnu51-ivybridge-int64/include -I/home2/n02/n02/lmn02/src/petsc/include -I/home2/n02/n02/lmn02/src/petsc/include -I/home2/n02/n02/lmn02/src/petsc/petsc-gnu51-ivybridge-int64/include -I/work/n02/n02/lmn02/petsc-gnu51-ivybridge-int64/include -I/work/n02/n02/lmn02/petsc-gnu51-ivybridge-int64/include/eigen3 -I/opt/cray/hdf5-parallel/1.8.14/GNU/5.1/include
-----------------------------------------

Using C linker: cc
Using Fortran linker: ftn
Using libraries: -Wl,-rpath,/home2/n02/n02/lmn02/src/petsc/petsc-gnu51-ivybridge-int64/lib -L/home2/n02/n02/lmn02/src/petsc/petsc-gnu51-ivybridge-int64/lib -lpetsc -Wl,-rpath,/work/n02/n02/lmn02/petsc-gnu51-ivybridge-int64/lib -L/work/n02/n02/lmn02/petsc-gnu51-ivybridge-int64/lib -lHYPRE -lparmetis -lmetis -lexoIIv2for -lexodus -lnetcdf -Wl,-rpath,/opt/cray/hdf5-parallel/1.8.14/GNU/5.1/lib -L/opt/cray/hdf5-parallel/1.8.14/GNU/5.1/lib -lhdf5hl_fortran -lhdf5_fortran -lhdf5_hl -lhdf5 -lssl -lcrypto -ldl 
-----------------------------------------

