************************************************************************************************************************
***             WIDEN YOUR WINDOW TO 120 CHARACTERS.  Use 'enscript -r -fCourier9' to print this document            ***
************************************************************************************************************************

---------------------------------------------- PETSc Performance Summary: ----------------------------------------------

rayleigh-benard-weak-scale.py on a petsc-gnu51-ivybridge-int64 named nid01801 with 384 processors, by lmn02 Mon Feb 27 19:19:03 2017
Using Petsc Development GIT revision: v3.7.5-3014-g413f72f  GIT Date: 2017-02-05 17:50:57 -0600

                         Max       Max/Min        Avg      Total 
Time (sec):           1.533e+02      1.00004   1.533e+02
Objects:              2.768e+03      1.83798   1.540e+03
Flops:                2.254e+11      1.52251   1.970e+11  7.564e+13
Flops/sec:            1.470e+09      1.52250   1.285e+09  4.933e+11
MPI Messages:         9.573e+04      4.07208   6.234e+04  2.394e+07
MPI Message Lengths:  6.141e+08      3.89835   5.670e+03  1.357e+11
MPI Reductions:       1.091e+04      1.00674

Flop counting convention: 1 flop = 1 real number operation of type (multiply/divide/add/subtract)
                            e.g., VecAXPY() for real vectors of length N --> 2N flops
                            and VecAXPY() for complex vectors of length N --> 8N flops

Summary of Stages:   ----- Time ------  ----- Flops -----  --- Messages ---  -- Message Lengths --  -- Reductions --
                        Avg     %Total     Avg     %Total   counts   %Total     Avg         %Total   counts   %Total 
 0:      Main Stage: 3.4154e+01  22.3%  6.9947e+07   0.0%  2.154e+06   9.0%  3.090e+02        5.4%  9.400e+01   0.9% 
 1:          Warmup: 6.2968e+01  41.1%  3.7823e+13  50.0%  1.091e+07  45.6%  2.696e+03       47.5%  5.493e+03  50.4% 
 2: P(1, 38) Warm solve pcd_mg: 5.6186e+01  36.6%  3.7813e+13  50.0%  1.087e+07  45.4%  2.665e+03       47.0%  5.259e+03  48.2% 

------------------------------------------------------------------------------------------------------------------------
See the 'Profiling' chapter of the users' manual for details on interpreting output.
Phase summary info:
   Count: number of times phase was executed
   Time and Flops: Max - maximum over all processors
                   Ratio - ratio of maximum to minimum over all processors
   Mess: number of messages sent
   Avg. len: average message length (bytes)
   Reduct: number of global reductions
   Global: entire computation
   Stage: stages of a computation. Set stages with PetscLogStagePush() and PetscLogStagePop().
      %T - percent time in this phase         %F - percent flops in this phase
      %M - percent messages in this phase     %L - percent message lengths in this phase
      %R - percent reductions in this phase
   Total Mflop/s: 10e-6 * (sum of flops over all processors)/(max time over all processors)
------------------------------------------------------------------------------------------------------------------------
Event                Count      Time (sec)     Flops                             --- Global ---  --- Stage ---   Total
                   Max Ratio  Max     Ratio   Max  Ratio  Mess   Avg len Reduct  %T %F %M %L %R  %T %F %M %L %R Mflop/s
------------------------------------------------------------------------------------------------------------------------

--- Event Stage 0: Main Stage

PetscBarrier           1 1.0 1.0410e-01 4.3 0.00e+00 0.0 1.0e+04 2.4e+01 5.0e+00  0  0  0  0  0   0  0  0  0  5     0
BuildTwoSided         41 1.0 1.8925e+0018.0 0.00e+00 0.0 3.4e+05 8.0e+00 0.0e+00  1  0  1  0  0   5  0 16  0  0     0
VecSet                 4 1.0 1.4651e-03 1.5 0.00e+00 0.0 0.0e+00 0.0e+00 0.0e+00  0  0  0  0  0   0  0  0  0  0     0
VecScatterBegin        9 1.0 4.4107e-04 3.6 0.00e+00 0.0 0.0e+00 0.0e+00 0.0e+00  0  0  0  0  0   0  0  0  0  0     0
VecScatterEnd          9 1.0 3.7599e-0417.9 0.00e+00 0.0 0.0e+00 0.0e+00 0.0e+00  0  0  0  0  0   0  0  0  0  0     0
MatAssemblyBegin       1 1.0 1.5807e-04 9.9 0.00e+00 0.0 0.0e+00 0.0e+00 0.0e+00  0  0  0  0  0   0  0  0  0  0     0
MatAssemblyEnd         1 1.0 3.0017e-0411.6 0.00e+00 0.0 0.0e+00 0.0e+00 0.0e+00  0  0  0  0  0   0  0  0  0  0     0
Mesh Partition         2 1.0 3.1706e+00 1.0 0.00e+00 0.0 1.8e+06 3.8e+02 1.1e+01  2  0  8  1  0   9  0 85 10 12     0
Mesh Migration         2 1.0 7.4557e-01 1.0 0.00e+00 0.0 2.6e+05 2.2e+04 2.4e+01  0  0  1  4  0   2  0 12 77 26     0
DMPlexInterp           1 1.0 2.1240e+00 1.0 0.00e+00 0.0 0.0e+00 0.0e+00 2.0e+00  1  0  0  0  0   6  0  0  0  2     0
DMPlexDistribute       1 1.0 3.5497e+00 1.0 0.00e+00 0.0 9.0e+05 6.2e+02 9.0e+00  2  0  4  0  0  10  0 42  8 10     0
DMPlexDistCones        2 1.0 2.3901e-01 1.1 0.00e+00 0.0 4.5e+04 4.7e+04 0.0e+00  0  0  0  2  0   1  0  2 28  0     0
DMPlexDistLabels       2 1.0 3.6250e-01 1.0 0.00e+00 0.0 1.3e+05 2.2e+04 2.0e+00  0  0  1  2  0   1  0  6 39  2     0
DMPlexDistribOL        1 1.0 4.1010e-01 1.0 0.00e+00 0.0 1.2e+06 5.2e+03 2.6e+01  0  0  5  5  0   1  0 56 84 28     0
DMPlexDistField        3 1.0 4.2597e-02 1.8 0.00e+00 0.0 6.1e+04 4.7e+03 2.0e+00  0  0  0  0  0   0  0  3  4  2     0
DMPlexDistData         2 1.0 1.7965e+0013.7 0.00e+00 0.0 1.8e+06 1.5e+02 0.0e+00  1  0  7  0  0   5  0 83  4  0     0
DMPlexStratify         6 1.0 2.3269e+00 4.7 0.00e+00 0.0 0.0e+00 0.0e+00 6.0e+00  1  0  0  0  0   7  0  0  0  6     0
SFSetGraph            47 1.0 2.7167e-02 1.9 0.00e+00 0.0 0.0e+00 0.0e+00 0.0e+00  0  0  0  0  0   0  0  0  0  0     0
SFBcastBegin          90 1.0 2.0627e+00 3.9 0.00e+00 0.0 2.1e+06 3.4e+03 0.0e+00  1  0  9  5  0   6  0 99 96  0     0
SFBcastEnd            90 1.0 6.2869e-01 3.0 0.00e+00 0.0 0.0e+00 0.0e+00 0.0e+00  0  0  0  0  0   2  0  0  0  0     0
SFReduceBegin          4 1.0 5.3398e-02 4.6 0.00e+00 0.0 1.8e+04 3.4e+03 0.0e+00  0  0  0  0  0   0  0  1  1  0     0
SFReduceEnd            4 1.0 4.2449e-02 3.6 0.00e+00 0.0 0.0e+00 0.0e+00 0.0e+00  0  0  0  0  0   0  0  0  0  0     0
SFFetchOpBegin         1 1.0 3.6001e-05 8.9 0.00e+00 0.0 2.3e+03 2.5e+03 0.0e+00  0  0  0  0  0   0  0  0  0  0     0
SFFetchOpEnd           1 1.0 8.7612e-0397.5 0.00e+00 0.0 2.3e+03 2.5e+03 0.0e+00  0  0  0  0  0   0  0  0  0  0     0
CreateMesh             5 1.0 4.7943e+00 1.0 0.00e+00 0.0 2.1e+06 3.2e+03 3.9e+01  3  0  9  5  0  14  0 98 91 41     0
Mesh: reorder          1 1.0 2.6084e-02 2.4 0.00e+00 0.0 0.0e+00 0.0e+00 2.0e+00  0  0  0  0  0   0  0  0  0  2     0
Mesh: numbering        1 1.0 2.2605e-01 1.1 0.00e+00 0.0 0.0e+00 0.0e+00 2.0e+00  0  0  0  0  0   1  0  0  0  2     0
CreateFunctionSpace      31 1.0 5.2683e-01 1.0 0.00e+00 0.0 3.6e+04 1.2e+04 8.0e+00  0  0  0  0  0   2  0  2  6  9     0
ParLoopExecute        14 1.0 1.4088e+0010.0 2.17e+05 1.5 0.0e+00 0.0e+00 0.0e+00  1  0  0  0  0   2100  0  0  0    50
ParLoopset_0          20 1.0 3.5224e-03 1.4 1.91e+04 1.9 0.0e+00 0.0e+00 0.0e+00  0  0  0  0  0   0  8  0  0  0  1555
ParLoopHaloEnd        14 1.0 3.7193e-05 2.3 0.00e+00 0.0 0.0e+00 0.0e+00 0.0e+00  0  0  0  0  0   0  0  0  0  0     0
ParLoopRednBegin      14 1.0 2.2085e-0211.6 0.00e+00 0.0 0.0e+00 0.0e+00 0.0e+00  0  0  0  0  0   0  0  0  0  0     0
ParLoopRednEnd        14 1.0 1.0347e-04 1.4 0.00e+00 0.0 0.0e+00 0.0e+00 0.0e+00  0  0  0  0  0   0  0  0  0  0     0
ParLoopset_4           8 1.0 1.1262e-02 5.9 1.98e+05 1.4 0.0e+00 0.0e+00 0.0e+00  0  0  0  0  0   0 92  0  0  0  5725

--- Event Stage 1: Warmup

BuildTwoSided          2 1.0 3.1402e-02 5.0 0.00e+00 0.0 4.8e+03 8.0e+00 0.0e+00  0  0  0  0  0   0  0  0  0  0     0
VecDot              4474 1.0 1.5577e+00 1.1 3.10e+08 1.4 0.0e+00 0.0e+00 4.5e+03  1  0  0  0 41   2  0  0  0 81 64377
VecMDot              137 1.0 8.3560e-02 2.9 1.98e+06 1.9 0.0e+00 0.0e+00 1.4e+02  0  0  0  0  1   0  0  0  0  2  6794
VecNorm              562 1.0 2.2203e-01 1.3 2.88e+07 1.4 0.0e+00 0.0e+00 5.6e+02  0  0  0  0  5   0  0  0  0 10 41874
VecScale            1361 1.0 1.1310e-02 1.7 1.54e+07 1.5 0.0e+00 0.0e+00 0.0e+00  0  0  0  0  0   0  0  0  0  0 439083
VecCopy             3224 1.0 6.9807e-02 1.3 0.00e+00 0.0 0.0e+00 0.0e+00 0.0e+00  0  0  0  0  0   0  0  0  0  0     0
VecSet              3135 1.5 3.4773e-02 1.9 0.00e+00 0.0 0.0e+00 0.0e+00 0.0e+00  0  0  0  0  0   0  0  0  0  0     0
VecAXPY             4511 1.0 1.0925e-01 1.6 3.12e+08 1.4 0.0e+00 0.0e+00 0.0e+00  0  0  0  0  0   0  0  0  0  0 922135
VecWAXPY               3 1.0 1.3399e-03 7.2 1.09e+05 1.5 0.0e+00 0.0e+00 0.0e+00  0  0  0  0  0   0  0  0  0  0 26101
VecMAXPY             174 1.0 2.8583e-02 1.5 2.95e+07 1.5 0.0e+00 0.0e+00 0.0e+00  0  0  0  0  0   0  0  0  0  0 330456
VecScatterBegin     7225 1.0 1.7326e-01 1.4 0.00e+00 0.0 2.3e+06 2.1e+03 0.0e+00  0  0 10  4  0   0  0 21  7  0     0
VecScatterEnd       7225 1.0 1.7660e+0122.3 0.00e+00 0.0 0.0e+00 0.0e+00 0.0e+00  8  0  0  0  0  21  0  0  0  0     0
VecReduceArith         9 1.0 1.3661e-03 8.1 6.52e+05 1.5 0.0e+00 0.0e+00 0.0e+00  0  0  0  0  0   0  0  0  0  0 153599
VecReduceComm          3 1.0 3.3170e-02 6.2 0.00e+00 0.0 0.0e+00 0.0e+00 3.0e+00  0  0  0  0  0   0  0  0  0  0     0
VecNormalize         544 1.0 2.1108e-01 1.2 4.13e+07 1.4 0.0e+00 0.0e+00 5.4e+02  0  0  0  0  5   0  0  0  0 10 63087
MatMult             1324 1.0 1.6048e+01 1.8 1.04e+11 1.5 8.4e+06 6.9e+03 3.3e+01  8 46 35 43  0  20 92 77 90  1 2176409
MatSOR               390 1.0 4.4516e+0026.2 4.28e+07 2.0 1.8e+06 4.8e+02 0.0e+00  1  0  8  1  0   2  0 17  1  0  2718
MatConvert             7 2.3 3.5570e-01 1.4 0.00e+00 0.0 0.0e+00 0.0e+00 5.3e+00  0  0  0  0  0   0  0  0  0  0     0
MatAssemblyBegin      68 1.1 1.2610e-02150.3 0.00e+00 0.0 0.0e+00 0.0e+00 1.3e+00  0  0  0  0  0   0  0  0  0  0     0
MatAssemblyEnd        68 1.1 6.9749e-01 2.7 0.00e+00 0.0 4.1e+04 1.2e+03 5.3e+01  0  0  0  0  0   1  0  0  0  1     0
MatGetRowIJ           14 2.3 4.8082e-03 3.0 0.00e+00 0.0 0.0e+00 0.0e+00 0.0e+00  0  0  0  0  0   0  0  0  0  0     0
MatGetSubMatrice       4 1.0 7.4088e-02 2.6 0.00e+00 0.0 8.9e+03 5.1e+04 8.0e+00  0  0  0  0  0   0  0  0  1  0     0
MatGetSubMatrix       21 1.0 1.7748e+00 1.0 0.00e+00 0.0 0.0e+00 0.0e+00 8.0e+01  1  0  0  0  1   3  0  0  0  1     0
MatZeroEntries         6 1.0 1.8608e-02 1.5 0.00e+00 0.0 0.0e+00 0.0e+00 0.0e+00  0  0  0  0  0   0  0  0  0  0     0
MatView               13 1.3 7.4922e-02 1.3 0.00e+00 0.0 6.9e+03 4.0e+00 5.5e+00  0  0  0  0  0   0  0  0  0  0     0
MatMPIConcateSeq       4 0.0 9.5509e-02 0.0 0.00e+00 0.0 3.6e+03 9.2e+02 6.3e+00  0  0  0  0  0   0  0  0  0  0     0
PCSetUp               27 1.2 7.2649e+00 1.1 7.21e+09 1.5 1.0e+05 1.1e+04 2.7e+02  4  3  0  1  2  11  6  1  2  5 332870
PCApply               17 1.0 6.1051e+01 1.0 1.08e+11 1.5 1.1e+07 5.9e+03 5.3e+03 40 48 44 46 49  97 96 97 97 97 593494
KSPSolve_FS_0         17 1.0 5.8183e+01 1.0 1.05e+11 1.5 9.6e+06 6.2e+03 5.0e+03 38 47 40 44 46  92 93 88 92 91 607052
KSPSolve_FS_1         17 1.0 2.5800e+00 1.0 2.48e+09 1.5 8.2e+05 2.4e+03 3.4e+02  2  1  3  1  3   4  2  7  3  6 321720
KSPSolve_FS_Schu     390 1.0 1.7703e+01 1.3 7.98e+09 1.5 4.1e+06 1.3e+03 5.1e+01 10  4 17  4  0  25  7 37  8  1 151242
KSPGMRESOrthog       527 1.0 1.7139e+00 1.1 6.24e+08 1.4 0.0e+00 0.0e+00 4.6e+03  1  0  0  0 42   3  1  0  0 84 117681
KSPSetUp              24 1.3 1.6527e-02 4.5 0.00e+00 0.0 0.0e+00 0.0e+00 4.3e+00  0  0  0  0  0   0  0  0  0  0     0
KSPSolve               3 1.0 6.2360e+01 1.0 1.12e+11 1.5 1.1e+07 5.9e+03 5.5e+03 41 50 45 47 50  99 99 99 99100 602661
SNESSolve              1 1.0 6.2760e+01 1.0 1.13e+11 1.5 1.1e+07 5.9e+03 5.5e+03 41 50 46 48 50 100100100100100 602654
SNESFunctionEval       4 1.0 2.6536e-01 1.2 7.16e+08 1.5 7.2e+04 4.6e+03 0.0e+00  0  0  0  0  0   0  1  1  1  0 905032
SNESJacobianEval       3 1.0 1.1155e-02 2.2 0.00e+00 0.0 0.0e+00 0.0e+00 0.0e+00  0  0  0  0  0   0  0  0  0  0     0
SNESLineSearch         3 1.0 1.0978e-01 1.0 5.38e+08 1.5 4.3e+04 5.2e+03 3.0e+00  0  0  0  0  0   0  0  0  0  0 1643047
SFBcastBegin        1769 1.0 2.1994e-01 2.6 0.00e+00 0.0 8.5e+06 6.9e+03 0.0e+00  0  0 36 43  0   0  0 78 91  0     0
SFBcastEnd          1769 1.0 6.1260e+0010.1 0.00e+00 0.0 0.0e+00 0.0e+00 0.0e+00  2  0  0  0  0   5  0  0  0  0     0
CreateFunctionSpace      17 1.0 3.9458e-03 1.0 0.00e+00 0.0 0.0e+00 0.0e+00 0.0e+00  0  0  0  0  0   0  0  0  0  0     0
ParLoopExecute      5348 1.0 1.6272e+01 1.8 1.12e+11 1.5 8.5e+06 6.9e+03 0.0e+00  8 50 36 43  0  20 99 78 91  0 2309805
ParLoopset_0        4018 1.0 2.6920e-01 6.7 0.00e+00 0.0 0.0e+00 0.0e+00 0.0e+00  0  0  0  0  0   0  0  0  0  0     0
ParLoopHaloEnd      5348 1.0 6.2358e+00 8.8 0.00e+00 0.0 0.0e+00 0.0e+00 0.0e+00  2  0  0  0  0   5  0  0  0  0     0
ParLoopRednBegin    5348 1.0 1.1857e-02 1.2 0.00e+00 0.0 0.0e+00 0.0e+00 0.0e+00  0  0  0  0  0   0  0  0  0  0     0
ParLoopRednEnd      5348 1.0 3.2041e-02 2.3 0.00e+00 0.0 0.0e+00 0.0e+00 0.0e+00  0  0  0  0  0   0  0  0  0  0     0
ParLoopset_4        3172 1.0 7.4740e-01 9.9 0.00e+00 0.0 0.0e+00 0.0e+00 0.0e+00  0  0  0  0  0   0  0  0  0  0     0
ApplyBC                3 1.0 1.1252e-01 1.1 0.00e+00 0.0 0.0e+00 0.0e+00 0.0e+00  0  0  0  0  0   0  0  0  0  0     0
ParLoopset_5           2 1.0 4.9520e-04 1.5 0.00e+00 0.0 0.0e+00 0.0e+00 0.0e+00  0  0  0  0  0   0  0  0  0  0     0
ParLoopset_6           2 1.0 4.5705e-04 1.4 0.00e+00 0.0 0.0e+00 0.0e+00 0.0e+00  0  0  0  0  0   0  0  0  0  0     0
ParLoopCells        5253 1.0 9.3450e+00 1.5 1.12e+11 1.5 0.0e+00 0.0e+00 0.0e+00  5 50  0  0  0  13 99  0  0  0 4021920
CreateSparsity         4 1.0 3.0569e-01 1.6 0.00e+00 0.0 0.0e+00 0.0e+00 0.0e+00  0  0  0  0  0   0  0  0  0  0     0
MatZeroInitial         4 1.0 3.5634e-01 1.0 0.00e+00 0.0 3.7e+04 1.2e+03 3.2e+01  0  0  0  0  0   1  0  0  0  1     0

--- Event Stage 2: P(1, 38) Warm solve pcd_mg

VecDot              4474 1.0 1.4288e+00 1.2 3.10e+08 1.4 0.0e+00 0.0e+00 4.5e+03  1  0  0  0 41   2  0  0  0 85 70186
VecMDot              137 1.0 7.4415e-02 2.3 1.98e+06 1.9 0.0e+00 0.0e+00 1.4e+02  0  0  0  0  1   0  0  0  0  3  7629
VecNorm              562 1.0 1.3722e-01 1.3 2.88e+07 1.4 0.0e+00 0.0e+00 5.6e+02  0  0  0  0  5   0  0  0  0 11 67754
VecScale            1361 1.0 9.5654e-03 1.5 1.54e+07 1.5 0.0e+00 0.0e+00 0.0e+00  0  0  0  0  0   0  0  0  0  0 519151
VecCopy             3224 1.0 6.8769e-02 1.3 0.00e+00 0.0 0.0e+00 0.0e+00 0.0e+00  0  0  0  0  0   0  0  0  0  0     0
VecSet              3129 1.5 3.2317e-02 1.8 0.00e+00 0.0 0.0e+00 0.0e+00 0.0e+00  0  0  0  0  0   0  0  0  0  0     0
VecAXPY             4511 1.0 1.0330e-01 1.5 3.12e+08 1.4 0.0e+00 0.0e+00 0.0e+00  0  0  0  0  0   0  0  0  0  0 975249
VecWAXPY               3 1.0 1.7822e-03 8.7 1.09e+05 1.5 0.0e+00 0.0e+00 0.0e+00  0  0  0  0  0   0  0  0  0  0 19624
VecMAXPY             174 1.0 3.3669e-02 1.8 2.95e+07 1.5 0.0e+00 0.0e+00 0.0e+00  0  0  0  0  0   0  0  0  0  0 280543
VecScatterBegin     7225 1.0 1.7297e-01 1.4 0.00e+00 0.0 2.3e+06 2.1e+03 0.0e+00  0  0 10  4  0   0  0 21  8  0     0
VecScatterEnd       7225 1.0 1.4833e+0122.5 0.00e+00 0.0 0.0e+00 0.0e+00 0.0e+00  7  0  0  0  0  20  0  0  0  0     0
VecReduceArith         9 1.0 1.5063e-03 8.9 6.52e+05 1.5 0.0e+00 0.0e+00 0.0e+00  0  0  0  0  0   0  0  0  0  0 139304
VecReduceComm          3 1.0 9.5428e-02 4.1 0.00e+00 0.0 0.0e+00 0.0e+00 3.0e+00  0  0  0  0  0   0  0  0  0  0     0
VecNormalize         544 1.0 1.3176e-01 1.2 4.13e+07 1.4 0.0e+00 0.0e+00 5.4e+02  0  0  0  0  5   0  0  0  0 10 101062
MatMult             1324 1.0 1.4422e+01 1.9 1.04e+11 1.5 8.4e+06 6.9e+03 0.0e+00  7 46 35 43  0  20 92 77 91  0 2421682
MatSOR               390 1.0 3.0234e+0020.6 4.28e+07 2.0 1.8e+06 4.8e+02 0.0e+00  1  0  8  1  0   2  0 17  1  0  4002
MatConvert             6 2.0 3.2766e-01 1.4 0.00e+00 0.0 0.0e+00 0.0e+00 0.0e+00  0  0  0  0  0   0  0  0  0  0     0
MatAssemblyBegin      63 1.1 1.0226e-02118.8 0.00e+00 0.0 0.0e+00 0.0e+00 1.0e+00  0  0  0  0  0   0  0  0  0  0     0
MatAssemblyEnd        63 1.1 6.3223e-01 2.7 0.00e+00 0.0 0.0e+00 0.0e+00 1.9e+01  0  0  0  0  0   1  0  0  0  0     0
MatGetRowIJ           12 2.0 3.7940e-03 2.1 0.00e+00 0.0 0.0e+00 0.0e+00 0.0e+00  0  0  0  0  0   0  0  0  0  0     0
MatGetSubMatrice       3 1.0 2.0627e-02 1.9 0.00e+00 0.0 6.7e+03 5.1e+04 6.0e+00  0  0  0  0  0   0  0  0  1  0     0
MatGetSubMatrix       21 1.0 4.3893e-04 1.2 0.00e+00 0.0 0.0e+00 0.0e+00 0.0e+00  0  0  0  0  0   0  0  0  0  0     0
MatZeroEntries         6 1.0 1.7542e-02 1.5 0.00e+00 0.0 0.0e+00 0.0e+00 0.0e+00  0  0  0  0  0   0  0  0  0  0     0
MatView               13 1.3 4.8368e-02 1.3 0.00e+00 0.0 7.7e+03 4.0e+00 5.5e+00  0  0  0  0  0   0  0  0  0  0     0
MatMPIConcateSeq       3 0.0 1.8195e-02 0.0 0.00e+00 0.0 0.0e+00 0.0e+00 2.0e+00  0  0  0  0  0   0  0  0  0  0     0
PCSetUp               24 1.1 4.1887e+00 1.1 7.19e+09 1.5 5.5e+04 1.1e+04 7.8e+01  3  3  0  0  1   7  6  1  1  1 575098
PCApply               17 1.0 5.5337e+01 1.0 1.08e+11 1.5 1.1e+07 5.9e+03 5.2e+03 36 48 44 46 47  98 96 97 98 98 654606
KSPSolve_FS_0         17 1.0 5.3267e+01 1.0 1.05e+11 1.5 9.6e+06 6.2e+03 4.8e+03 35 47 40 43 44  95 93 88 92 92 662906
KSPSolve_FS_1         17 1.0 2.0381e+00 1.1 2.48e+09 1.5 8.2e+05 2.4e+03 3.3e+02  1  1  3  1  3   4  2  8  3  6 407263
KSPSolve_FS_Schu     390 1.0 1.4820e+01 1.2 7.95e+09 1.5 4.0e+06 1.3e+03 0.0e+00  9  4 17  4  0  24  7 37  8  0 180026
KSPGMRESOrthog       527 1.0 1.5854e+00 1.2 6.24e+08 1.4 0.0e+00 0.0e+00 4.6e+03  1  0  0  0 42   3  1  0  0 88 127224
KSPSetUp              18 1.2 1.1921e-0512.5 0.00e+00 0.0 0.0e+00 0.0e+00 0.0e+00  0  0  0  0  0   0  0  0  0  0     0
KSPSolve               3 1.0 5.5789e+01 1.0 1.12e+11 1.5 1.1e+07 5.9e+03 5.2e+03 36 50 45 47 48  99 99 99100100 673480
SNESSolve              1 1.0 5.6048e+01 1.0 1.13e+11 1.5 1.1e+07 5.9e+03 5.3e+03 37 50 45 47 48 100100100100100 674656
SNESFunctionEval       4 1.0 1.9081e-01 1.8 7.16e+08 1.5 5.8e+04 5.2e+03 0.0e+00  0  0  0  0  0   0  1  1  0  0 1258655
SNESJacobianEval       3 1.0 1.0909e-02 2.5 0.00e+00 0.0 0.0e+00 0.0e+00 0.0e+00  0  0  0  0  0   0  0  0  0  0     0
SNESLineSearch         3 1.0 2.3464e-01 1.1 5.38e+08 1.5 4.3e+04 5.2e+03 3.0e+00  0  0  0  0  0   0  0  0  0  0 768697
SFBcastBegin        1769 1.0 2.8906e-01 5.6 0.00e+00 0.0 8.5e+06 6.9e+03 0.0e+00  0  0 36 43  0   0  0 78 92  0     0
SFBcastEnd          1769 1.0 5.2390e+00 7.9 0.00e+00 0.0 0.0e+00 0.0e+00 0.0e+00  2  0  0  0  0   5  0  0  0  0     0
ParLoopExecute      5344 1.0 1.4632e+01 1.9 1.12e+11 1.5 8.5e+06 6.9e+03 0.0e+00  8 50 36 43  0  21 99 78 92  0 2568126
ParLoopset_0        4018 1.0 6.8237e-02 1.8 0.00e+00 0.0 0.0e+00 0.0e+00 0.0e+00  0  0  0  0  0   0  0  0  0  0     0
ParLoopHaloEnd      5344 1.0 5.3276e+00 7.2 0.00e+00 0.0 0.0e+00 0.0e+00 0.0e+00  2  0  0  0  0   5  0  0  0  0     0
ParLoopRednBegin    5344 1.0 1.1053e-02 1.1 0.00e+00 0.0 0.0e+00 0.0e+00 0.0e+00  0  0  0  0  0   0  0  0  0  0     0
ParLoopRednEnd      5344 1.0 1.8223e-02 1.3 0.00e+00 0.0 0.0e+00 0.0e+00 0.0e+00  0  0  0  0  0   0  0  0  0  0     0
ParLoopset_4        3172 1.0 2.0061e-01 2.6 0.00e+00 0.0 0.0e+00 0.0e+00 0.0e+00  0  0  0  0  0   0  0  0  0  0     0
ApplyBC                3 1.0 2.1610e-03 1.4 0.00e+00 0.0 0.0e+00 0.0e+00 0.0e+00  0  0  0  0  0   0  0  0  0  0     0
ParLoopCells        5247 1.0 9.3081e+00 1.5 1.12e+11 1.5 0.0e+00 0.0e+00 0.0e+00  5 50  0  0  0  15 99  0  0  0 4036886
------------------------------------------------------------------------------------------------------------------------

Memory usage is given in bytes:

Object Type          Creations   Destructions     Memory  Descendants' Mem.
Reports information only for process 0.

--- Event Stage 0: Main Stage

           Container     4              3         1848     0.
              Viewer     2              0            0     0.
           Index Set  1374           1360      1143040     0.
   IS L to G Mapping     4              4      4154920     0.
             Section    73             60        45600     0.
              Vector    17            135     19466664     0.
      Vector Scatter     3             12       889440     0.
              Matrix     5             27     39887952     0.
   Matrix Null Space     2              1          656     0.
      Preconditioner     1             13        14584     0.
       Krylov Solver     1             11       102008     0.
                SNES     1              1         1488     0.
      SNESLineSearch     1              1         1040     0.
              DMSNES     1              0            0     0.
    Distributed Mesh    14             10        49312     0.
    GraphPartitioner     6              5         3280     0.
Star Forest Bipartite Graph    70             62        55312     0.
     Discrete System    14             10         9280     0.

--- Event Stage 1: Warmup

           Container     2              0            0     0.
              Viewer     2              2         1776     0.
           Index Set    67             60      1237072     0.
   IS L to G Mapping     2              0            0     0.
              Vector   582            429      4322856     0.
      Vector Scatter    16              0            0     0.
              Matrix    34              4      7624896     0.
      Preconditioner    17              5         4552     0.
       Krylov Solver    15              5         6696     0.
     DMKSP interface     1              0            0     0.
    Distributed Mesh     3              0            0     0.
Star Forest Bipartite Graph     6              2         1712     0.
     Discrete System     3              0            0     0.

--- Event Stage 2: P(1, 38) Warm solve pcd_mg

              Viewer     2              2         1776     0.
           Index Set    15             12        10176     0.
              Vector   402            393      3681624     0.
      Vector Scatter     3              0            0     0.
              Matrix     3              3      5718672     0.
========================================================================================================================
Average time to get PetscTime(): 0.
Average time for MPI_Barrier(): 4.52042e-05
Average time for zero size MPI_Send(): 3.09137e-06
#PETSc Option Table entries:
--dimension 3
--parameters pcd_mg
--results-file results64/rayleigh-benard-weak-3d-64bit-pcd_hypre-fixed-rapr.csv
-dimension 3
-log_view ascii:results64/rayleigh-benard-pcd_hypre-fixed-rapr-weak-3d-64bit-384.log
-parameters pcd_mg
-results-file results64/rayleigh-benard-weak-3d-64bit-pcd_hypre-fixed-rapr.csv
#End of PETSc Option Table entries
Compiled without FORTRAN kernels
Compiled with full precision matrices (default)
sizeof(short) 2 sizeof(int) 4 sizeof(long) 8 sizeof(void*) 8 sizeof(PetscScalar) 8 sizeof(PetscInt) 8
Configure options: --COPTFLAGS="-march=ivybridge -O3" --CXXOPTFLAGS="-march=ivybridge -O3" --FOPTFLAGS="-march=ivybridge -O3" --PETSC_ARCH=petsc-gnu51-ivybridge-int64 --download-exodusii --download-hypre --download-metis --download-netcdf --download-parmetis --download-sowing=1 --known-bits-per-byte=8 --known-has-attribute-aligned=1 --known-level1-dcache-assoc=8 --known-level1-dcache-linesize=64 --known-level1-dcache-size=32768 --known-memcmp-ok=1 --known-mpi-c-double-complex=1 --known-mpi-int64_t=1 --known-mpi-long-double=1 --known-mpi-shared-libraries=1 --known-sdot-returns-double=0 --known-sizeof-MPI_Comm=4 --known-sizeof-MPI_Fint=4 --known-sizeof-char=1 --known-sizeof-double=8 --known-sizeof-float=4 --known-sizeof-int=4 --known-sizeof-long-long=8 --known-sizeof-long=8 --known-sizeof-short=2 --known-sizeof-size_t=8 --known-sizeof-void-p=8 --known-snrm2-returns-double=0 --prefix=/work/n02/n02/lmn02/petsc-gnu51-ivybridge-int64 --with-64-bit-indices=1 --with-batch=1 --with-blas-lapack-lib="-L/opt/cray/libsci/16.03.1/GNU/5.1/x86_64/lib -lsci_gnu_mp" --with-cc=cc --with-clib-autodetect=0 --with-cxx=CC --with-cxxlib-autodetect=0 --with-debugging=0 --with-fc=ftn --with-fortranlib-autodetect=0 --with-hdf5-dir=/opt/cray/hdf5-parallel/1.8.14/GNU/5.1 --with-hdf5=1 --with-make-np=4 --with-pic=1 --with-shared-libraries=1 --with-x=0 --download-eigen
-----------------------------------------
Libraries compiled on Tue Feb 14 12:07:09 2017 on eslogin003 
Machine characteristics: Linux-3.0.101-0.47.86.1.11753.0.PTF-default-x86_64-with-SuSE-11-x86_64
Using PETSc directory: /home2/n02/n02/lmn02/src/petsc
Using PETSc arch: petsc-gnu51-ivybridge-int64
-----------------------------------------

Using C compiler: cc  -fPIC  -march=ivybridge -O3  ${COPTFLAGS} ${CFLAGS}
Using Fortran compiler: ftn  -fPIC -march=ivybridge -O3   ${FOPTFLAGS} ${FFLAGS} 
-----------------------------------------

Using include paths: -I/home2/n02/n02/lmn02/src/petsc/petsc-gnu51-ivybridge-int64/include -I/home2/n02/n02/lmn02/src/petsc/include -I/home2/n02/n02/lmn02/src/petsc/include -I/home2/n02/n02/lmn02/src/petsc/petsc-gnu51-ivybridge-int64/include -I/work/n02/n02/lmn02/petsc-gnu51-ivybridge-int64/include -I/work/n02/n02/lmn02/petsc-gnu51-ivybridge-int64/include/eigen3 -I/opt/cray/hdf5-parallel/1.8.14/GNU/5.1/include
-----------------------------------------

Using C linker: cc
Using Fortran linker: ftn
Using libraries: -Wl,-rpath,/home2/n02/n02/lmn02/src/petsc/petsc-gnu51-ivybridge-int64/lib -L/home2/n02/n02/lmn02/src/petsc/petsc-gnu51-ivybridge-int64/lib -lpetsc -Wl,-rpath,/work/n02/n02/lmn02/petsc-gnu51-ivybridge-int64/lib -L/work/n02/n02/lmn02/petsc-gnu51-ivybridge-int64/lib -lHYPRE -lparmetis -lmetis -lexoIIv2for -lexodus -lnetcdf -Wl,-rpath,/opt/cray/hdf5-parallel/1.8.14/GNU/5.1/lib -L/opt/cray/hdf5-parallel/1.8.14/GNU/5.1/lib -lhdf5hl_fortran -lhdf5_fortran -lhdf5_hl -lhdf5 -lssl -lcrypto -ldl 
-----------------------------------------

